Log file open, 04/19/22 16:47:34
LogWindows: Failed to load 'aqProf.dll' (GetLastError=126)
LogWindows: File 'aqProf.dll' does not exist
LogWindows: Failed to load 'VtuneApi.dll' (GetLastError=126)
LogWindows: File 'VtuneApi.dll' does not exist
LogWindows: Failed to load 'VtuneApi32e.dll' (GetLastError=126)
LogWindows: File 'VtuneApi32e.dll' does not exist
LogConsoleResponse: Display: Failed to find resolution value strings in scalability ini. Falling back to default.
LogConsoleResponse: Display: Failed to find resolution value strings in scalability ini. Falling back to default.
LogInit: Display: Running engine for game: HoVR
LogPlatformFile: Not using cached read wrapper
LogTaskGraph: Started task graph with 5 named threads and 23 total threads with 3 sets of task threads.
LogStats: Stats thread started at 0.319998
LogICUInternationalization: ICU TimeZone Detection - Raw Offset: +0:00, Platform Override: ''
LogInit: Display: Loading text-based GConfig....
LogPluginManager: Mounting plugin MeshPainting
LogPluginManager: Mounting plugin XGEController
LogPluginManager: Mounting plugin Paper2D
LogPluginManager: Mounting plugin EnvironmentQueryEditor
LogPluginManager: Mounting plugin AISupport
LogPluginManager: Mounting plugin LightPropagationVolume
LogPluginManager: Mounting plugin CameraShakePreviewer
LogPluginManager: Mounting plugin GameplayCameras
LogPluginManager: Mounting plugin LiveLink
LogPluginManager: Mounting plugin AnimationSharing
LogPluginManager: Mounting plugin CLionSourceCodeAccess
LogPluginManager: Mounting plugin GitSourceControl
LogPluginManager: Mounting plugin KDevelopSourceCodeAccess
LogPluginManager: Mounting plugin CodeLiteSourceCodeAccess
LogPluginManager: Mounting plugin NullSourceCodeAccess
LogPluginManager: Mounting plugin PerforceSourceControl
LogPluginManager: Mounting plugin PixWinPlugin
LogPluginManager: Mounting plugin PluginUtils
LogPluginManager: Mounting plugin PropertyAccessNode
LogPluginManager: Mounting plugin RiderSourceCodeAccess
LogPluginManager: Mounting plugin SubversionSourceControl
LogPluginManager: Mounting plugin TextureFormatOodle
LogPluginManager: Mounting plugin UObjectPlugin
LogPluginManager: Mounting plugin PlasticSourceControl
LogPluginManager: Mounting plugin OodleData
LogPluginManager: Mounting plugin Niagara
LogPluginManager: Mounting plugin VisualStudioCodeSourceCodeAccess
LogPluginManager: Mounting plugin XCodeSourceCodeAccess
LogPluginManager: Mounting plugin VisualStudioSourceCodeAccess
LogPluginManager: Mounting plugin OodleNetwork
LogPluginManager: Mounting plugin AssetManagerEditor
LogPluginManager: Mounting plugin DatasmithContent
LogPluginManager: Mounting plugin AlembicImporter
LogPluginManager: Mounting plugin CryptoKeys
LogPluginManager: Mounting plugin AutomationUtils
LogPluginManager: Mounting plugin BackChannel
LogPluginManager: Mounting plugin CurveEditorTools
LogPluginManager: Mounting plugin DataValidation
LogPluginManager: Mounting plugin VariantManagerContent
LogPluginManager: Mounting plugin FacialAnimation
LogPluginManager: Mounting plugin GameplayTagsEditor
LogPluginManager: Mounting plugin GeometryMode
LogPluginManager: Mounting plugin ChaosCloth
LogPluginManager: Mounting plugin ChaosClothEditor
LogPluginManager: Mounting plugin ChaosEditor
LogPluginManager: Mounting plugin ChaosSolverPlugin
LogPluginManager: Mounting plugin ChaosNiagara
LogPluginManager: Mounting plugin MaterialAnalyzer
LogPluginManager: Mounting plugin MacGraphicsSwitching
LogPluginManager: Mounting plugin MobileLauncherProfileWizard
LogPluginManager: Mounting plugin CharacterAI
LogPluginManager: Mounting plugin SpeedTreeImporter
LogPluginManager: Mounting plugin PluginBrowser
LogPluginManager: Mounting plugin GeometryCache
LogPluginManager: Mounting plugin GeometryProcessing
LogPluginManager: Mounting plugin GeometryCollectionPlugin
LogPluginManager: Mounting plugin MotoSynth
LogPluginManager: Mounting plugin OpenImageDenoise
LogPluginManager: Mounting plugin PlanarCut
LogPluginManager: Mounting plugin PlatformCrypto
LogPluginManager: Mounting plugin ProxyLODPlugin
LogPluginManager: Mounting plugin PythonScriptPlugin
LogPluginManager: Mounting plugin RawInput
LogPluginManager: Mounting plugin SkeletalReduction
LogPluginManager: Mounting plugin AndroidMedia
LogPluginManager: Mounting plugin AvfMedia
LogPluginManager: Mounting plugin ImgMedia
LogPluginManager: Mounting plugin MediaCompositing
LogPluginManager: Mounting plugin MediaPlayerEditor
LogPluginManager: Mounting plugin WebMMedia
LogPluginManager: Mounting plugin TcpMessaging
LogPluginManager: Mounting plugin WmfMedia
LogPluginManager: Mounting plugin UdpMessaging
LogPluginManager: Mounting plugin LuminPlatformFeatures
LogPluginManager: Mounting plugin MagicLeap
LogPluginManager: Mounting plugin MagicLeapLightEstimation
LogPluginManager: Mounting plugin MagicLeapMedia
LogPluginManager: Mounting plugin MagicLeapPassableWorld
LogPluginManager: Mounting plugin MLSDK
LogPluginManager: Mounting plugin ActorSequence
LogPluginManager: Mounting plugin LevelSequenceEditor
LogPluginManager: Mounting plugin MatineeToLevelSequence
LogPluginManager: Mounting plugin TemplateSequence
LogPluginManager: Mounting plugin LauncherChunkInstaller
LogPluginManager: Mounting plugin OnlineSubsystem
LogPluginManager: Mounting plugin OnlineSubsystemNull
LogPluginManager: Mounting plugin OnlineSubsystemUtils
LogPluginManager: Mounting plugin ActorLayerUtilities
LogPluginManager: Mounting plugin AndroidDeviceProfileSelector
LogPluginManager: Mounting plugin AndroidMoviePlayer
LogPluginManager: Mounting plugin AndroidPermission
LogPluginManager: Mounting plugin AppleImageUtils
LogPluginManager: Mounting plugin AppleMoviePlayer
LogPluginManager: Mounting plugin ArchVisCharacter
LogPluginManager: Mounting plugin AssetTags
LogPluginManager: Mounting plugin AudioCapture
LogPluginManager: Mounting plugin AudioSynesthesia
LogPluginManager: Mounting plugin CableComponent
LogPluginManager: Mounting plugin ChunkDownloader
LogPluginManager: Mounting plugin CustomMeshComponent
LogPluginManager: Mounting plugin EditableMesh
LogPluginManager: Mounting plugin ExampleDeviceProfileSelector
LogPluginManager: Mounting plugin GoogleCloudMessaging
LogPluginManager: Mounting plugin GooglePAD
LogPluginManager: Mounting plugin ScreenshotTools
LogPluginManager: Mounting plugin IOSDeviceProfileSelector
LogPluginManager: Mounting plugin LinuxDeviceProfileSelector
LogPluginManager: Mounting plugin LocationServicesBPLibrary
LogPluginManager: Mounting plugin MobilePatchingUtils
LogPluginManager: Mounting plugin OpenXR
LogPluginManager: Mounting plugin OpenXREyeTracker
LogPluginManager: Mounting plugin OpenXRHandTracking
LogPluginManager: Mounting plugin PhysXVehicles
LogPluginManager: Mounting plugin PostSplashScreen
LogPluginManager: Mounting plugin PropertyAccessEditor
LogPluginManager: Mounting plugin ProceduralMeshComponent
LogPluginManager: Mounting plugin RuntimePhysXCooking
LogPluginManager: Mounting plugin SignificanceManager
LogPluginManager: Mounting plugin SoundFields
LogPluginManager: Mounting plugin Synthesis
LogPluginManager: Mounting plugin WebMMoviePlayer
LogPluginManager: Mounting plugin WindowsMoviePlayer
LogPluginManager: Mounting plugin Takes
LogPluginManager: Mounting plugin ContentBrowserAssetDataSource
LogPluginManager: Mounting plugin ContentBrowserFileDataSource
LogPluginManager: Mounting plugin ContentBrowserClassDataSource
LogPluginManager: Mounting plugin OnlineSubsystemGooglePlay
LogPluginManager: Mounting plugin OnlineSubsystemIOS
LogPluginManager: Mounting plugin OculusVR
LogPluginManager: Mounting plugin SteamVR
PixWinPlugin: PIX capture plugin failed to initialize! Check that the process is launched from PIX.
LogInit: Using libcurl 7.55.1-DEV
LogInit:  - built for x86_64-pc-win32
LogInit:  - supports SSL with OpenSSL/1.1.1
LogInit:  - supports HTTP deflate (compression) using libz 1.2.8
LogInit:  - other features:
LogInit:      CURL_VERSION_SSL
LogInit:      CURL_VERSION_LIBZ
LogInit:      CURL_VERSION_IPV6
LogInit:      CURL_VERSION_ASYNCHDNS
LogInit:      CURL_VERSION_LARGEFILE
LogInit:      CURL_VERSION_IDN
LogInit:  CurlRequestOptions (configurable via config and command line):
LogInit:  - bVerifyPeer = true  - Libcurl will verify peer certificate
LogInit:  - bUseHttpProxy = false  - Libcurl will NOT use HTTP proxy
LogInit:  - bDontReuseConnections = false  - Libcurl will reuse connections
LogInit:  - MaxHostConnections = 16  - Libcurl will limit the number of connections to a host
LogInit:  - LocalHostAddr = Default
LogInit:  - BufferSize = 65536
LogOnline: OSS: Creating online subsystem instance for: NULL
LogInit: WinSock: version 1.1 (2.2), MaxSocks=32767, MaxUdp=65467
LogOnline: OSS: TryLoadSubsystemAndSetDefault: Loaded subsystem for module [NULL]
LogOculusPluginWrapper: OculusPlugin initialized successfully
LogHMD: Failed initializing OVRPlugin 1.59.0
LogInit: Build: ++UE4+Release-4.27-CL-18319896
LogInit: Engine Version: 4.27.2-18319896+++UE4+Release-4.27
LogInit: Compatible Engine Version: 4.27.0-17155196+++UE4+Release-4.27
LogInit: Net CL: 17155196
LogInit: OS: Windows 10 (Release 2009) (), CPU: Intel(R) Core(TM) i7-4790K CPU @ 4.00GHz, GPU: NVIDIA GeForce GTX 980
LogInit: Compiled (64-bit): Nov 30 2021 07:12:08
LogInit: Compiled with Visual C++: 19.24.28315.00
LogInit: Build Configuration: Development
LogInit: Branch Name: ++UE4+Release-4.27
LogInit: Command Line:  /Game/Map/Minimal_Default -game -PIEVIACONSOLE -Multiprocess GameUserSettingsINI=D:/HoVR-3.0/HovR2/HoVR/Saved/Config/Windows/PIEGameUserSettings0.ini -MultiprocessSaveConfig -forcepassthrough -messaging -SessionName="Play in Standalone Game" -windowed -WinX=320 -WinY=184 SAVEWINPOS=1 -ResX=1280 -ResY=720
LogInit: Base Directory: C:/Program Files/Epic Games/UE_4.27/Engine/Binaries/Win64/
LogInit: Allocator: TBB
LogInit: Installed Engine Build: 1
LogDevObjectVersion: Number of dev versions registered: 29
LogDevObjectVersion:   Dev-Blueprints (B0D832E4-1F89-4F0D-ACCF-7EB736FD4AA2): 10
LogDevObjectVersion:   Dev-Build (E1C64328-A22C-4D53-A36C-8E866417BD8C): 0
LogDevObjectVersion:   Dev-Core (375EC13C-06E4-48FB-B500-84F0262A717E): 4
LogDevObjectVersion:   Dev-Editor (E4B068ED-F494-42E9-A231-DA0B2E46BB41): 40
LogDevObjectVersion:   Dev-Framework (CFFC743F-43B0-4480-9391-14DF171D2073): 37
LogDevObjectVersion:   Dev-Mobile (B02B49B5-BB20-44E9-A304-32B752E40360): 3
LogDevObjectVersion:   Dev-Networking (A4E4105C-59A1-49B5-A7C5-40C4547EDFEE): 0
LogDevObjectVersion:   Dev-Online (39C831C9-5AE6-47DC-9A44-9C173E1C8E7C): 0
LogDevObjectVersion:   Dev-Physics (78F01B33-EBEA-4F98-B9B4-84EACCB95AA2): 14
LogDevObjectVersion:   Dev-Platform (6631380F-2D4D-43E0-8009-CF276956A95A): 0
LogDevObjectVersion:   Dev-Rendering (12F88B9F-8875-4AFC-A67C-D90C383ABD29): 45
LogDevObjectVersion:   Dev-Sequencer (7B5AE74C-D270-4C10-A958-57980B212A5A): 13
LogDevObjectVersion:   Dev-VR (D7296918-1DD6-4BDD-9DE2-64A83CC13884): 3
LogDevObjectVersion:   Dev-LoadTimes (C2A15278-BFE7-4AFE-6C17-90FF531DF755): 1
LogDevObjectVersion:   Private-Geometry (6EACA3D4-40EC-4CC1-B786-8BED09428FC5): 3
LogDevObjectVersion:   Dev-AnimPhys (29E575DD-E0A3-4627-9D10-D276232CDCEA): 17
LogDevObjectVersion:   Dev-Anim (AF43A65D-7FD3-4947-9873-3E8ED9C1BB05): 15
LogDevObjectVersion:   Dev-ReflectionCapture (6B266CEC-1EC7-4B8F-A30B-E4D90942FC07): 1
LogDevObjectVersion:   Dev-Automation (0DF73D61-A23F-47EA-B727-89E90C41499A): 1
LogDevObjectVersion:   FortniteMain (601D1886-AC64-4F84-AA16-D3DE0DEAC7D6): 47
LogDevObjectVersion:   FortniteRelease (E7086368-6B23-4C58-8439-1B7016265E91): 1
LogDevObjectVersion:   Dev-Enterprise (9DFFBCD6-494F-0158-E221-12823C92A888): 10
LogDevObjectVersion:   Dev-Niagara (F2AED0AC-9AFE-416F-8664-AA7FFA26D6FC): 1
LogDevObjectVersion:   Dev-Destruction (174F1F0B-B4C6-45A5-B13F-2EE8D0FB917D): 10
LogDevObjectVersion:   Dev-Physics-Ext (35F94A83-E258-406C-A318-09F59610247C): 41
LogDevObjectVersion:   Dev-PhysicsMaterial-Chaos (B68FC16E-8B1B-42E2-B453-215C058844FE): 1
LogDevObjectVersion:   Dev-CineCamera (B2E18506-4273-CFC2-A54E-F4BB758BBA07): 1
LogDevObjectVersion:   Dev-VirtualProduction (64F58936-FD1B-42BA-BA96-7289D5D0FA4E): 1
LogDevObjectVersion:   Dev-MediaFramework (6F0ED827-A609-4895-9C91-998D90180EA4): 2
LogInit: Presizing for max 25165824 objects, including 0 objects not considered by GC, pre-allocating 0 bytes for permanent pool.
LogConfig: Applying CVar settings from Section [/Script/Engine.StreamingSettings] File [D:/HoVR-3.0/HovR2/HoVR/Saved/Config/Windows/Engine.ini]
LogConfig: Setting CVar [[s.MinBulkDataSizeForAsyncLoading:131072]]
LogConfig: Setting CVar [[s.AsyncLoadingThreadEnabled:0]]
LogConfig: Setting CVar [[s.EventDrivenLoaderEnabled:1]]
LogConfig: Setting CVar [[s.WarnIfTimeLimitExceeded:0]]
LogConfig: Setting CVar [[s.TimeLimitExceededMultiplier:1.5]]
LogConfig: Setting CVar [[s.TimeLimitExceededMinTime:0.005]]
LogConfig: Setting CVar [[s.UseBackgroundLevelStreaming:1]]
LogConfig: Setting CVar [[s.PriorityAsyncLoadingExtraTime:15.0]]
LogConfig: Setting CVar [[s.LevelStreamingActorsUpdateTimeLimit:5.0]]
LogConfig: Setting CVar [[s.PriorityLevelStreamingActorsUpdateExtraTime:5.0]]
LogConfig: Setting CVar [[s.LevelStreamingComponentsRegistrationGranularity:10]]
LogConfig: Setting CVar [[s.UnregisterComponentsTimeLimit:1.0]]
LogConfig: Setting CVar [[s.LevelStreamingComponentsUnregistrationGranularity:5]]
LogConfig: Setting CVar [[s.FlushStreamingOnExit:1]]
LogInit: Object subsystem initialized
LogConfig: Setting CVar [[con.DebugEarlyDefault:1]]
LogConfig: Setting CVar [[r.setres:1280x720]]
[2022.04.19-15.47.35:095][  0]LogConfig: Setting CVar [[con.DebugEarlyDefault:1]]
[2022.04.19-15.47.35:095][  0]LogConfig: Setting CVar [[r.setres:1280x720]]
[2022.04.19-15.47.35:095][  0]LogConfig: Applying CVar settings from Section [/Script/Engine.RendererSettings] File [D:/HoVR-3.0/HovR2/HoVR/Saved/Config/Windows/Engine.ini]
[2022.04.19-15.47.35:095][  0]LogConfig: Setting CVar [[r.GPUCrashDebugging:0]]
[2022.04.19-15.47.35:095][  0]LogConfig: Applying CVar settings from Section [/Script/Engine.RendererOverrideSettings] File [D:/HoVR-3.0/HovR2/HoVR/Saved/Config/Windows/Engine.ini]
[2022.04.19-15.47.35:095][  0]LogConfig: Applying CVar settings from Section [/Script/Engine.StreamingSettings] File [D:/HoVR-3.0/HovR2/HoVR/Saved/Config/Windows/Engine.ini]
[2022.04.19-15.47.35:095][  0]LogConfig: Setting CVar [[s.MinBulkDataSizeForAsyncLoading:131072]]
[2022.04.19-15.47.35:095][  0]LogConfig: Setting CVar [[s.AsyncLoadingThreadEnabled:0]]
[2022.04.19-15.47.35:095][  0]LogConfig: Setting CVar [[s.EventDrivenLoaderEnabled:1]]
[2022.04.19-15.47.35:095][  0]LogConfig: Setting CVar [[s.WarnIfTimeLimitExceeded:0]]
[2022.04.19-15.47.35:095][  0]LogConfig: Setting CVar [[s.TimeLimitExceededMultiplier:1.5]]
[2022.04.19-15.47.35:096][  0]LogConfig: Setting CVar [[s.TimeLimitExceededMinTime:0.005]]
[2022.04.19-15.47.35:096][  0]LogConfig: Setting CVar [[s.UseBackgroundLevelStreaming:1]]
[2022.04.19-15.47.35:096][  0]LogConfig: Setting CVar [[s.PriorityAsyncLoadingExtraTime:15.0]]
[2022.04.19-15.47.35:096][  0]LogConfig: Setting CVar [[s.LevelStreamingActorsUpdateTimeLimit:5.0]]
[2022.04.19-15.47.35:096][  0]LogConfig: Setting CVar [[s.PriorityLevelStreamingActorsUpdateExtraTime:5.0]]
[2022.04.19-15.47.35:096][  0]LogConfig: Setting CVar [[s.LevelStreamingComponentsRegistrationGranularity:10]]
[2022.04.19-15.47.35:096][  0]LogConfig: Setting CVar [[s.UnregisterComponentsTimeLimit:1.0]]
[2022.04.19-15.47.35:096][  0]LogConfig: Setting CVar [[s.LevelStreamingComponentsUnregistrationGranularity:5]]
[2022.04.19-15.47.35:096][  0]LogConfig: Setting CVar [[s.FlushStreamingOnExit:1]]
[2022.04.19-15.47.35:096][  0]LogConfig: Applying CVar settings from Section [/Script/Engine.GarbageCollectionSettings] File [D:/HoVR-3.0/HovR2/HoVR/Saved/Config/Windows/Engine.ini]
[2022.04.19-15.47.35:096][  0]LogConfig: Setting CVar [[gc.MaxObjectsNotConsideredByGC:1]]
[2022.04.19-15.47.35:096][  0]LogConfig: Setting CVar [[gc.SizeOfPermanentObjectPool:0]]
[2022.04.19-15.47.35:096][  0]LogConfig: Setting CVar [[gc.FlushStreamingOnGC:0]]
[2022.04.19-15.47.35:096][  0]LogConfig: Setting CVar [[gc.NumRetriesBeforeForcingGC:10]]
[2022.04.19-15.47.35:096][  0]LogConfig: Setting CVar [[gc.AllowParallelGC:1]]
[2022.04.19-15.47.35:096][  0]LogConfig: Setting CVar [[gc.TimeBetweenPurgingPendingKillObjects:61.1]]
[2022.04.19-15.47.35:096][  0]LogConfig: Setting CVar [[gc.MaxObjectsInEditor:25165824]]
[2022.04.19-15.47.35:096][  0]LogConfig: Setting CVar [[gc.IncrementalBeginDestroyEnabled:1]]
[2022.04.19-15.47.35:096][  0]LogConfig: Setting CVar [[gc.CreateGCClusters:1]]
[2022.04.19-15.47.35:096][  0]LogConfig: Setting CVar [[gc.MinGCClusterSize:5]]
[2022.04.19-15.47.35:096][  0]LogConfig: Setting CVar [[gc.ActorClusteringEnabled:0]]
[2022.04.19-15.47.35:096][  0]LogConfig: Setting CVar [[gc.BlueprintClusteringEnabled:0]]
[2022.04.19-15.47.35:096][  0]LogConfig: Setting CVar [[gc.UseDisregardForGCOnDedicatedServers:0]]
[2022.04.19-15.47.35:096][  0]LogConfig: Setting CVar [[gc.MultithreadedDestructionEnabled:1]]
[2022.04.19-15.47.35:096][  0]LogConfig: Applying CVar settings from Section [/Script/Engine.NetworkSettings] File [D:/HoVR-3.0/HovR2/HoVR/Saved/Config/Windows/Engine.ini]
[2022.04.19-15.47.35:096][  0]LogConfig: Applying CVar settings from Section [/Script/UnrealEd.CookerSettings] File [D:/HoVR-3.0/HovR2/HoVR/Saved/Config/Windows/Engine.ini]
[2022.04.19-15.47.35:128][  0]LogConfig: Applying CVar settings from Section [ViewDistanceQuality@3] File [D:/HoVR-3.0/HovR2/HoVR/Saved/Config/Windows/Scalability.ini]
[2022.04.19-15.47.35:128][  0]LogConfig: Setting CVar [[r.SkeletalMeshLODBias:0]]
[2022.04.19-15.47.35:128][  0]LogConfig: Setting CVar [[r.ViewDistanceScale:1.0]]
[2022.04.19-15.47.35:128][  0]LogConfig: Applying CVar settings from Section [AntiAliasingQuality@3] File [D:/HoVR-3.0/HovR2/HoVR/Saved/Config/Windows/Scalability.ini]
[2022.04.19-15.47.35:128][  0]LogConfig: Setting CVar [[r.PostProcessAAQuality:4]]
[2022.04.19-15.47.35:128][  0]LogConfig: Applying CVar settings from Section [ShadowQuality@3] File [D:/HoVR-3.0/HovR2/HoVR/Saved/Config/Windows/Scalability.ini]
[2022.04.19-15.47.35:128][  0]LogConfig: Setting CVar [[r.LightFunctionQuality:1]]
[2022.04.19-15.47.35:128][  0]LogConfig: Setting CVar [[r.ShadowQuality:5]]
[2022.04.19-15.47.35:128][  0]LogConfig: Setting CVar [[r.Shadow.CSM.MaxCascades:10]]
[2022.04.19-15.47.35:128][  0]LogConfig: Setting CVar [[r.Shadow.MaxResolution:2048]]
[2022.04.19-15.47.35:128][  0]LogConfig: Setting CVar [[r.Shadow.MaxCSMResolution:2048]]
[2022.04.19-15.47.35:128][  0]LogConfig: Setting CVar [[r.Shadow.RadiusThreshold:0.01]]
[2022.04.19-15.47.35:128][  0]LogConfig: Setting CVar [[r.Shadow.DistanceScale:1.0]]
[2022.04.19-15.47.35:128][  0]LogConfig: Setting CVar [[r.Shadow.CSM.TransitionScale:1.0]]
[2022.04.19-15.47.35:128][  0]LogConfig: Setting CVar [[r.Shadow.PreShadowResolutionFactor:1.0]]
[2022.04.19-15.47.35:128][  0]LogConfig: Setting CVar [[r.DistanceFieldShadowing:1]]
[2022.04.19-15.47.35:128][  0]LogConfig: Setting CVar [[r.DistanceFieldAO:1]]
[2022.04.19-15.47.35:128][  0]LogConfig: Setting CVar [[r.AOQuality:2]]
[2022.04.19-15.47.35:128][  0]LogConfig: Setting CVar [[r.VolumetricFog:1]]
[2022.04.19-15.47.35:128][  0]LogConfig: Setting CVar [[r.VolumetricFog.GridPixelSize:8]]
[2022.04.19-15.47.35:128][  0]LogConfig: Setting CVar [[r.VolumetricFog.GridSizeZ:128]]
[2022.04.19-15.47.35:128][  0]LogConfig: Setting CVar [[r.VolumetricFog.HistoryMissSupersampleCount:4]]
[2022.04.19-15.47.35:128][  0]LogConfig: Setting CVar [[r.LightMaxDrawDistanceScale:1]]
[2022.04.19-15.47.35:128][  0]LogConfig: Setting CVar [[r.CapsuleShadows:1]]
[2022.04.19-15.47.35:128][  0]LogConfig: Applying CVar settings from Section [PostProcessQuality@3] File [D:/HoVR-3.0/HovR2/HoVR/Saved/Config/Windows/Scalability.ini]
[2022.04.19-15.47.35:128][  0]LogConfig: Setting CVar [[r.MotionBlurQuality:4]]
[2022.04.19-15.47.35:128][  0]LogConfig: Setting CVar [[r.AmbientOcclusionMipLevelFactor:0.4]]
[2022.04.19-15.47.35:128][  0]LogConfig: Setting CVar [[r.AmbientOcclusionMaxQuality:100]]
[2022.04.19-15.47.35:129][  0]LogConfig: Setting CVar [[r.AmbientOcclusionLevels:-1]]
[2022.04.19-15.47.35:129][  0]LogConfig: Setting CVar [[r.AmbientOcclusionRadiusScale:1.0]]
[2022.04.19-15.47.35:129][  0]LogConfig: Setting CVar [[r.DepthOfFieldQuality:2]]
[2022.04.19-15.47.35:129][  0]LogConfig: Setting CVar [[r.RenderTargetPoolMin:400]]
[2022.04.19-15.47.35:129][  0]LogConfig: Setting CVar [[r.LensFlareQuality:2]]
[2022.04.19-15.47.35:129][  0]LogConfig: Setting CVar [[r.SceneColorFringeQuality:1]]
[2022.04.19-15.47.35:129][  0]LogConfig: Setting CVar [[r.EyeAdaptationQuality:2]]
[2022.04.19-15.47.35:129][  0]LogConfig: Setting CVar [[r.BloomQuality:5]]
[2022.04.19-15.47.35:129][  0]LogConfig: Setting CVar [[r.FastBlurThreshold:100]]
[2022.04.19-15.47.35:129][  0]LogConfig: Setting CVar [[r.Upscale.Quality:3]]
[2022.04.19-15.47.35:129][  0]LogConfig: Setting CVar [[r.Tonemapper.GrainQuantization:1]]
[2022.04.19-15.47.35:129][  0]LogConfig: Setting CVar [[r.LightShaftQuality:1]]
[2022.04.19-15.47.35:129][  0]LogConfig: Setting CVar [[r.Filter.SizeScale:1]]
[2022.04.19-15.47.35:129][  0]LogConfig: Setting CVar [[r.Tonemapper.Quality:5]]
[2022.04.19-15.47.35:129][  0]LogConfig: Setting CVar [[r.DOF.Gather.AccumulatorQuality:1        ; higher gathering accumulator quality]]
[2022.04.19-15.47.35:129][  0]LogConfig: Setting CVar [[r.DOF.Gather.PostfilterMethod:1          ; Median3x3 postfilering method]]
[2022.04.19-15.47.35:129][  0]LogConfig: Setting CVar [[r.DOF.Gather.EnableBokehSettings:0       ; no bokeh simulation when gathering]]
[2022.04.19-15.47.35:129][  0]LogConfig: Setting CVar [[r.DOF.Gather.RingCount:4                 ; medium number of samples when gathering]]
[2022.04.19-15.47.35:129][  0]LogConfig: Setting CVar [[r.DOF.Scatter.ForegroundCompositing:1    ; additive foreground scattering]]
[2022.04.19-15.47.35:129][  0]LogConfig: Setting CVar [[r.DOF.Scatter.BackgroundCompositing:2    ; additive background scattering]]
[2022.04.19-15.47.35:129][  0]LogConfig: Setting CVar [[r.DOF.Scatter.EnableBokehSettings:1      ; bokeh simulation when scattering]]
[2022.04.19-15.47.35:129][  0]LogConfig: Setting CVar [[r.DOF.Scatter.MaxSpriteRatio:0.1         ; only a maximum of 10% of scattered bokeh]]
[2022.04.19-15.47.35:129][  0]LogConfig: Setting CVar [[r.DOF.Recombine.Quality:1                ; cheap slight out of focus]]
[2022.04.19-15.47.35:129][  0]LogConfig: Setting CVar [[r.DOF.Recombine.EnableBokehSettings:0    ; no bokeh simulation on slight out of focus]]
[2022.04.19-15.47.35:129][  0]LogConfig: Setting CVar [[r.DOF.TemporalAAQuality:1                ; more stable temporal accumulation]]
[2022.04.19-15.47.35:129][  0]LogConfig: Setting CVar [[r.DOF.Kernel.MaxForegroundRadius:0.025]]
[2022.04.19-15.47.35:129][  0]LogConfig: Setting CVar [[r.DOF.Kernel.MaxBackgroundRadius:0.025]]
[2022.04.19-15.47.35:129][  0]LogConfig: Applying CVar settings from Section [TextureQuality@3] File [D:/HoVR-3.0/HovR2/HoVR/Saved/Config/Windows/Scalability.ini]
[2022.04.19-15.47.35:129][  0]LogConfig: Setting CVar [[r.Streaming.MipBias:0]]
[2022.04.19-15.47.35:129][  0]LogConfig: Setting CVar [[r.Streaming.AmortizeCPUToGPUCopy:0]]
[2022.04.19-15.47.35:129][  0]LogConfig: Setting CVar [[r.Streaming.MaxNumTexturesToStreamPerFrame:0]]
[2022.04.19-15.47.35:129][  0]LogConfig: Setting CVar [[r.Streaming.Boost:1]]
[2022.04.19-15.47.35:129][  0]LogConfig: Setting CVar [[r.MaxAnisotropy:8]]
[2022.04.19-15.47.35:129][  0]LogConfig: Setting CVar [[r.VT.MaxAnisotropy:8]]
[2022.04.19-15.47.35:129][  0]LogConfig: Setting CVar [[r.Streaming.LimitPoolSizeToVRAM:0]]
[2022.04.19-15.47.35:129][  0]LogConfig: Setting CVar [[r.Streaming.PoolSize:1000]]
[2022.04.19-15.47.35:129][  0]LogConfig: Setting CVar [[r.Streaming.MaxEffectiveScreenSize:0]]
[2022.04.19-15.47.35:129][  0]LogConfig: Applying CVar settings from Section [EffectsQuality@3] File [D:/HoVR-3.0/HovR2/HoVR/Saved/Config/Windows/Scalability.ini]
[2022.04.19-15.47.35:129][  0]LogConfig: Setting CVar [[r.TranslucencyLightingVolumeDim:64]]
[2022.04.19-15.47.35:129][  0]LogConfig: Setting CVar [[r.RefractionQuality:2]]
[2022.04.19-15.47.35:129][  0]LogConfig: Setting CVar [[r.SSR.Quality:3]]
[2022.04.19-15.47.35:129][  0]LogConfig: Setting CVar [[r.SSR.HalfResSceneColor:0]]
[2022.04.19-15.47.35:129][  0]LogConfig: Setting CVar [[r.SceneColorFormat:4]]
[2022.04.19-15.47.35:129][  0]LogConfig: Setting CVar [[r.DetailMode:2]]
[2022.04.19-15.47.35:129][  0]LogConfig: Setting CVar [[r.TranslucencyVolumeBlur:1]]
[2022.04.19-15.47.35:129][  0]LogConfig: Setting CVar [[r.MaterialQualityLevel:1 ; High quality]]
[2022.04.19-15.47.35:129][  0]LogConfig: Setting CVar [[r.AnisotropicMaterials:1]]
[2022.04.19-15.47.35:129][  0]LogConfig: Setting CVar [[r.SSS.Scale:1]]
[2022.04.19-15.47.35:129][  0]LogConfig: Setting CVar [[r.SSS.SampleSet:2]]
[2022.04.19-15.47.35:129][  0]LogConfig: Setting CVar [[r.SSS.Quality:1]]
[2022.04.19-15.47.35:129][  0]LogConfig: Setting CVar [[r.SSS.HalfRes:0]]
[2022.04.19-15.47.35:129][  0]LogConfig: Setting CVar [[r.SSGI.Quality:3]]
[2022.04.19-15.47.35:129][  0]LogConfig: Setting CVar [[r.EmitterSpawnRateScale:1.0]]
[2022.04.19-15.47.35:129][  0]LogConfig: Setting CVar [[r.ParticleLightQuality:2]]
[2022.04.19-15.47.35:129][  0]LogConfig: Setting CVar [[r.SkyAtmosphere.AerialPerspectiveLUT.FastApplyOnOpaque:1 ; Always have FastSkyLUT 1 in this case to avoid wrong sky]]
[2022.04.19-15.47.35:129][  0]LogConfig: Setting CVar [[r.SkyAtmosphere.AerialPerspectiveLUT.SampleCountMaxPerSlice:4]]
[2022.04.19-15.47.35:129][  0]LogConfig: Setting CVar [[r.SkyAtmosphere.AerialPerspectiveLUT.DepthResolution:16.0]]
[2022.04.19-15.47.35:129][  0]LogConfig: Setting CVar [[r.SkyAtmosphere.FastSkyLUT:1]]
[2022.04.19-15.47.35:129][  0]LogConfig: Setting CVar [[r.SkyAtmosphere.FastSkyLUT.SampleCountMin:4.0]]
[2022.04.19-15.47.35:129][  0]LogConfig: Setting CVar [[r.SkyAtmosphere.FastSkyLUT.SampleCountMax:128.0]]
[2022.04.19-15.47.35:129][  0]LogConfig: Setting CVar [[r.SkyAtmosphere.SampleCountMin:4.0]]
[2022.04.19-15.47.35:129][  0]LogConfig: Setting CVar [[r.SkyAtmosphere.SampleCountMax:128.0]]
[2022.04.19-15.47.35:129][  0]LogConfig: Setting CVar [[r.SkyAtmosphere.TransmittanceLUT.UseSmallFormat:0]]
[2022.04.19-15.47.35:129][  0]LogConfig: Setting CVar [[r.SkyAtmosphere.TransmittanceLUT.SampleCount:10.0]]
[2022.04.19-15.47.35:129][  0]LogConfig: Setting CVar [[r.SkyAtmosphere.MultiScatteringLUT.SampleCount:15.0]]
[2022.04.19-15.47.35:129][  0]LogConfig: Setting CVar [[r.SkyLight.RealTimeReflectionCapture:1]]
[2022.04.19-15.47.35:129][  0]LogConfig: Applying CVar settings from Section [FoliageQuality@3] File [D:/HoVR-3.0/HovR2/HoVR/Saved/Config/Windows/Scalability.ini]
[2022.04.19-15.47.35:129][  0]LogConfig: Setting CVar [[foliage.DensityScale:1.0]]
[2022.04.19-15.47.35:129][  0]LogConfig: Setting CVar [[grass.DensityScale:1.0]]
[2022.04.19-15.47.35:129][  0]LogConfig: Applying CVar settings from Section [ShadingQuality@3] File [D:/HoVR-3.0/HovR2/HoVR/Saved/Config/Windows/Scalability.ini]
[2022.04.19-15.47.35:129][  0]LogConfig: Setting CVar [[r.HairStrands.SkyLighting.IntegrationType:2]]
[2022.04.19-15.47.35:129][  0]LogConfig: Setting CVar [[r.HairStrands.SkyAO.SampleCount:4]]
[2022.04.19-15.47.35:129][  0]LogConfig: Setting CVar [[r.HairStrands.Visibility.MSAA.SamplePerPixel:4]]
[2022.04.19-15.47.35:129][  0]LogInit: Selected Device Profile: [Windows]
[2022.04.19-15.47.35:129][  0]LogInit: Applying CVar settings loaded from the selected device profile: [Windows]
[2022.04.19-15.47.35:130][  0]LogHAL: Display: Platform has ~ 32 GB [34191572992 / 34359738368 / 32], which maps to Largest [LargestMinGB=32, LargerMinGB=12, DefaultMinGB=8, SmallerMinGB=6, SmallestMinGB=0)
[2022.04.19-15.47.35:130][  0]LogInit: Going up to parent DeviceProfile []
[2022.04.19-15.47.35:130][  0]LogConfig: Applying CVar settings from Section [ViewDistanceQuality@3] File [D:/HoVR-3.0/HovR2/HoVR/Saved/Config/Windows/Scalability.ini]
[2022.04.19-15.47.35:130][  0]LogConfig: Setting CVar [[r.SkeletalMeshLODBias:0]]
[2022.04.19-15.47.35:130][  0]LogConfig: Setting CVar [[r.ViewDistanceScale:1.0]]
[2022.04.19-15.47.35:130][  0]LogConfig: Applying CVar settings from Section [AntiAliasingQuality@3] File [D:/HoVR-3.0/HovR2/HoVR/Saved/Config/Windows/Scalability.ini]
[2022.04.19-15.47.35:130][  0]LogConfig: Setting CVar [[r.PostProcessAAQuality:4]]
[2022.04.19-15.47.35:130][  0]LogConfig: Applying CVar settings from Section [ShadowQuality@3] File [D:/HoVR-3.0/HovR2/HoVR/Saved/Config/Windows/Scalability.ini]
[2022.04.19-15.47.35:130][  0]LogConfig: Setting CVar [[r.LightFunctionQuality:1]]
[2022.04.19-15.47.35:130][  0]LogConfig: Setting CVar [[r.ShadowQuality:5]]
[2022.04.19-15.47.35:130][  0]LogConfig: Setting CVar [[r.Shadow.CSM.MaxCascades:10]]
[2022.04.19-15.47.35:130][  0]LogConfig: Setting CVar [[r.Shadow.MaxResolution:2048]]
[2022.04.19-15.47.35:130][  0]LogConfig: Setting CVar [[r.Shadow.MaxCSMResolution:2048]]
[2022.04.19-15.47.35:130][  0]LogConfig: Setting CVar [[r.Shadow.RadiusThreshold:0.01]]
[2022.04.19-15.47.35:130][  0]LogConfig: Setting CVar [[r.Shadow.DistanceScale:1.0]]
[2022.04.19-15.47.35:130][  0]LogConfig: Setting CVar [[r.Shadow.CSM.TransitionScale:1.0]]
[2022.04.19-15.47.35:130][  0]LogConfig: Setting CVar [[r.Shadow.PreShadowResolutionFactor:1.0]]
[2022.04.19-15.47.35:130][  0]LogConfig: Setting CVar [[r.DistanceFieldShadowing:1]]
[2022.04.19-15.47.35:130][  0]LogConfig: Setting CVar [[r.DistanceFieldAO:1]]
[2022.04.19-15.47.35:130][  0]LogConfig: Setting CVar [[r.AOQuality:2]]
[2022.04.19-15.47.35:130][  0]LogConfig: Setting CVar [[r.VolumetricFog:1]]
[2022.04.19-15.47.35:130][  0]LogConfig: Setting CVar [[r.VolumetricFog.GridPixelSize:8]]
[2022.04.19-15.47.35:130][  0]LogConfig: Setting CVar [[r.VolumetricFog.GridSizeZ:128]]
[2022.04.19-15.47.35:130][  0]LogConfig: Setting CVar [[r.VolumetricFog.HistoryMissSupersampleCount:4]]
[2022.04.19-15.47.35:130][  0]LogConfig: Setting CVar [[r.LightMaxDrawDistanceScale:1]]
[2022.04.19-15.47.35:130][  0]LogConfig: Setting CVar [[r.CapsuleShadows:1]]
[2022.04.19-15.47.35:130][  0]LogConfig: Applying CVar settings from Section [PostProcessQuality@3] File [D:/HoVR-3.0/HovR2/HoVR/Saved/Config/Windows/Scalability.ini]
[2022.04.19-15.47.35:130][  0]LogConfig: Setting CVar [[r.MotionBlurQuality:4]]
[2022.04.19-15.47.35:130][  0]LogConfig: Setting CVar [[r.AmbientOcclusionMipLevelFactor:0.4]]
[2022.04.19-15.47.35:130][  0]LogConfig: Setting CVar [[r.AmbientOcclusionMaxQuality:100]]
[2022.04.19-15.47.35:130][  0]LogConfig: Setting CVar [[r.AmbientOcclusionLevels:-1]]
[2022.04.19-15.47.35:130][  0]LogConfig: Setting CVar [[r.AmbientOcclusionRadiusScale:1.0]]
[2022.04.19-15.47.35:130][  0]LogConfig: Setting CVar [[r.DepthOfFieldQuality:2]]
[2022.04.19-15.47.35:130][  0]LogConfig: Setting CVar [[r.RenderTargetPoolMin:400]]
[2022.04.19-15.47.35:130][  0]LogConfig: Setting CVar [[r.LensFlareQuality:2]]
[2022.04.19-15.47.35:130][  0]LogConfig: Setting CVar [[r.SceneColorFringeQuality:1]]
[2022.04.19-15.47.35:130][  0]LogConfig: Setting CVar [[r.EyeAdaptationQuality:2]]
[2022.04.19-15.47.35:130][  0]LogConfig: Setting CVar [[r.BloomQuality:5]]
[2022.04.19-15.47.35:130][  0]LogConfig: Setting CVar [[r.FastBlurThreshold:100]]
[2022.04.19-15.47.35:130][  0]LogConfig: Setting CVar [[r.Upscale.Quality:3]]
[2022.04.19-15.47.35:130][  0]LogConfig: Setting CVar [[r.Tonemapper.GrainQuantization:1]]
[2022.04.19-15.47.35:130][  0]LogConfig: Setting CVar [[r.LightShaftQuality:1]]
[2022.04.19-15.47.35:130][  0]LogConfig: Setting CVar [[r.Filter.SizeScale:1]]
[2022.04.19-15.47.35:130][  0]LogConfig: Setting CVar [[r.Tonemapper.Quality:5]]
[2022.04.19-15.47.35:130][  0]LogConfig: Setting CVar [[r.DOF.Gather.AccumulatorQuality:1        ; higher gathering accumulator quality]]
[2022.04.19-15.47.35:130][  0]LogConfig: Setting CVar [[r.DOF.Gather.PostfilterMethod:1          ; Median3x3 postfilering method]]
[2022.04.19-15.47.35:130][  0]LogConfig: Setting CVar [[r.DOF.Gather.EnableBokehSettings:0       ; no bokeh simulation when gathering]]
[2022.04.19-15.47.35:130][  0]LogConfig: Setting CVar [[r.DOF.Gather.RingCount:4                 ; medium number of samples when gathering]]
[2022.04.19-15.47.35:130][  0]LogConfig: Setting CVar [[r.DOF.Scatter.ForegroundCompositing:1    ; additive foreground scattering]]
[2022.04.19-15.47.35:130][  0]LogConfig: Setting CVar [[r.DOF.Scatter.BackgroundCompositing:2    ; additive background scattering]]
[2022.04.19-15.47.35:130][  0]LogConfig: Setting CVar [[r.DOF.Scatter.EnableBokehSettings:1      ; bokeh simulation when scattering]]
[2022.04.19-15.47.35:130][  0]LogConfig: Setting CVar [[r.DOF.Scatter.MaxSpriteRatio:0.1         ; only a maximum of 10% of scattered bokeh]]
[2022.04.19-15.47.35:130][  0]LogConfig: Setting CVar [[r.DOF.Recombine.Quality:1                ; cheap slight out of focus]]
[2022.04.19-15.47.35:130][  0]LogConfig: Setting CVar [[r.DOF.Recombine.EnableBokehSettings:0    ; no bokeh simulation on slight out of focus]]
[2022.04.19-15.47.35:130][  0]LogConfig: Setting CVar [[r.DOF.TemporalAAQuality:1                ; more stable temporal accumulation]]
[2022.04.19-15.47.35:130][  0]LogConfig: Setting CVar [[r.DOF.Kernel.MaxForegroundRadius:0.025]]
[2022.04.19-15.47.35:130][  0]LogConfig: Setting CVar [[r.DOF.Kernel.MaxBackgroundRadius:0.025]]
[2022.04.19-15.47.35:130][  0]LogConfig: Applying CVar settings from Section [TextureQuality@3] File [D:/HoVR-3.0/HovR2/HoVR/Saved/Config/Windows/Scalability.ini]
[2022.04.19-15.47.35:130][  0]LogConfig: Setting CVar [[r.Streaming.MipBias:0]]
[2022.04.19-15.47.35:130][  0]LogConfig: Setting CVar [[r.Streaming.AmortizeCPUToGPUCopy:0]]
[2022.04.19-15.47.35:130][  0]LogConfig: Setting CVar [[r.Streaming.MaxNumTexturesToStreamPerFrame:0]]
[2022.04.19-15.47.35:130][  0]LogConfig: Setting CVar [[r.Streaming.Boost:1]]
[2022.04.19-15.47.35:130][  0]LogConfig: Setting CVar [[r.MaxAnisotropy:8]]
[2022.04.19-15.47.35:130][  0]LogConfig: Setting CVar [[r.VT.MaxAnisotropy:8]]
[2022.04.19-15.47.35:130][  0]LogConfig: Setting CVar [[r.Streaming.LimitPoolSizeToVRAM:0]]
[2022.04.19-15.47.35:130][  0]LogConfig: Setting CVar [[r.Streaming.PoolSize:1000]]
[2022.04.19-15.47.35:130][  0]LogConfig: Setting CVar [[r.Streaming.MaxEffectiveScreenSize:0]]
[2022.04.19-15.47.35:130][  0]LogConfig: Applying CVar settings from Section [EffectsQuality@3] File [D:/HoVR-3.0/HovR2/HoVR/Saved/Config/Windows/Scalability.ini]
[2022.04.19-15.47.35:130][  0]LogConfig: Setting CVar [[r.TranslucencyLightingVolumeDim:64]]
[2022.04.19-15.47.35:130][  0]LogConfig: Setting CVar [[r.RefractionQuality:2]]
[2022.04.19-15.47.35:130][  0]LogConfig: Setting CVar [[r.SSR.Quality:3]]
[2022.04.19-15.47.35:130][  0]LogConfig: Setting CVar [[r.SSR.HalfResSceneColor:0]]
[2022.04.19-15.47.35:130][  0]LogConfig: Setting CVar [[r.SceneColorFormat:4]]
[2022.04.19-15.47.35:130][  0]LogConfig: Setting CVar [[r.DetailMode:2]]
[2022.04.19-15.47.35:130][  0]LogConfig: Setting CVar [[r.TranslucencyVolumeBlur:1]]
[2022.04.19-15.47.35:130][  0]LogConfig: Setting CVar [[r.MaterialQualityLevel:1 ; High quality]]
[2022.04.19-15.47.35:130][  0]LogConfig: Setting CVar [[r.AnisotropicMaterials:1]]
[2022.04.19-15.47.35:130][  0]LogConfig: Setting CVar [[r.SSS.Scale:1]]
[2022.04.19-15.47.35:130][  0]LogConfig: Setting CVar [[r.SSS.SampleSet:2]]
[2022.04.19-15.47.35:130][  0]LogConfig: Setting CVar [[r.SSS.Quality:1]]
[2022.04.19-15.47.35:131][  0]LogConfig: Setting CVar [[r.SSS.HalfRes:0]]
[2022.04.19-15.47.35:131][  0]LogConfig: Setting CVar [[r.SSGI.Quality:3]]
[2022.04.19-15.47.35:131][  0]LogConfig: Setting CVar [[r.EmitterSpawnRateScale:1.0]]
[2022.04.19-15.47.35:131][  0]LogConfig: Setting CVar [[r.ParticleLightQuality:2]]
[2022.04.19-15.47.35:131][  0]LogConfig: Setting CVar [[r.SkyAtmosphere.AerialPerspectiveLUT.FastApplyOnOpaque:1 ; Always have FastSkyLUT 1 in this case to avoid wrong sky]]
[2022.04.19-15.47.35:131][  0]LogConfig: Setting CVar [[r.SkyAtmosphere.AerialPerspectiveLUT.SampleCountMaxPerSlice:4]]
[2022.04.19-15.47.35:131][  0]LogConfig: Setting CVar [[r.SkyAtmosphere.AerialPerspectiveLUT.DepthResolution:16.0]]
[2022.04.19-15.47.35:131][  0]LogConfig: Setting CVar [[r.SkyAtmosphere.FastSkyLUT:1]]
[2022.04.19-15.47.35:131][  0]LogConfig: Setting CVar [[r.SkyAtmosphere.FastSkyLUT.SampleCountMin:4.0]]
[2022.04.19-15.47.35:131][  0]LogConfig: Setting CVar [[r.SkyAtmosphere.FastSkyLUT.SampleCountMax:128.0]]
[2022.04.19-15.47.35:131][  0]LogConfig: Setting CVar [[r.SkyAtmosphere.SampleCountMin:4.0]]
[2022.04.19-15.47.35:131][  0]LogConfig: Setting CVar [[r.SkyAtmosphere.SampleCountMax:128.0]]
[2022.04.19-15.47.35:131][  0]LogConfig: Setting CVar [[r.SkyAtmosphere.TransmittanceLUT.UseSmallFormat:0]]
[2022.04.19-15.47.35:131][  0]LogConfig: Setting CVar [[r.SkyAtmosphere.TransmittanceLUT.SampleCount:10.0]]
[2022.04.19-15.47.35:131][  0]LogConfig: Setting CVar [[r.SkyAtmosphere.MultiScatteringLUT.SampleCount:15.0]]
[2022.04.19-15.47.35:131][  0]LogConfig: Setting CVar [[r.SkyLight.RealTimeReflectionCapture:1]]
[2022.04.19-15.47.35:131][  0]LogConfig: Applying CVar settings from Section [FoliageQuality@3] File [D:/HoVR-3.0/HovR2/HoVR/Saved/Config/Windows/Scalability.ini]
[2022.04.19-15.47.35:131][  0]LogConfig: Setting CVar [[foliage.DensityScale:1.0]]
[2022.04.19-15.47.35:131][  0]LogConfig: Setting CVar [[grass.DensityScale:1.0]]
[2022.04.19-15.47.35:131][  0]LogConfig: Applying CVar settings from Section [ShadingQuality@3] File [D:/HoVR-3.0/HovR2/HoVR/Saved/Config/Windows/Scalability.ini]
[2022.04.19-15.47.35:131][  0]LogConfig: Setting CVar [[r.HairStrands.SkyLighting.IntegrationType:2]]
[2022.04.19-15.47.35:131][  0]LogConfig: Setting CVar [[r.HairStrands.SkyAO.SampleCount:4]]
[2022.04.19-15.47.35:131][  0]LogConfig: Setting CVar [[r.HairStrands.Visibility.MSAA.SamplePerPixel:4]]
[2022.04.19-15.47.35:131][  0]LogConfig: Applying CVar settings from Section [Startup] File [../../../Engine/Config/ConsoleVariables.ini]
[2022.04.19-15.47.35:132][  0]LogConfig: Setting CVar [[net.UseAdaptiveNetUpdateFrequency:0]]
[2022.04.19-15.47.35:132][  0]LogConfig: Setting CVar [[p.chaos.AllowCreatePhysxBodies:1]]
[2022.04.19-15.47.35:132][  0]LogConfig: Setting CVar [[fx.SkipVectorVMBackendOptimizations:1]]
[2022.04.19-15.47.35:132][  0]LogConfig: Applying CVar settings from Section [ConsoleVariables] File [D:/HoVR-3.0/HovR2/HoVR/Saved/Config/Windows/Engine.ini]
[2022.04.19-15.47.35:132][  0]LogConfig: Applying CVar settings from Section [ConsoleVariables] File [D:/HoVR-3.0/HovR2/HoVR/Saved/Config/Windows/Editor.ini]
[2022.04.19-15.47.35:132][  0]LogInit: Computer: DESKTOP-KUB2QSJ
[2022.04.19-15.47.35:132][  0]LogInit: User: Tank
[2022.04.19-15.47.35:132][  0]LogInit: CPU Page size=4096, Cores=4
[2022.04.19-15.47.35:132][  0]LogInit: High frequency timer resolution =10.000000 MHz
[2022.04.19-15.47.35:132][  0]LogMemory: Memory total: Physical=31.8GB (32GB approx)
[2022.04.19-15.47.35:132][  0]LogMemory: Platform Memory Stats for Windows
[2022.04.19-15.47.35:132][  0]LogMemory: Process Physical Memory: 148.81 MB used, 148.82 MB peak
[2022.04.19-15.47.35:132][  0]LogMemory: Process Virtual Memory: 130.35 MB used, 130.35 MB peak
[2022.04.19-15.47.35:132][  0]LogMemory: Physical Memory: 13877.92 MB used,  18729.70 MB free, 32607.62 MB total
[2022.04.19-15.47.35:132][  0]LogMemory: Virtual Memory: 134201912.00 MB used,  15812.00 MB free, 134217728.00 MB total
[2022.04.19-15.47.35:139][  0]LogWindows: WindowsPlatformFeatures enabled
[2022.04.19-15.47.35:186][  0]LogInit: Physics initialised using underlying interface: PhysX
[2022.04.19-15.47.35:186][  0]LogInit: Using OS detected language (en-GB).
[2022.04.19-15.47.35:186][  0]LogInit: Using OS detected locale (en-GB).
[2022.04.19-15.47.35:193][  0]LogTextLocalizationManager: No specific localization for 'en-GB' exists, so the 'en' localization will be used.
[2022.04.19-15.47.35:507][  0]LogWindowsTextInputMethodSystem: Display: IME system deactivated.
[2022.04.19-15.47.35:554][  0]LogSlate: New Slate User Created.  User Index 0, Is Virtual User: 0
[2022.04.19-15.47.35:554][  0]LogSlate: Slate User Registered.  User Index 0, Is Virtual User: 0
[2022.04.19-15.47.35:587][  0]LogD3D11RHI: Loaded GFSDK_Aftermath_Lib.x64.dll
[2022.04.19-15.47.35:632][  0]LogHMD: Failed to initialize OpenVR with code 117
[2022.04.19-15.47.35:632][  0]LogD3D11RHI: D3D11 min allowed feature level: 11_0
[2022.04.19-15.47.35:632][  0]LogD3D11RHI: D3D11 max allowed feature level: 11_0
[2022.04.19-15.47.35:632][  0]LogD3D11RHI: D3D11 adapters:
[2022.04.19-15.47.35:724][  0]LogD3D11RHI:    0. 'NVIDIA GeForce GTX 980' (Feature Level 11_0)
[2022.04.19-15.47.35:724][  0]LogD3D11RHI:       4053/0/16303 MB DedicatedVideo/DedicatedSystem/SharedSystem, Outputs:1, VendorId:0x10de
[2022.04.19-15.47.35:731][  0]LogD3D11RHI:    1. 'Intel(R) HD Graphics 4600' (Feature Level 11_0)
[2022.04.19-15.47.35:731][  0]LogD3D11RHI:       112/0/2048 MB DedicatedVideo/DedicatedSystem/SharedSystem, Outputs:1, VendorId:0x8086
[2022.04.19-15.47.35:733][  0]LogD3D11RHI:    2. 'Microsoft Basic Render Driver' (Feature Level 11_0)
[2022.04.19-15.47.35:733][  0]LogD3D11RHI:       0/0/16303 MB DedicatedVideo/DedicatedSystem/SharedSystem, Outputs:0, VendorId:0x1414
[2022.04.19-15.47.35:734][  0]LogD3D11RHI: Chosen D3D11 Adapter:
[2022.04.19-15.47.35:734][  0]LogD3D11RHI:     Description : NVIDIA GeForce GTX 980
[2022.04.19-15.47.35:734][  0]LogD3D11RHI:     VendorId    : 10de
[2022.04.19-15.47.35:734][  0]LogD3D11RHI:     DeviceId    : 13c0
[2022.04.19-15.47.35:734][  0]LogD3D11RHI:     SubSysId    : 85181043
[2022.04.19-15.47.35:734][  0]LogD3D11RHI:     Revision    : 00a1
[2022.04.19-15.47.35:734][  0]LogD3D11RHI:     DedicatedVideoMemory : 4250271744 bytes
[2022.04.19-15.47.35:734][  0]LogD3D11RHI:     DedicatedSystemMemory : 0 bytes
[2022.04.19-15.47.35:734][  0]LogD3D11RHI:     SharedSystemMemory : 17095786496 bytes
[2022.04.19-15.47.35:734][  0]LogD3D11RHI:     AdapterLuid : 0 44661
[2022.04.19-15.47.35:738][  0]LogD3D11RHI: Creating new Direct3DDevice
[2022.04.19-15.47.35:738][  0]LogD3D11RHI:     GPU DeviceId: 0x13c0 (for the marketing name, search the web for "GPU Device Id")
[2022.04.19-15.47.35:738][  0]LogWindows: EnumDisplayDevices:
[2022.04.19-15.47.35:738][  0]LogWindows:    0. 'NVIDIA GeForce GTX 980' (P:1 D:1)
[2022.04.19-15.47.35:738][  0]LogWindows:    1. 'NVIDIA GeForce GTX 980' (P:0 D:0)
[2022.04.19-15.47.35:738][  0]LogWindows:    2. 'NVIDIA GeForce GTX 980' (P:0 D:0)
[2022.04.19-15.47.35:738][  0]LogWindows:    3. 'NVIDIA GeForce GTX 980' (P:0 D:0)
[2022.04.19-15.47.35:738][  0]LogWindows:    4. 'Intel(R) HD Graphics 4600' (P:0 D:1)
[2022.04.19-15.47.35:739][  0]LogWindows:    5. 'Intel(R) HD Graphics 4600' (P:0 D:0)
[2022.04.19-15.47.35:739][  0]LogWindows:    6. 'Intel(R) HD Graphics 4600' (P:0 D:0)
[2022.04.19-15.47.35:739][  0]LogWindows: DebugString: PrimaryIsNotTheChoosenAdapter PrimaryIsNotTheChoosenAdapter PrimaryIsNotTheChoosenAdapter FoundDriverCount:4 
[2022.04.19-15.47.35:739][  0]LogD3D11RHI:     Adapter Name: NVIDIA GeForce GTX 980
[2022.04.19-15.47.35:739][  0]LogD3D11RHI:   Driver Version: 471.11 (internal:30.0.14.7111, unified:471.11)
[2022.04.19-15.47.35:739][  0]LogD3D11RHI:      Driver Date: 6-21-2021
[2022.04.19-15.47.35:739][  0]LogRHI: Texture pool is 2837 MB (70% of 4053 MB)
[2022.04.19-15.47.35:739][  0]LogD3D11RHI: Creating D3DDevice using adapter:
[2022.04.19-15.47.35:739][  0]LogD3D11RHI:     Description : NVIDIA GeForce GTX 980
[2022.04.19-15.47.35:739][  0]LogD3D11RHI:     VendorId    : 10de
[2022.04.19-15.47.35:739][  0]LogD3D11RHI:     DeviceId    : 13c0
[2022.04.19-15.47.35:739][  0]LogD3D11RHI:     SubSysId    : 85181043
[2022.04.19-15.47.35:739][  0]LogD3D11RHI:     Revision    : 00a1
[2022.04.19-15.47.35:739][  0]LogD3D11RHI:     DedicatedVideoMemory : 4250271744 bytes
[2022.04.19-15.47.35:739][  0]LogD3D11RHI:     DedicatedSystemMemory : 0 bytes
[2022.04.19-15.47.35:739][  0]LogD3D11RHI:     SharedSystemMemory : 17095786496 bytes
[2022.04.19-15.47.35:739][  0]LogD3D11RHI:     AdapterLuid : 0 44661
[2022.04.19-15.47.35:810][  0]LogD3D11RHI: RHI has support for 64 bit atomics
[2022.04.19-15.47.35:811][  0]LogD3D11RHI: Async texture creation enabled
[2022.04.19-15.47.35:811][  0]LogD3D11RHI: Array index from any shader is supported
[2022.04.19-15.47.35:828][  0]LogD3D11RHI: GPU Timing Frequency: 1000.000000 (Debug: 2 1)
[2022.04.19-15.47.35:855][  0]LogRHI: GeForceNow SDK initialized: 1
[2022.04.19-15.47.36:154][  0]LogTargetPlatformManager: Display: Loaded TargetPlatform 'WindowsNoEditor'
[2022.04.19-15.47.36:159][  0]LogTargetPlatformManager: Display: Loaded TargetPlatform 'Windows'
[2022.04.19-15.47.36:164][  0]LogTargetPlatformManager: Display: Loaded TargetPlatform 'WindowsClient'
[2022.04.19-15.47.36:169][  0]LogTargetPlatformManager: Display: Loaded TargetPlatform 'WindowsServer'
[2022.04.19-15.47.36:169][  0]LogTargetPlatformManager: Display: Building Assets For Windows
[2022.04.19-15.47.36:176][  0]LogAudioDebug: Display: Lib vorbis DLL was dynamically loaded.
[2022.04.19-15.47.36:205][  0]LogTextureFormatOodle: Display: Oodle Texture 2.9.0 init RDO Off
[2022.04.19-15.47.36:234][  0]LogRendererCore: Ray tracing is disabled. Reason: r.RayTracing=0.
[2022.04.19-15.47.36:234][  0]LogShaderCompilers: Guid format shader working directory is 23 characters bigger than the processId version (D:/HoVR-3.0/HovR2/HoVR/Intermediate/Shaders/WorkingDirectory/1184/).
[2022.04.19-15.47.36:234][  0]LogShaderCompilers: Cleaned the shader compiler working directory 'C:/Users/Tank/AppData/Local/Temp/UnrealShaderWorkingDir/49707C2F4435E205B7F2FD82F87C3C5F/'.
[2022.04.19-15.47.36:234][  0]LogXGEController: Cannot use XGE Controller as Incredibuild is not installed on this machine.
[2022.04.19-15.47.36:234][  0]LogShaderCompilers: Cannot use XGE Shader Compiler as Incredibuild is not installed on this machine.
[2022.04.19-15.47.36:234][  0]LogShaderCompilers: Display: Using Local Shader Compiler.
[2022.04.19-15.47.36:966][  0]LogDerivedDataCache: Display: Max Cache Size: 512 MB
[2022.04.19-15.47.37:026][  0]LogDerivedDataCache: Loaded boot cache 0.06s 94MB C:/Users/Tank/AppData/Local/UnrealEngine/4.27/DerivedDataCache/Boot.ddc.
[2022.04.19-15.47.37:026][  0]LogDerivedDataCache: Display: Loaded Boot cache: C:/Users/Tank/AppData/Local/UnrealEngine/4.27/DerivedDataCache/Boot.ddc
[2022.04.19-15.47.37:026][  0]LogDerivedDataCache: FDerivedDataBackendGraph:  Pak pak cache file D:/HoVR-3.0/HovR2/HoVR/DerivedDataCache/DDC.ddp not found, will not use a pak cache.
[2022.04.19-15.47.37:026][  0]LogDerivedDataCache: Unable to find inner node Pak for hierarchical cache Hierarchy.
[2022.04.19-15.47.37:026][  0]LogDerivedDataCache: FDerivedDataBackendGraph:  CompressedPak pak cache file D:/HoVR-3.0/HovR2/HoVR/DerivedDataCache/Compressed.ddp not found, will not use a pak cache.
[2022.04.19-15.47.37:026][  0]LogDerivedDataCache: Unable to find inner node CompressedPak for hierarchical cache Hierarchy.
[2022.04.19-15.47.37:041][  0]LogDerivedDataCache: Display: Pak cache opened for reading ../../../Engine/DerivedDataCache/Compressed.ddp.
[2022.04.19-15.47.37:042][  0]LogDerivedDataCache: FDerivedDataBackendGraph:  EnterprisePak pak cache file ../../../Enterprise/DerivedDataCache/Compressed.ddp not found, will not use a pak cache.
[2022.04.19-15.47.37:042][  0]LogDerivedDataCache: Unable to find inner node EnterprisePak for hierarchical cache Hierarchy.
[2022.04.19-15.47.37:050][  0]LogDerivedDataCache: Speed tests for C:/Users/Tank/AppData/Local/UnrealEngine/Common/DerivedDataCache took 0.01 seconds
[2022.04.19-15.47.37:050][  0]LogDerivedDataCache: Display: Performance to C:/Users/Tank/AppData/Local/UnrealEngine/Common/DerivedDataCache: Latency=0.05ms. RandomReadSpeed=308.99MBs, RandomWriteSpeed=192.70MBs. Assigned SpeedClass 'Local'
[2022.04.19-15.47.37:051][  0]LogDerivedDataCache: Using Local data cache path C:/Users/Tank/AppData/Local/UnrealEngine/Common/DerivedDataCache: Writable
[2022.04.19-15.47.37:051][  0]LogDerivedDataCache: Shared data cache path not found in *engine.ini, will not use an Shared cache.
[2022.04.19-15.47.37:051][  0]LogDerivedDataCache: Unable to find inner node Shared for hierarchical cache Hierarchy.
[2022.04.19-15.47.37:088][  0]LogSlate: Using FreeType 2.10.0
[2022.04.19-15.47.37:088][  0]LogSlate: SlateFontServices - WITH_FREETYPE: 1, WITH_HARFBUZZ: 1
[2022.04.19-15.47.37:170][  0]LogInit: Using OS detected language (en-GB).
[2022.04.19-15.47.37:170][  0]LogInit: Using OS detected locale (en-GB).
[2022.04.19-15.47.37:170][  0]LogTextLocalizationManager: No localization for 'en-GB' exists, so 'en' will be used for the language.
[2022.04.19-15.47.37:170][  0]LogTextLocalizationManager: No localization for 'en-GB' exists, so 'en' will be used for the locale.
[2022.04.19-15.47.37:170][  0]LogSlate: FontCache flush requested. Reason: Culture for localization was changed
[2022.04.19-15.47.37:170][  0]LogSlate: FontCache flush requested. Reason: Culture for localization was changed
[2022.04.19-15.47.37:174][  0]LogTextLocalizationManager: Compacting localization data took   0.01ms
[2022.04.19-15.47.37:174][  0]LogAssetRegistry: FAssetRegistry took 0.0021 seconds to start up
[2022.04.19-15.47.37:335][  0]LogPackageLocalizationCache: Processed 27 localized package path(s) for 1 prioritized culture(s) in 0.001140 seconds
[2022.04.19-15.47.37:394][  0]LogInit: Selected Device Profile: [Windows]
[2022.04.19-15.47.37:394][  0]LogInit: Active device profile: [000001CA94A2D400][000001CA8FA4ACC0 49] Windows
[2022.04.19-15.47.37:394][  0]LogInit: Profiles: [000001CA94A2D400][000001CA8FA4ACC0 49] Windows, [000001CA94A1AC00][000001CA8FA52E40 49] WindowsNoEditor, [000001CA94A2E200][000001CA8FA56FC0 49] WindowsServer, [000001CA94A1B900][000001CA8FD65140 49] WindowsClient, [000001CA94A2EF00][000001CA8FD692C0 49] IOS, [000001CA94A19600][000001CA8FA4F400 49] iPadAir, [000001CA94A2FC00][000001CA8FD6D540 49] iPadAir2, [000001CA949CA600][000001CA8FD797C0 49] IPadPro, [000001CA949CA700][000001CA8FD71800 49] iPadAir3, [000001CA94A18300][000001CA8FD7D980 49] iPadAir4, [000001CA949CB500][000001CA8FD81B00 49] iPadMini2, [000001CA94A1B000][000001CA8FD84100 49] iPadMini3, [000001CA949CA400][000001CA8FD88280 49] iPadMini4, [000001CA94A19F00][000001CA8FD8C400 49] iPadMini5, [000001CA949D5F00][000001CA8FD946C0 49] iPhone6, [000001CA949D6000][000001CA8FD90700 49] iPodTouch6, [000001CA94A2ED00][000001CA8FD9C9C0 49] iPhone7, [000001CA94A2D500][000001CA8FD98A00 49] iPodTouch7, [000001CA949CB200][000001CA8FDA0B80 49] iPhone5S, [000001CA94A2E000][000001CA8FDA4D00 49] iPhone6Plus, [000001CA949C9200][000001CA8FDA8E80 49] iPhone6S, [000001CA94A2EB00][000001CA8FDAD000 49] iPhone6SPlus, [000001CA949C8A00][000001CA905F1180 49] iPhone7Plus, [000001CA94A2D100][000001CA905F5300 49] iPhoneSE, [000001CA949C8800][000001CA905F9480 49] iPhone8, [000001CA94A2EC00][000001CA8FD755C0 49] iPhone8Plus, [000001CA949CB100][000001CA905FD700 49] iPhoneX, [000001CA94A2CF00][000001CA90601840 49] iPhoneXS, [000001CA949CAF00][000001CA906099C0 49] iPhoneXSMax, [000001CA94A2E900][000001CA9060DB40 49] iPhoneXR, [000001CA949D4400][000001CA90610140 49] iPhone11, [000001CA949C9300][000001CA906142C0 49] iPhone11Pro, [000001CA949D4C00][000001CA90618440 49] iPhone11ProMax, [000001CA949C9B00][000001CA9061C5C0 49] iPhoneSE2, [000001CA949D5400][000001CA90620740 49] iPhone12Mini, [000001CA949CA300][000001CA906248C0 49] iPhone12, [000001CA949D5A00][000001CA90628A40 49] iPhone12Pro, [000001CA949CA100][000001CA9062CBC0 49] iPhone12ProMax, [000001CA949D5D00][000001CA90630D40 49] iPadPro105, [000001CA949C9C00][000001CA90634EC0 49] iPadPro129, [000001CA949D7F00][000001CA90639040 49] iPadPro97, [000001CA949C8400][000001CA9063D1C0 49] iPadPro2_129, [000001CA94A2DD00][000001CA900A9340 49] iPad5, [000001CA949D5E00][000001CA900AD4C0 49] iPad6, [000001CA949C9F00][000001CA900B1640 49] iPad7, [000001CA949D4800][000001CA90605780 49] iPad8, [000001CA949C8900][000001CA900B58C0 49] iPadPro11, [000001CA949D4900][000001CA900B9A00 49] iPadPro2_11, [000001CA949C9400][000001CA900BDB40 49] iPadPro3_129, [000001CA949D4F00][000001CA900C4140 49] iPadPro4_129, [000001CA949C8D00][000001CA900C82C0 49] AppleTV, [000001CA949D4500][000001CA900CC440 49] AppleTV4K, [000001CA949C8100][000001CA900D05C0 49] TVOS, [000001CA949D7000][000001CA900D4740 49] Mac, [000001CA949CB700][000001CA900D88C0 49] MacClient, [000001CA949D6500][000001CA900DCA40 49] MacNoEditor, [000001CA949C9800][000001CA900E0BC0 49] MacServer, [000001CA949D6E00][000001CA900E4D40 49] Linux, [000001CA949CA500][000001CA900E8EC0 49] LinuxAArch64, [000001CA949D4300][000001CA900ED040 49] LinuxNoEditor, [000001CA949CB400][000001CA900F11C0 49] LinuxAArch64NoEditor, [000001CA949D5700][000001CA900F5340 49] LinuxClient, [000001CA949C8300][000001CA900F94C0 49] LinuxAArch64Client, [000001CA949D7300][000001CA900FD640 49] LinuxServer, [000001CA949CB000][000001CA901017C0 49] LinuxAArch64Server, [000001CA949D6700][000001CA900C1900 49] Android, [000001CA949C9D00][000001CA90105A40 49] Android_Low, [000001CA949D6A00][000001CA90109B80 49] Android_Mid, [000001CA949C9100][000001CA9010C140 49] Android_High, [000001CA949D6100][000001CA901142C0 49] Android_Default, [000001CA949C8500][000001CA90118440 49] Android_Adreno4xx, [000001CA949D6F00][000001CA9011C5C0 49] Android_Adreno5xx_Low, [000001CA949CA900][000001CA90120740 49] Android_Adreno5xx, [000001CA949D4200][000001CA901248C0 49] Android_Adreno6xx, [000001CA949CBA00][000001CA90128A40 49] Android_Adreno6xx_Vulkan, [000001CA949D7B00][000001CA9012CBC0 49] Android_Mali_T6xx, [000001CA949C9600][000001CA90130D40 49] Android_Mali_T7xx, [000001CA949D5C00][000001CA90134EC0 49] Android_Mali_T8xx, [000001CA949C9A00][000001CA90139040 49] Android_Mali_G71, [000001CA949D5300][000001CA9013D1C0 49] Android_Mali_G72, [000001CA949CBB00][000001CA90141340 49] Android_Mali_G72_Vulkan, [000001CA949D7600][000001CA901454C0 49] Android_Mali_G76, [000001CA949CAC00][000001CA90149640 49] Android_Mali_G76_Vulkan, [000001CA949D5000][000001CA9014D7C0 49] Android_Mali_G77, [000001CA949C9000][000001CA90151940 49] Android_Mali_G77_Vulkan, [000001CA949D6C00][000001CA90155AC0 49] Android_Mali_G78, [000001CA949C8C00][000001CA90111C00 49] Android_Mali_G78_Vulkan, [000001CA949D6D00][000001CA901581C0 49] Android_Mali_G710, [000001CA949C8700][000001CA9015C300 49] Android_Mali_G710_Vulkan, [000001CA94A1A000][000001CA90164480 49] Android_Vulkan_SM5, [000001CA94A2CE00][000001CA90168600 49] Android_PowerVR_G6xxx, [000001CA94A18B00][000001CA9016C780 49] Android_PowerVR_GT7xxx, [000001CA94A2C400][000001CA90170900 49] Android_PowerVR_GE8xxx, [000001CA94A1B600][000001CA90174A80 49] Android_PowerVR_GM9xxx, [000001CA94A2FF00][000001CA90178C00 49] Android_PowerVR_GM9xxx_Vulkan, [000001CA94A18D00][000001CA9017CD80 49] Android_TegraK1, [000001CA94A2EA00][000001CA90180F00 49] Android_Unknown_Vulkan, [000001CA94A19700][000001CA90185080 49] Lumin, [000001CA94A2F400][000001CA90189200 49] Lumin_Desktop, [000001CA94A18400][000001CA9018D380 49] HoloLens, 
[2022.04.19-15.47.37:431][  0]LogMeshReduction: Using QuadricMeshReduction for automatic static mesh reduction
[2022.04.19-15.47.37:431][  0]LogMeshReduction: Using SimplygonMeshReduction for automatic skeletal mesh reduction
[2022.04.19-15.47.37:431][  0]LogMeshReduction: Using ProxyLODMeshReduction for automatic mesh merging
[2022.04.19-15.47.37:431][  0]LogMeshReduction: No distributed automatic mesh merging module available
[2022.04.19-15.47.37:431][  0]LogMeshMerging: No distributed automatic mesh merging module available
[2022.04.19-15.47.37:553][  0]LogNetVersion: HoVR 1.0.0, NetCL: 17155196, EngineNetVer: 17, GameNetVer: 0 (Checksum: 269602150)
[2022.04.19-15.47.37:779][  0]LogTexture: Default maximum texture size for cubemaps generated from long-lat sources has been changed from 512 to unlimited. In order to preserve old behaiour for '/Engine/MapTemplates/Sky/DaylightAmbientCubemap.DaylightAmbientCubemap', its maximum texture size has been explicitly set to 512.
[2022.04.19-15.47.37:833][  0]LogHMD: PokeAHoleMaterial loaded successfully
[2022.04.19-15.47.37:929][  0]LogMoviePlayer: Initializing movie player
[2022.04.19-15.47.38:021][  0]LogNiagaraDebuggerClient: Niagara Debugger Client Initialized | Session: 1BC8CC7948CDFA959FB105BBCAB6FF25 | Instance: DF3FF021423F5D43DD2997B579244E33 (DESKTOP-KUB2QSJ-1184).
[2022.04.19-15.47.38:040][  0]LogCollectionManager: Loaded 0 collections in 0.002183 seconds
[2022.04.19-15.47.38:042][  0]LogFileCache: Scanning file cache for directory 'D:/HoVR-3.0/HovR2/HoVR/Saved/Collections/' took 0.00s
[2022.04.19-15.47.38:042][  0]LogFileCache: Scanning file cache for directory 'D:/HoVR-3.0/HovR2/HoVR/Content/Developers/Tank/Collections/' took 0.00s
[2022.04.19-15.47.38:042][  0]LogFileCache: Scanning file cache for directory 'D:/HoVR-3.0/HovR2/HoVR/Content/Collections/' took 0.00s
[2022.04.19-15.47.38:042][  0]LogCollectionManager: Fixed up redirectors for 0 collections in 0.000002 seconds (updated 0 objects)
[2022.04.19-15.47.38:071][  0]LogPython: Using Python 3.7.7
[2022.04.19-15.47.38:497][  0]LogTcpMessaging: Initializing TcpMessaging bridge
[2022.04.19-15.47.38:501][  0]LogUdpMessaging: Initializing bridge on interface 0.0.0.0:0 to multicast group 230.0.0.1:6666.
[2022.04.19-15.47.38:665][  0]SourceControl: Source control is disabled
[2022.04.19-15.47.38:666][  0]SourceControl: Source control is disabled
[2022.04.19-15.47.38:668][  0]SourceControl: Source control is disabled
[2022.04.19-15.47.38:672][  0]LogUProjectInfo: Found projects:
[2022.04.19-15.47.38:746][  0]LogOpenImageDenoise: OIDN starting up
[2022.04.19-15.47.38:780][  0]LogAndroidPermission: UAndroidPermissionCallbackProxy::GetInstance
[2022.04.19-15.47.38:798][  0]LogAudioCaptureCore: Display: No Audio Capture implementations found. Audio input will be silent.
[2022.04.19-15.47.38:798][  0]LogAudioCaptureCore: Display: No Audio Capture implementations found. Audio input will be silent.
[2022.04.19-15.47.38:868][  0]LogOcInput: OculusInput pre-init called
[2022.04.19-15.47.38:878][  0]LogUObjectArray: 22132 objects as part of root set at end of initial load.
[2022.04.19-15.47.38:878][  0]LogUObjectAllocator: 5978592 out of 0 bytes used by permanent object pool.
[2022.04.19-15.47.38:878][  0]LogUObjectArray: CloseDisregardForGC: 0/0 objects in disregard for GC pool
[2022.04.19-15.47.38:920][  0]LogClass: Display: IntProperty FRegisteredDeviceInfo::Handle is not initialized properly. Module:RawInput File:Public/RawInputFunctionLibrary.h
[2022.04.19-15.47.38:920][  0]LogClass: Display: IntProperty FRegisteredDeviceInfo::VendorID is not initialized properly. Module:RawInput File:Public/RawInputFunctionLibrary.h
[2022.04.19-15.47.38:920][  0]LogClass: Display: IntProperty FRegisteredDeviceInfo::ProductID is not initialized properly. Module:RawInput File:Public/RawInputFunctionLibrary.h
[2022.04.19-15.47.38:920][  0]LogClass: Display: 3 Uninitialized script struct members found including 0 object properties
[2022.04.19-15.47.38:921][  0]LogEngine: Initializing Engine...
[2022.04.19-15.47.38:975][  0]LogHMD: Failed to initialize OpenVR with code 117
[2022.04.19-15.47.39:625][  0]LogHMD: Optional extension XR_VARJO_quad_views is not available
[2022.04.19-15.47.39:625][  0]LogHMD: Warning: Required extension XR_EXT_hand_tracking is not available
[2022.04.19-15.47.39:625][  0]LogHMD: Could not enable all required OpenXR extensions for OpenXRHandTracking on current system. This plugin will be loaded but ignored, but will be enabled on a target platform that supports the required extension.
[2022.04.19-15.47.39:626][  0]LogHMD: Warning: Required extension XR_EXT_eye_gaze_interaction is not available
[2022.04.19-15.47.39:626][  0]LogHMD: Could not enable all required OpenXR extensions for OpenXREyeTracker on current system. This plugin will be loaded but ignored, but will be enabled on a target platform that supports the required extension.
[2022.04.19-15.47.39:729][  0]LogHMD: Failed to create an OpenXR instance, result is XR_ERROR_RUNTIME_UNAVAILABLE. Please check if you have an OpenXR runtime installed. The following extensions were enabled:
[2022.04.19-15.47.39:729][  0]LogHMD: - XR_KHR_D3D11_enable
[2022.04.19-15.47.39:730][  0]LogHMD: - XR_KHR_D3D12_enable
[2022.04.19-15.47.39:730][  0]LogHMD: - XR_KHR_opengl_enable
[2022.04.19-15.47.39:730][  0]LogHMD: - XR_KHR_vulkan_enable
[2022.04.19-15.47.39:730][  0]LogHMD: - XR_KHR_composition_layer_depth
[2022.04.19-15.47.39:730][  0]LogHMD: - XR_KHR_visibility_mask
[2022.04.19-15.47.39:730][  0]LogMagicLeap: Warning: VR disabled because ZI is not enabled.  To enable, in the editor, Edit -> Project Settings -> Plugins -> Magic Leap Plugin -> Enable Zero Iteration
[2022.04.19-15.47.39:731][  0]LogStats: UGameplayTagsManager::InitializeManager -  0.000 s
[2022.04.19-15.47.39:825][  0]LogInit: Initializing FReadOnlyCVARCache
[2022.04.19-15.47.39:825][  0]LogAudio: Display: Initializing Audio Device Manager...
[2022.04.19-15.47.39:829][  0]LogAudio: Display: Loading Default Audio Settings Objects...
[2022.04.19-15.47.39:829][  0]LogAudio: Display: No default SoundConcurrencyObject specified (or failed to load).
[2022.04.19-15.47.39:829][  0]LogAudio: Display: Audio Device Manager Initialized
[2022.04.19-15.47.39:829][  0]LogAudio: Display: Creating Audio Device:                 Id: 1, Scope: Shared, Realtime: True
[2022.04.19-15.47.39:830][  0]LogAudioMixer: Display: Audio Mixer Platform Settings:
[2022.04.19-15.47.39:830][  0]LogAudioMixer: Display: 	Sample Rate:						  48000
[2022.04.19-15.47.39:830][  0]LogAudioMixer: Display: 	Callback Buffer Frame Size Requested: 1024
[2022.04.19-15.47.39:830][  0]LogAudioMixer: Display: 	Callback Buffer Frame Size To Use:	  1024
[2022.04.19-15.47.39:830][  0]LogAudioMixer: Display: 	Number of buffers to queue:			  2
[2022.04.19-15.47.39:830][  0]LogAudioMixer: Display: 	Max Channels (voices):				  32
[2022.04.19-15.47.39:830][  0]LogAudioMixer: Display: 	Number of Async Source Workers:		  0
[2022.04.19-15.47.39:830][  0]LogAudio: Display: AudioDevice MaxSources: 32
[2022.04.19-15.47.39:830][  0]LogAudio: Display: Audio Spatialization Plugin: None (built-in).
[2022.04.19-15.47.39:830][  0]LogAudio: Display: Audio Reverb Plugin: None (built-in).
[2022.04.19-15.47.39:830][  0]LogAudio: Display: Audio Occlusion Plugin: None (built-in).
[2022.04.19-15.47.39:830][  0]LogAudioMixer: Display: Initializing audio mixer.
[2022.04.19-15.47.39:850][  0]LogAudioMixer: Display: 0: FrontLeft
[2022.04.19-15.47.39:850][  0]LogAudioMixer: Display: 1: FrontRight
[2022.04.19-15.47.39:877][  0]LogAudioMixer: Display: Using Audio Device Speakers (Realtek High Definition Audio)
[2022.04.19-15.47.39:882][  0]LogAudioMixer: Display: Initializing Sound Submixes...
[2022.04.19-15.47.39:884][  0]LogAudioMixer: Display: Creating Master Submix 'MasterSubmixDefault'
[2022.04.19-15.47.39:884][  0]LogAudioMixer: Display: Creating Master Submix 'MasterReverbSubmixDefault'
[2022.04.19-15.47.39:885][  0]LogAudioMixer: Display: Creating Master Submix 'MasterEQSubmixDefault'
[2022.04.19-15.47.39:885][  0]LogAudioMixer: FMixerPlatformXAudio2::StartAudioStream() called
[2022.04.19-15.47.39:885][  0]LogAudioMixer: Display: Output buffers initialized: Frames=1024, Channels=2, Samples=2048
[2022.04.19-15.47.39:886][  0]LogAudioMixer: Display: Starting AudioMixerPlatformInterface::RunInternal()
[2022.04.19-15.47.39:886][  0]LogAudioMixer: Display: FMixerPlatformXAudio2::SubmitBuffer() called for the first time
[2022.04.19-15.47.39:886][  0]LogInit: FAudioDevice initialized.
[2022.04.19-15.47.39:887][  0]LogNetVersion: Set ProjectVersion to 1.0.0.0. Version Checksum will be recalculated on next use.
[2022.04.19-15.47.39:888][  0]LogInit: Texture streaming: Enabled
[2022.04.19-15.47.39:946][  0]LogAudio: Display: Audio Device (ID: 1) registered with world 'Untitled'.
[2022.04.19-15.47.39:946][  0]LogSlate: Updating window title bar state: overlay mode, drag disabled, window buttons hidden, title bar hidden
[2022.04.19-15.47.39:947][  0]LogInit: Display: Game Engine Initialized.
[2022.04.19-15.47.39:947][  0]LogNiagaraEditor: GEditor isn't valid! Particle reset commands will not work for Niagara components!
[2022.04.19-15.47.40:060][  0]LogInit: Display: Starting Game.
[2022.04.19-15.47.40:061][  0]LogNet: Browse: /Game/Map/Minimal_Default?Name=Player
[2022.04.19-15.47.40:061][  0]LogLoad: LoadMap: /Game/Map/Minimal_Default?Name=Player
[2022.04.19-15.47.40:061][  0]LogWorld: BeginTearingDown for /Temp/Untitled_0
[2022.04.19-15.47.40:062][  0]LogWorld: UWorld::CleanupWorld for Untitled, bSessionEnded=true, bCleanupResources=true
[2022.04.19-15.47.40:062][  0]LogSlate: InvalidateAllWidgets triggered.  All widgets were invalidated
[2022.04.19-15.47.40:066][  0]LogAudio: Display: Audio Device unregistered from world 'None'.
[2022.04.19-15.47.40:068][  0]LogUObjectHash: Compacting FUObjectHashTables data took   0.76ms
[2022.04.19-15.47.40:980][  0]LogTexture: Display: Building textures: Texture2D_0 (BGRA8, 512X512)
[2022.04.19-15.47.40:988][  0]LogTexture: Display: Building textures: Texture2D_4 (BGRA8, 512X512)
[2022.04.19-15.47.40:994][  0]LogTexture: Display: Building textures: Texture2D_17 (BGRA8, 512X512)
[2022.04.19-15.47.41:002][  0]LogTexture: Display: Building textures: Texture2D_243 (BGRA8, 512X512)
[2022.04.19-15.47.41:010][  0]LogTexture: Display: Building textures: Texture2D_244 (BGRA8, 512X512)
[2022.04.19-15.47.41:017][  0]LogTexture: Display: Building textures: Texture2D_245 (BGRA8, 512X512)
[2022.04.19-15.47.41:025][  0]LogTexture: Display: Building textures: Texture2D_246 (BGRA8, 512X512)
[2022.04.19-15.47.41:033][  0]LogTexture: Display: Building textures: Texture2D_247 (BGRA8, 512X512)
[2022.04.19-15.47.41:042][  0]LogTexture: Display: Building textures: Texture2D_248 (BGRA8, 512X512)
[2022.04.19-15.47.41:050][  0]LogTexture: Display: Building textures: Texture2D_249 (BGRA8, 512X512)
[2022.04.19-15.47.41:066][  0]LogTexture: Display: Building textures: Texture2D_250 (BGRA8, 512X512)
[2022.04.19-15.47.41:078][  0]LogTexture: Display: Building textures: Texture2D_251 (BGRA8, 512X512)
[2022.04.19-15.47.41:088][  0]LogTexture: Display: Building textures: Texture2D_252 (BGRA8, 512X512)
[2022.04.19-15.47.41:103][  0]LogTexture: Display: Building textures: Texture2D_18 (BGRA8, 512X512)
[2022.04.19-15.47.41:112][  0]LogTexture: Display: Building textures: Texture2D_253 (BGRA8, 512X512)
[2022.04.19-15.47.41:121][  0]LogTexture: Display: Building textures: Texture2D_254 (BGRA8, 512X512)
[2022.04.19-15.47.41:133][  0]LogTexture: Display: Building textures: Texture2D_255 (BGRA8, 512X512)
[2022.04.19-15.47.41:141][  0]LogTexture: Display: Building textures: Texture2D_19 (BGRA8, 512X512)
[2022.04.19-15.47.41:148][  0]LogTexture: Display: Building textures: Texture2D_20 (BGRA8, 512X512)
[2022.04.19-15.47.41:156][  0]LogTexture: Display: Building textures: Texture2D_21 (BGRA8, 512X512)
[2022.04.19-15.47.41:162][  0]LogTexture: Display: Building textures: Texture2D_22 (BGRA8, 512X512)
[2022.04.19-15.47.41:180][  0]LogTexture: Display: Building textures: Texture2D_23 (BGRA8, 512X512)
[2022.04.19-15.47.41:188][  0]LogTexture: Display: Building textures: Texture2D_24 (BGRA8, 512X512)
[2022.04.19-15.47.41:198][  0]LogTexture: Display: Building textures: Texture2D_25 (BGRA8, 512X512)
[2022.04.19-15.47.41:206][  0]LogTexture: Display: Building textures: Texture2D_26 (BGRA8, 512X512)
[2022.04.19-15.47.41:215][  0]LogTexture: Display: Building textures: Texture2D_5 (BGRA8, 512X512)
[2022.04.19-15.47.41:224][  0]LogTexture: Display: Building textures: Texture2D_27 (BGRA8, 512X512)
[2022.04.19-15.47.41:231][  0]LogTexture: Display: Building textures: Texture2D_28 (BGRA8, 512X512)
[2022.04.19-15.47.41:237][  0]LogTexture: Display: Building textures: Texture2D_29 (BGRA8, 512X512)
[2022.04.19-15.47.41:245][  0]LogTexture: Display: Building textures: Texture2D_30 (BGRA8, 512X512)
[2022.04.19-15.47.41:255][  0]LogTexture: Display: Building textures: Texture2D_31 (BGRA8, 512X512)
[2022.04.19-15.47.41:264][  0]LogTexture: Display: Building textures: Texture2D_32 (BGRA8, 512X512)
[2022.04.19-15.47.41:269][  0]LogTexture: Display: Building textures: Texture2D_33 (BGRA8, 512X512)
[2022.04.19-15.47.41:279][  0]LogTexture: Display: Building textures: Texture2D_34 (BGRA8, 512X512)
[2022.04.19-15.47.41:284][  0]LogTexture: Display: Building textures: Texture2D_35 (BGRA8, 512X512)
[2022.04.19-15.47.41:290][  0]LogTexture: Display: Building textures: Texture2D_36 (BGRA8, 512X512)
[2022.04.19-15.47.41:299][  0]LogTexture: Display: Building textures: Texture2D_6 (BGRA8, 512X512)
[2022.04.19-15.47.41:306][  0]LogTexture: Display: Building textures: Texture2D_37 (BGRA8, 512X512)
[2022.04.19-15.47.41:313][  0]LogTexture: Display: Building textures: Texture2D_38 (BGRA8, 512X512)
[2022.04.19-15.47.41:319][  0]LogTexture: Display: Building textures: Texture2D_39 (BGRA8, 512X512)
[2022.04.19-15.47.41:326][  0]LogTexture: Display: Building textures: Texture2D_40 (BGRA8, 512X512)
[2022.04.19-15.47.41:332][  0]LogTexture: Display: Building textures: Texture2D_41 (BGRA8, 512X512)
[2022.04.19-15.47.41:338][  0]LogTexture: Display: Building textures: Texture2D_42 (BGRA8, 512X512)
[2022.04.19-15.47.41:346][  0]LogTexture: Display: Building textures: Texture2D_43 (BGRA8, 512X512)
[2022.04.19-15.47.41:352][  0]LogTexture: Display: Building textures: Texture2D_44 (BGRA8, 512X512)
[2022.04.19-15.47.41:361][  0]LogTexture: Display: Building textures: Texture2D_45 (BGRA8, 512X512)
[2022.04.19-15.47.41:368][  0]LogTexture: Display: Building textures: Texture2D_46 (BGRA8, 512X512)
[2022.04.19-15.47.41:377][  0]LogTexture: Display: Building textures: Texture2D_7 (BGRA8, 512X512)
[2022.04.19-15.47.41:387][  0]LogTexture: Display: Building textures: Texture2D_47 (BGRA8, 512X512)
[2022.04.19-15.47.41:400][  0]LogTexture: Display: Building textures: Texture2D_8 (BGRA8, 512X512)
[2022.04.19-15.47.41:412][  0]LogTexture: Display: Building textures: Texture2D_48 (BGRA8, 512X512)
[2022.04.19-15.47.41:421][  0]LogTexture: Display: Building textures: Texture2D_49 (BGRA8, 512X512)
[2022.04.19-15.47.41:431][  0]LogTexture: Display: Building textures: Texture2D_50 (BGRA8, 512X512)
[2022.04.19-15.47.41:442][  0]LogTexture: Display: Building textures: Texture2D_9 (BGRA8, 512X512)
[2022.04.19-15.47.41:450][  0]LogTexture: Display: Building textures: Texture2D_51 (BGRA8, 512X512)
[2022.04.19-15.47.41:463][  0]LogTexture: Display: Building textures: Texture2D_52 (BGRA8, 512X512)
[2022.04.19-15.47.41:476][  0]LogTexture: Display: Building textures: Texture2D_53 (BGRA8, 512X512)
[2022.04.19-15.47.41:485][  0]LogTexture: Display: Building textures: Texture2D_54 (BGRA8, 512X512)
[2022.04.19-15.47.41:491][  0]LogTexture: Display: Building textures: Texture2D_55 (BGRA8, 512X512)
[2022.04.19-15.47.41:500][  0]LogTexture: Display: Building textures: Texture2D_56 (BGRA8, 512X512)
[2022.04.19-15.47.41:512][  0]LogTexture: Display: Building textures: Texture2D_57 (BGRA8, 512X512)
[2022.04.19-15.47.41:518][  0]LogTexture: Display: Building textures: Texture2D_58 (BGRA8, 512X512)
[2022.04.19-15.47.41:524][  0]LogTexture: Display: Building textures: Texture2D_59 (BGRA8, 512X512)
[2022.04.19-15.47.41:532][  0]LogTexture: Display: Building textures: Texture2D_60 (BGRA8, 512X512)
[2022.04.19-15.47.41:542][  0]LogTexture: Display: Building textures: Texture2D_10 (BGRA8, 512X512)
[2022.04.19-15.47.41:548][  0]LogTexture: Display: Building textures: Texture2D_61 (BGRA8, 512X512)
[2022.04.19-15.47.41:556][  0]LogTexture: Display: Building textures: Texture2D_62 (BGRA8, 512X512)
[2022.04.19-15.47.41:568][  0]LogTexture: Display: Building textures: Texture2D_63 (BGRA8, 512X512)
[2022.04.19-15.47.41:578][  0]LogTexture: Display: Building textures: Texture2D_11 (BGRA8, 512X512)
[2022.04.19-15.47.41:586][  0]LogTexture: Display: Building textures: Texture2D_64 (BGRA8, 512X512)
[2022.04.19-15.47.41:597][  0]LogTexture: Display: Building textures: Texture2D_12 (BGRA8, 512X512)
[2022.04.19-15.47.41:603][  0]LogTexture: Display: Building textures: Texture2D_65 (BGRA8, 512X512)
[2022.04.19-15.47.41:611][  0]LogTexture: Display: Building textures: Texture2D_66 (BGRA8, 512X512)
[2022.04.19-15.47.41:618][  0]LogTexture: Display: Building textures: Texture2D_67 (BGRA8, 512X512)
[2022.04.19-15.47.41:624][  0]LogTexture: Display: Building textures: Texture2D_68 (BGRA8, 512X512)
[2022.04.19-15.47.41:635][  0]LogTexture: Display: Building textures: Texture2D_69 (BGRA8, 512X512)
[2022.04.19-15.47.41:656][  0]LogTexture: Display: Building textures: Texture2D_70 (BGRA8, 512X512)
[2022.04.19-15.47.41:671][  0]LogTexture: Display: Building textures: Texture2D_71 (BGRA8, 512X512)
[2022.04.19-15.47.41:682][  0]LogTexture: Display: Building textures: Texture2D_72 (BGRA8, 512X512)
[2022.04.19-15.47.41:691][  0]LogTexture: Display: Building textures: Texture2D_73 (BGRA8, 512X512)
[2022.04.19-15.47.41:702][  0]LogTexture: Display: Building textures: Texture2D_74 (BGRA8, 512X512)
[2022.04.19-15.47.41:712][  0]LogTexture: Display: Building textures: Texture2D_13 (BGRA8, 512X512)
[2022.04.19-15.47.41:720][  0]LogTexture: Display: Building textures: Texture2D_75 (BGRA8, 512X512)
[2022.04.19-15.47.41:731][  0]LogTexture: Display: Building textures: Texture2D_76 (BGRA8, 512X512)
[2022.04.19-15.47.41:739][  0]LogTexture: Display: Building textures: Texture2D_77 (BGRA8, 512X512)
[2022.04.19-15.47.41:748][  0]LogTexture: Display: Building textures: Texture2D_78 (BGRA8, 512X512)
[2022.04.19-15.47.41:757][  0]LogTexture: Display: Building textures: Texture2D_79 (BGRA8, 512X512)
[2022.04.19-15.47.41:767][  0]LogTexture: Display: Building textures: Texture2D_14 (BGRA8, 512X512)
[2022.04.19-15.47.41:778][  0]LogTexture: Display: Building textures: Texture2D_15 (BGRA8, 512X512)
[2022.04.19-15.47.41:789][  0]LogTexture: Display: Building textures: Texture2D_80 (BGRA8, 512X512)
[2022.04.19-15.47.41:796][  0]LogTexture: Display: Building textures: Texture2D_81 (BGRA8, 512X512)
[2022.04.19-15.47.41:803][  0]LogTexture: Display: Building textures: Texture2D_82 (BGRA8, 512X512)
[2022.04.19-15.47.41:810][  0]LogTexture: Display: Building textures: Texture2D_83 (BGRA8, 512X512)
[2022.04.19-15.47.41:817][  0]LogTexture: Display: Building textures: Texture2D_84 (BGRA8, 512X512)
[2022.04.19-15.47.41:824][  0]LogTexture: Display: Building textures: Texture2D_85 (BGRA8, 512X512)
[2022.04.19-15.47.41:835][  0]LogTexture: Display: Building textures: Texture2D_86 (BGRA8, 512X512)
[2022.04.19-15.47.41:847][  0]LogTexture: Display: Building textures: Texture2D_87 (BGRA8, 512X512)
[2022.04.19-15.47.41:857][  0]LogTexture: Display: Building textures: Texture2D_88 (BGRA8, 512X512)
[2022.04.19-15.47.41:866][  0]LogTexture: Display: Building textures: Texture2D_89 (BGRA8, 512X512)
[2022.04.19-15.47.41:874][  0]LogTexture: Display: Building textures: Texture2D_90 (BGRA8, 512X512)
[2022.04.19-15.47.41:881][  0]LogTexture: Display: Building textures: Texture2D_91 (BGRA8, 512X512)
[2022.04.19-15.47.41:887][  0]LogTexture: Display: Building textures: Texture2D_92 (BGRA8, 512X512)
[2022.04.19-15.47.41:897][  0]LogTexture: Display: Building textures: Texture2D_93 (BGRA8, 512X512)
[2022.04.19-15.47.41:902][  0]LogTexture: Display: Building textures: Texture2D_94 (BGRA8, 512X512)
[2022.04.19-15.47.41:912][  0]LogTexture: Display: Building textures: Texture2D_95 (BGRA8, 512X512)
[2022.04.19-15.47.41:924][  0]LogTexture: Display: Building textures: Texture2D_1 (BGRA8, 512X512)
[2022.04.19-15.47.41:934][  0]LogTexture: Display: Building textures: Texture2D_2 (BGRA8, 512X512)
[2022.04.19-15.47.41:947][  0]LogTexture: Display: Building textures: Texture2D_96 (BGRA8, 512X512)
[2022.04.19-15.47.41:959][  0]LogTexture: Display: Building textures: Texture2D_97 (BGRA8, 512X512)
[2022.04.19-15.47.41:967][  0]LogTexture: Display: Building textures: Texture2D_98 (BGRA8, 512X512)
[2022.04.19-15.47.41:973][  0]LogTexture: Display: Building textures: Texture2D_99 (BGRA8, 512X512)
[2022.04.19-15.47.41:987][  0]LogTexture: Display: Building textures: Texture2D_100 (BGRA8, 512X512)
[2022.04.19-15.47.41:994][  0]LogTexture: Display: Building textures: Texture2D_101 (BGRA8, 512X512)
[2022.04.19-15.47.42:000][  0]LogTexture: Display: Building textures: Texture2D_102 (BGRA8, 512X512)
[2022.04.19-15.47.42:010][  0]LogTexture: Display: Building textures: Texture2D_3 (BGRA8, 512X512)
[2022.04.19-15.47.42:017][  0]LogTexture: Display: Building textures: Texture2D_103 (BGRA8, 512X512)
[2022.04.19-15.47.42:023][  0]LogTexture: Display: Building textures: Texture2D_104 (BGRA8, 512X512)
[2022.04.19-15.47.42:035][  0]LogTexture: Display: Building textures: Texture2D_105 (BGRA8, 512X512)
[2022.04.19-15.47.42:042][  0]LogTexture: Display: Building textures: Texture2D_106 (BGRA8, 512X512)
[2022.04.19-15.47.42:049][  0]LogTexture: Display: Building textures: Texture2D_107 (BGRA8, 512X512)
[2022.04.19-15.47.42:055][  0]LogTexture: Display: Building textures: Texture2D_108 (BGRA8, 512X512)
[2022.04.19-15.47.42:064][  0]LogTexture: Display: Building textures: Texture2D_109 (BGRA8, 512X512)
[2022.04.19-15.47.42:076][  0]LogTexture: Display: Building textures: Texture2D_110 (BGRA8, 512X512)
[2022.04.19-15.47.42:085][  0]LogTexture: Display: Building textures: Texture2D_111 (BGRA8, 512X512)
[2022.04.19-15.47.42:095][  0]LogTexture: Display: Building textures: Texture2D_112 (BGRA8, 512X512)
[2022.04.19-15.47.42:101][  0]LogTexture: Display: Building textures: Texture2D_113 (BGRA8, 512X512)
[2022.04.19-15.47.42:108][  0]LogTexture: Display: Building textures: Texture2D_114 (BGRA8, 512X512)
[2022.04.19-15.47.42:114][  0]LogTexture: Display: Building textures: Texture2D_115 (BGRA8, 512X512)
[2022.04.19-15.47.42:121][  0]LogTexture: Display: Building textures: Texture2D_116 (BGRA8, 512X512)
[2022.04.19-15.47.42:130][  0]LogTexture: Display: Building textures: Texture2D_117 (BGRA8, 512X512)
[2022.04.19-15.47.42:138][  0]LogTexture: Display: Building textures: Texture2D_118 (BGRA8, 512X512)
[2022.04.19-15.47.42:150][  0]LogTexture: Display: Building textures: Texture2D_119 (BGRA8, 512X512)
[2022.04.19-15.47.42:156][  0]LogTexture: Display: Building textures: Texture2D_120 (BGRA8, 512X512)
[2022.04.19-15.47.42:163][  0]LogTexture: Display: Building textures: Texture2D_121 (BGRA8, 512X512)
[2022.04.19-15.47.42:169][  0]LogTexture: Display: Building textures: Texture2D_122 (BGRA8, 512X512)
[2022.04.19-15.47.42:179][  0]LogTexture: Display: Building textures: Texture2D_123 (BGRA8, 512X512)
[2022.04.19-15.47.42:186][  0]LogTexture: Display: Building textures: Texture2D_124 (BGRA8, 512X512)
[2022.04.19-15.47.42:192][  0]LogTexture: Display: Building textures: Texture2D_125 (BGRA8, 512X512)
[2022.04.19-15.47.42:200][  0]LogTexture: Display: Building textures: Texture2D_126 (BGRA8, 512X512)
[2022.04.19-15.47.42:212][  0]LogTexture: Display: Building textures: Texture2D_127 (BGRA8, 512X512)
[2022.04.19-15.47.42:224][  0]LogTexture: Display: Building textures: Texture2D_128 (BGRA8, 512X512)
[2022.04.19-15.47.42:232][  0]LogTexture: Display: Building textures: Texture2D_129 (BGRA8, 512X512)
[2022.04.19-15.47.42:238][  0]LogTexture: Display: Building textures: Texture2D_130 (BGRA8, 512X512)
[2022.04.19-15.47.42:245][  0]LogTexture: Display: Building textures: Texture2D_131 (BGRA8, 512X512)
[2022.04.19-15.47.42:255][  0]LogTexture: Display: Building textures: Texture2D_132 (BGRA8, 512X512)
[2022.04.19-15.47.42:265][  0]LogTexture: Display: Building textures: Texture2D_133 (BGRA8, 512X512)
[2022.04.19-15.47.42:271][  0]LogTexture: Display: Building textures: Texture2D_134 (BGRA8, 512X512)
[2022.04.19-15.47.42:279][  0]LogTexture: Display: Building textures: Texture2D_135 (BGRA8, 512X512)
[2022.04.19-15.47.42:288][  0]LogTexture: Display: Building textures: Texture2D_136 (BGRA8, 512X512)
[2022.04.19-15.47.42:296][  0]LogTexture: Display: Building textures: Texture2D_137 (BGRA8, 512X512)
[2022.04.19-15.47.42:302][  0]LogTexture: Display: Building textures: Texture2D_138 (BGRA8, 512X512)
[2022.04.19-15.47.42:314][  0]LogTexture: Display: Building textures: Texture2D_139 (BGRA8, 512X512)
[2022.04.19-15.47.42:321][  0]LogTexture: Display: Building textures: Texture2D_140 (BGRA8, 512X512)
[2022.04.19-15.47.42:334][  0]LogTexture: Display: Building textures: Texture2D_141 (BGRA8, 512X512)
[2022.04.19-15.47.42:346][  0]LogTexture: Display: Building textures: Texture2D_142 (BGRA8, 512X512)
[2022.04.19-15.47.42:354][  0]LogTexture: Display: Building textures: Texture2D_143 (BGRA8, 512X512)
[2022.04.19-15.47.42:363][  0]LogTexture: Display: Building textures: Texture2D_144 (BGRA8, 512X512)
[2022.04.19-15.47.42:371][  0]LogTexture: Display: Building textures: Texture2D_145 (BGRA8, 512X512)
[2022.04.19-15.47.42:379][  0]LogTexture: Display: Building textures: Texture2D_146 (BGRA8, 512X512)
[2022.04.19-15.47.42:386][  0]LogTexture: Display: Building textures: Texture2D_147 (BGRA8, 512X512)
[2022.04.19-15.47.42:393][  0]LogTexture: Display: Building textures: Texture2D_148 (BGRA8, 512X512)
[2022.04.19-15.47.42:400][  0]LogTexture: Display: Building textures: Texture2D_149 (BGRA8, 512X512)
[2022.04.19-15.47.42:411][  0]LogTexture: Display: Building textures: Texture2D_150 (BGRA8, 512X512)
[2022.04.19-15.47.42:418][  0]LogTexture: Display: Building textures: Texture2D_151 (BGRA8, 512X512)
[2022.04.19-15.47.42:427][  0]LogTexture: Display: Building textures: Texture2D_152 (BGRA8, 512X512)
[2022.04.19-15.47.42:433][  0]LogTexture: Display: Building textures: Texture2D_153 (BGRA8, 512X512)
[2022.04.19-15.47.42:442][  0]LogTexture: Display: Building textures: Texture2D_154 (BGRA8, 512X512)
[2022.04.19-15.47.42:448][  0]LogTexture: Display: Building textures: Texture2D_155 (BGRA8, 512X512)
[2022.04.19-15.47.42:456][  0]LogTexture: Display: Building textures: Texture2D_156 (BGRA8, 512X512)
[2022.04.19-15.47.42:462][  0]LogTexture: Display: Building textures: Texture2D_157 (BGRA8, 512X512)
[2022.04.19-15.47.42:468][  0]LogTexture: Display: Building textures: Texture2D_158 (BGRA8, 512X512)
[2022.04.19-15.47.42:477][  0]LogTexture: Display: Building textures: Texture2D_159 (BGRA8, 512X512)
[2022.04.19-15.47.42:484][  0]LogTexture: Display: Building textures: Texture2D_160 (BGRA8, 512X512)
[2022.04.19-15.47.42:490][  0]LogTexture: Display: Building textures: Texture2D_161 (BGRA8, 512X512)
[2022.04.19-15.47.42:503][  0]LogTexture: Display: Building textures: Texture2D_162 (BGRA8, 512X512)
[2022.04.19-15.47.42:513][  0]LogTexture: Display: Building textures: Texture2D_163 (BGRA8, 512X512)
[2022.04.19-15.47.42:524][  0]LogTexture: Display: Building textures: Texture2D_164 (BGRA8, 512X512)
[2022.04.19-15.47.42:531][  0]LogTexture: Display: Building textures: Texture2D_165 (BGRA8, 512X512)
[2022.04.19-15.47.42:539][  0]LogTexture: Display: Building textures: Texture2D_166 (BGRA8, 512X512)
[2022.04.19-15.47.42:549][  0]LogTexture: Display: Building textures: Texture2D_167 (BGRA8, 512X512)
[2022.04.19-15.47.42:556][  0]LogTexture: Display: Building textures: Texture2D_168 (BGRA8, 512X512)
[2022.04.19-15.47.42:565][  0]LogTexture: Display: Building textures: Texture2D_16 (BGRA8, 512X512)
[2022.04.19-15.47.42:571][  0]LogTexture: Display: Building textures: Texture2D_169 (BGRA8, 512X512)
[2022.04.19-15.47.42:576][  0]LogTexture: Display: Building textures: Texture2D_170 (BGRA8, 512X512)
[2022.04.19-15.47.42:582][  0]LogTexture: Display: Building textures: Texture2D_171 (BGRA8, 512X512)
[2022.04.19-15.47.42:589][  0]LogTexture: Display: Building textures: Texture2D_172 (BGRA8, 512X512)
[2022.04.19-15.47.42:596][  0]LogTexture: Display: Building textures: Texture2D_173 (BGRA8, 512X512)
[2022.04.19-15.47.42:604][  0]LogTexture: Display: Building textures: Texture2D_174 (BGRA8, 512X512)
[2022.04.19-15.47.42:613][  0]LogTexture: Display: Building textures: Texture2D_175 (BGRA8, 512X512)
[2022.04.19-15.47.42:620][  0]LogTexture: Display: Building textures: Texture2D_176 (BGRA8, 512X512)
[2022.04.19-15.47.42:627][  0]LogTexture: Display: Building textures: Texture2D_177 (BGRA8, 512X512)
[2022.04.19-15.47.42:636][  0]LogTexture: Display: Building textures: Texture2D_178 (BGRA8, 512X512)
[2022.04.19-15.47.42:642][  0]LogTexture: Display: Building textures: Texture2D_179 (BGRA8, 512X512)
[2022.04.19-15.47.42:650][  0]LogTexture: Display: Building textures: Texture2D_180 (BGRA8, 512X512)
[2022.04.19-15.47.42:658][  0]LogTexture: Display: Building textures: Texture2D_181 (BGRA8, 512X512)
[2022.04.19-15.47.42:664][  0]LogTexture: Display: Building textures: Texture2D_182 (BGRA8, 512X512)
[2022.04.19-15.47.42:672][  0]LogTexture: Display: Building textures: Texture2D_183 (BGRA8, 512X512)
[2022.04.19-15.47.42:682][  0]LogTexture: Display: Building textures: Texture2D_184 (BGRA8, 512X512)
[2022.04.19-15.47.42:688][  0]LogTexture: Display: Building textures: Texture2D_185 (BGRA8, 512X512)
[2022.04.19-15.47.42:694][  0]LogTexture: Display: Building textures: Texture2D_186 (BGRA8, 512X512)
[2022.04.19-15.47.42:702][  0]LogTexture: Display: Building textures: Texture2D_187 (BGRA8, 512X512)
[2022.04.19-15.47.42:708][  0]LogTexture: Display: Building textures: Texture2D_188 (BGRA8, 512X512)
[2022.04.19-15.47.42:719][  0]LogTexture: Display: Building textures: Texture2D_189 (BGRA8, 512X512)
[2022.04.19-15.47.42:727][  0]LogTexture: Display: Building textures: Texture2D_190 (BGRA8, 512X512)
[2022.04.19-15.47.42:735][  0]LogTexture: Display: Building textures: Texture2D_191 (BGRA8, 512X512)
[2022.04.19-15.47.42:746][  0]LogTexture: Display: Building textures: Texture2D_192 (BGRA8, 512X512)
[2022.04.19-15.47.42:755][  0]LogTexture: Display: Building textures: Texture2D_193 (BGRA8, 512X512)
[2022.04.19-15.47.42:768][  0]LogTexture: Display: Building textures: Texture2D_194 (BGRA8, 512X512)
[2022.04.19-15.47.42:780][  0]LogTexture: Display: Building textures: Texture2D_195 (BGRA8, 512X512)
[2022.04.19-15.47.42:787][  0]LogTexture: Display: Building textures: Texture2D_196 (BGRA8, 512X512)
[2022.04.19-15.47.42:797][  0]LogTexture: Display: Building textures: Texture2D_197 (BGRA8, 512X512)
[2022.04.19-15.47.42:804][  0]LogTexture: Display: Building textures: Texture2D_198 (BGRA8, 512X512)
[2022.04.19-15.47.42:814][  0]LogTexture: Display: Building textures: Texture2D_199 (BGRA8, 512X512)
[2022.04.19-15.47.42:821][  0]LogTexture: Display: Building textures: Texture2D_200 (BGRA8, 512X512)
[2022.04.19-15.47.42:828][  0]LogTexture: Display: Building textures: Texture2D_201 (BGRA8, 512X512)
[2022.04.19-15.47.42:836][  0]LogTexture: Display: Building textures: Texture2D_202 (BGRA8, 512X512)
[2022.04.19-15.47.42:842][  0]LogTexture: Display: Building textures: Texture2D_203 (BGRA8, 512X512)
[2022.04.19-15.47.42:850][  0]LogTexture: Display: Building textures: Texture2D_204 (BGRA8, 512X512)
[2022.04.19-15.47.42:858][  0]LogTexture: Display: Building textures: Texture2D_205 (BGRA8, 512X512)
[2022.04.19-15.47.42:864][  0]LogTexture: Display: Building textures: Texture2D_206 (BGRA8, 512X512)
[2022.04.19-15.47.42:875][  0]LogTexture: Display: Building textures: Texture2D_207 (BGRA8, 512X512)
[2022.04.19-15.47.42:888][  0]LogTexture: Display: Building textures: Texture2D_208 (BGRA8, 512X512)
[2022.04.19-15.47.42:904][  0]LogTexture: Display: Building textures: Texture2D_209 (BGRA8, 512X512)
[2022.04.19-15.47.42:917][  0]LogTexture: Display: Building textures: Texture2D_210 (BGRA8, 512X512)
[2022.04.19-15.47.42:928][  0]LogTexture: Display: Building textures: Texture2D_211 (BGRA8, 512X512)
[2022.04.19-15.47.42:937][  0]LogTexture: Display: Building textures: Texture2D_212 (BGRA8, 512X512)
[2022.04.19-15.47.42:944][  0]LogTexture: Display: Building textures: Texture2D_213 (BGRA8, 512X512)
[2022.04.19-15.47.42:951][  0]LogTexture: Display: Building textures: Texture2D_214 (BGRA8, 512X512)
[2022.04.19-15.47.42:958][  0]LogTexture: Display: Building textures: Texture2D_215 (BGRA8, 512X512)
[2022.04.19-15.47.42:964][  0]LogTexture: Display: Building textures: Texture2D_216 (BGRA8, 512X512)
[2022.04.19-15.47.42:970][  0]LogTexture: Display: Building textures: Texture2D_217 (BGRA8, 512X512)
[2022.04.19-15.47.42:979][  0]LogTexture: Display: Building textures: Texture2D_218 (BGRA8, 512X512)
[2022.04.19-15.47.42:988][  0]LogTexture: Display: Building textures: Texture2D_219 (BGRA8, 512X512)
[2022.04.19-15.47.43:006][  0]LogTexture: Display: Building textures: Texture2D_220 (BGRA8, 512X512)
[2022.04.19-15.47.43:014][  0]LogTexture: Display: Building textures: Texture2D_221 (BGRA8, 512X512)
[2022.04.19-15.47.43:028][  0]LogTexture: Display: Building textures: Texture2D_222 (BGRA8, 512X512)
[2022.04.19-15.47.43:039][  0]LogTexture: Display: Building textures: Texture2D_223 (BGRA8, 512X512)
[2022.04.19-15.47.43:048][  0]LogTexture: Display: Building textures: Texture2D_224 (BGRA8, 512X512)
[2022.04.19-15.47.43:056][  0]LogTexture: Display: Building textures: Texture2D_225 (BGRA8, 512X512)
[2022.04.19-15.47.43:071][  0]LogTexture: Display: Building textures: Texture2D_226 (BGRA8, 512X512)
[2022.04.19-15.47.43:087][  0]LogTexture: Display: Building textures: Texture2D_227 (BGRA8, 512X512)
[2022.04.19-15.47.43:096][  0]LogTexture: Display: Building textures: Texture2D_228 (BGRA8, 512X512)
[2022.04.19-15.47.43:103][  0]LogTexture: Display: Building textures: Texture2D_229 (BGRA8, 512X512)
[2022.04.19-15.47.43:111][  0]LogTexture: Display: Building textures: Texture2D_230 (BGRA8, 512X512)
[2022.04.19-15.47.43:119][  0]LogTexture: Display: Building textures: Texture2D_231 (BGRA8, 512X512)
[2022.04.19-15.47.43:127][  0]LogTexture: Display: Building textures: Texture2D_232 (BGRA8, 512X512)
[2022.04.19-15.47.43:133][  0]LogTexture: Display: Building textures: Texture2D_233 (BGRA8, 512X512)
[2022.04.19-15.47.43:139][  0]LogTexture: Display: Building textures: Texture2D_234 (BGRA8, 512X512)
[2022.04.19-15.47.43:146][  0]LogTexture: Display: Building textures: Texture2D_235 (BGRA8, 512X512)
[2022.04.19-15.47.43:155][  0]LogTexture: Display: Building textures: Texture2D_236 (BGRA8, 512X512)
[2022.04.19-15.47.43:168][  0]LogTexture: Display: Building textures: Texture2D_237 (BGRA8, 512X512)
[2022.04.19-15.47.43:176][  0]LogTexture: Display: Building textures: Texture2D_238 (BGRA8, 512X512)
[2022.04.19-15.47.43:186][  0]LogTexture: Display: Building textures: Texture2D_239 (BGRA8, 512X512)
[2022.04.19-15.47.43:196][  0]LogTexture: Display: Building textures: Texture2D_240 (BGRA8, 512X512)
[2022.04.19-15.47.43:206][  0]LogTexture: Display: Building textures: Texture2D_241 (BGRA8, 512X512)
[2022.04.19-15.47.43:220][  0]LogTexture: Display: Building textures: Texture2D_242 (BGRA8, 512X512)
[2022.04.19-15.47.43:328][  0]LogAudio: Display: Audio Device (ID: 1) registered with world 'Minimal_Default'.
[2022.04.19-15.47.43:336][  0]LogAIModule: Creating AISystem for world Minimal_Default
[2022.04.19-15.47.43:537][  0]LogLoad: Game class is 'ThirdPersonGameMode_C'
[2022.04.19-15.47.47:460][  0]LogWorld: Bringing World /Game/Map/Minimal_Default.Minimal_Default up for play (max tick rate 0) at 2022.04.19-16.47.47
[2022.04.19-15.47.47:462][  0]LogWorld: Bringing up level for play took: 3.924594
[2022.04.19-15.47.47:467][  0]LogBlueprintUserMessages: [Minimal_Default_C_0] Translation: X=-376275.000 Y=402295.000 Z=297.000 Rotation: P=0.000000 Y=0.000000 R=0.000000 Scale X=1.000 Y=1.000 Z=1.000
[2022.04.19-15.47.47:468][  0]LogLoad: Took 7.407287 seconds to LoadMap(/Game/Map/Minimal_Default)
[2022.04.19-15.47.47:699][  0]LogSlate: Took 0.000171 seconds to synchronously load lazily loaded font '../../../Engine/Content/Slate/Fonts/Roboto-Regular.ttf' (155K)
[2022.04.19-15.47.47:770][  0]LogRenderer: Reallocating scene render targets to support 1280x720 Format 10 NumSamples 1 (Frame:1).
[2022.04.19-15.47.47:770][  0]LogInit: Display: Engine is initialized. Leaving FEngineLoop::Init()
[2022.04.19-15.47.47:770][  0]LogLoad: (Engine Initialization) Total time: 14.65 seconds
[2022.04.19-15.47.47:770][  0]LogLoad: (Engine Initialization) Total Blueprint compile time: 0.00 seconds
[2022.04.19-15.47.47:772][  0]LogRawInputWindows: Warning: Found device 4 devices
[2022.04.19-15.47.47:788][  0]LogRawInputWindows: Warning: Found device 4 devices
[2022.04.19-15.47.47:788][  0]LogRawInputWindows: VenderID:44f ProductID:402
[2022.04.19-15.47.47:788][  0]LogRawInputWindows: Device was registered succesfully and is connected (Usage:4 UsagePage:1)
[2022.04.19-15.47.47:791][  0]LogContentStreaming: Texture pool size now 1000 MB
[2022.04.19-15.47.47:798][  0]LogSlate: InvalidateAllWidgets triggered.  All widgets were invalidated
[2022.04.19-15.47.47:849][  0]LogRenderer: Reallocating scene render targets to support 128x128 Format 10 NumSamples 1 (Frame:1).
[2022.04.19-15.47.47:926][  0]LogRenderer: Reallocating scene render targets to support 1280x720 Format 10 NumSamples 1 (Frame:2).
[2022.04.19-15.47.47:959][  1]LogSlate: Took 0.000169 seconds to synchronously load lazily loaded font '../../../Engine/Content/Slate/Fonts/Roboto-Regular.ttf' (155K)
[2022.04.19-15.47.51:875][590]LogSlate: Window 'HoVR (64-bit Development PCD3D_SM5) ' being destroyed
[2022.04.19-15.47.51:876][590]LogWindowsTextInputMethodSystem: Display: IME system deactivated.
[2022.04.19-15.47.51:879][590]LogWindowsTextInputMethodSystem: Display: IME system deactivated.
[2022.04.19-15.47.51:880][590]LogSlate: Updating window title bar state: overlay mode, drag disabled, window buttons hidden, title bar hidden
[2022.04.19-15.47.51:880][590]LogEngine: All Windows Closed
[2022.04.19-15.47.51:880][590]LogWindows: FPlatformMisc::RequestExit(0)
[2022.04.19-15.47.51:880][590]LogWindows: FPlatformMisc::RequestExitWithStatus(0, 0)
[2022.04.19-15.47.51:880][590]LogCore: Engine exit requested (reason: Win RequestExit)
[2022.04.19-15.47.51:881][591]LogCore: Engine exit requested (reason: EngineExit() was called; note: exit was already requested)
[2022.04.19-15.47.51:881][591]LogInit: Display: PreExit Game.
[2022.04.19-15.47.51:888][591]LogWorld: BeginTearingDown for /Game/Map/Minimal_Default
[2022.04.19-15.47.51:892][591]LogWorld: UWorld::CleanupWorld for Minimal_Default, bSessionEnded=true, bCleanupResources=true
[2022.04.19-15.47.51:900][591]LogSlate: InvalidateAllWidgets triggered.  All widgets were invalidated
[2022.04.19-15.47.52:741][591]LogAudio: Display: Beginning Audio Device Manager Shutdown (Module: AudioMixerXAudio2)...
[2022.04.19-15.47.52:741][591]LogAudio: Display: Destroying 1 Remaining Audio Device(s)...
[2022.04.19-15.47.52:741][591]LogAudio: Display: Audio Device unregistered from world 'Minimal_Default'.
[2022.04.19-15.47.52:743][591]LogAudioMixer: FMixerPlatformXAudio2::StopAudioStream() called
[2022.04.19-15.47.52:743][591]LogAudioMixer: FMixerPlatformXAudio2::StopAudioStream() called
[2022.04.19-15.47.52:756][591]LogAudio: Display: Audio Device Manager Shutdown
[2022.04.19-15.47.52:759][591]LogExit: Preparing to exit.
