Log file open, 04/22/22 13:45:36
LogWindows: Failed to load 'aqProf.dll' (GetLastError=126)
LogWindows: File 'aqProf.dll' does not exist
LogWindows: Failed to load 'VtuneApi.dll' (GetLastError=126)
LogWindows: File 'VtuneApi.dll' does not exist
LogWindows: Failed to load 'VtuneApi32e.dll' (GetLastError=126)
LogWindows: File 'VtuneApi32e.dll' does not exist
LogConsoleResponse: Display: Failed to find resolution value strings in scalability ini. Falling back to default.
LogConsoleResponse: Display: Failed to find resolution value strings in scalability ini. Falling back to default.
LogInit: Display: Running engine for game: HoVR
LogPlatformFile: Not using cached read wrapper
LogTaskGraph: Started task graph with 5 named threads and 23 total threads with 3 sets of task threads.
LogStats: Stats thread started at 0.298092
LogICUInternationalization: ICU TimeZone Detection - Raw Offset: +0:00, Platform Override: ''
LogInit: Display: Loading text-based GConfig....
LogPluginManager: Mounting plugin MeshPainting
LogPluginManager: Mounting plugin XGEController
LogPluginManager: Mounting plugin Paper2D
LogPluginManager: Mounting plugin LiveLink
LogPluginManager: Mounting plugin AISupport
LogPluginManager: Mounting plugin EnvironmentQueryEditor
LogPluginManager: Mounting plugin LightPropagationVolume
LogPluginManager: Mounting plugin CameraShakePreviewer
LogPluginManager: Mounting plugin GameplayCameras
LogPluginManager: Mounting plugin OodleData
LogPluginManager: Mounting plugin OodleNetwork
LogPluginManager: Mounting plugin DatasmithContent
LogPluginManager: Mounting plugin VariantManagerContent
LogPluginManager: Mounting plugin AlembicImporter
LogPluginManager: Mounting plugin AutomationUtils
LogPluginManager: Mounting plugin BackChannel
LogPluginManager: Mounting plugin ChaosCloth
LogPluginManager: Mounting plugin ChaosClothEditor
LogPluginManager: Mounting plugin ChaosEditor
LogPluginManager: Mounting plugin ChaosNiagara
LogPluginManager: Mounting plugin ChaosSolverPlugin
LogPluginManager: Mounting plugin CharacterAI
LogPluginManager: Mounting plugin GeometryCollectionPlugin
LogPluginManager: Mounting plugin GeometryCache
LogPluginManager: Mounting plugin Niagara
LogPluginManager: Mounting plugin GeometryProcessing
LogPluginManager: Mounting plugin MotoSynth
LogPluginManager: Mounting plugin OpenImageDenoise
LogPluginManager: Mounting plugin PlanarCut
LogPluginManager: Mounting plugin PlatformCrypto
LogPluginManager: Mounting plugin ProxyLODPlugin
LogPluginManager: Mounting plugin RawInput
LogPluginManager: Mounting plugin PythonScriptPlugin
LogPluginManager: Mounting plugin SkeletalReduction
LogPluginManager: Mounting plugin LuminPlatformFeatures
LogPluginManager: Mounting plugin MagicLeap
LogPluginManager: Mounting plugin MagicLeapLightEstimation
LogPluginManager: Mounting plugin MagicLeapMedia
LogPluginManager: Mounting plugin MagicLeapPassableWorld
LogPluginManager: Mounting plugin MLSDK
LogPluginManager: Mounting plugin AndroidMedia
LogPluginManager: Mounting plugin TcpMessaging
LogPluginManager: Mounting plugin ImgMedia
LogPluginManager: Mounting plugin AvfMedia
LogPluginManager: Mounting plugin MediaCompositing
LogPluginManager: Mounting plugin UdpMessaging
LogPluginManager: Mounting plugin MediaPlayerEditor
LogPluginManager: Mounting plugin WmfMedia
LogPluginManager: Mounting plugin ActorSequence
LogPluginManager: Mounting plugin WebMMedia
LogPluginManager: Mounting plugin LevelSequenceEditor
LogPluginManager: Mounting plugin MatineeToLevelSequence
LogPluginManager: Mounting plugin TemplateSequence
LogPluginManager: Mounting plugin OnlineSubsystem
LogPluginManager: Mounting plugin OnlineSubsystemNull
LogPluginManager: Mounting plugin OnlineSubsystemUtils
LogPluginManager: Mounting plugin LauncherChunkInstaller
LogPluginManager: Mounting plugin ActorLayerUtilities
LogPluginManager: Mounting plugin AndroidDeviceProfileSelector
LogPluginManager: Mounting plugin AndroidMoviePlayer
LogPluginManager: Mounting plugin AndroidPermission
LogPluginManager: Mounting plugin AppleImageUtils
LogPluginManager: Mounting plugin AppleMoviePlayer
LogPluginManager: Mounting plugin AssetTags
LogPluginManager: Mounting plugin AudioCapture
LogPluginManager: Mounting plugin AudioSynesthesia
LogPluginManager: Mounting plugin ArchVisCharacter
LogPluginManager: Mounting plugin CableComponent
LogPluginManager: Mounting plugin ChunkDownloader
LogPluginManager: Mounting plugin EditableMesh
LogPluginManager: Mounting plugin ExampleDeviceProfileSelector
LogPluginManager: Mounting plugin CustomMeshComponent
LogPluginManager: Mounting plugin GoogleCloudMessaging
LogPluginManager: Mounting plugin GooglePAD
LogPluginManager: Mounting plugin IOSDeviceProfileSelector
LogPluginManager: Mounting plugin LinuxDeviceProfileSelector
LogPluginManager: Mounting plugin LocationServicesBPLibrary
LogPluginManager: Mounting plugin MobilePatchingUtils
LogPluginManager: Mounting plugin OpenXR
LogPluginManager: Mounting plugin OpenXREyeTracker
LogPluginManager: Mounting plugin OpenXRHandTracking
LogPluginManager: Mounting plugin PhysXVehicles
LogPluginManager: Mounting plugin PostSplashScreen
LogPluginManager: Mounting plugin ProceduralMeshComponent
LogPluginManager: Mounting plugin PropertyAccessEditor
LogPluginManager: Mounting plugin RuntimePhysXCooking
LogPluginManager: Mounting plugin SignificanceManager
LogPluginManager: Mounting plugin SoundFields
LogPluginManager: Mounting plugin Synthesis
LogPluginManager: Mounting plugin WebMMoviePlayer
LogPluginManager: Mounting plugin WindowsMoviePlayer
LogPluginManager: Mounting plugin ScreenshotTools
LogPluginManager: Mounting plugin Takes
LogPluginManager: Mounting plugin AssetManagerEditor
LogPluginManager: Mounting plugin CryptoKeys
LogPluginManager: Mounting plugin CurveEditorTools
LogPluginManager: Mounting plugin DataValidation
LogPluginManager: Mounting plugin GameplayTagsEditor
LogPluginManager: Mounting plugin GeometryMode
LogPluginManager: Mounting plugin FacialAnimation
LogPluginManager: Mounting plugin MacGraphicsSwitching
LogPluginManager: Mounting plugin MaterialAnalyzer
LogPluginManager: Mounting plugin MobileLauncherProfileWizard
LogPluginManager: Mounting plugin PluginBrowser
LogPluginManager: Mounting plugin SpeedTreeImporter
LogPluginManager: Mounting plugin AnimationSharing
LogPluginManager: Mounting plugin CLionSourceCodeAccess
LogPluginManager: Mounting plugin CodeLiteSourceCodeAccess
LogPluginManager: Mounting plugin GitSourceControl
LogPluginManager: Mounting plugin KDevelopSourceCodeAccess
LogPluginManager: Mounting plugin NullSourceCodeAccess
LogPluginManager: Mounting plugin PerforceSourceControl
LogPluginManager: Mounting plugin PixWinPlugin
LogPluginManager: Mounting plugin PlasticSourceControl
LogPluginManager: Mounting plugin PropertyAccessNode
LogPluginManager: Mounting plugin PluginUtils
LogPluginManager: Mounting plugin RiderSourceCodeAccess
LogPluginManager: Mounting plugin SubversionSourceControl
LogPluginManager: Mounting plugin TextureFormatOodle
LogPluginManager: Mounting plugin UObjectPlugin
LogPluginManager: Mounting plugin VisualStudioCodeSourceCodeAccess
LogPluginManager: Mounting plugin VisualStudioSourceCodeAccess
LogPluginManager: Mounting plugin XCodeSourceCodeAccess
LogPluginManager: Mounting plugin OnlineSubsystemGooglePlay
LogPluginManager: Mounting plugin OnlineSubsystemIOS
LogPluginManager: Mounting plugin OculusVR
LogPluginManager: Mounting plugin SteamVR
LogPluginManager: Mounting plugin ContentBrowserClassDataSource
LogPluginManager: Mounting plugin ContentBrowserAssetDataSource
LogPluginManager: Mounting plugin ContentBrowserFileDataSource
LogInit: Using libcurl 7.55.1-DEV
LogInit:  - built for x86_64-pc-win32
LogInit:  - supports SSL with OpenSSL/1.1.1
LogInit:  - supports HTTP deflate (compression) using libz 1.2.8
LogInit:  - other features:
LogInit:      CURL_VERSION_SSL
LogInit:      CURL_VERSION_LIBZ
LogInit:      CURL_VERSION_IPV6
LogInit:      CURL_VERSION_ASYNCHDNS
LogInit:      CURL_VERSION_LARGEFILE
LogInit:      CURL_VERSION_IDN
LogInit:  CurlRequestOptions (configurable via config and command line):
LogInit:  - bVerifyPeer = true  - Libcurl will verify peer certificate
LogInit:  - bUseHttpProxy = false  - Libcurl will NOT use HTTP proxy
LogInit:  - bDontReuseConnections = false  - Libcurl will reuse connections
LogInit:  - MaxHostConnections = 16  - Libcurl will limit the number of connections to a host
LogInit:  - LocalHostAddr = Default
LogInit:  - BufferSize = 65536
LogOnline: OSS: Creating online subsystem instance for: NULL
LogInit: WinSock: version 1.1 (2.2), MaxSocks=32767, MaxUdp=65467
LogOnline: OSS: TryLoadSubsystemAndSetDefault: Loaded subsystem for module [NULL]
PixWinPlugin: PIX capture plugin failed to initialize! Check that the process is launched from PIX.
LogOculusPluginWrapper: OculusPlugin initialized successfully
LogHMD: Failed initializing OVRPlugin 1.59.0
LogInit: Build: ++UE4+Release-4.27-CL-18319896
LogInit: Engine Version: 4.27.2-18319896+++UE4+Release-4.27
LogInit: Compatible Engine Version: 4.27.0-17155196+++UE4+Release-4.27
LogInit: Net CL: 17155196
LogInit: OS: Windows 10 (Release 2009) (), CPU: Intel(R) Core(TM) i7-4790K CPU @ 4.00GHz, GPU: NVIDIA GeForce GTX 980
LogInit: Compiled (64-bit): Nov 30 2021 07:12:08
LogInit: Compiled with Visual C++: 19.24.28315.00
LogInit: Build Configuration: Development
LogInit: Branch Name: ++UE4+Release-4.27
LogInit: Command Line:  /Game/Map/Minimal_Default -game -PIEVIACONSOLE -Multiprocess GameUserSettingsINI=D:/HoVR-3.0/HovR2/HoVR/Saved/Config/Windows/PIEGameUserSettings0.ini -MultiprocessSaveConfig -forcepassthrough -messaging -SessionName="Play in Standalone Game" -windowed -WinX=320 -WinY=184 SAVEWINPOS=1 -ResX=1280 -ResY=720
LogInit: Base Directory: C:/Program Files/Epic Games/UE_4.27/Engine/Binaries/Win64/
LogInit: Allocator: TBB
LogInit: Installed Engine Build: 1
LogDevObjectVersion: Number of dev versions registered: 29
LogDevObjectVersion:   Dev-Blueprints (B0D832E4-1F89-4F0D-ACCF-7EB736FD4AA2): 10
LogDevObjectVersion:   Dev-Build (E1C64328-A22C-4D53-A36C-8E866417BD8C): 0
LogDevObjectVersion:   Dev-Core (375EC13C-06E4-48FB-B500-84F0262A717E): 4
LogDevObjectVersion:   Dev-Editor (E4B068ED-F494-42E9-A231-DA0B2E46BB41): 40
LogDevObjectVersion:   Dev-Framework (CFFC743F-43B0-4480-9391-14DF171D2073): 37
LogDevObjectVersion:   Dev-Mobile (B02B49B5-BB20-44E9-A304-32B752E40360): 3
LogDevObjectVersion:   Dev-Networking (A4E4105C-59A1-49B5-A7C5-40C4547EDFEE): 0
LogDevObjectVersion:   Dev-Online (39C831C9-5AE6-47DC-9A44-9C173E1C8E7C): 0
LogDevObjectVersion:   Dev-Physics (78F01B33-EBEA-4F98-B9B4-84EACCB95AA2): 14
LogDevObjectVersion:   Dev-Platform (6631380F-2D4D-43E0-8009-CF276956A95A): 0
LogDevObjectVersion:   Dev-Rendering (12F88B9F-8875-4AFC-A67C-D90C383ABD29): 45
LogDevObjectVersion:   Dev-Sequencer (7B5AE74C-D270-4C10-A958-57980B212A5A): 13
LogDevObjectVersion:   Dev-VR (D7296918-1DD6-4BDD-9DE2-64A83CC13884): 3
LogDevObjectVersion:   Dev-LoadTimes (C2A15278-BFE7-4AFE-6C17-90FF531DF755): 1
LogDevObjectVersion:   Private-Geometry (6EACA3D4-40EC-4CC1-B786-8BED09428FC5): 3
LogDevObjectVersion:   Dev-AnimPhys (29E575DD-E0A3-4627-9D10-D276232CDCEA): 17
LogDevObjectVersion:   Dev-Anim (AF43A65D-7FD3-4947-9873-3E8ED9C1BB05): 15
LogDevObjectVersion:   Dev-ReflectionCapture (6B266CEC-1EC7-4B8F-A30B-E4D90942FC07): 1
LogDevObjectVersion:   Dev-Automation (0DF73D61-A23F-47EA-B727-89E90C41499A): 1
LogDevObjectVersion:   FortniteMain (601D1886-AC64-4F84-AA16-D3DE0DEAC7D6): 47
LogDevObjectVersion:   FortniteRelease (E7086368-6B23-4C58-8439-1B7016265E91): 1
LogDevObjectVersion:   Dev-Enterprise (9DFFBCD6-494F-0158-E221-12823C92A888): 10
LogDevObjectVersion:   Dev-Niagara (F2AED0AC-9AFE-416F-8664-AA7FFA26D6FC): 1
LogDevObjectVersion:   Dev-Destruction (174F1F0B-B4C6-45A5-B13F-2EE8D0FB917D): 10
LogDevObjectVersion:   Dev-Physics-Ext (35F94A83-E258-406C-A318-09F59610247C): 41
LogDevObjectVersion:   Dev-PhysicsMaterial-Chaos (B68FC16E-8B1B-42E2-B453-215C058844FE): 1
LogDevObjectVersion:   Dev-CineCamera (B2E18506-4273-CFC2-A54E-F4BB758BBA07): 1
LogDevObjectVersion:   Dev-VirtualProduction (64F58936-FD1B-42BA-BA96-7289D5D0FA4E): 1
LogDevObjectVersion:   Dev-MediaFramework (6F0ED827-A609-4895-9C91-998D90180EA4): 2
LogInit: Presizing for max 25165824 objects, including 0 objects not considered by GC, pre-allocating 0 bytes for permanent pool.
LogConfig: Applying CVar settings from Section [/Script/Engine.StreamingSettings] File [D:/HoVR-3.0/HovR2/HoVR/Saved/Config/Windows/Engine.ini]
LogConfig: Setting CVar [[s.MinBulkDataSizeForAsyncLoading:131072]]
LogConfig: Setting CVar [[s.AsyncLoadingThreadEnabled:0]]
LogConfig: Setting CVar [[s.EventDrivenLoaderEnabled:1]]
LogConfig: Setting CVar [[s.WarnIfTimeLimitExceeded:0]]
LogConfig: Setting CVar [[s.TimeLimitExceededMultiplier:1.5]]
LogConfig: Setting CVar [[s.TimeLimitExceededMinTime:0.005]]
LogConfig: Setting CVar [[s.UseBackgroundLevelStreaming:1]]
LogConfig: Setting CVar [[s.PriorityAsyncLoadingExtraTime:15.0]]
LogConfig: Setting CVar [[s.LevelStreamingActorsUpdateTimeLimit:5.0]]
LogConfig: Setting CVar [[s.PriorityLevelStreamingActorsUpdateExtraTime:5.0]]
LogConfig: Setting CVar [[s.LevelStreamingComponentsRegistrationGranularity:10]]
LogConfig: Setting CVar [[s.UnregisterComponentsTimeLimit:1.0]]
LogConfig: Setting CVar [[s.LevelStreamingComponentsUnregistrationGranularity:5]]
LogConfig: Setting CVar [[s.FlushStreamingOnExit:1]]
LogInit: Object subsystem initialized
LogConfig: Setting CVar [[con.DebugEarlyDefault:1]]
LogConfig: Setting CVar [[r.setres:1280x720]]
[2022.04.22-12.45.36:965][  0]LogConfig: Setting CVar [[con.DebugEarlyDefault:1]]
[2022.04.22-12.45.36:965][  0]LogConfig: Setting CVar [[r.setres:1280x720]]
[2022.04.22-12.45.36:965][  0]LogConfig: Applying CVar settings from Section [/Script/Engine.RendererSettings] File [D:/HoVR-3.0/HovR2/HoVR/Saved/Config/Windows/Engine.ini]
[2022.04.22-12.45.36:965][  0]LogConfig: Setting CVar [[r.GPUCrashDebugging:0]]
[2022.04.22-12.45.36:965][  0]LogConfig: Applying CVar settings from Section [/Script/Engine.RendererOverrideSettings] File [D:/HoVR-3.0/HovR2/HoVR/Saved/Config/Windows/Engine.ini]
[2022.04.22-12.45.36:966][  0]LogConfig: Applying CVar settings from Section [/Script/Engine.StreamingSettings] File [D:/HoVR-3.0/HovR2/HoVR/Saved/Config/Windows/Engine.ini]
[2022.04.22-12.45.36:966][  0]LogConfig: Setting CVar [[s.MinBulkDataSizeForAsyncLoading:131072]]
[2022.04.22-12.45.36:966][  0]LogConfig: Setting CVar [[s.AsyncLoadingThreadEnabled:0]]
[2022.04.22-12.45.36:966][  0]LogConfig: Setting CVar [[s.EventDrivenLoaderEnabled:1]]
[2022.04.22-12.45.36:966][  0]LogConfig: Setting CVar [[s.WarnIfTimeLimitExceeded:0]]
[2022.04.22-12.45.36:966][  0]LogConfig: Setting CVar [[s.TimeLimitExceededMultiplier:1.5]]
[2022.04.22-12.45.36:966][  0]LogConfig: Setting CVar [[s.TimeLimitExceededMinTime:0.005]]
[2022.04.22-12.45.36:966][  0]LogConfig: Setting CVar [[s.UseBackgroundLevelStreaming:1]]
[2022.04.22-12.45.36:966][  0]LogConfig: Setting CVar [[s.PriorityAsyncLoadingExtraTime:15.0]]
[2022.04.22-12.45.36:966][  0]LogConfig: Setting CVar [[s.LevelStreamingActorsUpdateTimeLimit:5.0]]
[2022.04.22-12.45.36:966][  0]LogConfig: Setting CVar [[s.PriorityLevelStreamingActorsUpdateExtraTime:5.0]]
[2022.04.22-12.45.36:966][  0]LogConfig: Setting CVar [[s.LevelStreamingComponentsRegistrationGranularity:10]]
[2022.04.22-12.45.36:966][  0]LogConfig: Setting CVar [[s.UnregisterComponentsTimeLimit:1.0]]
[2022.04.22-12.45.36:966][  0]LogConfig: Setting CVar [[s.LevelStreamingComponentsUnregistrationGranularity:5]]
[2022.04.22-12.45.36:966][  0]LogConfig: Setting CVar [[s.FlushStreamingOnExit:1]]
[2022.04.22-12.45.36:966][  0]LogConfig: Applying CVar settings from Section [/Script/Engine.GarbageCollectionSettings] File [D:/HoVR-3.0/HovR2/HoVR/Saved/Config/Windows/Engine.ini]
[2022.04.22-12.45.36:966][  0]LogConfig: Setting CVar [[gc.MaxObjectsNotConsideredByGC:1]]
[2022.04.22-12.45.36:966][  0]LogConfig: Setting CVar [[gc.SizeOfPermanentObjectPool:0]]
[2022.04.22-12.45.36:966][  0]LogConfig: Setting CVar [[gc.FlushStreamingOnGC:0]]
[2022.04.22-12.45.36:966][  0]LogConfig: Setting CVar [[gc.NumRetriesBeforeForcingGC:10]]
[2022.04.22-12.45.36:966][  0]LogConfig: Setting CVar [[gc.AllowParallelGC:1]]
[2022.04.22-12.45.36:966][  0]LogConfig: Setting CVar [[gc.TimeBetweenPurgingPendingKillObjects:61.1]]
[2022.04.22-12.45.36:966][  0]LogConfig: Setting CVar [[gc.MaxObjectsInEditor:25165824]]
[2022.04.22-12.45.36:966][  0]LogConfig: Setting CVar [[gc.IncrementalBeginDestroyEnabled:1]]
[2022.04.22-12.45.36:966][  0]LogConfig: Setting CVar [[gc.CreateGCClusters:1]]
[2022.04.22-12.45.36:966][  0]LogConfig: Setting CVar [[gc.MinGCClusterSize:5]]
[2022.04.22-12.45.36:966][  0]LogConfig: Setting CVar [[gc.ActorClusteringEnabled:0]]
[2022.04.22-12.45.36:966][  0]LogConfig: Setting CVar [[gc.BlueprintClusteringEnabled:0]]
[2022.04.22-12.45.36:966][  0]LogConfig: Setting CVar [[gc.UseDisregardForGCOnDedicatedServers:0]]
[2022.04.22-12.45.36:966][  0]LogConfig: Setting CVar [[gc.MultithreadedDestructionEnabled:1]]
[2022.04.22-12.45.36:966][  0]LogConfig: Applying CVar settings from Section [/Script/Engine.NetworkSettings] File [D:/HoVR-3.0/HovR2/HoVR/Saved/Config/Windows/Engine.ini]
[2022.04.22-12.45.36:966][  0]LogConfig: Applying CVar settings from Section [/Script/UnrealEd.CookerSettings] File [D:/HoVR-3.0/HovR2/HoVR/Saved/Config/Windows/Engine.ini]
[2022.04.22-12.45.36:994][  0]LogConfig: Applying CVar settings from Section [ViewDistanceQuality@3] File [D:/HoVR-3.0/HovR2/HoVR/Saved/Config/Windows/Scalability.ini]
[2022.04.22-12.45.36:994][  0]LogConfig: Setting CVar [[r.SkeletalMeshLODBias:0]]
[2022.04.22-12.45.36:994][  0]LogConfig: Setting CVar [[r.ViewDistanceScale:1.0]]
[2022.04.22-12.45.36:994][  0]LogConfig: Applying CVar settings from Section [AntiAliasingQuality@3] File [D:/HoVR-3.0/HovR2/HoVR/Saved/Config/Windows/Scalability.ini]
[2022.04.22-12.45.36:994][  0]LogConfig: Setting CVar [[r.PostProcessAAQuality:4]]
[2022.04.22-12.45.36:994][  0]LogConfig: Applying CVar settings from Section [ShadowQuality@3] File [D:/HoVR-3.0/HovR2/HoVR/Saved/Config/Windows/Scalability.ini]
[2022.04.22-12.45.36:994][  0]LogConfig: Setting CVar [[r.LightFunctionQuality:1]]
[2022.04.22-12.45.36:994][  0]LogConfig: Setting CVar [[r.ShadowQuality:5]]
[2022.04.22-12.45.36:994][  0]LogConfig: Setting CVar [[r.Shadow.CSM.MaxCascades:10]]
[2022.04.22-12.45.36:994][  0]LogConfig: Setting CVar [[r.Shadow.MaxResolution:2048]]
[2022.04.22-12.45.36:994][  0]LogConfig: Setting CVar [[r.Shadow.MaxCSMResolution:2048]]
[2022.04.22-12.45.36:994][  0]LogConfig: Setting CVar [[r.Shadow.RadiusThreshold:0.01]]
[2022.04.22-12.45.36:994][  0]LogConfig: Setting CVar [[r.Shadow.DistanceScale:1.0]]
[2022.04.22-12.45.36:994][  0]LogConfig: Setting CVar [[r.Shadow.CSM.TransitionScale:1.0]]
[2022.04.22-12.45.36:994][  0]LogConfig: Setting CVar [[r.Shadow.PreShadowResolutionFactor:1.0]]
[2022.04.22-12.45.36:994][  0]LogConfig: Setting CVar [[r.DistanceFieldShadowing:1]]
[2022.04.22-12.45.36:994][  0]LogConfig: Setting CVar [[r.DistanceFieldAO:1]]
[2022.04.22-12.45.36:994][  0]LogConfig: Setting CVar [[r.AOQuality:2]]
[2022.04.22-12.45.36:994][  0]LogConfig: Setting CVar [[r.VolumetricFog:1]]
[2022.04.22-12.45.36:995][  0]LogConfig: Setting CVar [[r.VolumetricFog.GridPixelSize:8]]
[2022.04.22-12.45.36:995][  0]LogConfig: Setting CVar [[r.VolumetricFog.GridSizeZ:128]]
[2022.04.22-12.45.36:995][  0]LogConfig: Setting CVar [[r.VolumetricFog.HistoryMissSupersampleCount:4]]
[2022.04.22-12.45.36:995][  0]LogConfig: Setting CVar [[r.LightMaxDrawDistanceScale:1]]
[2022.04.22-12.45.36:995][  0]LogConfig: Setting CVar [[r.CapsuleShadows:1]]
[2022.04.22-12.45.36:995][  0]LogConfig: Applying CVar settings from Section [PostProcessQuality@3] File [D:/HoVR-3.0/HovR2/HoVR/Saved/Config/Windows/Scalability.ini]
[2022.04.22-12.45.36:995][  0]LogConfig: Setting CVar [[r.MotionBlurQuality:4]]
[2022.04.22-12.45.36:995][  0]LogConfig: Setting CVar [[r.AmbientOcclusionMipLevelFactor:0.4]]
[2022.04.22-12.45.36:995][  0]LogConfig: Setting CVar [[r.AmbientOcclusionMaxQuality:100]]
[2022.04.22-12.45.36:995][  0]LogConfig: Setting CVar [[r.AmbientOcclusionLevels:-1]]
[2022.04.22-12.45.36:995][  0]LogConfig: Setting CVar [[r.AmbientOcclusionRadiusScale:1.0]]
[2022.04.22-12.45.36:995][  0]LogConfig: Setting CVar [[r.DepthOfFieldQuality:2]]
[2022.04.22-12.45.36:995][  0]LogConfig: Setting CVar [[r.RenderTargetPoolMin:400]]
[2022.04.22-12.45.36:995][  0]LogConfig: Setting CVar [[r.LensFlareQuality:2]]
[2022.04.22-12.45.36:995][  0]LogConfig: Setting CVar [[r.SceneColorFringeQuality:1]]
[2022.04.22-12.45.36:995][  0]LogConfig: Setting CVar [[r.EyeAdaptationQuality:2]]
[2022.04.22-12.45.36:995][  0]LogConfig: Setting CVar [[r.BloomQuality:5]]
[2022.04.22-12.45.36:995][  0]LogConfig: Setting CVar [[r.FastBlurThreshold:100]]
[2022.04.22-12.45.36:995][  0]LogConfig: Setting CVar [[r.Upscale.Quality:3]]
[2022.04.22-12.45.36:995][  0]LogConfig: Setting CVar [[r.Tonemapper.GrainQuantization:1]]
[2022.04.22-12.45.36:995][  0]LogConfig: Setting CVar [[r.LightShaftQuality:1]]
[2022.04.22-12.45.36:995][  0]LogConfig: Setting CVar [[r.Filter.SizeScale:1]]
[2022.04.22-12.45.36:995][  0]LogConfig: Setting CVar [[r.Tonemapper.Quality:5]]
[2022.04.22-12.45.36:995][  0]LogConfig: Setting CVar [[r.DOF.Gather.AccumulatorQuality:1        ; higher gathering accumulator quality]]
[2022.04.22-12.45.36:995][  0]LogConfig: Setting CVar [[r.DOF.Gather.PostfilterMethod:1          ; Median3x3 postfilering method]]
[2022.04.22-12.45.36:995][  0]LogConfig: Setting CVar [[r.DOF.Gather.EnableBokehSettings:0       ; no bokeh simulation when gathering]]
[2022.04.22-12.45.36:995][  0]LogConfig: Setting CVar [[r.DOF.Gather.RingCount:4                 ; medium number of samples when gathering]]
[2022.04.22-12.45.36:995][  0]LogConfig: Setting CVar [[r.DOF.Scatter.ForegroundCompositing:1    ; additive foreground scattering]]
[2022.04.22-12.45.36:995][  0]LogConfig: Setting CVar [[r.DOF.Scatter.BackgroundCompositing:2    ; additive background scattering]]
[2022.04.22-12.45.36:995][  0]LogConfig: Setting CVar [[r.DOF.Scatter.EnableBokehSettings:1      ; bokeh simulation when scattering]]
[2022.04.22-12.45.36:995][  0]LogConfig: Setting CVar [[r.DOF.Scatter.MaxSpriteRatio:0.1         ; only a maximum of 10% of scattered bokeh]]
[2022.04.22-12.45.36:995][  0]LogConfig: Setting CVar [[r.DOF.Recombine.Quality:1                ; cheap slight out of focus]]
[2022.04.22-12.45.36:995][  0]LogConfig: Setting CVar [[r.DOF.Recombine.EnableBokehSettings:0    ; no bokeh simulation on slight out of focus]]
[2022.04.22-12.45.36:995][  0]LogConfig: Setting CVar [[r.DOF.TemporalAAQuality:1                ; more stable temporal accumulation]]
[2022.04.22-12.45.36:995][  0]LogConfig: Setting CVar [[r.DOF.Kernel.MaxForegroundRadius:0.025]]
[2022.04.22-12.45.36:995][  0]LogConfig: Setting CVar [[r.DOF.Kernel.MaxBackgroundRadius:0.025]]
[2022.04.22-12.45.36:995][  0]LogConfig: Applying CVar settings from Section [TextureQuality@3] File [D:/HoVR-3.0/HovR2/HoVR/Saved/Config/Windows/Scalability.ini]
[2022.04.22-12.45.36:995][  0]LogConfig: Setting CVar [[r.Streaming.MipBias:0]]
[2022.04.22-12.45.36:995][  0]LogConfig: Setting CVar [[r.Streaming.AmortizeCPUToGPUCopy:0]]
[2022.04.22-12.45.36:995][  0]LogConfig: Setting CVar [[r.Streaming.MaxNumTexturesToStreamPerFrame:0]]
[2022.04.22-12.45.36:995][  0]LogConfig: Setting CVar [[r.Streaming.Boost:1]]
[2022.04.22-12.45.36:995][  0]LogConfig: Setting CVar [[r.MaxAnisotropy:8]]
[2022.04.22-12.45.36:995][  0]LogConfig: Setting CVar [[r.VT.MaxAnisotropy:8]]
[2022.04.22-12.45.36:995][  0]LogConfig: Setting CVar [[r.Streaming.LimitPoolSizeToVRAM:0]]
[2022.04.22-12.45.36:995][  0]LogConfig: Setting CVar [[r.Streaming.PoolSize:1000]]
[2022.04.22-12.45.36:995][  0]LogConfig: Setting CVar [[r.Streaming.MaxEffectiveScreenSize:0]]
[2022.04.22-12.45.36:995][  0]LogConfig: Applying CVar settings from Section [EffectsQuality@3] File [D:/HoVR-3.0/HovR2/HoVR/Saved/Config/Windows/Scalability.ini]
[2022.04.22-12.45.36:996][  0]LogConfig: Setting CVar [[r.TranslucencyLightingVolumeDim:64]]
[2022.04.22-12.45.36:996][  0]LogConfig: Setting CVar [[r.RefractionQuality:2]]
[2022.04.22-12.45.36:996][  0]LogConfig: Setting CVar [[r.SSR.Quality:3]]
[2022.04.22-12.45.36:996][  0]LogConfig: Setting CVar [[r.SSR.HalfResSceneColor:0]]
[2022.04.22-12.45.36:996][  0]LogConfig: Setting CVar [[r.SceneColorFormat:4]]
[2022.04.22-12.45.36:996][  0]LogConfig: Setting CVar [[r.DetailMode:2]]
[2022.04.22-12.45.36:996][  0]LogConfig: Setting CVar [[r.TranslucencyVolumeBlur:1]]
[2022.04.22-12.45.36:996][  0]LogConfig: Setting CVar [[r.MaterialQualityLevel:1 ; High quality]]
[2022.04.22-12.45.36:996][  0]LogConfig: Setting CVar [[r.AnisotropicMaterials:1]]
[2022.04.22-12.45.36:996][  0]LogConfig: Setting CVar [[r.SSS.Scale:1]]
[2022.04.22-12.45.36:996][  0]LogConfig: Setting CVar [[r.SSS.SampleSet:2]]
[2022.04.22-12.45.36:996][  0]LogConfig: Setting CVar [[r.SSS.Quality:1]]
[2022.04.22-12.45.36:996][  0]LogConfig: Setting CVar [[r.SSS.HalfRes:0]]
[2022.04.22-12.45.36:996][  0]LogConfig: Setting CVar [[r.SSGI.Quality:3]]
[2022.04.22-12.45.36:996][  0]LogConfig: Setting CVar [[r.EmitterSpawnRateScale:1.0]]
[2022.04.22-12.45.36:996][  0]LogConfig: Setting CVar [[r.ParticleLightQuality:2]]
[2022.04.22-12.45.36:996][  0]LogConfig: Setting CVar [[r.SkyAtmosphere.AerialPerspectiveLUT.FastApplyOnOpaque:1 ; Always have FastSkyLUT 1 in this case to avoid wrong sky]]
[2022.04.22-12.45.36:996][  0]LogConfig: Setting CVar [[r.SkyAtmosphere.AerialPerspectiveLUT.SampleCountMaxPerSlice:4]]
[2022.04.22-12.45.36:996][  0]LogConfig: Setting CVar [[r.SkyAtmosphere.AerialPerspectiveLUT.DepthResolution:16.0]]
[2022.04.22-12.45.36:996][  0]LogConfig: Setting CVar [[r.SkyAtmosphere.FastSkyLUT:1]]
[2022.04.22-12.45.36:996][  0]LogConfig: Setting CVar [[r.SkyAtmosphere.FastSkyLUT.SampleCountMin:4.0]]
[2022.04.22-12.45.36:996][  0]LogConfig: Setting CVar [[r.SkyAtmosphere.FastSkyLUT.SampleCountMax:128.0]]
[2022.04.22-12.45.36:996][  0]LogConfig: Setting CVar [[r.SkyAtmosphere.SampleCountMin:4.0]]
[2022.04.22-12.45.36:996][  0]LogConfig: Setting CVar [[r.SkyAtmosphere.SampleCountMax:128.0]]
[2022.04.22-12.45.36:996][  0]LogConfig: Setting CVar [[r.SkyAtmosphere.TransmittanceLUT.UseSmallFormat:0]]
[2022.04.22-12.45.36:996][  0]LogConfig: Setting CVar [[r.SkyAtmosphere.TransmittanceLUT.SampleCount:10.0]]
[2022.04.22-12.45.36:996][  0]LogConfig: Setting CVar [[r.SkyAtmosphere.MultiScatteringLUT.SampleCount:15.0]]
[2022.04.22-12.45.36:996][  0]LogConfig: Setting CVar [[r.SkyLight.RealTimeReflectionCapture:1]]
[2022.04.22-12.45.36:996][  0]LogConfig: Applying CVar settings from Section [FoliageQuality@3] File [D:/HoVR-3.0/HovR2/HoVR/Saved/Config/Windows/Scalability.ini]
[2022.04.22-12.45.36:996][  0]LogConfig: Setting CVar [[foliage.DensityScale:1.0]]
[2022.04.22-12.45.36:996][  0]LogConfig: Setting CVar [[grass.DensityScale:1.0]]
[2022.04.22-12.45.36:996][  0]LogConfig: Applying CVar settings from Section [ShadingQuality@3] File [D:/HoVR-3.0/HovR2/HoVR/Saved/Config/Windows/Scalability.ini]
[2022.04.22-12.45.36:996][  0]LogConfig: Setting CVar [[r.HairStrands.SkyLighting.IntegrationType:2]]
[2022.04.22-12.45.36:996][  0]LogConfig: Setting CVar [[r.HairStrands.SkyAO.SampleCount:4]]
[2022.04.22-12.45.36:996][  0]LogConfig: Setting CVar [[r.HairStrands.Visibility.MSAA.SamplePerPixel:4]]
[2022.04.22-12.45.36:997][  0]LogInit: Selected Device Profile: [Windows]
[2022.04.22-12.45.36:997][  0]LogInit: Applying CVar settings loaded from the selected device profile: [Windows]
[2022.04.22-12.45.36:997][  0]LogHAL: Display: Platform has ~ 32 GB [34191572992 / 34359738368 / 32], which maps to Largest [LargestMinGB=32, LargerMinGB=12, DefaultMinGB=8, SmallerMinGB=6, SmallestMinGB=0)
[2022.04.22-12.45.36:997][  0]LogInit: Going up to parent DeviceProfile []
[2022.04.22-12.45.36:997][  0]LogConfig: Applying CVar settings from Section [ViewDistanceQuality@3] File [D:/HoVR-3.0/HovR2/HoVR/Saved/Config/Windows/Scalability.ini]
[2022.04.22-12.45.36:997][  0]LogConfig: Setting CVar [[r.SkeletalMeshLODBias:0]]
[2022.04.22-12.45.36:997][  0]LogConfig: Setting CVar [[r.ViewDistanceScale:1.0]]
[2022.04.22-12.45.36:997][  0]LogConfig: Applying CVar settings from Section [AntiAliasingQuality@3] File [D:/HoVR-3.0/HovR2/HoVR/Saved/Config/Windows/Scalability.ini]
[2022.04.22-12.45.36:997][  0]LogConfig: Setting CVar [[r.PostProcessAAQuality:4]]
[2022.04.22-12.45.36:997][  0]LogConfig: Applying CVar settings from Section [ShadowQuality@3] File [D:/HoVR-3.0/HovR2/HoVR/Saved/Config/Windows/Scalability.ini]
[2022.04.22-12.45.36:997][  0]LogConfig: Setting CVar [[r.LightFunctionQuality:1]]
[2022.04.22-12.45.36:997][  0]LogConfig: Setting CVar [[r.ShadowQuality:5]]
[2022.04.22-12.45.36:997][  0]LogConfig: Setting CVar [[r.Shadow.CSM.MaxCascades:10]]
[2022.04.22-12.45.36:997][  0]LogConfig: Setting CVar [[r.Shadow.MaxResolution:2048]]
[2022.04.22-12.45.36:997][  0]LogConfig: Setting CVar [[r.Shadow.MaxCSMResolution:2048]]
[2022.04.22-12.45.36:997][  0]LogConfig: Setting CVar [[r.Shadow.RadiusThreshold:0.01]]
[2022.04.22-12.45.36:997][  0]LogConfig: Setting CVar [[r.Shadow.DistanceScale:1.0]]
[2022.04.22-12.45.36:997][  0]LogConfig: Setting CVar [[r.Shadow.CSM.TransitionScale:1.0]]
[2022.04.22-12.45.36:997][  0]LogConfig: Setting CVar [[r.Shadow.PreShadowResolutionFactor:1.0]]
[2022.04.22-12.45.36:997][  0]LogConfig: Setting CVar [[r.DistanceFieldShadowing:1]]
[2022.04.22-12.45.36:997][  0]LogConfig: Setting CVar [[r.DistanceFieldAO:1]]
[2022.04.22-12.45.36:997][  0]LogConfig: Setting CVar [[r.AOQuality:2]]
[2022.04.22-12.45.36:997][  0]LogConfig: Setting CVar [[r.VolumetricFog:1]]
[2022.04.22-12.45.36:997][  0]LogConfig: Setting CVar [[r.VolumetricFog.GridPixelSize:8]]
[2022.04.22-12.45.36:997][  0]LogConfig: Setting CVar [[r.VolumetricFog.GridSizeZ:128]]
[2022.04.22-12.45.36:997][  0]LogConfig: Setting CVar [[r.VolumetricFog.HistoryMissSupersampleCount:4]]
[2022.04.22-12.45.36:997][  0]LogConfig: Setting CVar [[r.LightMaxDrawDistanceScale:1]]
[2022.04.22-12.45.36:997][  0]LogConfig: Setting CVar [[r.CapsuleShadows:1]]
[2022.04.22-12.45.36:997][  0]LogConfig: Applying CVar settings from Section [PostProcessQuality@3] File [D:/HoVR-3.0/HovR2/HoVR/Saved/Config/Windows/Scalability.ini]
[2022.04.22-12.45.36:997][  0]LogConfig: Setting CVar [[r.MotionBlurQuality:4]]
[2022.04.22-12.45.36:997][  0]LogConfig: Setting CVar [[r.AmbientOcclusionMipLevelFactor:0.4]]
[2022.04.22-12.45.36:997][  0]LogConfig: Setting CVar [[r.AmbientOcclusionMaxQuality:100]]
[2022.04.22-12.45.36:997][  0]LogConfig: Setting CVar [[r.AmbientOcclusionLevels:-1]]
[2022.04.22-12.45.36:997][  0]LogConfig: Setting CVar [[r.AmbientOcclusionRadiusScale:1.0]]
[2022.04.22-12.45.36:997][  0]LogConfig: Setting CVar [[r.DepthOfFieldQuality:2]]
[2022.04.22-12.45.36:997][  0]LogConfig: Setting CVar [[r.RenderTargetPoolMin:400]]
[2022.04.22-12.45.36:997][  0]LogConfig: Setting CVar [[r.LensFlareQuality:2]]
[2022.04.22-12.45.36:998][  0]LogConfig: Setting CVar [[r.SceneColorFringeQuality:1]]
[2022.04.22-12.45.36:998][  0]LogConfig: Setting CVar [[r.EyeAdaptationQuality:2]]
[2022.04.22-12.45.36:998][  0]LogConfig: Setting CVar [[r.BloomQuality:5]]
[2022.04.22-12.45.36:998][  0]LogConfig: Setting CVar [[r.FastBlurThreshold:100]]
[2022.04.22-12.45.36:998][  0]LogConfig: Setting CVar [[r.Upscale.Quality:3]]
[2022.04.22-12.45.36:998][  0]LogConfig: Setting CVar [[r.Tonemapper.GrainQuantization:1]]
[2022.04.22-12.45.36:998][  0]LogConfig: Setting CVar [[r.LightShaftQuality:1]]
[2022.04.22-12.45.36:998][  0]LogConfig: Setting CVar [[r.Filter.SizeScale:1]]
[2022.04.22-12.45.36:998][  0]LogConfig: Setting CVar [[r.Tonemapper.Quality:5]]
[2022.04.22-12.45.36:998][  0]LogConfig: Setting CVar [[r.DOF.Gather.AccumulatorQuality:1        ; higher gathering accumulator quality]]
[2022.04.22-12.45.36:998][  0]LogConfig: Setting CVar [[r.DOF.Gather.PostfilterMethod:1          ; Median3x3 postfilering method]]
[2022.04.22-12.45.36:998][  0]LogConfig: Setting CVar [[r.DOF.Gather.EnableBokehSettings:0       ; no bokeh simulation when gathering]]
[2022.04.22-12.45.36:998][  0]LogConfig: Setting CVar [[r.DOF.Gather.RingCount:4                 ; medium number of samples when gathering]]
[2022.04.22-12.45.36:998][  0]LogConfig: Setting CVar [[r.DOF.Scatter.ForegroundCompositing:1    ; additive foreground scattering]]
[2022.04.22-12.45.36:998][  0]LogConfig: Setting CVar [[r.DOF.Scatter.BackgroundCompositing:2    ; additive background scattering]]
[2022.04.22-12.45.36:998][  0]LogConfig: Setting CVar [[r.DOF.Scatter.EnableBokehSettings:1      ; bokeh simulation when scattering]]
[2022.04.22-12.45.36:998][  0]LogConfig: Setting CVar [[r.DOF.Scatter.MaxSpriteRatio:0.1         ; only a maximum of 10% of scattered bokeh]]
[2022.04.22-12.45.36:998][  0]LogConfig: Setting CVar [[r.DOF.Recombine.Quality:1                ; cheap slight out of focus]]
[2022.04.22-12.45.36:998][  0]LogConfig: Setting CVar [[r.DOF.Recombine.EnableBokehSettings:0    ; no bokeh simulation on slight out of focus]]
[2022.04.22-12.45.36:998][  0]LogConfig: Setting CVar [[r.DOF.TemporalAAQuality:1                ; more stable temporal accumulation]]
[2022.04.22-12.45.36:998][  0]LogConfig: Setting CVar [[r.DOF.Kernel.MaxForegroundRadius:0.025]]
[2022.04.22-12.45.36:998][  0]LogConfig: Setting CVar [[r.DOF.Kernel.MaxBackgroundRadius:0.025]]
[2022.04.22-12.45.36:998][  0]LogConfig: Applying CVar settings from Section [TextureQuality@3] File [D:/HoVR-3.0/HovR2/HoVR/Saved/Config/Windows/Scalability.ini]
[2022.04.22-12.45.36:998][  0]LogConfig: Setting CVar [[r.Streaming.MipBias:0]]
[2022.04.22-12.45.36:998][  0]LogConfig: Setting CVar [[r.Streaming.AmortizeCPUToGPUCopy:0]]
[2022.04.22-12.45.36:998][  0]LogConfig: Setting CVar [[r.Streaming.MaxNumTexturesToStreamPerFrame:0]]
[2022.04.22-12.45.36:998][  0]LogConfig: Setting CVar [[r.Streaming.Boost:1]]
[2022.04.22-12.45.36:998][  0]LogConfig: Setting CVar [[r.MaxAnisotropy:8]]
[2022.04.22-12.45.36:998][  0]LogConfig: Setting CVar [[r.VT.MaxAnisotropy:8]]
[2022.04.22-12.45.36:998][  0]LogConfig: Setting CVar [[r.Streaming.LimitPoolSizeToVRAM:0]]
[2022.04.22-12.45.36:998][  0]LogConfig: Setting CVar [[r.Streaming.PoolSize:1000]]
[2022.04.22-12.45.36:998][  0]LogConfig: Setting CVar [[r.Streaming.MaxEffectiveScreenSize:0]]
[2022.04.22-12.45.36:998][  0]LogConfig: Applying CVar settings from Section [EffectsQuality@3] File [D:/HoVR-3.0/HovR2/HoVR/Saved/Config/Windows/Scalability.ini]
[2022.04.22-12.45.36:998][  0]LogConfig: Setting CVar [[r.TranslucencyLightingVolumeDim:64]]
[2022.04.22-12.45.36:998][  0]LogConfig: Setting CVar [[r.RefractionQuality:2]]
[2022.04.22-12.45.36:998][  0]LogConfig: Setting CVar [[r.SSR.Quality:3]]
[2022.04.22-12.45.36:998][  0]LogConfig: Setting CVar [[r.SSR.HalfResSceneColor:0]]
[2022.04.22-12.45.36:998][  0]LogConfig: Setting CVar [[r.SceneColorFormat:4]]
[2022.04.22-12.45.36:998][  0]LogConfig: Setting CVar [[r.DetailMode:2]]
[2022.04.22-12.45.36:998][  0]LogConfig: Setting CVar [[r.TranslucencyVolumeBlur:1]]
[2022.04.22-12.45.36:998][  0]LogConfig: Setting CVar [[r.MaterialQualityLevel:1 ; High quality]]
[2022.04.22-12.45.36:998][  0]LogConfig: Setting CVar [[r.AnisotropicMaterials:1]]
[2022.04.22-12.45.36:998][  0]LogConfig: Setting CVar [[r.SSS.Scale:1]]
[2022.04.22-12.45.36:998][  0]LogConfig: Setting CVar [[r.SSS.SampleSet:2]]
[2022.04.22-12.45.36:998][  0]LogConfig: Setting CVar [[r.SSS.Quality:1]]
[2022.04.22-12.45.36:998][  0]LogConfig: Setting CVar [[r.SSS.HalfRes:0]]
[2022.04.22-12.45.36:998][  0]LogConfig: Setting CVar [[r.SSGI.Quality:3]]
[2022.04.22-12.45.36:999][  0]LogConfig: Setting CVar [[r.EmitterSpawnRateScale:1.0]]
[2022.04.22-12.45.36:999][  0]LogConfig: Setting CVar [[r.ParticleLightQuality:2]]
[2022.04.22-12.45.36:999][  0]LogConfig: Setting CVar [[r.SkyAtmosphere.AerialPerspectiveLUT.FastApplyOnOpaque:1 ; Always have FastSkyLUT 1 in this case to avoid wrong sky]]
[2022.04.22-12.45.36:999][  0]LogConfig: Setting CVar [[r.SkyAtmosphere.AerialPerspectiveLUT.SampleCountMaxPerSlice:4]]
[2022.04.22-12.45.36:999][  0]LogConfig: Setting CVar [[r.SkyAtmosphere.AerialPerspectiveLUT.DepthResolution:16.0]]
[2022.04.22-12.45.36:999][  0]LogConfig: Setting CVar [[r.SkyAtmosphere.FastSkyLUT:1]]
[2022.04.22-12.45.36:999][  0]LogConfig: Setting CVar [[r.SkyAtmosphere.FastSkyLUT.SampleCountMin:4.0]]
[2022.04.22-12.45.36:999][  0]LogConfig: Setting CVar [[r.SkyAtmosphere.FastSkyLUT.SampleCountMax:128.0]]
[2022.04.22-12.45.36:999][  0]LogConfig: Setting CVar [[r.SkyAtmosphere.SampleCountMin:4.0]]
[2022.04.22-12.45.36:999][  0]LogConfig: Setting CVar [[r.SkyAtmosphere.SampleCountMax:128.0]]
[2022.04.22-12.45.36:999][  0]LogConfig: Setting CVar [[r.SkyAtmosphere.TransmittanceLUT.UseSmallFormat:0]]
[2022.04.22-12.45.36:999][  0]LogConfig: Setting CVar [[r.SkyAtmosphere.TransmittanceLUT.SampleCount:10.0]]
[2022.04.22-12.45.36:999][  0]LogConfig: Setting CVar [[r.SkyAtmosphere.MultiScatteringLUT.SampleCount:15.0]]
[2022.04.22-12.45.36:999][  0]LogConfig: Setting CVar [[r.SkyLight.RealTimeReflectionCapture:1]]
[2022.04.22-12.45.36:999][  0]LogConfig: Applying CVar settings from Section [FoliageQuality@3] File [D:/HoVR-3.0/HovR2/HoVR/Saved/Config/Windows/Scalability.ini]
[2022.04.22-12.45.36:999][  0]LogConfig: Setting CVar [[foliage.DensityScale:1.0]]
[2022.04.22-12.45.36:999][  0]LogConfig: Setting CVar [[grass.DensityScale:1.0]]
[2022.04.22-12.45.36:999][  0]LogConfig: Applying CVar settings from Section [ShadingQuality@3] File [D:/HoVR-3.0/HovR2/HoVR/Saved/Config/Windows/Scalability.ini]
[2022.04.22-12.45.36:999][  0]LogConfig: Setting CVar [[r.HairStrands.SkyLighting.IntegrationType:2]]
[2022.04.22-12.45.36:999][  0]LogConfig: Setting CVar [[r.HairStrands.SkyAO.SampleCount:4]]
[2022.04.22-12.45.36:999][  0]LogConfig: Setting CVar [[r.HairStrands.Visibility.MSAA.SamplePerPixel:4]]
[2022.04.22-12.45.36:999][  0]LogConfig: Applying CVar settings from Section [Startup] File [../../../Engine/Config/ConsoleVariables.ini]
[2022.04.22-12.45.37:000][  0]LogConfig: Setting CVar [[net.UseAdaptiveNetUpdateFrequency:0]]
[2022.04.22-12.45.37:000][  0]LogConfig: Setting CVar [[p.chaos.AllowCreatePhysxBodies:1]]
[2022.04.22-12.45.37:000][  0]LogConfig: Setting CVar [[fx.SkipVectorVMBackendOptimizations:1]]
[2022.04.22-12.45.37:000][  0]LogConfig: Applying CVar settings from Section [ConsoleVariables] File [D:/HoVR-3.0/HovR2/HoVR/Saved/Config/Windows/Engine.ini]
[2022.04.22-12.45.37:000][  0]LogConfig: Applying CVar settings from Section [ConsoleVariables] File [D:/HoVR-3.0/HovR2/HoVR/Saved/Config/Windows/Editor.ini]
[2022.04.22-12.45.37:000][  0]LogInit: Computer: DESKTOP-KUB2QSJ
[2022.04.22-12.45.37:000][  0]LogInit: User: Tank
[2022.04.22-12.45.37:000][  0]LogInit: CPU Page size=4096, Cores=4
[2022.04.22-12.45.37:000][  0]LogInit: High frequency timer resolution =10.000000 MHz
[2022.04.22-12.45.37:000][  0]LogMemory: Memory total: Physical=31.8GB (32GB approx)
[2022.04.22-12.45.37:000][  0]LogMemory: Platform Memory Stats for Windows
[2022.04.22-12.45.37:000][  0]LogMemory: Process Physical Memory: 149.00 MB used, 149.01 MB peak
[2022.04.22-12.45.37:000][  0]LogMemory: Process Virtual Memory: 122.48 MB used, 122.48 MB peak
[2022.04.22-12.45.37:000][  0]LogMemory: Physical Memory: 12231.82 MB used,  20375.80 MB free, 32607.62 MB total
[2022.04.22-12.45.37:000][  0]LogMemory: Virtual Memory: 134198552.00 MB used,  19172.65 MB free, 134217728.00 MB total
[2022.04.22-12.45.37:006][  0]LogWindows: WindowsPlatformFeatures enabled
[2022.04.22-12.45.37:049][  0]LogInit: Physics initialised using underlying interface: PhysX
[2022.04.22-12.45.37:049][  0]LogInit: Using OS detected language (en-GB).
[2022.04.22-12.45.37:049][  0]LogInit: Using OS detected locale (en-GB).
[2022.04.22-12.45.37:053][  0]LogTextLocalizationManager: No specific localization for 'en-GB' exists, so the 'en' localization will be used.
[2022.04.22-12.45.37:344][  0]LogWindowsTextInputMethodSystem: Display: IME system deactivated.
[2022.04.22-12.45.37:394][  0]LogSlate: New Slate User Created.  User Index 0, Is Virtual User: 0
[2022.04.22-12.45.37:394][  0]LogSlate: Slate User Registered.  User Index 0, Is Virtual User: 0
[2022.04.22-12.45.37:428][  0]LogD3D11RHI: Loaded GFSDK_Aftermath_Lib.x64.dll
[2022.04.22-12.45.37:478][  0]LogHMD: Failed to initialize OpenVR with code 108
[2022.04.22-12.45.37:478][  0]LogD3D11RHI: D3D11 min allowed feature level: 11_0
[2022.04.22-12.45.37:478][  0]LogD3D11RHI: D3D11 max allowed feature level: 11_0
[2022.04.22-12.45.37:478][  0]LogD3D11RHI: D3D11 adapters:
[2022.04.22-12.45.37:561][  0]LogD3D11RHI:    0. 'NVIDIA GeForce GTX 980' (Feature Level 11_0)
[2022.04.22-12.45.37:561][  0]LogD3D11RHI:       4053/0/16303 MB DedicatedVideo/DedicatedSystem/SharedSystem, Outputs:1, VendorId:0x10de
[2022.04.22-12.45.37:567][  0]LogD3D11RHI:    1. 'Intel(R) HD Graphics 4600' (Feature Level 11_0)
[2022.04.22-12.45.37:567][  0]LogD3D11RHI:       112/0/2048 MB DedicatedVideo/DedicatedSystem/SharedSystem, Outputs:1, VendorId:0x8086
[2022.04.22-12.45.37:569][  0]LogD3D11RHI:    2. 'Microsoft Basic Render Driver' (Feature Level 11_0)
[2022.04.22-12.45.37:569][  0]LogD3D11RHI:       0/0/16303 MB DedicatedVideo/DedicatedSystem/SharedSystem, Outputs:0, VendorId:0x1414
[2022.04.22-12.45.37:569][  0]LogD3D11RHI: Chosen D3D11 Adapter:
[2022.04.22-12.45.37:569][  0]LogD3D11RHI:     Description : NVIDIA GeForce GTX 980
[2022.04.22-12.45.37:569][  0]LogD3D11RHI:     VendorId    : 10de
[2022.04.22-12.45.37:569][  0]LogD3D11RHI:     DeviceId    : 13c0
[2022.04.22-12.45.37:569][  0]LogD3D11RHI:     SubSysId    : 85181043
[2022.04.22-12.45.37:569][  0]LogD3D11RHI:     Revision    : 00a1
[2022.04.22-12.45.37:569][  0]LogD3D11RHI:     DedicatedVideoMemory : 4250271744 bytes
[2022.04.22-12.45.37:569][  0]LogD3D11RHI:     DedicatedSystemMemory : 0 bytes
[2022.04.22-12.45.37:569][  0]LogD3D11RHI:     SharedSystemMemory : 17095786496 bytes
[2022.04.22-12.45.37:569][  0]LogD3D11RHI:     AdapterLuid : 0 44661
[2022.04.22-12.45.37:573][  0]LogD3D11RHI: Creating new Direct3DDevice
[2022.04.22-12.45.37:573][  0]LogD3D11RHI:     GPU DeviceId: 0x13c0 (for the marketing name, search the web for "GPU Device Id")
[2022.04.22-12.45.37:573][  0]LogWindows: EnumDisplayDevices:
[2022.04.22-12.45.37:573][  0]LogWindows:    0. 'NVIDIA GeForce GTX 980' (P:1 D:1)
[2022.04.22-12.45.37:573][  0]LogWindows:    1. 'NVIDIA GeForce GTX 980' (P:0 D:0)
[2022.04.22-12.45.37:573][  0]LogWindows:    2. 'NVIDIA GeForce GTX 980' (P:0 D:0)
[2022.04.22-12.45.37:573][  0]LogWindows:    3. 'NVIDIA GeForce GTX 980' (P:0 D:0)
[2022.04.22-12.45.37:574][  0]LogWindows:    4. 'Intel(R) HD Graphics 4600' (P:0 D:1)
[2022.04.22-12.45.37:574][  0]LogWindows:    5. 'Intel(R) HD Graphics 4600' (P:0 D:0)
[2022.04.22-12.45.37:574][  0]LogWindows:    6. 'Intel(R) HD Graphics 4600' (P:0 D:0)
[2022.04.22-12.45.37:574][  0]LogWindows: DebugString: PrimaryIsNotTheChoosenAdapter PrimaryIsNotTheChoosenAdapter PrimaryIsNotTheChoosenAdapter FoundDriverCount:4 
[2022.04.22-12.45.37:574][  0]LogD3D11RHI:     Adapter Name: NVIDIA GeForce GTX 980
[2022.04.22-12.45.37:574][  0]LogD3D11RHI:   Driver Version: 471.11 (internal:30.0.14.7111, unified:471.11)
[2022.04.22-12.45.37:574][  0]LogD3D11RHI:      Driver Date: 6-21-2021
[2022.04.22-12.45.37:574][  0]LogRHI: Texture pool is 2837 MB (70% of 4053 MB)
[2022.04.22-12.45.37:574][  0]LogD3D11RHI: Creating D3DDevice using adapter:
[2022.04.22-12.45.37:574][  0]LogD3D11RHI:     Description : NVIDIA GeForce GTX 980
[2022.04.22-12.45.37:574][  0]LogD3D11RHI:     VendorId    : 10de
[2022.04.22-12.45.37:574][  0]LogD3D11RHI:     DeviceId    : 13c0
[2022.04.22-12.45.37:574][  0]LogD3D11RHI:     SubSysId    : 85181043
[2022.04.22-12.45.37:574][  0]LogD3D11RHI:     Revision    : 00a1
[2022.04.22-12.45.37:574][  0]LogD3D11RHI:     DedicatedVideoMemory : 4250271744 bytes
[2022.04.22-12.45.37:574][  0]LogD3D11RHI:     DedicatedSystemMemory : 0 bytes
[2022.04.22-12.45.37:574][  0]LogD3D11RHI:     SharedSystemMemory : 17095786496 bytes
[2022.04.22-12.45.37:574][  0]LogD3D11RHI:     AdapterLuid : 0 44661
[2022.04.22-12.45.37:645][  0]LogD3D11RHI: RHI has support for 64 bit atomics
[2022.04.22-12.45.37:645][  0]LogD3D11RHI: Async texture creation enabled
[2022.04.22-12.45.37:645][  0]LogD3D11RHI: Array index from any shader is supported
[2022.04.22-12.45.37:662][  0]LogD3D11RHI: GPU Timing Frequency: 1000.000000 (Debug: 2 1)
[2022.04.22-12.45.37:688][  0]LogRHI: GeForceNow SDK initialized: 1
[2022.04.22-12.45.37:962][  0]LogTargetPlatformManager: Display: Loaded TargetPlatform 'WindowsNoEditor'
[2022.04.22-12.45.37:967][  0]LogTargetPlatformManager: Display: Loaded TargetPlatform 'Windows'
[2022.04.22-12.45.37:970][  0]LogTargetPlatformManager: Display: Loaded TargetPlatform 'WindowsClient'
[2022.04.22-12.45.37:974][  0]LogTargetPlatformManager: Display: Loaded TargetPlatform 'WindowsServer'
[2022.04.22-12.45.37:975][  0]LogTargetPlatformManager: Display: Building Assets For Windows
[2022.04.22-12.45.37:981][  0]LogAudioDebug: Display: Lib vorbis DLL was dynamically loaded.
[2022.04.22-12.45.38:008][  0]LogTextureFormatOodle: Display: Oodle Texture 2.9.0 init RDO Off
[2022.04.22-12.45.38:038][  0]LogRendererCore: Ray tracing is disabled. Reason: r.RayTracing=0.
[2022.04.22-12.45.38:038][  0]LogShaderCompilers: Guid format shader working directory is 23 characters bigger than the processId version (D:/HoVR-3.0/HovR2/HoVR/Intermediate/Shaders/WorkingDirectory/8908/).
[2022.04.22-12.45.38:039][  0]LogShaderCompilers: Cleaned the shader compiler working directory 'C:/Users/Tank/AppData/Local/Temp/UnrealShaderWorkingDir/6BA2971B4BAC9C82493F4D813BA39ACA/'.
[2022.04.22-12.45.38:039][  0]LogXGEController: Cannot use XGE Controller as Incredibuild is not installed on this machine.
[2022.04.22-12.45.38:039][  0]LogShaderCompilers: Cannot use XGE Shader Compiler as Incredibuild is not installed on this machine.
[2022.04.22-12.45.38:039][  0]LogShaderCompilers: Display: Using Local Shader Compiler.
[2022.04.22-12.45.38:738][  0]LogDerivedDataCache: Display: Max Cache Size: 512 MB
[2022.04.22-12.45.38:794][  0]LogDerivedDataCache: Loaded boot cache 0.06s 94MB C:/Users/Tank/AppData/Local/UnrealEngine/4.27/DerivedDataCache/Boot.ddc.
[2022.04.22-12.45.38:794][  0]LogDerivedDataCache: Display: Loaded Boot cache: C:/Users/Tank/AppData/Local/UnrealEngine/4.27/DerivedDataCache/Boot.ddc
[2022.04.22-12.45.38:794][  0]LogDerivedDataCache: FDerivedDataBackendGraph:  Pak pak cache file D:/HoVR-3.0/HovR2/HoVR/DerivedDataCache/DDC.ddp not found, will not use a pak cache.
[2022.04.22-12.45.38:794][  0]LogDerivedDataCache: Unable to find inner node Pak for hierarchical cache Hierarchy.
[2022.04.22-12.45.38:794][  0]LogDerivedDataCache: FDerivedDataBackendGraph:  CompressedPak pak cache file D:/HoVR-3.0/HovR2/HoVR/DerivedDataCache/Compressed.ddp not found, will not use a pak cache.
[2022.04.22-12.45.38:794][  0]LogDerivedDataCache: Unable to find inner node CompressedPak for hierarchical cache Hierarchy.
[2022.04.22-12.45.38:809][  0]LogDerivedDataCache: Display: Pak cache opened for reading ../../../Engine/DerivedDataCache/Compressed.ddp.
[2022.04.22-12.45.38:809][  0]LogDerivedDataCache: FDerivedDataBackendGraph:  EnterprisePak pak cache file ../../../Enterprise/DerivedDataCache/Compressed.ddp not found, will not use a pak cache.
[2022.04.22-12.45.38:809][  0]LogDerivedDataCache: Unable to find inner node EnterprisePak for hierarchical cache Hierarchy.
[2022.04.22-12.45.38:818][  0]LogDerivedDataCache: Speed tests for C:/Users/Tank/AppData/Local/UnrealEngine/Common/DerivedDataCache took 0.01 seconds
[2022.04.22-12.45.38:818][  0]LogDerivedDataCache: Display: Performance to C:/Users/Tank/AppData/Local/UnrealEngine/Common/DerivedDataCache: Latency=0.03ms. RandomReadSpeed=303.79MBs, RandomWriteSpeed=194.06MBs. Assigned SpeedClass 'Local'
[2022.04.22-12.45.38:818][  0]LogDerivedDataCache: Using Local data cache path C:/Users/Tank/AppData/Local/UnrealEngine/Common/DerivedDataCache: Writable
[2022.04.22-12.45.38:819][  0]LogDerivedDataCache: Shared data cache path not found in *engine.ini, will not use an Shared cache.
[2022.04.22-12.45.38:819][  0]LogDerivedDataCache: Unable to find inner node Shared for hierarchical cache Hierarchy.
[2022.04.22-12.45.38:859][  0]LogSlate: Using FreeType 2.10.0
[2022.04.22-12.45.38:859][  0]LogSlate: SlateFontServices - WITH_FREETYPE: 1, WITH_HARFBUZZ: 1
[2022.04.22-12.45.38:936][  0]LogInit: Using OS detected language (en-GB).
[2022.04.22-12.45.38:936][  0]LogInit: Using OS detected locale (en-GB).
[2022.04.22-12.45.38:936][  0]LogTextLocalizationManager: No localization for 'en-GB' exists, so 'en' will be used for the language.
[2022.04.22-12.45.38:936][  0]LogTextLocalizationManager: No localization for 'en-GB' exists, so 'en' will be used for the locale.
[2022.04.22-12.45.38:936][  0]LogSlate: FontCache flush requested. Reason: Culture for localization was changed
[2022.04.22-12.45.38:936][  0]LogSlate: FontCache flush requested. Reason: Culture for localization was changed
[2022.04.22-12.45.38:939][  0]LogTextLocalizationManager: Compacting localization data took   0.00ms
[2022.04.22-12.45.38:939][  0]LogAssetRegistry: FAssetRegistry took 0.0019 seconds to start up
[2022.04.22-12.45.39:096][  0]LogPackageLocalizationCache: Processed 27 localized package path(s) for 1 prioritized culture(s) in 0.001088 seconds
[2022.04.22-12.45.39:153][  0]LogInit: Selected Device Profile: [Windows]
[2022.04.22-12.45.39:153][  0]LogInit: Active device profile: [0000024FD150D400][0000024FCEBD1800 49] Windows
[2022.04.22-12.45.39:153][  0]LogInit: Profiles: [0000024FD150D400][0000024FCEBD1800 49] Windows, [0000024FD14CEC00][0000024FCEBD5980 49] WindowsNoEditor, [0000024FD150E200][0000024FCEBD9B00 49] WindowsServer, [0000024FD14CF900][0000024FCEE1A100 49] WindowsClient, [0000024FD150EF00][0000024FCEE1E280 49] IOS, [0000024FD14CD600][0000024FCEE22400 49] iPadAir, [0000024FD150FC00][0000024FCEE26580 49] iPadAir2, [0000024FD1476600][0000024FCEE2E840 49] IPadPro, [0000024FD1476700][0000024FCEE2A880 49] iPadAir3, [0000024FD14CC300][0000024FCEE32A00 49] iPadAir4, [0000024FD1477500][0000024FCEE36B80 49] iPadMini2, [0000024FD14CF000][0000024FCEE3AD00 49] iPadMini3, [0000024FD1476400][0000024FCEE3EE80 49] iPadMini4, [0000024FD14CDF00][0000024FCEE43000 49] iPadMini5, [0000024FD14A5F00][0000024FCEE4B2C0 49] iPhone6, [0000024FD14A6000][0000024FCEE47300 49] iPodTouch6, [0000024FD150ED00][0000024FCEBCD580 49] iPhone7, [0000024FD150D500][0000024FCEE4F5C0 49] iPodTouch7, [0000024FD1477200][0000024FCEE53700 49] iPhone5S, [0000024FD150E000][0000024FCEE57840 49] iPhone6Plus, [0000024FD1475200][0000024FCEE5F9C0 49] iPhone6S, [0000024FD150EB00][0000024FCEE63B40 49] iPhone6SPlus, [0000024FD1474A00][0000024FCFB10140 49] iPhone7Plus, [0000024FD150D100][0000024FCFB142C0 49] iPhoneSE, [0000024FD1474800][0000024FCFB18440 49] iPhone8, [0000024FD150EC00][0000024FCFB1C5C0 49] iPhone8Plus, [0000024FD1477100][0000024FCFB20740 49] iPhoneX, [0000024FD150CF00][0000024FCFB248C0 49] iPhoneXS, [0000024FD1476F00][0000024FCFB28A40 49] iPhoneXSMax, [0000024FD150E900][0000024FCFB2CBC0 49] iPhoneXR, [0000024FD14A4400][0000024FCFB30D40 49] iPhone11, [0000024FD1475300][0000024FCFB34EC0 49] iPhone11Pro, [0000024FD14A4C00][0000024FCFB39040 49] iPhone11ProMax, [0000024FD1475B00][0000024FCFB3D1C0 49] iPhoneSE2, [0000024FD14A5400][0000024FCFB41340 49] iPhone12Mini, [0000024FD1476300][0000024FCFB454C0 49] iPhone12, [0000024FD14A5A00][0000024FCFB49640 49] iPhone12Pro, [0000024FD1476100][0000024FCEE5B780 49] iPhone12ProMax, [0000024FD14A5D00][0000024FCFB4D8C0 49] iPadPro105, [0000024FD1475C00][0000024FCFB51A00 49] iPadPro129, [0000024FD14A7F00][0000024FCFB55B40 49] iPadPro97, [0000024FD1474400][0000024FCFB5C140 49] iPadPro2_129, [0000024FD150DD00][0000024FCFB602C0 49] iPad5, [0000024FD14A5E00][0000024FCFB64440 49] iPad6, [0000024FD1475F00][0000024FCFB685C0 49] iPad7, [0000024FD14A4800][0000024FCFB6C740 49] iPad8, [0000024FD1474900][0000024FCFB708C0 49] iPadPro11, [0000024FD14A4900][0000024FCFB74A40 49] iPadPro2_11, [0000024FD1475400][0000024FCFB78BC0 49] iPadPro3_129, [0000024FD14A4F00][0000024FCFB7CD40 49] iPadPro4_129, [0000024FD1474D00][0000024FCFB80EC0 49] AppleTV, [0000024FD14A4500][0000024FCFB85040 49] AppleTV4K, [0000024FD1474100][0000024FCFB891C0 49] TVOS, [0000024FD14A7000][0000024FCFB8D340 49] Mac, [0000024FD1477700][0000024FCFB914C0 49] MacClient, [0000024FD14A6500][0000024FCFB95640 49] MacNoEditor, [0000024FD1475800][0000024FCFB997C0 49] MacServer, [0000024FD14A6E00][0000024FCFB59900 49] Linux, [0000024FD1476500][0000024FCFB9DA40 49] LinuxAArch64, [0000024FD14A4300][0000024FCFBA1B80 49] LinuxNoEditor, [0000024FD1477400][0000024FCFBA4140 49] LinuxAArch64NoEditor, [0000024FD14A5700][0000024FCFBAC2C0 49] LinuxClient, [0000024FD1474300][0000024FCF188440 49] LinuxAArch64Client, [0000024FD14A7300][0000024FCF18C5C0 49] LinuxServer, [0000024FD1477000][0000024FCF190740 49] LinuxAArch64Server, [0000024FD14A6700][0000024FCF1948C0 49] Android, [0000024FD1475D00][0000024FCF198A40 49] Android_Low, [0000024FD14A6A00][0000024FCF19CBC0 49] Android_Mid, [0000024FD1475100][0000024FCF1A0D40 49] Android_High, [0000024FD14A6100][0000024FCF1A4EC0 49] Android_Default, [0000024FD1474500][0000024FCF1A9040 49] Android_Adreno4xx, [0000024FD14A6F00][0000024FCF1AD1C0 49] Android_Adreno5xx_Low, [0000024FD1476900][0000024FCF1B1340 49] Android_Adreno5xx, [0000024FD14A4200][0000024FCF1B54C0 49] Android_Adreno6xx, [0000024FD1477A00][0000024FCF1B9640 49] Android_Adreno6xx_Vulkan, [0000024FD14A7B00][0000024FCF1BD7C0 49] Android_Mali_T6xx, [0000024FD1475600][0000024FCF1C1940 49] Android_Mali_T7xx, [0000024FD14A5C00][0000024FCF1C5AC0 49] Android_Mali_T8xx, [0000024FD1475A00][0000024FCFBA9C00 49] Android_Mali_G71, [0000024FD14A5300][0000024FCF1C81C0 49] Android_Mali_G72, [0000024FD1477B00][0000024FCF1CC300 49] Android_Mali_G72_Vulkan, [0000024FD14A7600][0000024FCF1D4480 49] Android_Mali_G76, [0000024FD1476C00][0000024FCF1D8600 49] Android_Mali_G76_Vulkan, [0000024FD14A5000][0000024FCF1DC780 49] Android_Mali_G77, [0000024FD1475000][0000024FCF1E0900 49] Android_Mali_G77_Vulkan, [0000024FD14A6C00][0000024FCF1E4A80 49] Android_Mali_G78, [0000024FD1474C00][0000024FCF1E8C00 49] Android_Mali_G78_Vulkan, [0000024FD14A6D00][0000024FCF1ECD80 49] Android_Mali_G710, [0000024FD1474700][0000024FCF1F0F00 49] Android_Mali_G710_Vulkan, [0000024FD14CE000][0000024FCF1F5080 49] Android_Vulkan_SM5, [0000024FD150CE00][0000024FCF1F9200 49] Android_PowerVR_G6xxx, [0000024FD14CCB00][0000024FCF1FD380 49] Android_PowerVR_GT7xxx, [0000024FD150C400][0000024FCF201500 49] Android_PowerVR_GE8xxx, [0000024FD14CF600][0000024FCF205680 49] Android_PowerVR_GM9xxx, [0000024FD150FF00][0000024FCF209800 49] Android_PowerVR_GM9xxx_Vulkan, [0000024FD14CCD00][0000024FCF20D980 49] Android_TegraK1, [0000024FD150EA00][0000024FCF211B00 49] Android_Unknown_Vulkan, [0000024FD14CD700][0000024FCF214100 49] Lumin, [0000024FD150F400][0000024FCF1D0240 49] Lumin_Desktop, [0000024FD14CC400][0000024FCF218380 49] HoloLens, 
[2022.04.22-12.45.39:188][  0]LogMeshReduction: Using QuadricMeshReduction for automatic static mesh reduction
[2022.04.22-12.45.39:188][  0]LogMeshReduction: Using SimplygonMeshReduction for automatic skeletal mesh reduction
[2022.04.22-12.45.39:188][  0]LogMeshReduction: Using ProxyLODMeshReduction for automatic mesh merging
[2022.04.22-12.45.39:188][  0]LogMeshReduction: No distributed automatic mesh merging module available
[2022.04.22-12.45.39:188][  0]LogMeshMerging: No distributed automatic mesh merging module available
[2022.04.22-12.45.39:302][  0]LogNetVersion: HoVR 1.0.0, NetCL: 17155196, EngineNetVer: 17, GameNetVer: 0 (Checksum: 269602150)
[2022.04.22-12.45.39:517][  0]LogTexture: Default maximum texture size for cubemaps generated from long-lat sources has been changed from 512 to unlimited. In order to preserve old behaiour for '/Engine/MapTemplates/Sky/DaylightAmbientCubemap.DaylightAmbientCubemap', its maximum texture size has been explicitly set to 512.
[2022.04.22-12.45.39:569][  0]LogHMD: PokeAHoleMaterial loaded successfully
[2022.04.22-12.45.39:659][  0]LogMoviePlayer: Initializing movie player
[2022.04.22-12.45.39:752][  0]LogNiagaraDebuggerClient: Niagara Debugger Client Initialized | Session: 79B6F9AB4CD6A5B644E02396069406A0 | Instance: 0A05E07F44E60731DB56F296E150D7C4 (DESKTOP-KUB2QSJ-8908).
[2022.04.22-12.45.39:772][  0]LogCollectionManager: Loaded 0 collections in 0.001794 seconds
[2022.04.22-12.45.39:774][  0]LogFileCache: Scanning file cache for directory 'D:/HoVR-3.0/HovR2/HoVR/Saved/Collections/' took 0.00s
[2022.04.22-12.45.39:774][  0]LogFileCache: Scanning file cache for directory 'D:/HoVR-3.0/HovR2/HoVR/Content/Developers/Tank/Collections/' took 0.00s
[2022.04.22-12.45.39:774][  0]LogFileCache: Scanning file cache for directory 'D:/HoVR-3.0/HovR2/HoVR/Content/Collections/' took 0.00s
[2022.04.22-12.45.39:774][  0]LogCollectionManager: Fixed up redirectors for 0 collections in 0.000002 seconds (updated 0 objects)
[2022.04.22-12.45.39:789][  0]LogPython: Using Python 3.7.7
[2022.04.22-12.45.40:269][  0]LogTcpMessaging: Initializing TcpMessaging bridge
[2022.04.22-12.45.40:275][  0]LogUdpMessaging: Initializing bridge on interface 0.0.0.0:0 to multicast group 230.0.0.1:6666.
[2022.04.22-12.45.40:420][  0]LogOpenImageDenoise: OIDN starting up
[2022.04.22-12.45.40:451][  0]LogAndroidPermission: UAndroidPermissionCallbackProxy::GetInstance
[2022.04.22-12.45.40:464][  0]LogAudioCaptureCore: Display: No Audio Capture implementations found. Audio input will be silent.
[2022.04.22-12.45.40:464][  0]LogAudioCaptureCore: Display: No Audio Capture implementations found. Audio input will be silent.
[2022.04.22-12.45.40:520][  0]SourceControl: Source control is disabled
[2022.04.22-12.45.40:520][  0]SourceControl: Source control is disabled
[2022.04.22-12.45.40:523][  0]SourceControl: Source control is disabled
[2022.04.22-12.45.40:528][  0]LogUProjectInfo: Found projects:
[2022.04.22-12.45.40:550][  0]LogOcInput: OculusInput pre-init called
[2022.04.22-12.45.40:558][  0]LogUObjectArray: 22132 objects as part of root set at end of initial load.
[2022.04.22-12.45.40:558][  0]LogUObjectAllocator: 5978592 out of 0 bytes used by permanent object pool.
[2022.04.22-12.45.40:558][  0]LogUObjectArray: CloseDisregardForGC: 0/0 objects in disregard for GC pool
[2022.04.22-12.45.40:597][  0]LogClass: Display: IntProperty FRegisteredDeviceInfo::Handle is not initialized properly. Module:RawInput File:Public/RawInputFunctionLibrary.h
[2022.04.22-12.45.40:597][  0]LogClass: Display: IntProperty FRegisteredDeviceInfo::VendorID is not initialized properly. Module:RawInput File:Public/RawInputFunctionLibrary.h
[2022.04.22-12.45.40:597][  0]LogClass: Display: IntProperty FRegisteredDeviceInfo::ProductID is not initialized properly. Module:RawInput File:Public/RawInputFunctionLibrary.h
[2022.04.22-12.45.40:597][  0]LogClass: Display: 3 Uninitialized script struct members found including 0 object properties
[2022.04.22-12.45.40:598][  0]LogEngine: Initializing Engine...
[2022.04.22-12.45.40:650][  0]LogHMD: Failed to initialize OpenVR with code 108
[2022.04.22-12.45.41:262][  0]LogHMD: Optional extension XR_VARJO_quad_views is not available
[2022.04.22-12.45.41:262][  0]LogHMD: Warning: Required extension XR_EXT_hand_tracking is not available
[2022.04.22-12.45.41:262][  0]LogHMD: Could not enable all required OpenXR extensions for OpenXRHandTracking on current system. This plugin will be loaded but ignored, but will be enabled on a target platform that supports the required extension.
[2022.04.22-12.45.41:262][  0]LogHMD: Warning: Required extension XR_EXT_eye_gaze_interaction is not available
[2022.04.22-12.45.41:262][  0]LogHMD: Could not enable all required OpenXR extensions for OpenXREyeTracker on current system. This plugin will be loaded but ignored, but will be enabled on a target platform that supports the required extension.
[2022.04.22-12.45.41:361][  0]LogHMD: Failed to create an OpenXR instance, result is XR_ERROR_RUNTIME_UNAVAILABLE. Please check if you have an OpenXR runtime installed. The following extensions were enabled:
[2022.04.22-12.45.41:361][  0]LogHMD: - XR_KHR_D3D11_enable
[2022.04.22-12.45.41:361][  0]LogHMD: - XR_KHR_D3D12_enable
[2022.04.22-12.45.41:361][  0]LogHMD: - XR_KHR_opengl_enable
[2022.04.22-12.45.41:361][  0]LogHMD: - XR_KHR_vulkan_enable
[2022.04.22-12.45.41:361][  0]LogHMD: - XR_KHR_composition_layer_depth
[2022.04.22-12.45.41:361][  0]LogHMD: - XR_KHR_visibility_mask
[2022.04.22-12.45.41:362][  0]LogMagicLeap: Warning: VR disabled because ZI is not enabled.  To enable, in the editor, Edit -> Project Settings -> Plugins -> Magic Leap Plugin -> Enable Zero Iteration
[2022.04.22-12.45.41:363][  0]LogStats: UGameplayTagsManager::InitializeManager -  0.000 s
[2022.04.22-12.45.41:450][  0]LogInit: Initializing FReadOnlyCVARCache
[2022.04.22-12.45.41:450][  0]LogAudio: Display: Initializing Audio Device Manager...
[2022.04.22-12.45.41:454][  0]LogAudio: Display: Loading Default Audio Settings Objects...
[2022.04.22-12.45.41:454][  0]LogAudio: Display: No default SoundConcurrencyObject specified (or failed to load).
[2022.04.22-12.45.41:455][  0]LogAudio: Display: Audio Device Manager Initialized
[2022.04.22-12.45.41:455][  0]LogAudio: Display: Creating Audio Device:                 Id: 1, Scope: Shared, Realtime: True
[2022.04.22-12.45.41:455][  0]LogAudioMixer: Display: Audio Mixer Platform Settings:
[2022.04.22-12.45.41:455][  0]LogAudioMixer: Display: 	Sample Rate:						  48000
[2022.04.22-12.45.41:455][  0]LogAudioMixer: Display: 	Callback Buffer Frame Size Requested: 1024
[2022.04.22-12.45.41:455][  0]LogAudioMixer: Display: 	Callback Buffer Frame Size To Use:	  1024
[2022.04.22-12.45.41:455][  0]LogAudioMixer: Display: 	Number of buffers to queue:			  2
[2022.04.22-12.45.41:455][  0]LogAudioMixer: Display: 	Max Channels (voices):				  32
[2022.04.22-12.45.41:455][  0]LogAudioMixer: Display: 	Number of Async Source Workers:		  0
[2022.04.22-12.45.41:455][  0]LogAudio: Display: AudioDevice MaxSources: 32
[2022.04.22-12.45.41:455][  0]LogAudio: Display: Audio Spatialization Plugin: None (built-in).
[2022.04.22-12.45.41:455][  0]LogAudio: Display: Audio Reverb Plugin: None (built-in).
[2022.04.22-12.45.41:455][  0]LogAudio: Display: Audio Occlusion Plugin: None (built-in).
[2022.04.22-12.45.41:455][  0]LogAudioMixer: Display: Initializing audio mixer.
[2022.04.22-12.45.41:475][  0]LogAudioMixer: Display: 0: FrontLeft
[2022.04.22-12.45.41:475][  0]LogAudioMixer: Display: 1: FrontRight
[2022.04.22-12.45.41:498][  0]LogAudioMixer: Display: Using Audio Device Speakers (Realtek High Definition Audio)
[2022.04.22-12.45.41:503][  0]LogAudioMixer: Display: Initializing Sound Submixes...
[2022.04.22-12.45.41:505][  0]LogAudioMixer: Display: Creating Master Submix 'MasterSubmixDefault'
[2022.04.22-12.45.41:505][  0]LogAudioMixer: Display: Creating Master Submix 'MasterReverbSubmixDefault'
[2022.04.22-12.45.41:505][  0]LogAudioMixer: Display: Creating Master Submix 'MasterEQSubmixDefault'
[2022.04.22-12.45.41:506][  0]LogAudioMixer: FMixerPlatformXAudio2::StartAudioStream() called
[2022.04.22-12.45.41:506][  0]LogAudioMixer: Display: Output buffers initialized: Frames=1024, Channels=2, Samples=2048
[2022.04.22-12.45.41:506][  0]LogAudioMixer: Display: Starting AudioMixerPlatformInterface::RunInternal()
[2022.04.22-12.45.41:506][  0]LogAudioMixer: Display: FMixerPlatformXAudio2::SubmitBuffer() called for the first time
[2022.04.22-12.45.41:506][  0]LogInit: FAudioDevice initialized.
[2022.04.22-12.45.41:507][  0]LogNetVersion: Set ProjectVersion to 1.0.0.0. Version Checksum will be recalculated on next use.
[2022.04.22-12.45.41:509][  0]LogInit: Texture streaming: Enabled
[2022.04.22-12.45.41:562][  0]LogAudio: Display: Audio Device (ID: 1) registered with world 'Untitled'.
[2022.04.22-12.45.41:563][  0]LogSlate: Updating window title bar state: overlay mode, drag disabled, window buttons hidden, title bar hidden
[2022.04.22-12.45.41:564][  0]LogInit: Display: Game Engine Initialized.
[2022.04.22-12.45.41:564][  0]LogNiagaraEditor: GEditor isn't valid! Particle reset commands will not work for Niagara components!
[2022.04.22-12.45.41:670][  0]LogInit: Display: Starting Game.
[2022.04.22-12.45.41:670][  0]LogNet: Browse: /Game/Map/Minimal_Default?Name=Player
[2022.04.22-12.45.41:670][  0]LogLoad: LoadMap: /Game/Map/Minimal_Default?Name=Player
[2022.04.22-12.45.41:670][  0]LogWorld: BeginTearingDown for /Temp/Untitled_0
[2022.04.22-12.45.41:672][  0]LogWorld: UWorld::CleanupWorld for Untitled, bSessionEnded=true, bCleanupResources=true
[2022.04.22-12.45.41:672][  0]LogSlate: InvalidateAllWidgets triggered.  All widgets were invalidated
[2022.04.22-12.45.41:676][  0]LogAudio: Display: Audio Device unregistered from world 'None'.
[2022.04.22-12.45.41:679][  0]LogUObjectHash: Compacting FUObjectHashTables data took   0.82ms
[2022.04.22-12.45.42:695][  0]LogAudio: Display: Audio Device (ID: 1) registered with world 'Minimal_Default'.
[2022.04.22-12.45.42:703][  0]LogAIModule: Creating AISystem for world Minimal_Default
[2022.04.22-12.45.42:705][  0]LogUObjectGlobals: Warning: Failed to load '/Game/ThirdPersonBP/Blueprints/ThirdPersonGameMode': Can't find file.
[2022.04.22-12.45.42:705][  0]LogUObjectGlobals: Warning: Failed to load '/Game/ThirdPersonBP/Blueprints/ThirdPersonGameMode': Can't find file.
[2022.04.22-12.45.42:705][  0]LogUObjectGlobals: Warning: Failed to find object 'Class /Game/ThirdPersonBP/Blueprints/ThirdPersonGameMode.ThirdPersonGameMode_C'
[2022.04.22-12.45.42:705][  0]LogLoad: Game class is 'GameModeBase'
[2022.04.22-12.45.42:797][  0]LogWorld: Bringing World /Game/Map/Minimal_Default.Minimal_Default up for play (max tick rate 0) at 2022.04.22-13.45.42
[2022.04.22-12.45.42:798][  0]LogWorld: Bringing up level for play took: 0.092257
[2022.04.22-12.45.42:801][  0]LogScript: Warning: Accessed None trying to read property TrackRef
	CarObstacle_C /Game/Map/Minimal_Default.Minimal_Default:PersistentLevel.CarObstacle3_6
	Function /Game/ThirdPersonBP/CarObstacle.CarObstacle_C:ExecuteUbergraph_CarObstacle:0047
[2022.04.22-12.45.42:801][  0]LogScript: Warning: Script call stack:
	Function /Game/ThirdPersonBP/CarObstacle.CarObstacle_C:CarMover__UpdateFunc
	Function /Game/ThirdPersonBP/CarObstacle.CarObstacle_C:ExecuteUbergraph_CarObstacle

[2022.04.22-12.45.42:801][  0]LogScript: Warning: Accessed None
	CarObstacle_C /Game/Map/Minimal_Default.Minimal_Default:PersistentLevel.CarObstacle3_6
	Function /Game/ThirdPersonBP/CarObstacle.CarObstacle_C:ExecuteUbergraph_CarObstacle:005C
[2022.04.22-12.45.42:801][  0]LogScript: Warning: Script call stack:
	Function /Game/ThirdPersonBP/CarObstacle.CarObstacle_C:CarMover__UpdateFunc
	Function /Game/ThirdPersonBP/CarObstacle.CarObstacle_C:ExecuteUbergraph_CarObstacle

[2022.04.22-12.45.42:801][  0]LogScript: Warning: Accessed None trying to read property TrackRef
	CarObstacle_C /Game/Map/Minimal_Default.Minimal_Default:PersistentLevel.CarObstacle3_6
	Function /Game/ThirdPersonBP/CarObstacle.CarObstacle_C:ExecuteUbergraph_CarObstacle:00C2
[2022.04.22-12.45.42:801][  0]LogScript: Warning: Script call stack:
	Function /Game/ThirdPersonBP/CarObstacle.CarObstacle_C:CarMover__UpdateFunc
	Function /Game/ThirdPersonBP/CarObstacle.CarObstacle_C:ExecuteUbergraph_CarObstacle

[2022.04.22-12.45.42:801][  0]LogScript: Warning: Accessed None
	CarObstacle_C /Game/Map/Minimal_Default.Minimal_Default:PersistentLevel.CarObstacle3_6
	Function /Game/ThirdPersonBP/CarObstacle.CarObstacle_C:ExecuteUbergraph_CarObstacle:00D7
[2022.04.22-12.45.42:802][  0]LogScript: Warning: Script call stack:
	Function /Game/ThirdPersonBP/CarObstacle.CarObstacle_C:CarMover__UpdateFunc
	Function /Game/ThirdPersonBP/CarObstacle.CarObstacle_C:ExecuteUbergraph_CarObstacle

[2022.04.22-12.45.42:802][  0]LogScript: Warning: Accessed None trying to read property TrackRef
	CarObstacle_C /Game/Map/Minimal_Default.Minimal_Default:PersistentLevel.CarObstacle3_6
	Function /Game/ThirdPersonBP/CarObstacle.CarObstacle_C:ExecuteUbergraph_CarObstacle:0115
[2022.04.22-12.45.42:802][  0]LogScript: Warning: Script call stack:
	Function /Game/ThirdPersonBP/CarObstacle.CarObstacle_C:CarMover__UpdateFunc
	Function /Game/ThirdPersonBP/CarObstacle.CarObstacle_C:ExecuteUbergraph_CarObstacle

[2022.04.22-12.45.42:802][  0]LogScript: Warning: Accessed None
	CarObstacle_C /Game/Map/Minimal_Default.Minimal_Default:PersistentLevel.CarObstacle3_6
	Function /Game/ThirdPersonBP/CarObstacle.CarObstacle_C:ExecuteUbergraph_CarObstacle:012A
[2022.04.22-12.45.42:802][  0]LogScript: Warning: Script call stack:
	Function /Game/ThirdPersonBP/CarObstacle.CarObstacle_C:CarMover__UpdateFunc
	Function /Game/ThirdPersonBP/CarObstacle.CarObstacle_C:ExecuteUbergraph_CarObstacle

[2022.04.22-12.45.42:802][  0]LogBlueprintUserMessages: [Minimal_Default_C_0] Translation: X=-366950.000 Y=-359500.000 Z=192.000 Rotation: P=0.000000 Y=0.000000 R=0.000000 Scale X=1.000 Y=1.000 Z=1.000
[2022.04.22-12.45.42:803][  0]LogLoad: Took 1.132646 seconds to LoadMap(/Game/Map/Minimal_Default)
[2022.04.22-12.45.43:022][  0]LogSlate: Took 0.000180 seconds to synchronously load lazily loaded font '../../../Engine/Content/Slate/Fonts/Roboto-Regular.ttf' (155K)
[2022.04.22-12.45.43:092][  0]LogRenderer: Reallocating scene render targets to support 1280x720 Format 10 NumSamples 1 (Frame:1).
[2022.04.22-12.45.43:092][  0]LogInit: Display: Engine is initialized. Leaving FEngineLoop::Init()
[2022.04.22-12.45.43:092][  0]LogLoad: (Engine Initialization) Total time: 7.56 seconds
[2022.04.22-12.45.43:092][  0]LogLoad: (Engine Initialization) Total Blueprint compile time: 0.00 seconds
[2022.04.22-12.45.43:094][  0]LogRawInputWindows: Warning: Found device 4 devices
[2022.04.22-12.45.43:094][  0]LogRawInputWindows: Warning: Found device 4 devices
[2022.04.22-12.45.43:094][  0]LogRawInputWindows: VenderID:44f ProductID:402
[2022.04.22-12.45.43:094][  0]LogRawInputWindows: Device was registered succesfully and is connected (Usage:4 UsagePage:1)
[2022.04.22-12.45.43:096][  0]LogContentStreaming: Texture pool size now 1000 MB
[2022.04.22-12.45.43:102][  0]LogSlate: InvalidateAllWidgets triggered.  All widgets were invalidated
[2022.04.22-12.45.43:119][  0]LogRenderer: Reallocating scene render targets to support 128x128 Format 10 NumSamples 1 (Frame:1).
[2022.04.22-12.45.43:219][  0]LogRenderer: Reallocating scene render targets to support 1280x720 Format 10 NumSamples 1 (Frame:2).
[2022.04.22-12.45.43:243][  1]LogScript: Warning: Accessed None trying to read property TrackRef
	CarObstacle_C /Game/Map/Minimal_Default.Minimal_Default:PersistentLevel.CarObstacle3_6
	Function /Game/ThirdPersonBP/CarObstacle.CarObstacle_C:ExecuteUbergraph_CarObstacle:0047
[2022.04.22-12.45.43:243][  1]LogScript: Warning: Script call stack:
	Function /Game/ThirdPersonBP/CarObstacle.CarObstacle_C:CarMover__UpdateFunc
	Function /Game/ThirdPersonBP/CarObstacle.CarObstacle_C:ExecuteUbergraph_CarObstacle

[2022.04.22-12.45.43:243][  1]LogScript: Warning: Accessed None
	CarObstacle_C /Game/Map/Minimal_Default.Minimal_Default:PersistentLevel.CarObstacle3_6
	Function /Game/ThirdPersonBP/CarObstacle.CarObstacle_C:ExecuteUbergraph_CarObstacle:005C
[2022.04.22-12.45.43:243][  1]LogScript: Warning: Script call stack:
	Function /Game/ThirdPersonBP/CarObstacle.CarObstacle_C:CarMover__UpdateFunc
	Function /Game/ThirdPersonBP/CarObstacle.CarObstacle_C:ExecuteUbergraph_CarObstacle

[2022.04.22-12.45.43:243][  1]LogScript: Warning: Accessed None trying to read property TrackRef
	CarObstacle_C /Game/Map/Minimal_Default.Minimal_Default:PersistentLevel.CarObstacle3_6
	Function /Game/ThirdPersonBP/CarObstacle.CarObstacle_C:ExecuteUbergraph_CarObstacle:00C2
[2022.04.22-12.45.43:243][  1]LogScript: Warning: Script call stack:
	Function /Game/ThirdPersonBP/CarObstacle.CarObstacle_C:CarMover__UpdateFunc
	Function /Game/ThirdPersonBP/CarObstacle.CarObstacle_C:ExecuteUbergraph_CarObstacle

[2022.04.22-12.45.43:243][  1]LogScript: Warning: Accessed None
	CarObstacle_C /Game/Map/Minimal_Default.Minimal_Default:PersistentLevel.CarObstacle3_6
	Function /Game/ThirdPersonBP/CarObstacle.CarObstacle_C:ExecuteUbergraph_CarObstacle:00D7
[2022.04.22-12.45.43:243][  1]LogScript: Warning: Script call stack:
	Function /Game/ThirdPersonBP/CarObstacle.CarObstacle_C:CarMover__UpdateFunc
	Function /Game/ThirdPersonBP/CarObstacle.CarObstacle_C:ExecuteUbergraph_CarObstacle

[2022.04.22-12.45.43:243][  1]LogScript: Warning: Accessed None trying to read property TrackRef
	CarObstacle_C /Game/Map/Minimal_Default.Minimal_Default:PersistentLevel.CarObstacle3_6
	Function /Game/ThirdPersonBP/CarObstacle.CarObstacle_C:ExecuteUbergraph_CarObstacle:0115
[2022.04.22-12.45.43:243][  1]LogScript: Warning: Script call stack:
	Function /Game/ThirdPersonBP/CarObstacle.CarObstacle_C:CarMover__UpdateFunc
	Function /Game/ThirdPersonBP/CarObstacle.CarObstacle_C:ExecuteUbergraph_CarObstacle

[2022.04.22-12.45.43:243][  1]LogScript: Warning: Accessed None
	CarObstacle_C /Game/Map/Minimal_Default.Minimal_Default:PersistentLevel.CarObstacle3_6
	Function /Game/ThirdPersonBP/CarObstacle.CarObstacle_C:ExecuteUbergraph_CarObstacle:012A
[2022.04.22-12.45.43:243][  1]LogScript: Warning: Script call stack:
	Function /Game/ThirdPersonBP/CarObstacle.CarObstacle_C:CarMover__UpdateFunc
	Function /Game/ThirdPersonBP/CarObstacle.CarObstacle_C:ExecuteUbergraph_CarObstacle

[2022.04.22-12.45.43:245][  1]LogSlate: Took 0.000166 seconds to synchronously load lazily loaded font '../../../Engine/Content/Slate/Fonts/Roboto-Regular.ttf' (155K)
[2022.04.22-12.45.43:250][  2]LogScript: Warning: Accessed None trying to read property TrackRef
	CarObstacle_C /Game/Map/Minimal_Default.Minimal_Default:PersistentLevel.CarObstacle3_6
	Function /Game/ThirdPersonBP/CarObstacle.CarObstacle_C:ExecuteUbergraph_CarObstacle:0047
[2022.04.22-12.45.43:250][  2]LogScript: Warning: Script call stack:
	Function /Game/ThirdPersonBP/CarObstacle.CarObstacle_C:CarMover__UpdateFunc
	Function /Game/ThirdPersonBP/CarObstacle.CarObstacle_C:ExecuteUbergraph_CarObstacle

[2022.04.22-12.45.43:250][  2]LogScript: Warning: Accessed None
	CarObstacle_C /Game/Map/Minimal_Default.Minimal_Default:PersistentLevel.CarObstacle3_6
	Function /Game/ThirdPersonBP/CarObstacle.CarObstacle_C:ExecuteUbergraph_CarObstacle:005C
[2022.04.22-12.45.43:250][  2]LogScript: Warning: Script call stack:
	Function /Game/ThirdPersonBP/CarObstacle.CarObstacle_C:CarMover__UpdateFunc
	Function /Game/ThirdPersonBP/CarObstacle.CarObstacle_C:ExecuteUbergraph_CarObstacle

[2022.04.22-12.45.43:250][  2]LogScript: Warning: Accessed None trying to read property TrackRef
	CarObstacle_C /Game/Map/Minimal_Default.Minimal_Default:PersistentLevel.CarObstacle3_6
	Function /Game/ThirdPersonBP/CarObstacle.CarObstacle_C:ExecuteUbergraph_CarObstacle:00C2
[2022.04.22-12.45.43:250][  2]LogScript: Warning: Script call stack:
	Function /Game/ThirdPersonBP/CarObstacle.CarObstacle_C:CarMover__UpdateFunc
	Function /Game/ThirdPersonBP/CarObstacle.CarObstacle_C:ExecuteUbergraph_CarObstacle

[2022.04.22-12.45.43:250][  2]LogScript: Warning: Accessed None
	CarObstacle_C /Game/Map/Minimal_Default.Minimal_Default:PersistentLevel.CarObstacle3_6
	Function /Game/ThirdPersonBP/CarObstacle.CarObstacle_C:ExecuteUbergraph_CarObstacle:00D7
[2022.04.22-12.45.43:250][  2]LogScript: Warning: Script call stack:
	Function /Game/ThirdPersonBP/CarObstacle.CarObstacle_C:CarMover__UpdateFunc
	Function /Game/ThirdPersonBP/CarObstacle.CarObstacle_C:ExecuteUbergraph_CarObstacle

[2022.04.22-12.45.53:594][916]LogSlate: Window 'HoVR (64-bit Development PCD3D_SM5) ' being destroyed
[2022.04.22-12.45.53:595][916]LogWindowsTextInputMethodSystem: Display: IME system deactivated.
[2022.04.22-12.45.53:599][916]LogWindowsTextInputMethodSystem: Display: IME system deactivated.
[2022.04.22-12.45.53:600][916]LogSlate: Updating window title bar state: overlay mode, drag disabled, window buttons hidden, title bar hidden
[2022.04.22-12.45.53:600][916]LogEngine: All Windows Closed
[2022.04.22-12.45.53:600][916]LogWindows: FPlatformMisc::RequestExit(0)
[2022.04.22-12.45.53:600][916]LogWindows: FPlatformMisc::RequestExitWithStatus(0, 0)
[2022.04.22-12.45.53:600][916]LogCore: Engine exit requested (reason: Win RequestExit)
[2022.04.22-12.45.53:600][917]LogCore: Engine exit requested (reason: EngineExit() was called; note: exit was already requested)
[2022.04.22-12.45.53:600][917]LogInit: Display: PreExit Game.
[2022.04.22-12.45.53:607][917]LogWorld: BeginTearingDown for /Game/Map/Minimal_Default
[2022.04.22-12.45.53:609][917]LogWorld: UWorld::CleanupWorld for Minimal_Default, bSessionEnded=true, bCleanupResources=true
[2022.04.22-12.45.53:618][917]LogSlate: InvalidateAllWidgets triggered.  All widgets were invalidated
[2022.04.22-12.45.54:371][917]LogAudio: Display: Beginning Audio Device Manager Shutdown (Module: AudioMixerXAudio2)...
[2022.04.22-12.45.54:371][917]LogAudio: Display: Destroying 1 Remaining Audio Device(s)...
[2022.04.22-12.45.54:371][917]LogAudio: Display: Audio Device unregistered from world 'Minimal_Default'.
