Log file open, 04/26/22 14:24:36
LogWindows: Failed to load 'aqProf.dll' (GetLastError=126)
LogWindows: File 'aqProf.dll' does not exist
LogWindows: Failed to load 'VtuneApi.dll' (GetLastError=126)
LogWindows: File 'VtuneApi.dll' does not exist
LogWindows: Failed to load 'VtuneApi32e.dll' (GetLastError=126)
LogWindows: File 'VtuneApi32e.dll' does not exist
LogConsoleResponse: Display: Failed to find resolution value strings in scalability ini. Falling back to default.
LogConsoleResponse: Display: Failed to find resolution value strings in scalability ini. Falling back to default.
LogInit: Display: Running engine for game: HoVR
LogPlatformFile: Not using cached read wrapper
LogTaskGraph: Started task graph with 5 named threads and 23 total threads with 3 sets of task threads.
LogStats: Stats thread started at 0.282395
LogICUInternationalization: ICU TimeZone Detection - Raw Offset: +0:00, Platform Override: ''
LogInit: Display: Loading text-based GConfig....
LogPluginManager: Mounting plugin MeshPainting
LogPluginManager: Mounting plugin XGEController
LogPluginManager: Mounting plugin Paper2D
LogPluginManager: Mounting plugin EnvironmentQueryEditor
LogPluginManager: Mounting plugin LiveLink
LogPluginManager: Mounting plugin LightPropagationVolume
LogPluginManager: Mounting plugin CameraShakePreviewer
LogPluginManager: Mounting plugin GameplayCameras
LogPluginManager: Mounting plugin AnimationSharing
LogPluginManager: Mounting plugin CodeLiteSourceCodeAccess
LogPluginManager: Mounting plugin CLionSourceCodeAccess
LogPluginManager: Mounting plugin GitSourceControl
LogPluginManager: Mounting plugin KDevelopSourceCodeAccess
LogPluginManager: Mounting plugin NullSourceCodeAccess
LogPluginManager: Mounting plugin PerforceSourceControl
LogPluginManager: Mounting plugin PluginUtils
LogPluginManager: Mounting plugin PlasticSourceControl
LogPluginManager: Mounting plugin PropertyAccessNode
LogPluginManager: Mounting plugin AISupport
LogPluginManager: Mounting plugin SubversionSourceControl
LogPluginManager: Mounting plugin TextureFormatOodle
LogPluginManager: Mounting plugin PixWinPlugin
LogPluginManager: Mounting plugin RiderSourceCodeAccess
LogPluginManager: Mounting plugin VisualStudioCodeSourceCodeAccess
LogPluginManager: Mounting plugin VisualStudioSourceCodeAccess
LogPluginManager: Mounting plugin XCodeSourceCodeAccess
LogPluginManager: Mounting plugin UObjectPlugin
LogPluginManager: Mounting plugin DatasmithContent
LogPluginManager: Mounting plugin VariantManagerContent
LogPluginManager: Mounting plugin MagicLeap
LogPluginManager: Mounting plugin LuminPlatformFeatures
LogPluginManager: Mounting plugin MagicLeapMedia
LogPluginManager: Mounting plugin MagicLeapLightEstimation
LogPluginManager: Mounting plugin MLSDK
LogPluginManager: Mounting plugin MagicLeapPassableWorld
LogPluginManager: Mounting plugin AlembicImporter
LogPluginManager: Mounting plugin Niagara
LogPluginManager: Mounting plugin AutomationUtils
LogPluginManager: Mounting plugin BackChannel
LogPluginManager: Mounting plugin ChaosCloth
LogPluginManager: Mounting plugin ChaosClothEditor
LogPluginManager: Mounting plugin ChaosNiagara
LogPluginManager: Mounting plugin ChaosSolverPlugin
LogPluginManager: Mounting plugin ChaosEditor
LogPluginManager: Mounting plugin CharacterAI
LogPluginManager: Mounting plugin GeometryCollectionPlugin
LogPluginManager: Mounting plugin GeometryProcessing
LogPluginManager: Mounting plugin GeometryCache
LogPluginManager: Mounting plugin MotoSynth
LogPluginManager: Mounting plugin OpenImageDenoise
LogPluginManager: Mounting plugin PlanarCut
LogPluginManager: Mounting plugin PlatformCrypto
LogPluginManager: Mounting plugin ProxyLODPlugin
LogPluginManager: Mounting plugin PythonScriptPlugin
LogPluginManager: Mounting plugin RawInput
LogPluginManager: Mounting plugin SkeletalReduction
LogPluginManager: Mounting plugin UdpMessaging
LogPluginManager: Mounting plugin ActorSequence
LogPluginManager: Mounting plugin TcpMessaging
LogPluginManager: Mounting plugin MatineeToLevelSequence
LogPluginManager: Mounting plugin LevelSequenceEditor
LogPluginManager: Mounting plugin TemplateSequence
LogPluginManager: Mounting plugin LauncherChunkInstaller
LogPluginManager: Mounting plugin OnlineSubsystem
LogPluginManager: Mounting plugin OnlineSubsystemNull
LogPluginManager: Mounting plugin OnlineSubsystemUtils
LogPluginManager: Mounting plugin ActorLayerUtilities
LogPluginManager: Mounting plugin AndroidDeviceProfileSelector
LogPluginManager: Mounting plugin AndroidMoviePlayer
LogPluginManager: Mounting plugin AndroidPermission
LogPluginManager: Mounting plugin AppleImageUtils
LogPluginManager: Mounting plugin AppleMoviePlayer
LogPluginManager: Mounting plugin ArchVisCharacter
LogPluginManager: Mounting plugin AssetTags
LogPluginManager: Mounting plugin AudioCapture
LogPluginManager: Mounting plugin AudioSynesthesia
LogPluginManager: Mounting plugin CableComponent
LogPluginManager: Mounting plugin ChunkDownloader
LogPluginManager: Mounting plugin CustomMeshComponent
LogPluginManager: Mounting plugin EditableMesh
LogPluginManager: Mounting plugin ExampleDeviceProfileSelector
LogPluginManager: Mounting plugin GoogleCloudMessaging
LogPluginManager: Mounting plugin GooglePAD
LogPluginManager: Mounting plugin ScreenshotTools
LogPluginManager: Mounting plugin IOSDeviceProfileSelector
LogPluginManager: Mounting plugin LinuxDeviceProfileSelector
LogPluginManager: Mounting plugin LocationServicesBPLibrary
LogPluginManager: Mounting plugin MobilePatchingUtils
LogPluginManager: Mounting plugin OpenXR
LogPluginManager: Mounting plugin OpenXRHandTracking
LogPluginManager: Mounting plugin OpenXREyeTracker
LogPluginManager: Mounting plugin PhysXVehicles
LogPluginManager: Mounting plugin Takes
LogPluginManager: Mounting plugin ProceduralMeshComponent
LogPluginManager: Mounting plugin PropertyAccessEditor
LogPluginManager: Mounting plugin RuntimePhysXCooking
LogPluginManager: Mounting plugin SignificanceManager
LogPluginManager: Mounting plugin PostSplashScreen
LogPluginManager: Mounting plugin SoundFields
LogPluginManager: Mounting plugin WebMMoviePlayer
LogPluginManager: Mounting plugin WindowsMoviePlayer
LogPluginManager: Mounting plugin Synthesis
LogPluginManager: Mounting plugin AndroidMedia
LogPluginManager: Mounting plugin AvfMedia
LogPluginManager: Mounting plugin ImgMedia
LogPluginManager: Mounting plugin MediaCompositing
LogPluginManager: Mounting plugin MediaPlayerEditor
LogPluginManager: Mounting plugin WebMMedia
LogPluginManager: Mounting plugin AssetManagerEditor
LogPluginManager: Mounting plugin WmfMedia
LogPluginManager: Mounting plugin CryptoKeys
LogPluginManager: Mounting plugin CurveEditorTools
LogPluginManager: Mounting plugin DataValidation
LogPluginManager: Mounting plugin FacialAnimation
LogPluginManager: Mounting plugin GameplayTagsEditor
LogPluginManager: Mounting plugin GeometryMode
LogPluginManager: Mounting plugin MacGraphicsSwitching
LogPluginManager: Mounting plugin MaterialAnalyzer
LogPluginManager: Mounting plugin MobileLauncherProfileWizard
LogPluginManager: Mounting plugin PluginBrowser
LogPluginManager: Mounting plugin SpeedTreeImporter
LogPluginManager: Mounting plugin OodleData
LogPluginManager: Mounting plugin OodleNetwork
LogPluginManager: Mounting plugin OnlineSubsystemGooglePlay
LogPluginManager: Mounting plugin OnlineSubsystemIOS
LogPluginManager: Mounting plugin OculusVR
LogPluginManager: Mounting plugin SteamVR
LogPluginManager: Mounting plugin ContentBrowserAssetDataSource
LogPluginManager: Mounting plugin ContentBrowserClassDataSource
LogPluginManager: Mounting plugin ContentBrowserFileDataSource
PixWinPlugin: PIX capture plugin failed to initialize! Check that the process is launched from PIX.
LogInit: Using libcurl 7.55.1-DEV
LogInit:  - built for x86_64-pc-win32
LogInit:  - supports SSL with OpenSSL/1.1.1
LogInit:  - supports HTTP deflate (compression) using libz 1.2.8
LogInit:  - other features:
LogInit:      CURL_VERSION_SSL
LogInit:      CURL_VERSION_LIBZ
LogInit:      CURL_VERSION_IPV6
LogInit:      CURL_VERSION_ASYNCHDNS
LogInit:      CURL_VERSION_LARGEFILE
LogInit:      CURL_VERSION_IDN
LogInit:  CurlRequestOptions (configurable via config and command line):
LogInit:  - bVerifyPeer = true  - Libcurl will verify peer certificate
LogInit:  - bUseHttpProxy = false  - Libcurl will NOT use HTTP proxy
LogInit:  - bDontReuseConnections = false  - Libcurl will reuse connections
LogInit:  - MaxHostConnections = 16  - Libcurl will limit the number of connections to a host
LogInit:  - LocalHostAddr = Default
LogInit:  - BufferSize = 65536
LogOnline: OSS: Creating online subsystem instance for: NULL
LogInit: WinSock: version 1.1 (2.2), MaxSocks=32767, MaxUdp=65467
LogOnline: OSS: TryLoadSubsystemAndSetDefault: Loaded subsystem for module [NULL]
LogOculusPluginWrapper: OculusPlugin initialized successfully
LogHMD: Failed initializing OVRPlugin 1.59.0
LogInit: Build: ++UE4+Release-4.27-CL-18319896
LogInit: Engine Version: 4.27.2-18319896+++UE4+Release-4.27
LogInit: Compatible Engine Version: 4.27.0-17155196+++UE4+Release-4.27
LogInit: Net CL: 17155196
LogInit: OS: Windows 10 (Release 2009) (), CPU: Intel(R) Core(TM) i7-4790K CPU @ 4.00GHz, GPU: NVIDIA GeForce GTX 980
LogInit: Compiled (64-bit): Nov 30 2021 07:12:08
LogInit: Compiled with Visual C++: 19.24.28315.00
LogInit: Build Configuration: Development
LogInit: Branch Name: ++UE4+Release-4.27
LogInit: Command Line:  /Game/Map/Minimal_Default -game -PIEVIACONSOLE -Multiprocess GameUserSettingsINI=D:/HoVR-3.0/HovR2/HoVR/Saved/Config/Windows/PIEGameUserSettings0.ini -MultiprocessSaveConfig -forcepassthrough -messaging -SessionName="Play in Standalone Game" -windowed -WinX=320 -WinY=184 SAVEWINPOS=1 -ResX=1280 -ResY=720
LogInit: Base Directory: C:/Program Files/Epic Games/UE_4.27/Engine/Binaries/Win64/
LogInit: Allocator: TBB
LogInit: Installed Engine Build: 1
LogDevObjectVersion: Number of dev versions registered: 29
LogDevObjectVersion:   Dev-Blueprints (B0D832E4-1F89-4F0D-ACCF-7EB736FD4AA2): 10
LogDevObjectVersion:   Dev-Build (E1C64328-A22C-4D53-A36C-8E866417BD8C): 0
LogDevObjectVersion:   Dev-Core (375EC13C-06E4-48FB-B500-84F0262A717E): 4
LogDevObjectVersion:   Dev-Editor (E4B068ED-F494-42E9-A231-DA0B2E46BB41): 40
LogDevObjectVersion:   Dev-Framework (CFFC743F-43B0-4480-9391-14DF171D2073): 37
LogDevObjectVersion:   Dev-Mobile (B02B49B5-BB20-44E9-A304-32B752E40360): 3
LogDevObjectVersion:   Dev-Networking (A4E4105C-59A1-49B5-A7C5-40C4547EDFEE): 0
LogDevObjectVersion:   Dev-Online (39C831C9-5AE6-47DC-9A44-9C173E1C8E7C): 0
LogDevObjectVersion:   Dev-Physics (78F01B33-EBEA-4F98-B9B4-84EACCB95AA2): 14
LogDevObjectVersion:   Dev-Platform (6631380F-2D4D-43E0-8009-CF276956A95A): 0
LogDevObjectVersion:   Dev-Rendering (12F88B9F-8875-4AFC-A67C-D90C383ABD29): 45
LogDevObjectVersion:   Dev-Sequencer (7B5AE74C-D270-4C10-A958-57980B212A5A): 13
LogDevObjectVersion:   Dev-VR (D7296918-1DD6-4BDD-9DE2-64A83CC13884): 3
LogDevObjectVersion:   Dev-LoadTimes (C2A15278-BFE7-4AFE-6C17-90FF531DF755): 1
LogDevObjectVersion:   Private-Geometry (6EACA3D4-40EC-4CC1-B786-8BED09428FC5): 3
LogDevObjectVersion:   Dev-AnimPhys (29E575DD-E0A3-4627-9D10-D276232CDCEA): 17
LogDevObjectVersion:   Dev-Anim (AF43A65D-7FD3-4947-9873-3E8ED9C1BB05): 15
LogDevObjectVersion:   Dev-ReflectionCapture (6B266CEC-1EC7-4B8F-A30B-E4D90942FC07): 1
LogDevObjectVersion:   Dev-Automation (0DF73D61-A23F-47EA-B727-89E90C41499A): 1
LogDevObjectVersion:   FortniteMain (601D1886-AC64-4F84-AA16-D3DE0DEAC7D6): 47
LogDevObjectVersion:   FortniteRelease (E7086368-6B23-4C58-8439-1B7016265E91): 1
LogDevObjectVersion:   Dev-Enterprise (9DFFBCD6-494F-0158-E221-12823C92A888): 10
LogDevObjectVersion:   Dev-Niagara (F2AED0AC-9AFE-416F-8664-AA7FFA26D6FC): 1
LogDevObjectVersion:   Dev-Destruction (174F1F0B-B4C6-45A5-B13F-2EE8D0FB917D): 10
LogDevObjectVersion:   Dev-Physics-Ext (35F94A83-E258-406C-A318-09F59610247C): 41
LogDevObjectVersion:   Dev-PhysicsMaterial-Chaos (B68FC16E-8B1B-42E2-B453-215C058844FE): 1
LogDevObjectVersion:   Dev-CineCamera (B2E18506-4273-CFC2-A54E-F4BB758BBA07): 1
LogDevObjectVersion:   Dev-VirtualProduction (64F58936-FD1B-42BA-BA96-7289D5D0FA4E): 1
LogDevObjectVersion:   Dev-MediaFramework (6F0ED827-A609-4895-9C91-998D90180EA4): 2
LogInit: Presizing for max 25165824 objects, including 0 objects not considered by GC, pre-allocating 0 bytes for permanent pool.
LogConfig: Applying CVar settings from Section [/Script/Engine.StreamingSettings] File [D:/HoVR-3.0/HovR2/HoVR/Saved/Config/Windows/Engine.ini]
LogConfig: Setting CVar [[s.MinBulkDataSizeForAsyncLoading:131072]]
LogConfig: Setting CVar [[s.AsyncLoadingThreadEnabled:0]]
LogConfig: Setting CVar [[s.EventDrivenLoaderEnabled:1]]
LogConfig: Setting CVar [[s.WarnIfTimeLimitExceeded:0]]
LogConfig: Setting CVar [[s.TimeLimitExceededMultiplier:1.5]]
LogConfig: Setting CVar [[s.TimeLimitExceededMinTime:0.005]]
LogConfig: Setting CVar [[s.UseBackgroundLevelStreaming:1]]
LogConfig: Setting CVar [[s.PriorityAsyncLoadingExtraTime:15.0]]
LogConfig: Setting CVar [[s.LevelStreamingActorsUpdateTimeLimit:5.0]]
LogConfig: Setting CVar [[s.PriorityLevelStreamingActorsUpdateExtraTime:5.0]]
LogConfig: Setting CVar [[s.LevelStreamingComponentsRegistrationGranularity:10]]
LogConfig: Setting CVar [[s.UnregisterComponentsTimeLimit:1.0]]
LogConfig: Setting CVar [[s.LevelStreamingComponentsUnregistrationGranularity:5]]
LogConfig: Setting CVar [[s.FlushStreamingOnExit:1]]
LogInit: Object subsystem initialized
LogConfig: Setting CVar [[con.DebugEarlyDefault:1]]
LogConfig: Setting CVar [[r.setres:1280x720]]
[2022.04.26-13.24.37:585][  0]LogConfig: Setting CVar [[con.DebugEarlyDefault:1]]
[2022.04.26-13.24.37:585][  0]LogConfig: Setting CVar [[r.setres:1280x720]]
[2022.04.26-13.24.37:585][  0]LogConfig: Applying CVar settings from Section [/Script/Engine.RendererSettings] File [D:/HoVR-3.0/HovR2/HoVR/Saved/Config/Windows/Engine.ini]
[2022.04.26-13.24.37:585][  0]LogConfig: Setting CVar [[r.GPUCrashDebugging:0]]
[2022.04.26-13.24.37:585][  0]LogConfig: Applying CVar settings from Section [/Script/Engine.RendererOverrideSettings] File [D:/HoVR-3.0/HovR2/HoVR/Saved/Config/Windows/Engine.ini]
[2022.04.26-13.24.37:585][  0]LogConfig: Applying CVar settings from Section [/Script/Engine.StreamingSettings] File [D:/HoVR-3.0/HovR2/HoVR/Saved/Config/Windows/Engine.ini]
[2022.04.26-13.24.37:585][  0]LogConfig: Setting CVar [[s.MinBulkDataSizeForAsyncLoading:131072]]
[2022.04.26-13.24.37:585][  0]LogConfig: Setting CVar [[s.AsyncLoadingThreadEnabled:0]]
[2022.04.26-13.24.37:585][  0]LogConfig: Setting CVar [[s.EventDrivenLoaderEnabled:1]]
[2022.04.26-13.24.37:585][  0]LogConfig: Setting CVar [[s.WarnIfTimeLimitExceeded:0]]
[2022.04.26-13.24.37:585][  0]LogConfig: Setting CVar [[s.TimeLimitExceededMultiplier:1.5]]
[2022.04.26-13.24.37:585][  0]LogConfig: Setting CVar [[s.TimeLimitExceededMinTime:0.005]]
[2022.04.26-13.24.37:585][  0]LogConfig: Setting CVar [[s.UseBackgroundLevelStreaming:1]]
[2022.04.26-13.24.37:585][  0]LogConfig: Setting CVar [[s.PriorityAsyncLoadingExtraTime:15.0]]
[2022.04.26-13.24.37:585][  0]LogConfig: Setting CVar [[s.LevelStreamingActorsUpdateTimeLimit:5.0]]
[2022.04.26-13.24.37:585][  0]LogConfig: Setting CVar [[s.PriorityLevelStreamingActorsUpdateExtraTime:5.0]]
[2022.04.26-13.24.37:585][  0]LogConfig: Setting CVar [[s.LevelStreamingComponentsRegistrationGranularity:10]]
[2022.04.26-13.24.37:585][  0]LogConfig: Setting CVar [[s.UnregisterComponentsTimeLimit:1.0]]
[2022.04.26-13.24.37:585][  0]LogConfig: Setting CVar [[s.LevelStreamingComponentsUnregistrationGranularity:5]]
[2022.04.26-13.24.37:585][  0]LogConfig: Setting CVar [[s.FlushStreamingOnExit:1]]
[2022.04.26-13.24.37:585][  0]LogConfig: Applying CVar settings from Section [/Script/Engine.GarbageCollectionSettings] File [D:/HoVR-3.0/HovR2/HoVR/Saved/Config/Windows/Engine.ini]
[2022.04.26-13.24.37:585][  0]LogConfig: Setting CVar [[gc.MaxObjectsNotConsideredByGC:1]]
[2022.04.26-13.24.37:585][  0]LogConfig: Setting CVar [[gc.SizeOfPermanentObjectPool:0]]
[2022.04.26-13.24.37:585][  0]LogConfig: Setting CVar [[gc.FlushStreamingOnGC:0]]
[2022.04.26-13.24.37:585][  0]LogConfig: Setting CVar [[gc.NumRetriesBeforeForcingGC:10]]
[2022.04.26-13.24.37:585][  0]LogConfig: Setting CVar [[gc.AllowParallelGC:1]]
[2022.04.26-13.24.37:585][  0]LogConfig: Setting CVar [[gc.TimeBetweenPurgingPendingKillObjects:61.1]]
[2022.04.26-13.24.37:585][  0]LogConfig: Setting CVar [[gc.MaxObjectsInEditor:25165824]]
[2022.04.26-13.24.37:585][  0]LogConfig: Setting CVar [[gc.IncrementalBeginDestroyEnabled:1]]
[2022.04.26-13.24.37:585][  0]LogConfig: Setting CVar [[gc.CreateGCClusters:1]]
[2022.04.26-13.24.37:585][  0]LogConfig: Setting CVar [[gc.MinGCClusterSize:5]]
[2022.04.26-13.24.37:585][  0]LogConfig: Setting CVar [[gc.ActorClusteringEnabled:0]]
[2022.04.26-13.24.37:585][  0]LogConfig: Setting CVar [[gc.BlueprintClusteringEnabled:0]]
[2022.04.26-13.24.37:585][  0]LogConfig: Setting CVar [[gc.UseDisregardForGCOnDedicatedServers:0]]
[2022.04.26-13.24.37:585][  0]LogConfig: Setting CVar [[gc.MultithreadedDestructionEnabled:1]]
[2022.04.26-13.24.37:585][  0]LogConfig: Applying CVar settings from Section [/Script/Engine.NetworkSettings] File [D:/HoVR-3.0/HovR2/HoVR/Saved/Config/Windows/Engine.ini]
[2022.04.26-13.24.37:585][  0]LogConfig: Applying CVar settings from Section [/Script/UnrealEd.CookerSettings] File [D:/HoVR-3.0/HovR2/HoVR/Saved/Config/Windows/Engine.ini]
[2022.04.26-13.24.37:614][  0]LogConfig: Applying CVar settings from Section [ViewDistanceQuality@3] File [D:/HoVR-3.0/HovR2/HoVR/Saved/Config/Windows/Scalability.ini]
[2022.04.26-13.24.37:614][  0]LogConfig: Setting CVar [[r.SkeletalMeshLODBias:0]]
[2022.04.26-13.24.37:614][  0]LogConfig: Setting CVar [[r.ViewDistanceScale:1.0]]
[2022.04.26-13.24.37:614][  0]LogConfig: Applying CVar settings from Section [AntiAliasingQuality@3] File [D:/HoVR-3.0/HovR2/HoVR/Saved/Config/Windows/Scalability.ini]
[2022.04.26-13.24.37:614][  0]LogConfig: Setting CVar [[r.PostProcessAAQuality:4]]
[2022.04.26-13.24.37:614][  0]LogConfig: Applying CVar settings from Section [ShadowQuality@3] File [D:/HoVR-3.0/HovR2/HoVR/Saved/Config/Windows/Scalability.ini]
[2022.04.26-13.24.37:614][  0]LogConfig: Setting CVar [[r.LightFunctionQuality:1]]
[2022.04.26-13.24.37:614][  0]LogConfig: Setting CVar [[r.ShadowQuality:5]]
[2022.04.26-13.24.37:614][  0]LogConfig: Setting CVar [[r.Shadow.CSM.MaxCascades:10]]
[2022.04.26-13.24.37:614][  0]LogConfig: Setting CVar [[r.Shadow.MaxResolution:2048]]
[2022.04.26-13.24.37:614][  0]LogConfig: Setting CVar [[r.Shadow.MaxCSMResolution:2048]]
[2022.04.26-13.24.37:614][  0]LogConfig: Setting CVar [[r.Shadow.RadiusThreshold:0.01]]
[2022.04.26-13.24.37:614][  0]LogConfig: Setting CVar [[r.Shadow.DistanceScale:1.0]]
[2022.04.26-13.24.37:614][  0]LogConfig: Setting CVar [[r.Shadow.CSM.TransitionScale:1.0]]
[2022.04.26-13.24.37:614][  0]LogConfig: Setting CVar [[r.Shadow.PreShadowResolutionFactor:1.0]]
[2022.04.26-13.24.37:614][  0]LogConfig: Setting CVar [[r.DistanceFieldShadowing:1]]
[2022.04.26-13.24.37:614][  0]LogConfig: Setting CVar [[r.DistanceFieldAO:1]]
[2022.04.26-13.24.37:614][  0]LogConfig: Setting CVar [[r.AOQuality:2]]
[2022.04.26-13.24.37:614][  0]LogConfig: Setting CVar [[r.VolumetricFog:1]]
[2022.04.26-13.24.37:614][  0]LogConfig: Setting CVar [[r.VolumetricFog.GridPixelSize:8]]
[2022.04.26-13.24.37:614][  0]LogConfig: Setting CVar [[r.VolumetricFog.GridSizeZ:128]]
[2022.04.26-13.24.37:614][  0]LogConfig: Setting CVar [[r.VolumetricFog.HistoryMissSupersampleCount:4]]
[2022.04.26-13.24.37:614][  0]LogConfig: Setting CVar [[r.LightMaxDrawDistanceScale:1]]
[2022.04.26-13.24.37:614][  0]LogConfig: Setting CVar [[r.CapsuleShadows:1]]
[2022.04.26-13.24.37:614][  0]LogConfig: Applying CVar settings from Section [PostProcessQuality@3] File [D:/HoVR-3.0/HovR2/HoVR/Saved/Config/Windows/Scalability.ini]
[2022.04.26-13.24.37:614][  0]LogConfig: Setting CVar [[r.MotionBlurQuality:4]]
[2022.04.26-13.24.37:614][  0]LogConfig: Setting CVar [[r.AmbientOcclusionMipLevelFactor:0.4]]
[2022.04.26-13.24.37:614][  0]LogConfig: Setting CVar [[r.AmbientOcclusionMaxQuality:100]]
[2022.04.26-13.24.37:614][  0]LogConfig: Setting CVar [[r.AmbientOcclusionLevels:-1]]
[2022.04.26-13.24.37:614][  0]LogConfig: Setting CVar [[r.AmbientOcclusionRadiusScale:1.0]]
[2022.04.26-13.24.37:614][  0]LogConfig: Setting CVar [[r.DepthOfFieldQuality:2]]
[2022.04.26-13.24.37:614][  0]LogConfig: Setting CVar [[r.RenderTargetPoolMin:400]]
[2022.04.26-13.24.37:614][  0]LogConfig: Setting CVar [[r.LensFlareQuality:2]]
[2022.04.26-13.24.37:614][  0]LogConfig: Setting CVar [[r.SceneColorFringeQuality:1]]
[2022.04.26-13.24.37:614][  0]LogConfig: Setting CVar [[r.EyeAdaptationQuality:2]]
[2022.04.26-13.24.37:614][  0]LogConfig: Setting CVar [[r.BloomQuality:5]]
[2022.04.26-13.24.37:614][  0]LogConfig: Setting CVar [[r.FastBlurThreshold:100]]
[2022.04.26-13.24.37:614][  0]LogConfig: Setting CVar [[r.Upscale.Quality:3]]
[2022.04.26-13.24.37:614][  0]LogConfig: Setting CVar [[r.Tonemapper.GrainQuantization:1]]
[2022.04.26-13.24.37:614][  0]LogConfig: Setting CVar [[r.LightShaftQuality:1]]
[2022.04.26-13.24.37:614][  0]LogConfig: Setting CVar [[r.Filter.SizeScale:1]]
[2022.04.26-13.24.37:614][  0]LogConfig: Setting CVar [[r.Tonemapper.Quality:5]]
[2022.04.26-13.24.37:614][  0]LogConfig: Setting CVar [[r.DOF.Gather.AccumulatorQuality:1        ; higher gathering accumulator quality]]
[2022.04.26-13.24.37:614][  0]LogConfig: Setting CVar [[r.DOF.Gather.PostfilterMethod:1          ; Median3x3 postfilering method]]
[2022.04.26-13.24.37:614][  0]LogConfig: Setting CVar [[r.DOF.Gather.EnableBokehSettings:0       ; no bokeh simulation when gathering]]
[2022.04.26-13.24.37:614][  0]LogConfig: Setting CVar [[r.DOF.Gather.RingCount:4                 ; medium number of samples when gathering]]
[2022.04.26-13.24.37:614][  0]LogConfig: Setting CVar [[r.DOF.Scatter.ForegroundCompositing:1    ; additive foreground scattering]]
[2022.04.26-13.24.37:614][  0]LogConfig: Setting CVar [[r.DOF.Scatter.BackgroundCompositing:2    ; additive background scattering]]
[2022.04.26-13.24.37:614][  0]LogConfig: Setting CVar [[r.DOF.Scatter.EnableBokehSettings:1      ; bokeh simulation when scattering]]
[2022.04.26-13.24.37:614][  0]LogConfig: Setting CVar [[r.DOF.Scatter.MaxSpriteRatio:0.1         ; only a maximum of 10% of scattered bokeh]]
[2022.04.26-13.24.37:614][  0]LogConfig: Setting CVar [[r.DOF.Recombine.Quality:1                ; cheap slight out of focus]]
[2022.04.26-13.24.37:614][  0]LogConfig: Setting CVar [[r.DOF.Recombine.EnableBokehSettings:0    ; no bokeh simulation on slight out of focus]]
[2022.04.26-13.24.37:614][  0]LogConfig: Setting CVar [[r.DOF.TemporalAAQuality:1                ; more stable temporal accumulation]]
[2022.04.26-13.24.37:614][  0]LogConfig: Setting CVar [[r.DOF.Kernel.MaxForegroundRadius:0.025]]
[2022.04.26-13.24.37:614][  0]LogConfig: Setting CVar [[r.DOF.Kernel.MaxBackgroundRadius:0.025]]
[2022.04.26-13.24.37:614][  0]LogConfig: Applying CVar settings from Section [TextureQuality@3] File [D:/HoVR-3.0/HovR2/HoVR/Saved/Config/Windows/Scalability.ini]
[2022.04.26-13.24.37:614][  0]LogConfig: Setting CVar [[r.Streaming.MipBias:0]]
[2022.04.26-13.24.37:614][  0]LogConfig: Setting CVar [[r.Streaming.AmortizeCPUToGPUCopy:0]]
[2022.04.26-13.24.37:614][  0]LogConfig: Setting CVar [[r.Streaming.MaxNumTexturesToStreamPerFrame:0]]
[2022.04.26-13.24.37:614][  0]LogConfig: Setting CVar [[r.Streaming.Boost:1]]
[2022.04.26-13.24.37:614][  0]LogConfig: Setting CVar [[r.MaxAnisotropy:8]]
[2022.04.26-13.24.37:614][  0]LogConfig: Setting CVar [[r.VT.MaxAnisotropy:8]]
[2022.04.26-13.24.37:614][  0]LogConfig: Setting CVar [[r.Streaming.LimitPoolSizeToVRAM:0]]
[2022.04.26-13.24.37:614][  0]LogConfig: Setting CVar [[r.Streaming.PoolSize:1000]]
[2022.04.26-13.24.37:614][  0]LogConfig: Setting CVar [[r.Streaming.MaxEffectiveScreenSize:0]]
[2022.04.26-13.24.37:615][  0]LogConfig: Applying CVar settings from Section [EffectsQuality@3] File [D:/HoVR-3.0/HovR2/HoVR/Saved/Config/Windows/Scalability.ini]
[2022.04.26-13.24.37:615][  0]LogConfig: Setting CVar [[r.TranslucencyLightingVolumeDim:64]]
[2022.04.26-13.24.37:615][  0]LogConfig: Setting CVar [[r.RefractionQuality:2]]
[2022.04.26-13.24.37:615][  0]LogConfig: Setting CVar [[r.SSR.Quality:3]]
[2022.04.26-13.24.37:615][  0]LogConfig: Setting CVar [[r.SSR.HalfResSceneColor:0]]
[2022.04.26-13.24.37:615][  0]LogConfig: Setting CVar [[r.SceneColorFormat:4]]
[2022.04.26-13.24.37:615][  0]LogConfig: Setting CVar [[r.DetailMode:2]]
[2022.04.26-13.24.37:615][  0]LogConfig: Setting CVar [[r.TranslucencyVolumeBlur:1]]
[2022.04.26-13.24.37:615][  0]LogConfig: Setting CVar [[r.MaterialQualityLevel:1 ; High quality]]
[2022.04.26-13.24.37:615][  0]LogConfig: Setting CVar [[r.AnisotropicMaterials:1]]
[2022.04.26-13.24.37:615][  0]LogConfig: Setting CVar [[r.SSS.Scale:1]]
[2022.04.26-13.24.37:615][  0]LogConfig: Setting CVar [[r.SSS.SampleSet:2]]
[2022.04.26-13.24.37:615][  0]LogConfig: Setting CVar [[r.SSS.Quality:1]]
[2022.04.26-13.24.37:615][  0]LogConfig: Setting CVar [[r.SSS.HalfRes:0]]
[2022.04.26-13.24.37:615][  0]LogConfig: Setting CVar [[r.SSGI.Quality:3]]
[2022.04.26-13.24.37:615][  0]LogConfig: Setting CVar [[r.EmitterSpawnRateScale:1.0]]
[2022.04.26-13.24.37:615][  0]LogConfig: Setting CVar [[r.ParticleLightQuality:2]]
[2022.04.26-13.24.37:615][  0]LogConfig: Setting CVar [[r.SkyAtmosphere.AerialPerspectiveLUT.FastApplyOnOpaque:1 ; Always have FastSkyLUT 1 in this case to avoid wrong sky]]
[2022.04.26-13.24.37:615][  0]LogConfig: Setting CVar [[r.SkyAtmosphere.AerialPerspectiveLUT.SampleCountMaxPerSlice:4]]
[2022.04.26-13.24.37:615][  0]LogConfig: Setting CVar [[r.SkyAtmosphere.AerialPerspectiveLUT.DepthResolution:16.0]]
[2022.04.26-13.24.37:615][  0]LogConfig: Setting CVar [[r.SkyAtmosphere.FastSkyLUT:1]]
[2022.04.26-13.24.37:615][  0]LogConfig: Setting CVar [[r.SkyAtmosphere.FastSkyLUT.SampleCountMin:4.0]]
[2022.04.26-13.24.37:615][  0]LogConfig: Setting CVar [[r.SkyAtmosphere.FastSkyLUT.SampleCountMax:128.0]]
[2022.04.26-13.24.37:615][  0]LogConfig: Setting CVar [[r.SkyAtmosphere.SampleCountMin:4.0]]
[2022.04.26-13.24.37:615][  0]LogConfig: Setting CVar [[r.SkyAtmosphere.SampleCountMax:128.0]]
[2022.04.26-13.24.37:615][  0]LogConfig: Setting CVar [[r.SkyAtmosphere.TransmittanceLUT.UseSmallFormat:0]]
[2022.04.26-13.24.37:615][  0]LogConfig: Setting CVar [[r.SkyAtmosphere.TransmittanceLUT.SampleCount:10.0]]
[2022.04.26-13.24.37:615][  0]LogConfig: Setting CVar [[r.SkyAtmosphere.MultiScatteringLUT.SampleCount:15.0]]
[2022.04.26-13.24.37:615][  0]LogConfig: Setting CVar [[r.SkyLight.RealTimeReflectionCapture:1]]
[2022.04.26-13.24.37:615][  0]LogConfig: Applying CVar settings from Section [FoliageQuality@3] File [D:/HoVR-3.0/HovR2/HoVR/Saved/Config/Windows/Scalability.ini]
[2022.04.26-13.24.37:615][  0]LogConfig: Setting CVar [[foliage.DensityScale:1.0]]
[2022.04.26-13.24.37:615][  0]LogConfig: Setting CVar [[grass.DensityScale:1.0]]
[2022.04.26-13.24.37:615][  0]LogConfig: Applying CVar settings from Section [ShadingQuality@3] File [D:/HoVR-3.0/HovR2/HoVR/Saved/Config/Windows/Scalability.ini]
[2022.04.26-13.24.37:615][  0]LogConfig: Setting CVar [[r.HairStrands.SkyLighting.IntegrationType:2]]
[2022.04.26-13.24.37:615][  0]LogConfig: Setting CVar [[r.HairStrands.SkyAO.SampleCount:4]]
[2022.04.26-13.24.37:615][  0]LogConfig: Setting CVar [[r.HairStrands.Visibility.MSAA.SamplePerPixel:4]]
[2022.04.26-13.24.37:615][  0]LogInit: Selected Device Profile: [Windows]
[2022.04.26-13.24.37:615][  0]LogInit: Applying CVar settings loaded from the selected device profile: [Windows]
[2022.04.26-13.24.37:615][  0]LogHAL: Display: Platform has ~ 32 GB [34191572992 / 34359738368 / 32], which maps to Largest [LargestMinGB=32, LargerMinGB=12, DefaultMinGB=8, SmallerMinGB=6, SmallestMinGB=0)
[2022.04.26-13.24.37:615][  0]LogInit: Going up to parent DeviceProfile []
[2022.04.26-13.24.37:615][  0]LogConfig: Applying CVar settings from Section [ViewDistanceQuality@3] File [D:/HoVR-3.0/HovR2/HoVR/Saved/Config/Windows/Scalability.ini]
[2022.04.26-13.24.37:615][  0]LogConfig: Setting CVar [[r.SkeletalMeshLODBias:0]]
[2022.04.26-13.24.37:615][  0]LogConfig: Setting CVar [[r.ViewDistanceScale:1.0]]
[2022.04.26-13.24.37:615][  0]LogConfig: Applying CVar settings from Section [AntiAliasingQuality@3] File [D:/HoVR-3.0/HovR2/HoVR/Saved/Config/Windows/Scalability.ini]
[2022.04.26-13.24.37:615][  0]LogConfig: Setting CVar [[r.PostProcessAAQuality:4]]
[2022.04.26-13.24.37:615][  0]LogConfig: Applying CVar settings from Section [ShadowQuality@3] File [D:/HoVR-3.0/HovR2/HoVR/Saved/Config/Windows/Scalability.ini]
[2022.04.26-13.24.37:615][  0]LogConfig: Setting CVar [[r.LightFunctionQuality:1]]
[2022.04.26-13.24.37:615][  0]LogConfig: Setting CVar [[r.ShadowQuality:5]]
[2022.04.26-13.24.37:615][  0]LogConfig: Setting CVar [[r.Shadow.CSM.MaxCascades:10]]
[2022.04.26-13.24.37:615][  0]LogConfig: Setting CVar [[r.Shadow.MaxResolution:2048]]
[2022.04.26-13.24.37:615][  0]LogConfig: Setting CVar [[r.Shadow.MaxCSMResolution:2048]]
[2022.04.26-13.24.37:615][  0]LogConfig: Setting CVar [[r.Shadow.RadiusThreshold:0.01]]
[2022.04.26-13.24.37:615][  0]LogConfig: Setting CVar [[r.Shadow.DistanceScale:1.0]]
[2022.04.26-13.24.37:615][  0]LogConfig: Setting CVar [[r.Shadow.CSM.TransitionScale:1.0]]
[2022.04.26-13.24.37:615][  0]LogConfig: Setting CVar [[r.Shadow.PreShadowResolutionFactor:1.0]]
[2022.04.26-13.24.37:615][  0]LogConfig: Setting CVar [[r.DistanceFieldShadowing:1]]
[2022.04.26-13.24.37:615][  0]LogConfig: Setting CVar [[r.DistanceFieldAO:1]]
[2022.04.26-13.24.37:615][  0]LogConfig: Setting CVar [[r.AOQuality:2]]
[2022.04.26-13.24.37:615][  0]LogConfig: Setting CVar [[r.VolumetricFog:1]]
[2022.04.26-13.24.37:615][  0]LogConfig: Setting CVar [[r.VolumetricFog.GridPixelSize:8]]
[2022.04.26-13.24.37:615][  0]LogConfig: Setting CVar [[r.VolumetricFog.GridSizeZ:128]]
[2022.04.26-13.24.37:615][  0]LogConfig: Setting CVar [[r.VolumetricFog.HistoryMissSupersampleCount:4]]
[2022.04.26-13.24.37:615][  0]LogConfig: Setting CVar [[r.LightMaxDrawDistanceScale:1]]
[2022.04.26-13.24.37:615][  0]LogConfig: Setting CVar [[r.CapsuleShadows:1]]
[2022.04.26-13.24.37:615][  0]LogConfig: Applying CVar settings from Section [PostProcessQuality@3] File [D:/HoVR-3.0/HovR2/HoVR/Saved/Config/Windows/Scalability.ini]
[2022.04.26-13.24.37:615][  0]LogConfig: Setting CVar [[r.MotionBlurQuality:4]]
[2022.04.26-13.24.37:615][  0]LogConfig: Setting CVar [[r.AmbientOcclusionMipLevelFactor:0.4]]
[2022.04.26-13.24.37:615][  0]LogConfig: Setting CVar [[r.AmbientOcclusionMaxQuality:100]]
[2022.04.26-13.24.37:615][  0]LogConfig: Setting CVar [[r.AmbientOcclusionLevels:-1]]
[2022.04.26-13.24.37:615][  0]LogConfig: Setting CVar [[r.AmbientOcclusionRadiusScale:1.0]]
[2022.04.26-13.24.37:615][  0]LogConfig: Setting CVar [[r.DepthOfFieldQuality:2]]
[2022.04.26-13.24.37:615][  0]LogConfig: Setting CVar [[r.RenderTargetPoolMin:400]]
[2022.04.26-13.24.37:615][  0]LogConfig: Setting CVar [[r.LensFlareQuality:2]]
[2022.04.26-13.24.37:615][  0]LogConfig: Setting CVar [[r.SceneColorFringeQuality:1]]
[2022.04.26-13.24.37:615][  0]LogConfig: Setting CVar [[r.EyeAdaptationQuality:2]]
[2022.04.26-13.24.37:615][  0]LogConfig: Setting CVar [[r.BloomQuality:5]]
[2022.04.26-13.24.37:615][  0]LogConfig: Setting CVar [[r.FastBlurThreshold:100]]
[2022.04.26-13.24.37:615][  0]LogConfig: Setting CVar [[r.Upscale.Quality:3]]
[2022.04.26-13.24.37:615][  0]LogConfig: Setting CVar [[r.Tonemapper.GrainQuantization:1]]
[2022.04.26-13.24.37:616][  0]LogConfig: Setting CVar [[r.LightShaftQuality:1]]
[2022.04.26-13.24.37:616][  0]LogConfig: Setting CVar [[r.Filter.SizeScale:1]]
[2022.04.26-13.24.37:616][  0]LogConfig: Setting CVar [[r.Tonemapper.Quality:5]]
[2022.04.26-13.24.37:616][  0]LogConfig: Setting CVar [[r.DOF.Gather.AccumulatorQuality:1        ; higher gathering accumulator quality]]
[2022.04.26-13.24.37:616][  0]LogConfig: Setting CVar [[r.DOF.Gather.PostfilterMethod:1          ; Median3x3 postfilering method]]
[2022.04.26-13.24.37:616][  0]LogConfig: Setting CVar [[r.DOF.Gather.EnableBokehSettings:0       ; no bokeh simulation when gathering]]
[2022.04.26-13.24.37:616][  0]LogConfig: Setting CVar [[r.DOF.Gather.RingCount:4                 ; medium number of samples when gathering]]
[2022.04.26-13.24.37:616][  0]LogConfig: Setting CVar [[r.DOF.Scatter.ForegroundCompositing:1    ; additive foreground scattering]]
[2022.04.26-13.24.37:616][  0]LogConfig: Setting CVar [[r.DOF.Scatter.BackgroundCompositing:2    ; additive background scattering]]
[2022.04.26-13.24.37:616][  0]LogConfig: Setting CVar [[r.DOF.Scatter.EnableBokehSettings:1      ; bokeh simulation when scattering]]
[2022.04.26-13.24.37:616][  0]LogConfig: Setting CVar [[r.DOF.Scatter.MaxSpriteRatio:0.1         ; only a maximum of 10% of scattered bokeh]]
[2022.04.26-13.24.37:616][  0]LogConfig: Setting CVar [[r.DOF.Recombine.Quality:1                ; cheap slight out of focus]]
[2022.04.26-13.24.37:616][  0]LogConfig: Setting CVar [[r.DOF.Recombine.EnableBokehSettings:0    ; no bokeh simulation on slight out of focus]]
[2022.04.26-13.24.37:616][  0]LogConfig: Setting CVar [[r.DOF.TemporalAAQuality:1                ; more stable temporal accumulation]]
[2022.04.26-13.24.37:616][  0]LogConfig: Setting CVar [[r.DOF.Kernel.MaxForegroundRadius:0.025]]
[2022.04.26-13.24.37:616][  0]LogConfig: Setting CVar [[r.DOF.Kernel.MaxBackgroundRadius:0.025]]
[2022.04.26-13.24.37:616][  0]LogConfig: Applying CVar settings from Section [TextureQuality@3] File [D:/HoVR-3.0/HovR2/HoVR/Saved/Config/Windows/Scalability.ini]
[2022.04.26-13.24.37:616][  0]LogConfig: Setting CVar [[r.Streaming.MipBias:0]]
[2022.04.26-13.24.37:616][  0]LogConfig: Setting CVar [[r.Streaming.AmortizeCPUToGPUCopy:0]]
[2022.04.26-13.24.37:616][  0]LogConfig: Setting CVar [[r.Streaming.MaxNumTexturesToStreamPerFrame:0]]
[2022.04.26-13.24.37:616][  0]LogConfig: Setting CVar [[r.Streaming.Boost:1]]
[2022.04.26-13.24.37:616][  0]LogConfig: Setting CVar [[r.MaxAnisotropy:8]]
[2022.04.26-13.24.37:616][  0]LogConfig: Setting CVar [[r.VT.MaxAnisotropy:8]]
[2022.04.26-13.24.37:616][  0]LogConfig: Setting CVar [[r.Streaming.LimitPoolSizeToVRAM:0]]
[2022.04.26-13.24.37:616][  0]LogConfig: Setting CVar [[r.Streaming.PoolSize:1000]]
[2022.04.26-13.24.37:616][  0]LogConfig: Setting CVar [[r.Streaming.MaxEffectiveScreenSize:0]]
[2022.04.26-13.24.37:616][  0]LogConfig: Applying CVar settings from Section [EffectsQuality@3] File [D:/HoVR-3.0/HovR2/HoVR/Saved/Config/Windows/Scalability.ini]
[2022.04.26-13.24.37:616][  0]LogConfig: Setting CVar [[r.TranslucencyLightingVolumeDim:64]]
[2022.04.26-13.24.37:616][  0]LogConfig: Setting CVar [[r.RefractionQuality:2]]
[2022.04.26-13.24.37:616][  0]LogConfig: Setting CVar [[r.SSR.Quality:3]]
[2022.04.26-13.24.37:616][  0]LogConfig: Setting CVar [[r.SSR.HalfResSceneColor:0]]
[2022.04.26-13.24.37:616][  0]LogConfig: Setting CVar [[r.SceneColorFormat:4]]
[2022.04.26-13.24.37:616][  0]LogConfig: Setting CVar [[r.DetailMode:2]]
[2022.04.26-13.24.37:616][  0]LogConfig: Setting CVar [[r.TranslucencyVolumeBlur:1]]
[2022.04.26-13.24.37:616][  0]LogConfig: Setting CVar [[r.MaterialQualityLevel:1 ; High quality]]
[2022.04.26-13.24.37:616][  0]LogConfig: Setting CVar [[r.AnisotropicMaterials:1]]
[2022.04.26-13.24.37:616][  0]LogConfig: Setting CVar [[r.SSS.Scale:1]]
[2022.04.26-13.24.37:616][  0]LogConfig: Setting CVar [[r.SSS.SampleSet:2]]
[2022.04.26-13.24.37:616][  0]LogConfig: Setting CVar [[r.SSS.Quality:1]]
[2022.04.26-13.24.37:616][  0]LogConfig: Setting CVar [[r.SSS.HalfRes:0]]
[2022.04.26-13.24.37:616][  0]LogConfig: Setting CVar [[r.SSGI.Quality:3]]
[2022.04.26-13.24.37:616][  0]LogConfig: Setting CVar [[r.EmitterSpawnRateScale:1.0]]
[2022.04.26-13.24.37:616][  0]LogConfig: Setting CVar [[r.ParticleLightQuality:2]]
[2022.04.26-13.24.37:616][  0]LogConfig: Setting CVar [[r.SkyAtmosphere.AerialPerspectiveLUT.FastApplyOnOpaque:1 ; Always have FastSkyLUT 1 in this case to avoid wrong sky]]
[2022.04.26-13.24.37:616][  0]LogConfig: Setting CVar [[r.SkyAtmosphere.AerialPerspectiveLUT.SampleCountMaxPerSlice:4]]
[2022.04.26-13.24.37:616][  0]LogConfig: Setting CVar [[r.SkyAtmosphere.AerialPerspectiveLUT.DepthResolution:16.0]]
[2022.04.26-13.24.37:616][  0]LogConfig: Setting CVar [[r.SkyAtmosphere.FastSkyLUT:1]]
[2022.04.26-13.24.37:616][  0]LogConfig: Setting CVar [[r.SkyAtmosphere.FastSkyLUT.SampleCountMin:4.0]]
[2022.04.26-13.24.37:616][  0]LogConfig: Setting CVar [[r.SkyAtmosphere.FastSkyLUT.SampleCountMax:128.0]]
[2022.04.26-13.24.37:616][  0]LogConfig: Setting CVar [[r.SkyAtmosphere.SampleCountMin:4.0]]
[2022.04.26-13.24.37:616][  0]LogConfig: Setting CVar [[r.SkyAtmosphere.SampleCountMax:128.0]]
[2022.04.26-13.24.37:616][  0]LogConfig: Setting CVar [[r.SkyAtmosphere.TransmittanceLUT.UseSmallFormat:0]]
[2022.04.26-13.24.37:616][  0]LogConfig: Setting CVar [[r.SkyAtmosphere.TransmittanceLUT.SampleCount:10.0]]
[2022.04.26-13.24.37:616][  0]LogConfig: Setting CVar [[r.SkyAtmosphere.MultiScatteringLUT.SampleCount:15.0]]
[2022.04.26-13.24.37:616][  0]LogConfig: Setting CVar [[r.SkyLight.RealTimeReflectionCapture:1]]
[2022.04.26-13.24.37:616][  0]LogConfig: Applying CVar settings from Section [FoliageQuality@3] File [D:/HoVR-3.0/HovR2/HoVR/Saved/Config/Windows/Scalability.ini]
[2022.04.26-13.24.37:616][  0]LogConfig: Setting CVar [[foliage.DensityScale:1.0]]
[2022.04.26-13.24.37:616][  0]LogConfig: Setting CVar [[grass.DensityScale:1.0]]
[2022.04.26-13.24.37:616][  0]LogConfig: Applying CVar settings from Section [ShadingQuality@3] File [D:/HoVR-3.0/HovR2/HoVR/Saved/Config/Windows/Scalability.ini]
[2022.04.26-13.24.37:616][  0]LogConfig: Setting CVar [[r.HairStrands.SkyLighting.IntegrationType:2]]
[2022.04.26-13.24.37:616][  0]LogConfig: Setting CVar [[r.HairStrands.SkyAO.SampleCount:4]]
[2022.04.26-13.24.37:616][  0]LogConfig: Setting CVar [[r.HairStrands.Visibility.MSAA.SamplePerPixel:4]]
[2022.04.26-13.24.37:616][  0]LogConfig: Applying CVar settings from Section [Startup] File [../../../Engine/Config/ConsoleVariables.ini]
[2022.04.26-13.24.37:617][  0]LogConfig: Setting CVar [[net.UseAdaptiveNetUpdateFrequency:0]]
[2022.04.26-13.24.37:617][  0]LogConfig: Setting CVar [[p.chaos.AllowCreatePhysxBodies:1]]
[2022.04.26-13.24.37:617][  0]LogConfig: Setting CVar [[fx.SkipVectorVMBackendOptimizations:1]]
[2022.04.26-13.24.37:617][  0]LogConfig: Applying CVar settings from Section [ConsoleVariables] File [D:/HoVR-3.0/HovR2/HoVR/Saved/Config/Windows/Engine.ini]
[2022.04.26-13.24.37:617][  0]LogConfig: Applying CVar settings from Section [ConsoleVariables] File [D:/HoVR-3.0/HovR2/HoVR/Saved/Config/Windows/Editor.ini]
[2022.04.26-13.24.37:617][  0]LogInit: Computer: DESKTOP-KUB2QSJ
[2022.04.26-13.24.37:617][  0]LogInit: User: Tank
[2022.04.26-13.24.37:617][  0]LogInit: CPU Page size=4096, Cores=4
[2022.04.26-13.24.37:617][  0]LogInit: High frequency timer resolution =10.000000 MHz
[2022.04.26-13.24.37:617][  0]LogMemory: Memory total: Physical=31.8GB (32GB approx)
[2022.04.26-13.24.37:617][  0]LogMemory: Platform Memory Stats for Windows
[2022.04.26-13.24.37:617][  0]LogMemory: Process Physical Memory: 149.23 MB used, 149.23 MB peak
[2022.04.26-13.24.37:617][  0]LogMemory: Process Virtual Memory: 130.50 MB used, 130.50 MB peak
[2022.04.26-13.24.37:617][  0]LogMemory: Physical Memory: 12796.13 MB used,  19811.50 MB free, 32607.62 MB total
[2022.04.26-13.24.37:617][  0]LogMemory: Virtual Memory: 134199088.00 MB used,  18637.28 MB free, 134217728.00 MB total
[2022.04.26-13.24.37:623][  0]LogWindows: WindowsPlatformFeatures enabled
[2022.04.26-13.24.37:669][  0]LogInit: Physics initialised using underlying interface: PhysX
[2022.04.26-13.24.37:670][  0]LogInit: Using OS detected language (en-GB).
[2022.04.26-13.24.37:670][  0]LogInit: Using OS detected locale (en-GB).
[2022.04.26-13.24.37:673][  0]LogTextLocalizationManager: No specific localization for 'en-GB' exists, so the 'en' localization will be used.
[2022.04.26-13.24.37:976][  0]LogWindowsTextInputMethodSystem: Display: IME system deactivated.
[2022.04.26-13.24.38:032][  0]LogSlate: New Slate User Created.  User Index 0, Is Virtual User: 0
[2022.04.26-13.24.38:032][  0]LogSlate: Slate User Registered.  User Index 0, Is Virtual User: 0
[2022.04.26-13.24.38:065][  0]LogD3D11RHI: Loaded GFSDK_Aftermath_Lib.x64.dll
[2022.04.26-13.24.38:106][  0]LogHMD: Failed to initialize OpenVR with code 117
[2022.04.26-13.24.38:106][  0]LogD3D11RHI: D3D11 min allowed feature level: 11_0
[2022.04.26-13.24.38:106][  0]LogD3D11RHI: D3D11 max allowed feature level: 11_0
[2022.04.26-13.24.38:106][  0]LogD3D11RHI: D3D11 adapters:
[2022.04.26-13.24.38:187][  0]LogD3D11RHI:    0. 'NVIDIA GeForce GTX 980' (Feature Level 11_0)
[2022.04.26-13.24.38:187][  0]LogD3D11RHI:       4053/0/16303 MB DedicatedVideo/DedicatedSystem/SharedSystem, Outputs:1, VendorId:0x10de
[2022.04.26-13.24.38:193][  0]LogD3D11RHI:    1. 'Intel(R) HD Graphics 4600' (Feature Level 11_0)
[2022.04.26-13.24.38:193][  0]LogD3D11RHI:       112/0/2048 MB DedicatedVideo/DedicatedSystem/SharedSystem, Outputs:1, VendorId:0x8086
[2022.04.26-13.24.38:195][  0]LogD3D11RHI:    2. 'Microsoft Basic Render Driver' (Feature Level 11_0)
[2022.04.26-13.24.38:195][  0]LogD3D11RHI:       0/0/16303 MB DedicatedVideo/DedicatedSystem/SharedSystem, Outputs:0, VendorId:0x1414
[2022.04.26-13.24.38:195][  0]LogD3D11RHI: Chosen D3D11 Adapter:
[2022.04.26-13.24.38:195][  0]LogD3D11RHI:     Description : NVIDIA GeForce GTX 980
[2022.04.26-13.24.38:195][  0]LogD3D11RHI:     VendorId    : 10de
[2022.04.26-13.24.38:195][  0]LogD3D11RHI:     DeviceId    : 13c0
[2022.04.26-13.24.38:195][  0]LogD3D11RHI:     SubSysId    : 85181043
[2022.04.26-13.24.38:195][  0]LogD3D11RHI:     Revision    : 00a1
[2022.04.26-13.24.38:195][  0]LogD3D11RHI:     DedicatedVideoMemory : 4250271744 bytes
[2022.04.26-13.24.38:195][  0]LogD3D11RHI:     DedicatedSystemMemory : 0 bytes
[2022.04.26-13.24.38:195][  0]LogD3D11RHI:     SharedSystemMemory : 17095786496 bytes
[2022.04.26-13.24.38:195][  0]LogD3D11RHI:     AdapterLuid : 0 44661
[2022.04.26-13.24.38:199][  0]LogD3D11RHI: Creating new Direct3DDevice
[2022.04.26-13.24.38:199][  0]LogD3D11RHI:     GPU DeviceId: 0x13c0 (for the marketing name, search the web for "GPU Device Id")
[2022.04.26-13.24.38:199][  0]LogWindows: EnumDisplayDevices:
[2022.04.26-13.24.38:199][  0]LogWindows:    0. 'NVIDIA GeForce GTX 980' (P:1 D:1)
[2022.04.26-13.24.38:199][  0]LogWindows:    1. 'NVIDIA GeForce GTX 980' (P:0 D:0)
[2022.04.26-13.24.38:200][  0]LogWindows:    2. 'NVIDIA GeForce GTX 980' (P:0 D:0)
[2022.04.26-13.24.38:200][  0]LogWindows:    3. 'NVIDIA GeForce GTX 980' (P:0 D:0)
[2022.04.26-13.24.38:200][  0]LogWindows:    4. 'Intel(R) HD Graphics 4600' (P:0 D:1)
[2022.04.26-13.24.38:200][  0]LogWindows:    5. 'Intel(R) HD Graphics 4600' (P:0 D:0)
[2022.04.26-13.24.38:200][  0]LogWindows:    6. 'Intel(R) HD Graphics 4600' (P:0 D:0)
[2022.04.26-13.24.38:200][  0]LogWindows: DebugString: PrimaryIsNotTheChoosenAdapter PrimaryIsNotTheChoosenAdapter PrimaryIsNotTheChoosenAdapter FoundDriverCount:4 
[2022.04.26-13.24.38:200][  0]LogD3D11RHI:     Adapter Name: NVIDIA GeForce GTX 980
[2022.04.26-13.24.38:201][  0]LogD3D11RHI:   Driver Version: 471.11 (internal:30.0.14.7111, unified:471.11)
[2022.04.26-13.24.38:201][  0]LogD3D11RHI:      Driver Date: 6-21-2021
[2022.04.26-13.24.38:201][  0]LogRHI: Texture pool is 2837 MB (70% of 4053 MB)
[2022.04.26-13.24.38:201][  0]LogD3D11RHI: Creating D3DDevice using adapter:
[2022.04.26-13.24.38:201][  0]LogD3D11RHI:     Description : NVIDIA GeForce GTX 980
[2022.04.26-13.24.38:201][  0]LogD3D11RHI:     VendorId    : 10de
[2022.04.26-13.24.38:201][  0]LogD3D11RHI:     DeviceId    : 13c0
[2022.04.26-13.24.38:201][  0]LogD3D11RHI:     SubSysId    : 85181043
[2022.04.26-13.24.38:201][  0]LogD3D11RHI:     Revision    : 00a1
[2022.04.26-13.24.38:201][  0]LogD3D11RHI:     DedicatedVideoMemory : 4250271744 bytes
[2022.04.26-13.24.38:201][  0]LogD3D11RHI:     DedicatedSystemMemory : 0 bytes
[2022.04.26-13.24.38:201][  0]LogD3D11RHI:     SharedSystemMemory : 17095786496 bytes
[2022.04.26-13.24.38:201][  0]LogD3D11RHI:     AdapterLuid : 0 44661
[2022.04.26-13.24.38:267][  0]LogD3D11RHI: RHI has support for 64 bit atomics
[2022.04.26-13.24.38:267][  0]LogD3D11RHI: Async texture creation enabled
[2022.04.26-13.24.38:267][  0]LogD3D11RHI: Array index from any shader is supported
[2022.04.26-13.24.38:284][  0]LogD3D11RHI: GPU Timing Frequency: 1000.000000 (Debug: 2 1)
[2022.04.26-13.24.38:311][  0]LogRHI: GeForceNow SDK initialized: 1
[2022.04.26-13.24.38:576][  0]LogTargetPlatformManager: Display: Loaded TargetPlatform 'WindowsNoEditor'
[2022.04.26-13.24.38:580][  0]LogTargetPlatformManager: Display: Loaded TargetPlatform 'Windows'
[2022.04.26-13.24.38:584][  0]LogTargetPlatformManager: Display: Loaded TargetPlatform 'WindowsClient'
[2022.04.26-13.24.38:588][  0]LogTargetPlatformManager: Display: Loaded TargetPlatform 'WindowsServer'
[2022.04.26-13.24.38:588][  0]LogTargetPlatformManager: Display: Building Assets For Windows
[2022.04.26-13.24.38:594][  0]LogAudioDebug: Display: Lib vorbis DLL was dynamically loaded.
[2022.04.26-13.24.38:621][  0]LogTextureFormatOodle: Display: Oodle Texture 2.9.0 init RDO Off
[2022.04.26-13.24.38:649][  0]LogRendererCore: Ray tracing is disabled. Reason: r.RayTracing=0.
[2022.04.26-13.24.38:649][  0]LogShaderCompilers: Guid format shader working directory is 23 characters bigger than the processId version (D:/HoVR-3.0/HovR2/HoVR/Intermediate/Shaders/WorkingDirectory/1012/).
[2022.04.26-13.24.38:649][  0]LogShaderCompilers: Cleaned the shader compiler working directory 'C:/Users/Tank/AppData/Local/Temp/UnrealShaderWorkingDir/621CD02F43413AE5104C818E533C7423/'.
[2022.04.26-13.24.38:649][  0]LogXGEController: Cannot use XGE Controller as Incredibuild is not installed on this machine.
[2022.04.26-13.24.38:649][  0]LogShaderCompilers: Cannot use XGE Shader Compiler as Incredibuild is not installed on this machine.
[2022.04.26-13.24.38:649][  0]LogShaderCompilers: Display: Using Local Shader Compiler.
[2022.04.26-13.24.39:361][  0]LogDerivedDataCache: Display: Max Cache Size: 512 MB
[2022.04.26-13.24.39:418][  0]LogDerivedDataCache: Loaded boot cache 0.06s 94MB C:/Users/Tank/AppData/Local/UnrealEngine/4.27/DerivedDataCache/Boot.ddc.
[2022.04.26-13.24.39:418][  0]LogDerivedDataCache: Display: Loaded Boot cache: C:/Users/Tank/AppData/Local/UnrealEngine/4.27/DerivedDataCache/Boot.ddc
[2022.04.26-13.24.39:419][  0]LogDerivedDataCache: FDerivedDataBackendGraph:  Pak pak cache file D:/HoVR-3.0/HovR2/HoVR/DerivedDataCache/DDC.ddp not found, will not use a pak cache.
[2022.04.26-13.24.39:419][  0]LogDerivedDataCache: Unable to find inner node Pak for hierarchical cache Hierarchy.
[2022.04.26-13.24.39:419][  0]LogDerivedDataCache: FDerivedDataBackendGraph:  CompressedPak pak cache file D:/HoVR-3.0/HovR2/HoVR/DerivedDataCache/Compressed.ddp not found, will not use a pak cache.
[2022.04.26-13.24.39:419][  0]LogDerivedDataCache: Unable to find inner node CompressedPak for hierarchical cache Hierarchy.
[2022.04.26-13.24.39:434][  0]LogDerivedDataCache: Display: Pak cache opened for reading ../../../Engine/DerivedDataCache/Compressed.ddp.
[2022.04.26-13.24.39:434][  0]LogDerivedDataCache: FDerivedDataBackendGraph:  EnterprisePak pak cache file ../../../Enterprise/DerivedDataCache/Compressed.ddp not found, will not use a pak cache.
[2022.04.26-13.24.39:434][  0]LogDerivedDataCache: Unable to find inner node EnterprisePak for hierarchical cache Hierarchy.
[2022.04.26-13.24.39:443][  0]LogDerivedDataCache: Speed tests for C:/Users/Tank/AppData/Local/UnrealEngine/Common/DerivedDataCache took 0.01 seconds
[2022.04.26-13.24.39:443][  0]LogDerivedDataCache: Display: Performance to C:/Users/Tank/AppData/Local/UnrealEngine/Common/DerivedDataCache: Latency=0.03ms. RandomReadSpeed=319.13MBs, RandomWriteSpeed=181.95MBs. Assigned SpeedClass 'Local'
[2022.04.26-13.24.39:444][  0]LogDerivedDataCache: Using Local data cache path C:/Users/Tank/AppData/Local/UnrealEngine/Common/DerivedDataCache: Writable
[2022.04.26-13.24.39:444][  0]LogDerivedDataCache: Shared data cache path not found in *engine.ini, will not use an Shared cache.
[2022.04.26-13.24.39:444][  0]LogDerivedDataCache: Unable to find inner node Shared for hierarchical cache Hierarchy.
[2022.04.26-13.24.39:479][  0]LogSlate: Using FreeType 2.10.0
[2022.04.26-13.24.39:480][  0]LogSlate: SlateFontServices - WITH_FREETYPE: 1, WITH_HARFBUZZ: 1
[2022.04.26-13.24.39:559][  0]LogInit: Using OS detected language (en-GB).
[2022.04.26-13.24.39:559][  0]LogInit: Using OS detected locale (en-GB).
[2022.04.26-13.24.39:559][  0]LogTextLocalizationManager: No localization for 'en-GB' exists, so 'en' will be used for the language.
[2022.04.26-13.24.39:559][  0]LogTextLocalizationManager: No localization for 'en-GB' exists, so 'en' will be used for the locale.
[2022.04.26-13.24.39:559][  0]LogSlate: FontCache flush requested. Reason: Culture for localization was changed
[2022.04.26-13.24.39:559][  0]LogSlate: FontCache flush requested. Reason: Culture for localization was changed
[2022.04.26-13.24.39:563][  0]LogTextLocalizationManager: Compacting localization data took   0.00ms
[2022.04.26-13.24.39:563][  0]LogAssetRegistry: FAssetRegistry took 0.0022 seconds to start up
[2022.04.26-13.24.39:723][  0]LogPackageLocalizationCache: Processed 27 localized package path(s) for 1 prioritized culture(s) in 0.001198 seconds
[2022.04.26-13.24.39:781][  0]LogInit: Selected Device Profile: [Windows]
[2022.04.26-13.24.39:781][  0]LogInit: Active device profile: [000001B8B226BA00][000001B8AD26A940 49] Windows
[2022.04.26-13.24.39:781][  0]LogInit: Profiles: [000001B8B226BA00][000001B8AD26A940 49] Windows, [000001B8B2230A00][000001B8AD272AC0 49] WindowsNoEditor, [000001B8B2268A00][000001B8AD276C40 49] WindowsServer, [000001B8B2233800][000001B8AD4FCDC0 49] WindowsClient, [000001B8B226B800][000001B8AD500F40 49] IOS, [000001B8B2230100][000001B8AD5050C0 49] iPadAir, [000001B8B2268500][000001B8AD509240 49] iPadAir2, [000001B8B21DCD00][000001B8AD50D480 49] IPadPro, [000001B8B21DCE00][000001B8AD26F4C0 49] iPadAir3, [000001B8B226B600][000001B8AD511600 49] iPadAir4, [000001B8B21DCC00][000001B8AD515740 49] iPadMini2, [000001B8B2268400][000001B8AD51D8C0 49] iPadMini3, [000001B8B21DD700][000001B8AD521A40 49] iPadMini4, [000001B8B226B500][000001B8AD525BC0 49] iPadMini5, [000001B8B2233000][000001B8AD52C300 49] iPhone6, [000001B8B2232F00][000001B8AD528340 49] iPodTouch6, [000001B8B21DF600][000001B8AD534600 49] iPhone7, [000001B8B21DF500][000001B8AD530640 49] iPodTouch7, [000001B8B2233C00][000001B8AD5387C0 49] iPhone5S, [000001B8B21DC800][000001B8AD53C940 49] iPhone6Plus, [000001B8B2232800][000001B8AD540AC0 49] iPhone6S, [000001B8B21DEE00][000001B8AD544C40 49] iPhone6SPlus, [000001B8B2230200][000001B8AD9FEDC0 49] iPhone7Plus, [000001B8B21DC100][000001B8ADA02F40 49] iPhoneSE, [000001B8B2232300][000001B8ADA070C0 49] iPhone8, [000001B8B21DEA00][000001B8ADA0B240 49] iPhone8Plus, [000001B8B2230C00][000001B8ADA0F3C0 49] iPhoneX, [000001B8B21DD600][000001B8AD519500 49] iPhoneXS, [000001B8B2232000][000001B8ADA13640 49] iPhoneXSMax, [000001B8B21DE700][000001B8ADA17780 49] iPhoneXR, [000001B8B2230D00][000001B8ADA1B8C0 49] iPhone11, [000001B8B21DC300][000001B8ADA23A40 49] iPhone11Pro, [000001B8B2233900][000001B8ADA27BC0 49] iPhone11ProMax, [000001B8B21DE400][000001B8ADA2A1C0 49] iPhoneSE2, [000001B8B2231200][000001B8ADA2E340 49] iPhone12Mini, [000001B8B21DF900][000001B8ADA324C0 49] iPhone12, [000001B8B2233100][000001B8ADA36640 49] iPhone12Pro, [000001B8B21DFD00][000001B8ADA3A7C0 49] iPhone12ProMax, [000001B8B2231400][000001B8ADA3E940 49] iPadPro105, [000001B8B21DF000][000001B8ADA42AC0 49] iPadPro129, [000001B8B2233300][000001B8ADA46C40 49] iPadPro97, [000001B8B21DD400][000001B8ADA4ADC0 49] iPadPro2_129, [000001B8B2231E00][000001B8B1FECF40 49] iPad5, [000001B8B21DDE00][000001B8B1FF10C0 49] iPad6, [000001B8B2232700][000001B8B1FF5240 49] iPad7, [000001B8B21DE100][000001B8B1FF93C0 49] iPad8, [000001B8B2231800][000001B8B1FFD540 49] iPadPro11, [000001B8B21DE300][000001B8B20016C0 49] iPadPro2_11, [000001B8B2231100][000001B8ADA1F800 49] iPadPro3_129, [000001B8B21DD100][000001B8B2005940 49] iPadPro4_129, [000001B8B2230900][000001B8B2009A80 49] AppleTV, [000001B8B21DD900][000001B8B2011C00 49] AppleTV4K, [000001B8B2233600][000001B8B2014200 49] TVOS, [000001B8B21DFF00][000001B8B2018380 49] Mac, [000001B8B2231000][000001B8B201C500 49] MacClient, [000001B8B21DDF00][000001B8B2020680 49] MacNoEditor, [000001B8B2233F00][000001B8B2024800 49] MacServer, [000001B8B21DE600][000001B8B2028980 49] Linux, [000001B8B2230400][000001B8B202CB00 49] LinuxAArch64, [000001B8B21DC500][000001B8B2030C80 49] LinuxNoEditor, [000001B8B2231C00][000001B8B2034E00 49] LinuxAArch64NoEditor, [000001B8B21DC400][000001B8B2038F80 49] LinuxClient, [000001B8B2231700][000001B8B203D100 49] LinuxAArch64Client, [000001B8B21DE800][000001B8B2041280 49] LinuxServer, [000001B8B2232B00][000001B8B2045400 49] LinuxAArch64Server, [000001B8B21DD500][000001B8B2049580 49] Android, [000001B8B2268B00][000001B8B204D700 49] Android_Low, [000001B8B22AD200][000001B8B2051880 49] Android_Mid, [000001B8B226A900][000001B8B200D9C0 49] Android_High, [000001B8B22AC400][000001B8B2055B00 49] Android_Default, [000001B8B2269D00][000001B8B20580C0 49] Android_Adreno4xx, [000001B8B22AD400][000001B8B2060240 49] Android_Adreno5xx_Low, [000001B8B2269000][000001B8B20643C0 49] Android_Adreno5xx, [000001B8B22AC800][000001B8B2068540 49] Android_Adreno6xx, [000001B8B226BE00][000001B8B206C6C0 49] Android_Adreno6xx_Vulkan, [000001B8B22ADC00][000001B8B2070840 49] Android_Mali_T6xx, [000001B8B226A200][000001B8B20749C0 49] Android_Mali_T7xx, [000001B8B22ACA00][000001B8B2078B40 49] Android_Mali_T8xx, [000001B8B226AC00][000001B8B207CCC0 49] Android_Mali_G71, [000001B8B22AD300][000001B8B2080E40 49] Android_Mali_G72, [000001B8B2269400][000001B8B2084FC0 49] Android_Mali_G72_Vulkan, [000001B8B22AE400][000001B8B2089140 49] Android_Mali_G76, [000001B8B2269800][000001B8B208D2C0 49] Android_Mali_G76_Vulkan, [000001B8B22AC300][000001B8B2091440 49] Android_Mali_G77, [000001B8B2269900][000001B8B20955C0 49] Android_Mali_G77_Vulkan, [000001B8B22ACB00][000001B8B2099740 49] Android_Mali_G78, [000001B8B21DFC00][000001B8B209D8C0 49] Android_Mali_G78_Vulkan, [000001B8B2233700][000001B8B20A1A40 49] Android_Mali_G710, [000001B8B21DDA00][000001B8B205DB80 49] Android_Mali_G710_Vulkan, [000001B8B2232E00][000001B8B20A4140 49] Android_Vulkan_SM5, [000001B8B21DCA00][000001B8B20A8280 49] Android_PowerVR_G6xxx, [000001B8B2230800][000001B8B20AC3C0 49] Android_PowerVR_GT7xxx, [000001B8B22AC900][000001B8B20B4540 49] Android_PowerVR_GE8xxx, [000001B8B2232C00][000001B8B20B86C0 49] Android_PowerVR_GM9xxx, [000001B8B22AD500][000001B8B20BC840 49] Android_PowerVR_GM9xxx_Vulkan, [000001B8B2231300][000001B8B20C09C0 49] Android_TegraK1, [000001B8B22ADF00][000001B8B20C4B40 49] Android_Unknown_Vulkan, [000001B8B2233200][000001B8B20C8CC0 49] Lumin, [000001B8B22ADD00][000001B8B20CCE40 49] Lumin_Desktop, [000001B8B2230F00][000001B8B20D0FC0 49] HoloLens, 
[2022.04.26-13.24.39:895][  0]LogMeshReduction: Using QuadricMeshReduction for automatic static mesh reduction
[2022.04.26-13.24.39:895][  0]LogMeshReduction: Using SimplygonMeshReduction for automatic skeletal mesh reduction
[2022.04.26-13.24.39:895][  0]LogMeshReduction: Using ProxyLODMeshReduction for automatic mesh merging
[2022.04.26-13.24.39:895][  0]LogMeshReduction: No distributed automatic mesh merging module available
[2022.04.26-13.24.39:895][  0]LogMeshMerging: No distributed automatic mesh merging module available
[2022.04.26-13.24.39:931][  0]LogNetVersion: HoVR 1.0.0, NetCL: 17155196, EngineNetVer: 17, GameNetVer: 0 (Checksum: 269602150)
[2022.04.26-13.24.40:147][  0]LogTexture: Default maximum texture size for cubemaps generated from long-lat sources has been changed from 512 to unlimited. In order to preserve old behaiour for '/Engine/MapTemplates/Sky/DaylightAmbientCubemap.DaylightAmbientCubemap', its maximum texture size has been explicitly set to 512.
[2022.04.26-13.24.40:200][  0]LogHMD: PokeAHoleMaterial loaded successfully
[2022.04.26-13.24.40:289][  0]LogMoviePlayer: Initializing movie player
[2022.04.26-13.24.40:448][  0]LogNiagaraDebuggerClient: Niagara Debugger Client Initialized | Session: 7C3D31744489D43E0B2B049663D29908 | Instance: E7F87C4C4C5698F43599D8BD209778FE (DESKTOP-KUB2QSJ-1012).
[2022.04.26-13.24.40:466][  0]LogCollectionManager: Loaded 0 collections in 0.001652 seconds
[2022.04.26-13.24.40:468][  0]LogFileCache: Scanning file cache for directory 'D:/HoVR-3.0/HovR2/HoVR/Saved/Collections/' took 0.00s
[2022.04.26-13.24.40:468][  0]LogFileCache: Scanning file cache for directory 'D:/HoVR-3.0/HovR2/HoVR/Content/Developers/Tank/Collections/' took 0.00s
[2022.04.26-13.24.40:468][  0]LogFileCache: Scanning file cache for directory 'D:/HoVR-3.0/HovR2/HoVR/Content/Collections/' took 0.00s
[2022.04.26-13.24.40:468][  0]LogCollectionManager: Fixed up redirectors for 0 collections in 0.000002 seconds (updated 0 objects)
[2022.04.26-13.24.40:484][  0]LogPython: Using Python 3.7.7
[2022.04.26-13.24.40:900][  0]LogUdpMessaging: Initializing bridge on interface 0.0.0.0:0 to multicast group 230.0.0.1:6666.
[2022.04.26-13.24.40:908][  0]LogTcpMessaging: Initializing TcpMessaging bridge
[2022.04.26-13.24.40:992][  0]SourceControl: Source control is disabled
[2022.04.26-13.24.40:992][  0]SourceControl: Source control is disabled
[2022.04.26-13.24.40:995][  0]SourceControl: Source control is disabled
[2022.04.26-13.24.40:998][  0]LogUProjectInfo: Found projects:
[2022.04.26-13.24.41:078][  0]LogOpenImageDenoise: OIDN starting up
[2022.04.26-13.24.41:086][  0]LogAndroidPermission: UAndroidPermissionCallbackProxy::GetInstance
[2022.04.26-13.24.41:103][  0]LogAudioCaptureCore: Display: No Audio Capture implementations found. Audio input will be silent.
[2022.04.26-13.24.41:103][  0]LogAudioCaptureCore: Display: No Audio Capture implementations found. Audio input will be silent.
[2022.04.26-13.24.41:178][  0]LogOcInput: OculusInput pre-init called
[2022.04.26-13.24.41:187][  0]LogUObjectArray: 22132 objects as part of root set at end of initial load.
[2022.04.26-13.24.41:187][  0]LogUObjectAllocator: 5978592 out of 0 bytes used by permanent object pool.
[2022.04.26-13.24.41:187][  0]LogUObjectArray: CloseDisregardForGC: 0/0 objects in disregard for GC pool
[2022.04.26-13.24.41:226][  0]LogClass: Display: IntProperty FRegisteredDeviceInfo::Handle is not initialized properly. Module:RawInput File:Public/RawInputFunctionLibrary.h
[2022.04.26-13.24.41:226][  0]LogClass: Display: IntProperty FRegisteredDeviceInfo::VendorID is not initialized properly. Module:RawInput File:Public/RawInputFunctionLibrary.h
[2022.04.26-13.24.41:227][  0]LogClass: Display: IntProperty FRegisteredDeviceInfo::ProductID is not initialized properly. Module:RawInput File:Public/RawInputFunctionLibrary.h
[2022.04.26-13.24.41:227][  0]LogClass: Display: 3 Uninitialized script struct members found including 0 object properties
[2022.04.26-13.24.41:227][  0]LogEngine: Initializing Engine...
[2022.04.26-13.24.41:265][  0]LogHMD: Failed to initialize OpenVR with code 117
[2022.04.26-13.24.41:881][  0]LogHMD: Optional extension XR_VARJO_quad_views is not available
[2022.04.26-13.24.41:881][  0]LogHMD: Warning: Required extension XR_EXT_eye_gaze_interaction is not available
[2022.04.26-13.24.41:881][  0]LogHMD: Could not enable all required OpenXR extensions for OpenXREyeTracker on current system. This plugin will be loaded but ignored, but will be enabled on a target platform that supports the required extension.
[2022.04.26-13.24.41:881][  0]LogHMD: Warning: Required extension XR_EXT_hand_tracking is not available
[2022.04.26-13.24.41:881][  0]LogHMD: Could not enable all required OpenXR extensions for OpenXRHandTracking on current system. This plugin will be loaded but ignored, but will be enabled on a target platform that supports the required extension.
[2022.04.26-13.24.41:981][  0]LogHMD: Failed to create an OpenXR instance, result is XR_ERROR_RUNTIME_UNAVAILABLE. Please check if you have an OpenXR runtime installed. The following extensions were enabled:
[2022.04.26-13.24.41:981][  0]LogHMD: - XR_KHR_D3D11_enable
[2022.04.26-13.24.41:981][  0]LogHMD: - XR_KHR_D3D12_enable
[2022.04.26-13.24.41:981][  0]LogHMD: - XR_KHR_opengl_enable
[2022.04.26-13.24.41:981][  0]LogHMD: - XR_KHR_vulkan_enable
[2022.04.26-13.24.41:981][  0]LogHMD: - XR_KHR_composition_layer_depth
[2022.04.26-13.24.41:981][  0]LogHMD: - XR_KHR_visibility_mask
[2022.04.26-13.24.41:981][  0]LogMagicLeap: Warning: VR disabled because ZI is not enabled.  To enable, in the editor, Edit -> Project Settings -> Plugins -> Magic Leap Plugin -> Enable Zero Iteration
[2022.04.26-13.24.41:982][  0]LogStats: UGameplayTagsManager::InitializeManager -  0.000 s
[2022.04.26-13.24.42:072][  0]LogInit: Initializing FReadOnlyCVARCache
[2022.04.26-13.24.42:072][  0]LogAudio: Display: Initializing Audio Device Manager...
[2022.04.26-13.24.42:076][  0]LogAudio: Display: Loading Default Audio Settings Objects...
[2022.04.26-13.24.42:076][  0]LogAudio: Display: No default SoundConcurrencyObject specified (or failed to load).
[2022.04.26-13.24.42:077][  0]LogAudio: Display: Audio Device Manager Initialized
[2022.04.26-13.24.42:077][  0]LogAudio: Display: Creating Audio Device:                 Id: 1, Scope: Shared, Realtime: True
[2022.04.26-13.24.42:077][  0]LogAudioMixer: Display: Audio Mixer Platform Settings:
[2022.04.26-13.24.42:077][  0]LogAudioMixer: Display: 	Sample Rate:						  48000
[2022.04.26-13.24.42:077][  0]LogAudioMixer: Display: 	Callback Buffer Frame Size Requested: 1024
[2022.04.26-13.24.42:077][  0]LogAudioMixer: Display: 	Callback Buffer Frame Size To Use:	  1024
[2022.04.26-13.24.42:077][  0]LogAudioMixer: Display: 	Number of buffers to queue:			  2
[2022.04.26-13.24.42:077][  0]LogAudioMixer: Display: 	Max Channels (voices):				  32
[2022.04.26-13.24.42:077][  0]LogAudioMixer: Display: 	Number of Async Source Workers:		  0
[2022.04.26-13.24.42:077][  0]LogAudio: Display: AudioDevice MaxSources: 32
[2022.04.26-13.24.42:077][  0]LogAudio: Display: Audio Spatialization Plugin: None (built-in).
[2022.04.26-13.24.42:077][  0]LogAudio: Display: Audio Reverb Plugin: None (built-in).
[2022.04.26-13.24.42:077][  0]LogAudio: Display: Audio Occlusion Plugin: None (built-in).
[2022.04.26-13.24.42:077][  0]LogAudioMixer: Display: Initializing audio mixer.
[2022.04.26-13.24.42:096][  0]LogAudioMixer: Display: 0: FrontLeft
[2022.04.26-13.24.42:096][  0]LogAudioMixer: Display: 1: FrontRight
[2022.04.26-13.24.42:118][  0]LogAudioMixer: Display: Using Audio Device Speakers (Realtek High Definition Audio)
[2022.04.26-13.24.42:123][  0]LogAudioMixer: Display: Initializing Sound Submixes...
[2022.04.26-13.24.42:125][  0]LogAudioMixer: Display: Creating Master Submix 'MasterSubmixDefault'
[2022.04.26-13.24.42:125][  0]LogAudioMixer: Display: Creating Master Submix 'MasterReverbSubmixDefault'
[2022.04.26-13.24.42:125][  0]LogAudioMixer: Display: Creating Master Submix 'MasterEQSubmixDefault'
[2022.04.26-13.24.42:125][  0]LogAudioMixer: FMixerPlatformXAudio2::StartAudioStream() called
[2022.04.26-13.24.42:126][  0]LogAudioMixer: Display: Output buffers initialized: Frames=1024, Channels=2, Samples=2048
[2022.04.26-13.24.42:126][  0]LogAudioMixer: Display: Starting AudioMixerPlatformInterface::RunInternal()
[2022.04.26-13.24.42:126][  0]LogAudioMixer: Display: FMixerPlatformXAudio2::SubmitBuffer() called for the first time
[2022.04.26-13.24.42:126][  0]LogInit: FAudioDevice initialized.
[2022.04.26-13.24.42:127][  0]LogNetVersion: Set ProjectVersion to 1.0.0.0. Version Checksum will be recalculated on next use.
[2022.04.26-13.24.42:129][  0]LogInit: Texture streaming: Enabled
[2022.04.26-13.24.42:181][  0]LogAudio: Display: Audio Device (ID: 1) registered with world 'Untitled'.
[2022.04.26-13.24.42:182][  0]LogSlate: Updating window title bar state: overlay mode, drag disabled, window buttons hidden, title bar hidden
[2022.04.26-13.24.42:183][  0]LogInit: Display: Game Engine Initialized.
[2022.04.26-13.24.42:183][  0]LogNiagaraEditor: GEditor isn't valid! Particle reset commands will not work for Niagara components!
[2022.04.26-13.24.42:290][  0]LogInit: Display: Starting Game.
[2022.04.26-13.24.42:290][  0]LogNet: Browse: /Game/Map/Minimal_Default?Name=Player
[2022.04.26-13.24.42:290][  0]LogLoad: LoadMap: /Game/Map/Minimal_Default?Name=Player
[2022.04.26-13.24.42:290][  0]LogWorld: BeginTearingDown for /Temp/Untitled_0
[2022.04.26-13.24.42:291][  0]LogWorld: UWorld::CleanupWorld for Untitled, bSessionEnded=true, bCleanupResources=true
[2022.04.26-13.24.42:291][  0]LogSlate: InvalidateAllWidgets triggered.  All widgets were invalidated
[2022.04.26-13.24.42:296][  0]LogAudio: Display: Audio Device unregistered from world 'None'.
[2022.04.26-13.24.42:298][  0]LogUObjectHash: Compacting FUObjectHashTables data took   0.75ms
[2022.04.26-13.24.43:308][  0]LogAudio: Display: Audio Device (ID: 1) registered with world 'Minimal_Default'.
[2022.04.26-13.24.43:317][  0]LogAIModule: Creating AISystem for world Minimal_Default
[2022.04.26-13.24.43:318][  0]LogUObjectGlobals: Warning: Failed to load '/Game/ThirdPersonBP/Blueprints/ThirdPersonGameMode': Can't find file.
[2022.04.26-13.24.43:318][  0]LogUObjectGlobals: Warning: Failed to load '/Game/ThirdPersonBP/Blueprints/ThirdPersonGameMode': Can't find file.
[2022.04.26-13.24.43:318][  0]LogUObjectGlobals: Warning: Failed to find object 'Class /Game/ThirdPersonBP/Blueprints/ThirdPersonGameMode.ThirdPersonGameMode_C'
[2022.04.26-13.24.43:318][  0]LogLoad: Game class is 'GameModeBase'
[2022.04.26-13.24.43:423][  0]LogWorld: Bringing World /Game/Map/Minimal_Default.Minimal_Default up for play (max tick rate 0) at 2022.04.26-14.24.43
[2022.04.26-13.24.43:423][  0]LogWorld: Bringing up level for play took: 0.104398
[2022.04.26-13.24.43:427][  0]LogScript: Warning: Accessed None trying to read property TrackRef
	CarObstacle_C /Game/Map/Minimal_Default.Minimal_Default:PersistentLevel.CarObstacle3_6
	Function /Game/ThirdPersonBP/CarObstacle.CarObstacle_C:ExecuteUbergraph_CarObstacle:0047
[2022.04.26-13.24.43:427][  0]LogScript: Warning: Script call stack:
	Function /Game/ThirdPersonBP/CarObstacle.CarObstacle_C:CarMover__UpdateFunc
	Function /Game/ThirdPersonBP/CarObstacle.CarObstacle_C:ExecuteUbergraph_CarObstacle

[2022.04.26-13.24.43:427][  0]LogScript: Warning: Accessed None
	CarObstacle_C /Game/Map/Minimal_Default.Minimal_Default:PersistentLevel.CarObstacle3_6
	Function /Game/ThirdPersonBP/CarObstacle.CarObstacle_C:ExecuteUbergraph_CarObstacle:005C
[2022.04.26-13.24.43:427][  0]LogScript: Warning: Script call stack:
	Function /Game/ThirdPersonBP/CarObstacle.CarObstacle_C:CarMover__UpdateFunc
	Function /Game/ThirdPersonBP/CarObstacle.CarObstacle_C:ExecuteUbergraph_CarObstacle

[2022.04.26-13.24.43:427][  0]LogScript: Warning: Accessed None trying to read property TrackRef
	CarObstacle_C /Game/Map/Minimal_Default.Minimal_Default:PersistentLevel.CarObstacle3_6
	Function /Game/ThirdPersonBP/CarObstacle.CarObstacle_C:ExecuteUbergraph_CarObstacle:00C2
[2022.04.26-13.24.43:427][  0]LogScript: Warning: Script call stack:
	Function /Game/ThirdPersonBP/CarObstacle.CarObstacle_C:CarMover__UpdateFunc
	Function /Game/ThirdPersonBP/CarObstacle.CarObstacle_C:ExecuteUbergraph_CarObstacle

[2022.04.26-13.24.43:427][  0]LogScript: Warning: Accessed None
	CarObstacle_C /Game/Map/Minimal_Default.Minimal_Default:PersistentLevel.CarObstacle3_6
	Function /Game/ThirdPersonBP/CarObstacle.CarObstacle_C:ExecuteUbergraph_CarObstacle:00D7
[2022.04.26-13.24.43:427][  0]LogScript: Warning: Script call stack:
	Function /Game/ThirdPersonBP/CarObstacle.CarObstacle_C:CarMover__UpdateFunc
	Function /Game/ThirdPersonBP/CarObstacle.CarObstacle_C:ExecuteUbergraph_CarObstacle

[2022.04.26-13.24.43:427][  0]LogScript: Warning: Accessed None trying to read property TrackRef
	CarObstacle_C /Game/Map/Minimal_Default.Minimal_Default:PersistentLevel.CarObstacle3_6
	Function /Game/ThirdPersonBP/CarObstacle.CarObstacle_C:ExecuteUbergraph_CarObstacle:0115
[2022.04.26-13.24.43:427][  0]LogScript: Warning: Script call stack:
	Function /Game/ThirdPersonBP/CarObstacle.CarObstacle_C:CarMover__UpdateFunc
	Function /Game/ThirdPersonBP/CarObstacle.CarObstacle_C:ExecuteUbergraph_CarObstacle

[2022.04.26-13.24.43:427][  0]LogScript: Warning: Accessed None
	CarObstacle_C /Game/Map/Minimal_Default.Minimal_Default:PersistentLevel.CarObstacle3_6
	Function /Game/ThirdPersonBP/CarObstacle.CarObstacle_C:ExecuteUbergraph_CarObstacle:012A
[2022.04.26-13.24.43:427][  0]LogScript: Warning: Script call stack:
	Function /Game/ThirdPersonBP/CarObstacle.CarObstacle_C:CarMover__UpdateFunc
	Function /Game/ThirdPersonBP/CarObstacle.CarObstacle_C:ExecuteUbergraph_CarObstacle

[2022.04.26-13.24.43:428][  0]LogBlueprintUserMessages: [Minimal_Default_C_0] Translation: X=-366950.000 Y=-359500.000 Z=192.000 Rotation: P=0.000000 Y=0.000000 R=0.000000 Scale X=1.000 Y=1.000 Z=1.000
[2022.04.26-13.24.43:429][  0]LogLoad: Took 1.137649 seconds to LoadMap(/Game/Map/Minimal_Default)
[2022.04.26-13.24.43:644][  0]LogSlate: Took 0.000200 seconds to synchronously load lazily loaded font '../../../Engine/Content/Slate/Fonts/Roboto-Regular.ttf' (155K)
[2022.04.26-13.24.43:706][  0]LogRenderer: Reallocating scene render targets to support 1280x720 Format 10 NumSamples 1 (Frame:1).
[2022.04.26-13.24.43:706][  0]LogInit: Display: Engine is initialized. Leaving FEngineLoop::Init()
[2022.04.26-13.24.43:706][  0]LogLoad: (Engine Initialization) Total time: 7.50 seconds
[2022.04.26-13.24.43:706][  0]LogLoad: (Engine Initialization) Total Blueprint compile time: 0.00 seconds
[2022.04.26-13.24.43:708][  0]LogRawInputWindows: Warning: Found device 4 devices
[2022.04.26-13.24.43:708][  0]LogRawInputWindows: Warning: Found device 4 devices
[2022.04.26-13.24.43:708][  0]LogRawInputWindows: VenderID:44f ProductID:402
[2022.04.26-13.24.43:708][  0]LogRawInputWindows: Device was registered succesfully and is connected (Usage:4 UsagePage:1)
[2022.04.26-13.24.43:711][  0]LogContentStreaming: Texture pool size now 1000 MB
[2022.04.26-13.24.43:718][  0]LogSlate: InvalidateAllWidgets triggered.  All widgets were invalidated
[2022.04.26-13.24.43:731][  0]LogRenderer: Reallocating scene render targets to support 128x128 Format 10 NumSamples 1 (Frame:1).
[2022.04.26-13.24.43:801][  0]LogRenderer: Reallocating scene render targets to support 1280x720 Format 10 NumSamples 1 (Frame:2).
[2022.04.26-13.24.43:816][  1]LogScript: Warning: Accessed None trying to read property TrackRef
	CarObstacle_C /Game/Map/Minimal_Default.Minimal_Default:PersistentLevel.CarObstacle3_6
	Function /Game/ThirdPersonBP/CarObstacle.CarObstacle_C:ExecuteUbergraph_CarObstacle:0047
[2022.04.26-13.24.43:816][  1]LogScript: Warning: Script call stack:
	Function /Game/ThirdPersonBP/CarObstacle.CarObstacle_C:CarMover__UpdateFunc
	Function /Game/ThirdPersonBP/CarObstacle.CarObstacle_C:ExecuteUbergraph_CarObstacle

[2022.04.26-13.24.43:816][  1]LogScript: Warning: Accessed None
	CarObstacle_C /Game/Map/Minimal_Default.Minimal_Default:PersistentLevel.CarObstacle3_6
	Function /Game/ThirdPersonBP/CarObstacle.CarObstacle_C:ExecuteUbergraph_CarObstacle:005C
[2022.04.26-13.24.43:816][  1]LogScript: Warning: Script call stack:
	Function /Game/ThirdPersonBP/CarObstacle.CarObstacle_C:CarMover__UpdateFunc
	Function /Game/ThirdPersonBP/CarObstacle.CarObstacle_C:ExecuteUbergraph_CarObstacle

[2022.04.26-13.24.43:816][  1]LogScript: Warning: Accessed None trying to read property TrackRef
	CarObstacle_C /Game/Map/Minimal_Default.Minimal_Default:PersistentLevel.CarObstacle3_6
	Function /Game/ThirdPersonBP/CarObstacle.CarObstacle_C:ExecuteUbergraph_CarObstacle:00C2
[2022.04.26-13.24.43:816][  1]LogScript: Warning: Script call stack:
	Function /Game/ThirdPersonBP/CarObstacle.CarObstacle_C:CarMover__UpdateFunc
	Function /Game/ThirdPersonBP/CarObstacle.CarObstacle_C:ExecuteUbergraph_CarObstacle

[2022.04.26-13.24.43:816][  1]LogScript: Warning: Accessed None
	CarObstacle_C /Game/Map/Minimal_Default.Minimal_Default:PersistentLevel.CarObstacle3_6
	Function /Game/ThirdPersonBP/CarObstacle.CarObstacle_C:ExecuteUbergraph_CarObstacle:00D7
[2022.04.26-13.24.43:816][  1]LogScript: Warning: Script call stack:
	Function /Game/ThirdPersonBP/CarObstacle.CarObstacle_C:CarMover__UpdateFunc
	Function /Game/ThirdPersonBP/CarObstacle.CarObstacle_C:ExecuteUbergraph_CarObstacle

[2022.04.26-13.24.43:816][  1]LogScript: Warning: Accessed None trying to read property TrackRef
	CarObstacle_C /Game/Map/Minimal_Default.Minimal_Default:PersistentLevel.CarObstacle3_6
	Function /Game/ThirdPersonBP/CarObstacle.CarObstacle_C:ExecuteUbergraph_CarObstacle:0115
[2022.04.26-13.24.43:816][  1]LogScript: Warning: Script call stack:
	Function /Game/ThirdPersonBP/CarObstacle.CarObstacle_C:CarMover__UpdateFunc
	Function /Game/ThirdPersonBP/CarObstacle.CarObstacle_C:ExecuteUbergraph_CarObstacle

[2022.04.26-13.24.43:816][  1]LogScript: Warning: Accessed None
	CarObstacle_C /Game/Map/Minimal_Default.Minimal_Default:PersistentLevel.CarObstacle3_6
	Function /Game/ThirdPersonBP/CarObstacle.CarObstacle_C:ExecuteUbergraph_CarObstacle:012A
[2022.04.26-13.24.43:816][  1]LogScript: Warning: Script call stack:
	Function /Game/ThirdPersonBP/CarObstacle.CarObstacle_C:CarMover__UpdateFunc
	Function /Game/ThirdPersonBP/CarObstacle.CarObstacle_C:ExecuteUbergraph_CarObstacle

[2022.04.26-13.24.43:818][  1]LogSlate: Took 0.000146 seconds to synchronously load lazily loaded font '../../../Engine/Content/Slate/Fonts/Roboto-Regular.ttf' (155K)
[2022.04.26-13.24.43:822][  2]LogScript: Warning: Accessed None trying to read property TrackRef
	CarObstacle_C /Game/Map/Minimal_Default.Minimal_Default:PersistentLevel.CarObstacle3_6
	Function /Game/ThirdPersonBP/CarObstacle.CarObstacle_C:ExecuteUbergraph_CarObstacle:0047
[2022.04.26-13.24.43:822][  2]LogScript: Warning: Script call stack:
	Function /Game/ThirdPersonBP/CarObstacle.CarObstacle_C:CarMover__UpdateFunc
	Function /Game/ThirdPersonBP/CarObstacle.CarObstacle_C:ExecuteUbergraph_CarObstacle

[2022.04.26-13.24.43:822][  2]LogScript: Warning: Accessed None
	CarObstacle_C /Game/Map/Minimal_Default.Minimal_Default:PersistentLevel.CarObstacle3_6
	Function /Game/ThirdPersonBP/CarObstacle.CarObstacle_C:ExecuteUbergraph_CarObstacle:005C
[2022.04.26-13.24.43:822][  2]LogScript: Warning: Script call stack:
	Function /Game/ThirdPersonBP/CarObstacle.CarObstacle_C:CarMover__UpdateFunc
	Function /Game/ThirdPersonBP/CarObstacle.CarObstacle_C:ExecuteUbergraph_CarObstacle

[2022.04.26-13.24.43:822][  2]LogScript: Warning: Accessed None trying to read property TrackRef
	CarObstacle_C /Game/Map/Minimal_Default.Minimal_Default:PersistentLevel.CarObstacle3_6
	Function /Game/ThirdPersonBP/CarObstacle.CarObstacle_C:ExecuteUbergraph_CarObstacle:00C2
[2022.04.26-13.24.43:822][  2]LogScript: Warning: Script call stack:
	Function /Game/ThirdPersonBP/CarObstacle.CarObstacle_C:CarMover__UpdateFunc
	Function /Game/ThirdPersonBP/CarObstacle.CarObstacle_C:ExecuteUbergraph_CarObstacle

[2022.04.26-13.24.43:822][  2]LogScript: Warning: Accessed None
	CarObstacle_C /Game/Map/Minimal_Default.Minimal_Default:PersistentLevel.CarObstacle3_6
	Function /Game/ThirdPersonBP/CarObstacle.CarObstacle_C:ExecuteUbergraph_CarObstacle:00D7
[2022.04.26-13.24.43:822][  2]LogScript: Warning: Script call stack:
	Function /Game/ThirdPersonBP/CarObstacle.CarObstacle_C:CarMover__UpdateFunc
	Function /Game/ThirdPersonBP/CarObstacle.CarObstacle_C:ExecuteUbergraph_CarObstacle

[2022.04.26-13.24.46:188][469]LogSlate: Window 'HoVR (64-bit Development PCD3D_SM5) ' being destroyed
[2022.04.26-13.24.46:189][469]LogWindowsTextInputMethodSystem: Display: IME system deactivated.
[2022.04.26-13.24.46:194][469]LogWindowsTextInputMethodSystem: Display: IME system deactivated.
[2022.04.26-13.24.46:195][469]LogSlate: Updating window title bar state: overlay mode, drag disabled, window buttons hidden, title bar hidden
[2022.04.26-13.24.46:195][469]LogEngine: All Windows Closed
[2022.04.26-13.24.46:195][469]LogWindows: FPlatformMisc::RequestExit(0)
[2022.04.26-13.24.46:195][469]LogWindows: FPlatformMisc::RequestExitWithStatus(0, 0)
[2022.04.26-13.24.46:195][469]LogCore: Engine exit requested (reason: Win RequestExit)
[2022.04.26-13.24.46:195][470]LogCore: Engine exit requested (reason: EngineExit() was called; note: exit was already requested)
[2022.04.26-13.24.46:195][470]LogInit: Display: PreExit Game.
[2022.04.26-13.24.46:201][470]LogWorld: BeginTearingDown for /Game/Map/Minimal_Default
[2022.04.26-13.24.46:203][470]LogWorld: UWorld::CleanupWorld for Minimal_Default, bSessionEnded=true, bCleanupResources=true
[2022.04.26-13.24.46:214][470]LogSlate: InvalidateAllWidgets triggered.  All widgets were invalidated
[2022.04.26-13.24.46:985][470]LogAudio: Display: Beginning Audio Device Manager Shutdown (Module: AudioMixerXAudio2)...
[2022.04.26-13.24.46:985][470]LogAudio: Display: Destroying 1 Remaining Audio Device(s)...
[2022.04.26-13.24.46:985][470]LogAudio: Display: Audio Device unregistered from world 'Minimal_Default'.
[2022.04.26-13.24.46:986][470]LogAudioMixer: FMixerPlatformXAudio2::StopAudioStream() called
[2022.04.26-13.24.46:987][470]LogAudioMixer: FMixerPlatformXAudio2::StopAudioStream() called
[2022.04.26-13.24.46:989][470]LogAudio: Display: Audio Device Manager Shutdown
[2022.04.26-13.24.46:992][470]LogExit: Preparing to exit.
