Log file open, 04/29/22 13:16:29
LogWindows: Failed to load 'aqProf.dll' (GetLastError=126)
LogWindows: File 'aqProf.dll' does not exist
LogWindows: Failed to load 'VtuneApi.dll' (GetLastError=126)
LogWindows: File 'VtuneApi.dll' does not exist
LogWindows: Failed to load 'VtuneApi32e.dll' (GetLastError=126)
LogWindows: File 'VtuneApi32e.dll' does not exist
LogConsoleResponse: Display: Failed to find resolution value strings in scalability ini. Falling back to default.
LogConsoleResponse: Display: Failed to find resolution value strings in scalability ini. Falling back to default.
LogInit: Display: Running engine for game: HoVR
LogPlatformFile: Not using cached read wrapper
LogTaskGraph: Started task graph with 5 named threads and 23 total threads with 3 sets of task threads.
LogStats: Stats thread started at 0.298450
LogICUInternationalization: ICU TimeZone Detection - Raw Offset: +0:00, Platform Override: ''
LogInit: Display: Loading text-based GConfig....
LogPluginManager: Mounting plugin MeshPainting
LogPluginManager: Mounting plugin XGEController
LogPluginManager: Mounting plugin Paper2D
LogPluginManager: Mounting plugin EnvironmentQueryEditor
LogPluginManager: Mounting plugin AISupport
LogPluginManager: Mounting plugin LightPropagationVolume
LogPluginManager: Mounting plugin CameraShakePreviewer
LogPluginManager: Mounting plugin GameplayCameras
LogPluginManager: Mounting plugin OodleData
LogPluginManager: Mounting plugin OodleNetwork
LogPluginManager: Mounting plugin AnimationSharing
LogPluginManager: Mounting plugin CLionSourceCodeAccess
LogPluginManager: Mounting plugin CodeLiteSourceCodeAccess
LogPluginManager: Mounting plugin NullSourceCodeAccess
LogPluginManager: Mounting plugin GitSourceControl
LogPluginManager: Mounting plugin KDevelopSourceCodeAccess
LogPluginManager: Mounting plugin PerforceSourceControl
LogPluginManager: Mounting plugin PlasticSourceControl
LogPluginManager: Mounting plugin PixWinPlugin
LogPluginManager: Mounting plugin PluginUtils
LogPluginManager: Mounting plugin PropertyAccessNode
LogPluginManager: Mounting plugin RiderSourceCodeAccess
LogPluginManager: Mounting plugin SubversionSourceControl
LogPluginManager: Mounting plugin TextureFormatOodle
LogPluginManager: Mounting plugin VisualStudioCodeSourceCodeAccess
LogPluginManager: Mounting plugin UObjectPlugin
LogPluginManager: Mounting plugin VisualStudioSourceCodeAccess
LogPluginManager: Mounting plugin XCodeSourceCodeAccess
LogPluginManager: Mounting plugin AssetManagerEditor
LogPluginManager: Mounting plugin CryptoKeys
LogPluginManager: Mounting plugin DataValidation
LogPluginManager: Mounting plugin CurveEditorTools
LogPluginManager: Mounting plugin FacialAnimation
LogPluginManager: Mounting plugin GameplayTagsEditor
LogPluginManager: Mounting plugin MaterialAnalyzer
LogPluginManager: Mounting plugin GeometryMode
LogPluginManager: Mounting plugin MacGraphicsSwitching
LogPluginManager: Mounting plugin PluginBrowser
LogPluginManager: Mounting plugin MobileLauncherProfileWizard
LogPluginManager: Mounting plugin SpeedTreeImporter
LogPluginManager: Mounting plugin Niagara
LogPluginManager: Mounting plugin AlembicImporter
LogPluginManager: Mounting plugin BackChannel
LogPluginManager: Mounting plugin AutomationUtils
LogPluginManager: Mounting plugin ChaosClothEditor
LogPluginManager: Mounting plugin ChaosEditor
LogPluginManager: Mounting plugin ChaosNiagara
LogPluginManager: Mounting plugin ChaosCloth
LogPluginManager: Mounting plugin ChaosSolverPlugin
LogPluginManager: Mounting plugin CharacterAI
LogPluginManager: Mounting plugin GeometryCache
LogPluginManager: Mounting plugin GeometryCollectionPlugin
LogPluginManager: Mounting plugin GeometryProcessing
LogPluginManager: Mounting plugin AndroidMedia
LogPluginManager: Mounting plugin AvfMedia
LogPluginManager: Mounting plugin MotoSynth
LogPluginManager: Mounting plugin OpenImageDenoise
LogPluginManager: Mounting plugin ImgMedia
LogPluginManager: Mounting plugin PlanarCut
LogPluginManager: Mounting plugin PlatformCrypto
LogPluginManager: Mounting plugin ProxyLODPlugin
LogPluginManager: Mounting plugin PythonScriptPlugin
LogPluginManager: Mounting plugin RawInput
LogPluginManager: Mounting plugin SkeletalReduction
LogPluginManager: Mounting plugin MediaCompositing
LogPluginManager: Mounting plugin MediaPlayerEditor
LogPluginManager: Mounting plugin WebMMedia
LogPluginManager: Mounting plugin WmfMedia
LogPluginManager: Mounting plugin LuminPlatformFeatures
LogPluginManager: Mounting plugin MagicLeap
LogPluginManager: Mounting plugin MagicLeapLightEstimation
LogPluginManager: Mounting plugin MagicLeapMedia
LogPluginManager: Mounting plugin MagicLeapPassableWorld
LogPluginManager: Mounting plugin MLSDK
LogPluginManager: Mounting plugin TcpMessaging
LogPluginManager: Mounting plugin UdpMessaging
LogPluginManager: Mounting plugin ActorSequence
LogPluginManager: Mounting plugin LevelSequenceEditor
LogPluginManager: Mounting plugin MatineeToLevelSequence
LogPluginManager: Mounting plugin TemplateSequence
LogPluginManager: Mounting plugin OnlineSubsystem
LogPluginManager: Mounting plugin OnlineSubsystemNull
LogPluginManager: Mounting plugin OnlineSubsystemUtils
LogPluginManager: Mounting plugin LauncherChunkInstaller
LogPluginManager: Mounting plugin ActorLayerUtilities
LogPluginManager: Mounting plugin AndroidMoviePlayer
LogPluginManager: Mounting plugin AndroidDeviceProfileSelector
LogPluginManager: Mounting plugin AndroidPermission
LogPluginManager: Mounting plugin AppleImageUtils
LogPluginManager: Mounting plugin AppleMoviePlayer
LogPluginManager: Mounting plugin ArchVisCharacter
LogPluginManager: Mounting plugin AssetTags
LogPluginManager: Mounting plugin AudioSynesthesia
LogPluginManager: Mounting plugin AudioCapture
LogPluginManager: Mounting plugin CableComponent
LogPluginManager: Mounting plugin ChunkDownloader
LogPluginManager: Mounting plugin CustomMeshComponent
LogPluginManager: Mounting plugin ExampleDeviceProfileSelector
LogPluginManager: Mounting plugin EditableMesh
LogPluginManager: Mounting plugin GoogleCloudMessaging
LogPluginManager: Mounting plugin GooglePAD
LogPluginManager: Mounting plugin ScreenshotTools
LogPluginManager: Mounting plugin IOSDeviceProfileSelector
LogPluginManager: Mounting plugin LinuxDeviceProfileSelector
LogPluginManager: Mounting plugin LocationServicesBPLibrary
LogPluginManager: Mounting plugin MobilePatchingUtils
LogPluginManager: Mounting plugin OpenXREyeTracker
LogPluginManager: Mounting plugin OpenXR
LogPluginManager: Mounting plugin OpenXRHandTracking
LogPluginManager: Mounting plugin PhysXVehicles
LogPluginManager: Mounting plugin PostSplashScreen
LogPluginManager: Mounting plugin Takes
LogPluginManager: Mounting plugin ProceduralMeshComponent
LogPluginManager: Mounting plugin PropertyAccessEditor
LogPluginManager: Mounting plugin RuntimePhysXCooking
LogPluginManager: Mounting plugin SignificanceManager
LogPluginManager: Mounting plugin SoundFields
LogPluginManager: Mounting plugin Synthesis
LogPluginManager: Mounting plugin WebMMoviePlayer
LogPluginManager: Mounting plugin WindowsMoviePlayer
LogPluginManager: Mounting plugin LiveLink
LogPluginManager: Mounting plugin DatasmithContent
LogPluginManager: Mounting plugin VariantManagerContent
LogPluginManager: Mounting plugin ContentBrowserAssetDataSource
LogPluginManager: Mounting plugin ContentBrowserClassDataSource
LogPluginManager: Mounting plugin ContentBrowserFileDataSource
LogPluginManager: Mounting plugin OnlineSubsystemGooglePlay
LogPluginManager: Mounting plugin OnlineSubsystemIOS
LogPluginManager: Mounting plugin OculusVR
LogPluginManager: Mounting plugin SteamVR
PixWinPlugin: PIX capture plugin failed to initialize! Check that the process is launched from PIX.
LogInit: Using libcurl 7.55.1-DEV
LogInit:  - built for x86_64-pc-win32
LogInit:  - supports SSL with OpenSSL/1.1.1
LogInit:  - supports HTTP deflate (compression) using libz 1.2.8
LogInit:  - other features:
LogInit:      CURL_VERSION_SSL
LogInit:      CURL_VERSION_LIBZ
LogInit:      CURL_VERSION_IPV6
LogInit:      CURL_VERSION_ASYNCHDNS
LogInit:      CURL_VERSION_LARGEFILE
LogInit:      CURL_VERSION_IDN
LogInit:  CurlRequestOptions (configurable via config and command line):
LogInit:  - bVerifyPeer = true  - Libcurl will verify peer certificate
LogInit:  - bUseHttpProxy = false  - Libcurl will NOT use HTTP proxy
LogInit:  - bDontReuseConnections = false  - Libcurl will reuse connections
LogInit:  - MaxHostConnections = 16  - Libcurl will limit the number of connections to a host
LogInit:  - LocalHostAddr = Default
LogInit:  - BufferSize = 65536
LogOnline: OSS: Creating online subsystem instance for: NULL
LogInit: WinSock: version 1.1 (2.2), MaxSocks=32767, MaxUdp=65467
LogOnline: OSS: TryLoadSubsystemAndSetDefault: Loaded subsystem for module [NULL]
LogOculusPluginWrapper: OculusPlugin initialized successfully
LogHMD: Failed initializing OVRPlugin 1.59.0
LogInit: Build: ++UE4+Release-4.27-CL-18319896
LogInit: Engine Version: 4.27.2-18319896+++UE4+Release-4.27
LogInit: Compatible Engine Version: 4.27.0-17155196+++UE4+Release-4.27
LogInit: Net CL: 17155196
LogInit: OS: Windows 10 (Release 2009) (), CPU: Intel(R) Core(TM) i7-4790K CPU @ 4.00GHz, GPU: NVIDIA GeForce GTX 980
LogInit: Compiled (64-bit): Nov 30 2021 07:12:08
LogInit: Compiled with Visual C++: 19.24.28315.00
LogInit: Build Configuration: Development
LogInit: Branch Name: ++UE4+Release-4.27
LogInit: Command Line:  /Game/Map/Minimal_Default -game -PIEVIACONSOLE -Multiprocess GameUserSettingsINI=D:/HoVR-3.0/HovR2/HoVR/Saved/Config/Windows/PIEGameUserSettings0.ini -MultiprocessSaveConfig -forcepassthrough -messaging -SessionName="Play in Standalone Game" -windowed -WinX=320 -WinY=184 SAVEWINPOS=1 -ResX=1280 -ResY=720
LogInit: Base Directory: C:/Program Files/Epic Games/UE_4.27/Engine/Binaries/Win64/
LogInit: Allocator: TBB
LogInit: Installed Engine Build: 1
LogDevObjectVersion: Number of dev versions registered: 29
LogDevObjectVersion:   Dev-Blueprints (B0D832E4-1F89-4F0D-ACCF-7EB736FD4AA2): 10
LogDevObjectVersion:   Dev-Build (E1C64328-A22C-4D53-A36C-8E866417BD8C): 0
LogDevObjectVersion:   Dev-Core (375EC13C-06E4-48FB-B500-84F0262A717E): 4
LogDevObjectVersion:   Dev-Editor (E4B068ED-F494-42E9-A231-DA0B2E46BB41): 40
LogDevObjectVersion:   Dev-Framework (CFFC743F-43B0-4480-9391-14DF171D2073): 37
LogDevObjectVersion:   Dev-Mobile (B02B49B5-BB20-44E9-A304-32B752E40360): 3
LogDevObjectVersion:   Dev-Networking (A4E4105C-59A1-49B5-A7C5-40C4547EDFEE): 0
LogDevObjectVersion:   Dev-Online (39C831C9-5AE6-47DC-9A44-9C173E1C8E7C): 0
LogDevObjectVersion:   Dev-Physics (78F01B33-EBEA-4F98-B9B4-84EACCB95AA2): 14
LogDevObjectVersion:   Dev-Platform (6631380F-2D4D-43E0-8009-CF276956A95A): 0
LogDevObjectVersion:   Dev-Rendering (12F88B9F-8875-4AFC-A67C-D90C383ABD29): 45
LogDevObjectVersion:   Dev-Sequencer (7B5AE74C-D270-4C10-A958-57980B212A5A): 13
LogDevObjectVersion:   Dev-VR (D7296918-1DD6-4BDD-9DE2-64A83CC13884): 3
LogDevObjectVersion:   Dev-LoadTimes (C2A15278-BFE7-4AFE-6C17-90FF531DF755): 1
LogDevObjectVersion:   Private-Geometry (6EACA3D4-40EC-4CC1-B786-8BED09428FC5): 3
LogDevObjectVersion:   Dev-AnimPhys (29E575DD-E0A3-4627-9D10-D276232CDCEA): 17
LogDevObjectVersion:   Dev-Anim (AF43A65D-7FD3-4947-9873-3E8ED9C1BB05): 15
LogDevObjectVersion:   Dev-ReflectionCapture (6B266CEC-1EC7-4B8F-A30B-E4D90942FC07): 1
LogDevObjectVersion:   Dev-Automation (0DF73D61-A23F-47EA-B727-89E90C41499A): 1
LogDevObjectVersion:   FortniteMain (601D1886-AC64-4F84-AA16-D3DE0DEAC7D6): 47
LogDevObjectVersion:   FortniteRelease (E7086368-6B23-4C58-8439-1B7016265E91): 1
LogDevObjectVersion:   Dev-Enterprise (9DFFBCD6-494F-0158-E221-12823C92A888): 10
LogDevObjectVersion:   Dev-Niagara (F2AED0AC-9AFE-416F-8664-AA7FFA26D6FC): 1
LogDevObjectVersion:   Dev-Destruction (174F1F0B-B4C6-45A5-B13F-2EE8D0FB917D): 10
LogDevObjectVersion:   Dev-Physics-Ext (35F94A83-E258-406C-A318-09F59610247C): 41
LogDevObjectVersion:   Dev-PhysicsMaterial-Chaos (B68FC16E-8B1B-42E2-B453-215C058844FE): 1
LogDevObjectVersion:   Dev-CineCamera (B2E18506-4273-CFC2-A54E-F4BB758BBA07): 1
LogDevObjectVersion:   Dev-VirtualProduction (64F58936-FD1B-42BA-BA96-7289D5D0FA4E): 1
LogDevObjectVersion:   Dev-MediaFramework (6F0ED827-A609-4895-9C91-998D90180EA4): 2
LogInit: Presizing for max 25165824 objects, including 0 objects not considered by GC, pre-allocating 0 bytes for permanent pool.
LogConfig: Applying CVar settings from Section [/Script/Engine.StreamingSettings] File [D:/HoVR-3.0/HovR2/HoVR/Saved/Config/Windows/Engine.ini]
LogConfig: Setting CVar [[s.MinBulkDataSizeForAsyncLoading:131072]]
LogConfig: Setting CVar [[s.AsyncLoadingThreadEnabled:0]]
LogConfig: Setting CVar [[s.EventDrivenLoaderEnabled:1]]
LogConfig: Setting CVar [[s.WarnIfTimeLimitExceeded:0]]
LogConfig: Setting CVar [[s.TimeLimitExceededMultiplier:1.5]]
LogConfig: Setting CVar [[s.TimeLimitExceededMinTime:0.005]]
LogConfig: Setting CVar [[s.UseBackgroundLevelStreaming:1]]
LogConfig: Setting CVar [[s.PriorityAsyncLoadingExtraTime:15.0]]
LogConfig: Setting CVar [[s.LevelStreamingActorsUpdateTimeLimit:5.0]]
LogConfig: Setting CVar [[s.PriorityLevelStreamingActorsUpdateExtraTime:5.0]]
LogConfig: Setting CVar [[s.LevelStreamingComponentsRegistrationGranularity:10]]
LogConfig: Setting CVar [[s.UnregisterComponentsTimeLimit:1.0]]
LogConfig: Setting CVar [[s.LevelStreamingComponentsUnregistrationGranularity:5]]
LogConfig: Setting CVar [[s.FlushStreamingOnExit:1]]
LogInit: Object subsystem initialized
LogConfig: Setting CVar [[con.DebugEarlyDefault:1]]
LogConfig: Setting CVar [[r.setres:1280x720]]
[2022.04.29-12.16.30:829][  0]LogConfig: Setting CVar [[con.DebugEarlyDefault:1]]
[2022.04.29-12.16.30:829][  0]LogConfig: Setting CVar [[r.setres:1280x720]]
[2022.04.29-12.16.30:829][  0]LogConfig: Applying CVar settings from Section [/Script/Engine.RendererSettings] File [D:/HoVR-3.0/HovR2/HoVR/Saved/Config/Windows/Engine.ini]
[2022.04.29-12.16.30:829][  0]LogConfig: Setting CVar [[r.GPUCrashDebugging:0]]
[2022.04.29-12.16.30:829][  0]LogConfig: Applying CVar settings from Section [/Script/Engine.RendererOverrideSettings] File [D:/HoVR-3.0/HovR2/HoVR/Saved/Config/Windows/Engine.ini]
[2022.04.29-12.16.30:829][  0]LogConfig: Applying CVar settings from Section [/Script/Engine.StreamingSettings] File [D:/HoVR-3.0/HovR2/HoVR/Saved/Config/Windows/Engine.ini]
[2022.04.29-12.16.30:829][  0]LogConfig: Setting CVar [[s.MinBulkDataSizeForAsyncLoading:131072]]
[2022.04.29-12.16.30:829][  0]LogConfig: Setting CVar [[s.AsyncLoadingThreadEnabled:0]]
[2022.04.29-12.16.30:829][  0]LogConfig: Setting CVar [[s.EventDrivenLoaderEnabled:1]]
[2022.04.29-12.16.30:829][  0]LogConfig: Setting CVar [[s.WarnIfTimeLimitExceeded:0]]
[2022.04.29-12.16.30:829][  0]LogConfig: Setting CVar [[s.TimeLimitExceededMultiplier:1.5]]
[2022.04.29-12.16.30:829][  0]LogConfig: Setting CVar [[s.TimeLimitExceededMinTime:0.005]]
[2022.04.29-12.16.30:829][  0]LogConfig: Setting CVar [[s.UseBackgroundLevelStreaming:1]]
[2022.04.29-12.16.30:829][  0]LogConfig: Setting CVar [[s.PriorityAsyncLoadingExtraTime:15.0]]
[2022.04.29-12.16.30:829][  0]LogConfig: Setting CVar [[s.LevelStreamingActorsUpdateTimeLimit:5.0]]
[2022.04.29-12.16.30:829][  0]LogConfig: Setting CVar [[s.PriorityLevelStreamingActorsUpdateExtraTime:5.0]]
[2022.04.29-12.16.30:829][  0]LogConfig: Setting CVar [[s.LevelStreamingComponentsRegistrationGranularity:10]]
[2022.04.29-12.16.30:829][  0]LogConfig: Setting CVar [[s.UnregisterComponentsTimeLimit:1.0]]
[2022.04.29-12.16.30:829][  0]LogConfig: Setting CVar [[s.LevelStreamingComponentsUnregistrationGranularity:5]]
[2022.04.29-12.16.30:829][  0]LogConfig: Setting CVar [[s.FlushStreamingOnExit:1]]
[2022.04.29-12.16.30:829][  0]LogConfig: Applying CVar settings from Section [/Script/Engine.GarbageCollectionSettings] File [D:/HoVR-3.0/HovR2/HoVR/Saved/Config/Windows/Engine.ini]
[2022.04.29-12.16.30:829][  0]LogConfig: Setting CVar [[gc.MaxObjectsNotConsideredByGC:1]]
[2022.04.29-12.16.30:829][  0]LogConfig: Setting CVar [[gc.SizeOfPermanentObjectPool:0]]
[2022.04.29-12.16.30:829][  0]LogConfig: Setting CVar [[gc.FlushStreamingOnGC:0]]
[2022.04.29-12.16.30:829][  0]LogConfig: Setting CVar [[gc.NumRetriesBeforeForcingGC:10]]
[2022.04.29-12.16.30:829][  0]LogConfig: Setting CVar [[gc.AllowParallelGC:1]]
[2022.04.29-12.16.30:829][  0]LogConfig: Setting CVar [[gc.TimeBetweenPurgingPendingKillObjects:61.1]]
[2022.04.29-12.16.30:829][  0]LogConfig: Setting CVar [[gc.MaxObjectsInEditor:25165824]]
[2022.04.29-12.16.30:829][  0]LogConfig: Setting CVar [[gc.IncrementalBeginDestroyEnabled:1]]
[2022.04.29-12.16.30:829][  0]LogConfig: Setting CVar [[gc.CreateGCClusters:1]]
[2022.04.29-12.16.30:829][  0]LogConfig: Setting CVar [[gc.MinGCClusterSize:5]]
[2022.04.29-12.16.30:829][  0]LogConfig: Setting CVar [[gc.ActorClusteringEnabled:0]]
[2022.04.29-12.16.30:829][  0]LogConfig: Setting CVar [[gc.BlueprintClusteringEnabled:0]]
[2022.04.29-12.16.30:829][  0]LogConfig: Setting CVar [[gc.UseDisregardForGCOnDedicatedServers:0]]
[2022.04.29-12.16.30:829][  0]LogConfig: Setting CVar [[gc.MultithreadedDestructionEnabled:1]]
[2022.04.29-12.16.30:829][  0]LogConfig: Applying CVar settings from Section [/Script/Engine.NetworkSettings] File [D:/HoVR-3.0/HovR2/HoVR/Saved/Config/Windows/Engine.ini]
[2022.04.29-12.16.30:829][  0]LogConfig: Applying CVar settings from Section [/Script/UnrealEd.CookerSettings] File [D:/HoVR-3.0/HovR2/HoVR/Saved/Config/Windows/Engine.ini]
[2022.04.29-12.16.30:854][  0]LogConfig: Applying CVar settings from Section [ViewDistanceQuality@3] File [D:/HoVR-3.0/HovR2/HoVR/Saved/Config/Windows/Scalability.ini]
[2022.04.29-12.16.30:854][  0]LogConfig: Setting CVar [[r.SkeletalMeshLODBias:0]]
[2022.04.29-12.16.30:854][  0]LogConfig: Setting CVar [[r.ViewDistanceScale:1.0]]
[2022.04.29-12.16.30:854][  0]LogConfig: Applying CVar settings from Section [AntiAliasingQuality@3] File [D:/HoVR-3.0/HovR2/HoVR/Saved/Config/Windows/Scalability.ini]
[2022.04.29-12.16.30:854][  0]LogConfig: Setting CVar [[r.PostProcessAAQuality:4]]
[2022.04.29-12.16.30:854][  0]LogConfig: Applying CVar settings from Section [ShadowQuality@3] File [D:/HoVR-3.0/HovR2/HoVR/Saved/Config/Windows/Scalability.ini]
[2022.04.29-12.16.30:854][  0]LogConfig: Setting CVar [[r.LightFunctionQuality:1]]
[2022.04.29-12.16.30:854][  0]LogConfig: Setting CVar [[r.ShadowQuality:5]]
[2022.04.29-12.16.30:854][  0]LogConfig: Setting CVar [[r.Shadow.CSM.MaxCascades:10]]
[2022.04.29-12.16.30:854][  0]LogConfig: Setting CVar [[r.Shadow.MaxResolution:2048]]
[2022.04.29-12.16.30:855][  0]LogConfig: Setting CVar [[r.Shadow.MaxCSMResolution:2048]]
[2022.04.29-12.16.30:855][  0]LogConfig: Setting CVar [[r.Shadow.RadiusThreshold:0.01]]
[2022.04.29-12.16.30:855][  0]LogConfig: Setting CVar [[r.Shadow.DistanceScale:1.0]]
[2022.04.29-12.16.30:855][  0]LogConfig: Setting CVar [[r.Shadow.CSM.TransitionScale:1.0]]
[2022.04.29-12.16.30:855][  0]LogConfig: Setting CVar [[r.Shadow.PreShadowResolutionFactor:1.0]]
[2022.04.29-12.16.30:855][  0]LogConfig: Setting CVar [[r.DistanceFieldShadowing:1]]
[2022.04.29-12.16.30:855][  0]LogConfig: Setting CVar [[r.DistanceFieldAO:1]]
[2022.04.29-12.16.30:855][  0]LogConfig: Setting CVar [[r.AOQuality:2]]
[2022.04.29-12.16.30:855][  0]LogConfig: Setting CVar [[r.VolumetricFog:1]]
[2022.04.29-12.16.30:855][  0]LogConfig: Setting CVar [[r.VolumetricFog.GridPixelSize:8]]
[2022.04.29-12.16.30:855][  0]LogConfig: Setting CVar [[r.VolumetricFog.GridSizeZ:128]]
[2022.04.29-12.16.30:855][  0]LogConfig: Setting CVar [[r.VolumetricFog.HistoryMissSupersampleCount:4]]
[2022.04.29-12.16.30:855][  0]LogConfig: Setting CVar [[r.LightMaxDrawDistanceScale:1]]
[2022.04.29-12.16.30:855][  0]LogConfig: Setting CVar [[r.CapsuleShadows:1]]
[2022.04.29-12.16.30:855][  0]LogConfig: Applying CVar settings from Section [PostProcessQuality@3] File [D:/HoVR-3.0/HovR2/HoVR/Saved/Config/Windows/Scalability.ini]
[2022.04.29-12.16.30:855][  0]LogConfig: Setting CVar [[r.MotionBlurQuality:4]]
[2022.04.29-12.16.30:855][  0]LogConfig: Setting CVar [[r.AmbientOcclusionMipLevelFactor:0.4]]
[2022.04.29-12.16.30:855][  0]LogConfig: Setting CVar [[r.AmbientOcclusionMaxQuality:100]]
[2022.04.29-12.16.30:855][  0]LogConfig: Setting CVar [[r.AmbientOcclusionLevels:-1]]
[2022.04.29-12.16.30:855][  0]LogConfig: Setting CVar [[r.AmbientOcclusionRadiusScale:1.0]]
[2022.04.29-12.16.30:855][  0]LogConfig: Setting CVar [[r.DepthOfFieldQuality:2]]
[2022.04.29-12.16.30:855][  0]LogConfig: Setting CVar [[r.RenderTargetPoolMin:400]]
[2022.04.29-12.16.30:855][  0]LogConfig: Setting CVar [[r.LensFlareQuality:2]]
[2022.04.29-12.16.30:855][  0]LogConfig: Setting CVar [[r.SceneColorFringeQuality:1]]
[2022.04.29-12.16.30:855][  0]LogConfig: Setting CVar [[r.EyeAdaptationQuality:2]]
[2022.04.29-12.16.30:855][  0]LogConfig: Setting CVar [[r.BloomQuality:5]]
[2022.04.29-12.16.30:855][  0]LogConfig: Setting CVar [[r.FastBlurThreshold:100]]
[2022.04.29-12.16.30:855][  0]LogConfig: Setting CVar [[r.Upscale.Quality:3]]
[2022.04.29-12.16.30:855][  0]LogConfig: Setting CVar [[r.Tonemapper.GrainQuantization:1]]
[2022.04.29-12.16.30:855][  0]LogConfig: Setting CVar [[r.LightShaftQuality:1]]
[2022.04.29-12.16.30:855][  0]LogConfig: Setting CVar [[r.Filter.SizeScale:1]]
[2022.04.29-12.16.30:855][  0]LogConfig: Setting CVar [[r.Tonemapper.Quality:5]]
[2022.04.29-12.16.30:855][  0]LogConfig: Setting CVar [[r.DOF.Gather.AccumulatorQuality:1        ; higher gathering accumulator quality]]
[2022.04.29-12.16.30:855][  0]LogConfig: Setting CVar [[r.DOF.Gather.PostfilterMethod:1          ; Median3x3 postfilering method]]
[2022.04.29-12.16.30:855][  0]LogConfig: Setting CVar [[r.DOF.Gather.EnableBokehSettings:0       ; no bokeh simulation when gathering]]
[2022.04.29-12.16.30:855][  0]LogConfig: Setting CVar [[r.DOF.Gather.RingCount:4                 ; medium number of samples when gathering]]
[2022.04.29-12.16.30:855][  0]LogConfig: Setting CVar [[r.DOF.Scatter.ForegroundCompositing:1    ; additive foreground scattering]]
[2022.04.29-12.16.30:855][  0]LogConfig: Setting CVar [[r.DOF.Scatter.BackgroundCompositing:2    ; additive background scattering]]
[2022.04.29-12.16.30:855][  0]LogConfig: Setting CVar [[r.DOF.Scatter.EnableBokehSettings:1      ; bokeh simulation when scattering]]
[2022.04.29-12.16.30:855][  0]LogConfig: Setting CVar [[r.DOF.Scatter.MaxSpriteRatio:0.1         ; only a maximum of 10% of scattered bokeh]]
[2022.04.29-12.16.30:855][  0]LogConfig: Setting CVar [[r.DOF.Recombine.Quality:1                ; cheap slight out of focus]]
[2022.04.29-12.16.30:855][  0]LogConfig: Setting CVar [[r.DOF.Recombine.EnableBokehSettings:0    ; no bokeh simulation on slight out of focus]]
[2022.04.29-12.16.30:855][  0]LogConfig: Setting CVar [[r.DOF.TemporalAAQuality:1                ; more stable temporal accumulation]]
[2022.04.29-12.16.30:855][  0]LogConfig: Setting CVar [[r.DOF.Kernel.MaxForegroundRadius:0.025]]
[2022.04.29-12.16.30:855][  0]LogConfig: Setting CVar [[r.DOF.Kernel.MaxBackgroundRadius:0.025]]
[2022.04.29-12.16.30:855][  0]LogConfig: Applying CVar settings from Section [TextureQuality@3] File [D:/HoVR-3.0/HovR2/HoVR/Saved/Config/Windows/Scalability.ini]
[2022.04.29-12.16.30:855][  0]LogConfig: Setting CVar [[r.Streaming.MipBias:0]]
[2022.04.29-12.16.30:855][  0]LogConfig: Setting CVar [[r.Streaming.AmortizeCPUToGPUCopy:0]]
[2022.04.29-12.16.30:855][  0]LogConfig: Setting CVar [[r.Streaming.MaxNumTexturesToStreamPerFrame:0]]
[2022.04.29-12.16.30:855][  0]LogConfig: Setting CVar [[r.Streaming.Boost:1]]
[2022.04.29-12.16.30:855][  0]LogConfig: Setting CVar [[r.MaxAnisotropy:8]]
[2022.04.29-12.16.30:855][  0]LogConfig: Setting CVar [[r.VT.MaxAnisotropy:8]]
[2022.04.29-12.16.30:856][  0]LogConfig: Setting CVar [[r.Streaming.LimitPoolSizeToVRAM:0]]
[2022.04.29-12.16.30:856][  0]LogConfig: Setting CVar [[r.Streaming.PoolSize:1000]]
[2022.04.29-12.16.30:856][  0]LogConfig: Setting CVar [[r.Streaming.MaxEffectiveScreenSize:0]]
[2022.04.29-12.16.30:856][  0]LogConfig: Applying CVar settings from Section [EffectsQuality@3] File [D:/HoVR-3.0/HovR2/HoVR/Saved/Config/Windows/Scalability.ini]
[2022.04.29-12.16.30:856][  0]LogConfig: Setting CVar [[r.TranslucencyLightingVolumeDim:64]]
[2022.04.29-12.16.30:856][  0]LogConfig: Setting CVar [[r.RefractionQuality:2]]
[2022.04.29-12.16.30:856][  0]LogConfig: Setting CVar [[r.SSR.Quality:3]]
[2022.04.29-12.16.30:856][  0]LogConfig: Setting CVar [[r.SSR.HalfResSceneColor:0]]
[2022.04.29-12.16.30:856][  0]LogConfig: Setting CVar [[r.SceneColorFormat:4]]
[2022.04.29-12.16.30:856][  0]LogConfig: Setting CVar [[r.DetailMode:2]]
[2022.04.29-12.16.30:856][  0]LogConfig: Setting CVar [[r.TranslucencyVolumeBlur:1]]
[2022.04.29-12.16.30:856][  0]LogConfig: Setting CVar [[r.MaterialQualityLevel:1 ; High quality]]
[2022.04.29-12.16.30:856][  0]LogConfig: Setting CVar [[r.AnisotropicMaterials:1]]
[2022.04.29-12.16.30:856][  0]LogConfig: Setting CVar [[r.SSS.Scale:1]]
[2022.04.29-12.16.30:856][  0]LogConfig: Setting CVar [[r.SSS.SampleSet:2]]
[2022.04.29-12.16.30:856][  0]LogConfig: Setting CVar [[r.SSS.Quality:1]]
[2022.04.29-12.16.30:856][  0]LogConfig: Setting CVar [[r.SSS.HalfRes:0]]
[2022.04.29-12.16.30:856][  0]LogConfig: Setting CVar [[r.SSGI.Quality:3]]
[2022.04.29-12.16.30:856][  0]LogConfig: Setting CVar [[r.EmitterSpawnRateScale:1.0]]
[2022.04.29-12.16.30:856][  0]LogConfig: Setting CVar [[r.ParticleLightQuality:2]]
[2022.04.29-12.16.30:856][  0]LogConfig: Setting CVar [[r.SkyAtmosphere.AerialPerspectiveLUT.FastApplyOnOpaque:1 ; Always have FastSkyLUT 1 in this case to avoid wrong sky]]
[2022.04.29-12.16.30:856][  0]LogConfig: Setting CVar [[r.SkyAtmosphere.AerialPerspectiveLUT.SampleCountMaxPerSlice:4]]
[2022.04.29-12.16.30:856][  0]LogConfig: Setting CVar [[r.SkyAtmosphere.AerialPerspectiveLUT.DepthResolution:16.0]]
[2022.04.29-12.16.30:856][  0]LogConfig: Setting CVar [[r.SkyAtmosphere.FastSkyLUT:1]]
[2022.04.29-12.16.30:856][  0]LogConfig: Setting CVar [[r.SkyAtmosphere.FastSkyLUT.SampleCountMin:4.0]]
[2022.04.29-12.16.30:856][  0]LogConfig: Setting CVar [[r.SkyAtmosphere.FastSkyLUT.SampleCountMax:128.0]]
[2022.04.29-12.16.30:856][  0]LogConfig: Setting CVar [[r.SkyAtmosphere.SampleCountMin:4.0]]
[2022.04.29-12.16.30:856][  0]LogConfig: Setting CVar [[r.SkyAtmosphere.SampleCountMax:128.0]]
[2022.04.29-12.16.30:856][  0]LogConfig: Setting CVar [[r.SkyAtmosphere.TransmittanceLUT.UseSmallFormat:0]]
[2022.04.29-12.16.30:856][  0]LogConfig: Setting CVar [[r.SkyAtmosphere.TransmittanceLUT.SampleCount:10.0]]
[2022.04.29-12.16.30:856][  0]LogConfig: Setting CVar [[r.SkyAtmosphere.MultiScatteringLUT.SampleCount:15.0]]
[2022.04.29-12.16.30:856][  0]LogConfig: Setting CVar [[r.SkyLight.RealTimeReflectionCapture:1]]
[2022.04.29-12.16.30:856][  0]LogConfig: Applying CVar settings from Section [FoliageQuality@3] File [D:/HoVR-3.0/HovR2/HoVR/Saved/Config/Windows/Scalability.ini]
[2022.04.29-12.16.30:856][  0]LogConfig: Setting CVar [[foliage.DensityScale:1.0]]
[2022.04.29-12.16.30:856][  0]LogConfig: Setting CVar [[grass.DensityScale:1.0]]
[2022.04.29-12.16.30:856][  0]LogConfig: Applying CVar settings from Section [ShadingQuality@3] File [D:/HoVR-3.0/HovR2/HoVR/Saved/Config/Windows/Scalability.ini]
[2022.04.29-12.16.30:856][  0]LogConfig: Setting CVar [[r.HairStrands.SkyLighting.IntegrationType:2]]
[2022.04.29-12.16.30:856][  0]LogConfig: Setting CVar [[r.HairStrands.SkyAO.SampleCount:4]]
[2022.04.29-12.16.30:856][  0]LogConfig: Setting CVar [[r.HairStrands.Visibility.MSAA.SamplePerPixel:4]]
[2022.04.29-12.16.30:856][  0]LogInit: Selected Device Profile: [Windows]
[2022.04.29-12.16.30:856][  0]LogInit: Applying CVar settings loaded from the selected device profile: [Windows]
[2022.04.29-12.16.30:856][  0]LogHAL: Display: Platform has ~ 32 GB [34191572992 / 34359738368 / 32], which maps to Largest [LargestMinGB=32, LargerMinGB=12, DefaultMinGB=8, SmallerMinGB=6, SmallestMinGB=0)
[2022.04.29-12.16.30:856][  0]LogInit: Going up to parent DeviceProfile []
[2022.04.29-12.16.30:856][  0]LogConfig: Applying CVar settings from Section [ViewDistanceQuality@3] File [D:/HoVR-3.0/HovR2/HoVR/Saved/Config/Windows/Scalability.ini]
[2022.04.29-12.16.30:856][  0]LogConfig: Setting CVar [[r.SkeletalMeshLODBias:0]]
[2022.04.29-12.16.30:856][  0]LogConfig: Setting CVar [[r.ViewDistanceScale:1.0]]
[2022.04.29-12.16.30:856][  0]LogConfig: Applying CVar settings from Section [AntiAliasingQuality@3] File [D:/HoVR-3.0/HovR2/HoVR/Saved/Config/Windows/Scalability.ini]
[2022.04.29-12.16.30:857][  0]LogConfig: Setting CVar [[r.PostProcessAAQuality:4]]
[2022.04.29-12.16.30:857][  0]LogConfig: Applying CVar settings from Section [ShadowQuality@3] File [D:/HoVR-3.0/HovR2/HoVR/Saved/Config/Windows/Scalability.ini]
[2022.04.29-12.16.30:857][  0]LogConfig: Setting CVar [[r.LightFunctionQuality:1]]
[2022.04.29-12.16.30:857][  0]LogConfig: Setting CVar [[r.ShadowQuality:5]]
[2022.04.29-12.16.30:857][  0]LogConfig: Setting CVar [[r.Shadow.CSM.MaxCascades:10]]
[2022.04.29-12.16.30:857][  0]LogConfig: Setting CVar [[r.Shadow.MaxResolution:2048]]
[2022.04.29-12.16.30:857][  0]LogConfig: Setting CVar [[r.Shadow.MaxCSMResolution:2048]]
[2022.04.29-12.16.30:857][  0]LogConfig: Setting CVar [[r.Shadow.RadiusThreshold:0.01]]
[2022.04.29-12.16.30:857][  0]LogConfig: Setting CVar [[r.Shadow.DistanceScale:1.0]]
[2022.04.29-12.16.30:857][  0]LogConfig: Setting CVar [[r.Shadow.CSM.TransitionScale:1.0]]
[2022.04.29-12.16.30:857][  0]LogConfig: Setting CVar [[r.Shadow.PreShadowResolutionFactor:1.0]]
[2022.04.29-12.16.30:857][  0]LogConfig: Setting CVar [[r.DistanceFieldShadowing:1]]
[2022.04.29-12.16.30:857][  0]LogConfig: Setting CVar [[r.DistanceFieldAO:1]]
[2022.04.29-12.16.30:857][  0]LogConfig: Setting CVar [[r.AOQuality:2]]
[2022.04.29-12.16.30:857][  0]LogConfig: Setting CVar [[r.VolumetricFog:1]]
[2022.04.29-12.16.30:857][  0]LogConfig: Setting CVar [[r.VolumetricFog.GridPixelSize:8]]
[2022.04.29-12.16.30:857][  0]LogConfig: Setting CVar [[r.VolumetricFog.GridSizeZ:128]]
[2022.04.29-12.16.30:857][  0]LogConfig: Setting CVar [[r.VolumetricFog.HistoryMissSupersampleCount:4]]
[2022.04.29-12.16.30:857][  0]LogConfig: Setting CVar [[r.LightMaxDrawDistanceScale:1]]
[2022.04.29-12.16.30:857][  0]LogConfig: Setting CVar [[r.CapsuleShadows:1]]
[2022.04.29-12.16.30:857][  0]LogConfig: Applying CVar settings from Section [PostProcessQuality@3] File [D:/HoVR-3.0/HovR2/HoVR/Saved/Config/Windows/Scalability.ini]
[2022.04.29-12.16.30:857][  0]LogConfig: Setting CVar [[r.MotionBlurQuality:4]]
[2022.04.29-12.16.30:857][  0]LogConfig: Setting CVar [[r.AmbientOcclusionMipLevelFactor:0.4]]
[2022.04.29-12.16.30:857][  0]LogConfig: Setting CVar [[r.AmbientOcclusionMaxQuality:100]]
[2022.04.29-12.16.30:857][  0]LogConfig: Setting CVar [[r.AmbientOcclusionLevels:-1]]
[2022.04.29-12.16.30:857][  0]LogConfig: Setting CVar [[r.AmbientOcclusionRadiusScale:1.0]]
[2022.04.29-12.16.30:857][  0]LogConfig: Setting CVar [[r.DepthOfFieldQuality:2]]
[2022.04.29-12.16.30:857][  0]LogConfig: Setting CVar [[r.RenderTargetPoolMin:400]]
[2022.04.29-12.16.30:857][  0]LogConfig: Setting CVar [[r.LensFlareQuality:2]]
[2022.04.29-12.16.30:857][  0]LogConfig: Setting CVar [[r.SceneColorFringeQuality:1]]
[2022.04.29-12.16.30:857][  0]LogConfig: Setting CVar [[r.EyeAdaptationQuality:2]]
[2022.04.29-12.16.30:857][  0]LogConfig: Setting CVar [[r.BloomQuality:5]]
[2022.04.29-12.16.30:857][  0]LogConfig: Setting CVar [[r.FastBlurThreshold:100]]
[2022.04.29-12.16.30:857][  0]LogConfig: Setting CVar [[r.Upscale.Quality:3]]
[2022.04.29-12.16.30:857][  0]LogConfig: Setting CVar [[r.Tonemapper.GrainQuantization:1]]
[2022.04.29-12.16.30:857][  0]LogConfig: Setting CVar [[r.LightShaftQuality:1]]
[2022.04.29-12.16.30:857][  0]LogConfig: Setting CVar [[r.Filter.SizeScale:1]]
[2022.04.29-12.16.30:857][  0]LogConfig: Setting CVar [[r.Tonemapper.Quality:5]]
[2022.04.29-12.16.30:857][  0]LogConfig: Setting CVar [[r.DOF.Gather.AccumulatorQuality:1        ; higher gathering accumulator quality]]
[2022.04.29-12.16.30:857][  0]LogConfig: Setting CVar [[r.DOF.Gather.PostfilterMethod:1          ; Median3x3 postfilering method]]
[2022.04.29-12.16.30:857][  0]LogConfig: Setting CVar [[r.DOF.Gather.EnableBokehSettings:0       ; no bokeh simulation when gathering]]
[2022.04.29-12.16.30:857][  0]LogConfig: Setting CVar [[r.DOF.Gather.RingCount:4                 ; medium number of samples when gathering]]
[2022.04.29-12.16.30:857][  0]LogConfig: Setting CVar [[r.DOF.Scatter.ForegroundCompositing:1    ; additive foreground scattering]]
[2022.04.29-12.16.30:857][  0]LogConfig: Setting CVar [[r.DOF.Scatter.BackgroundCompositing:2    ; additive background scattering]]
[2022.04.29-12.16.30:857][  0]LogConfig: Setting CVar [[r.DOF.Scatter.EnableBokehSettings:1      ; bokeh simulation when scattering]]
[2022.04.29-12.16.30:857][  0]LogConfig: Setting CVar [[r.DOF.Scatter.MaxSpriteRatio:0.1         ; only a maximum of 10% of scattered bokeh]]
[2022.04.29-12.16.30:857][  0]LogConfig: Setting CVar [[r.DOF.Recombine.Quality:1                ; cheap slight out of focus]]
[2022.04.29-12.16.30:857][  0]LogConfig: Setting CVar [[r.DOF.Recombine.EnableBokehSettings:0    ; no bokeh simulation on slight out of focus]]
[2022.04.29-12.16.30:858][  0]LogConfig: Setting CVar [[r.DOF.TemporalAAQuality:1                ; more stable temporal accumulation]]
[2022.04.29-12.16.30:858][  0]LogConfig: Setting CVar [[r.DOF.Kernel.MaxForegroundRadius:0.025]]
[2022.04.29-12.16.30:858][  0]LogConfig: Setting CVar [[r.DOF.Kernel.MaxBackgroundRadius:0.025]]
[2022.04.29-12.16.30:858][  0]LogConfig: Applying CVar settings from Section [TextureQuality@3] File [D:/HoVR-3.0/HovR2/HoVR/Saved/Config/Windows/Scalability.ini]
[2022.04.29-12.16.30:858][  0]LogConfig: Setting CVar [[r.Streaming.MipBias:0]]
[2022.04.29-12.16.30:858][  0]LogConfig: Setting CVar [[r.Streaming.AmortizeCPUToGPUCopy:0]]
[2022.04.29-12.16.30:858][  0]LogConfig: Setting CVar [[r.Streaming.MaxNumTexturesToStreamPerFrame:0]]
[2022.04.29-12.16.30:858][  0]LogConfig: Setting CVar [[r.Streaming.Boost:1]]
[2022.04.29-12.16.30:858][  0]LogConfig: Setting CVar [[r.MaxAnisotropy:8]]
[2022.04.29-12.16.30:858][  0]LogConfig: Setting CVar [[r.VT.MaxAnisotropy:8]]
[2022.04.29-12.16.30:858][  0]LogConfig: Setting CVar [[r.Streaming.LimitPoolSizeToVRAM:0]]
[2022.04.29-12.16.30:858][  0]LogConfig: Setting CVar [[r.Streaming.PoolSize:1000]]
[2022.04.29-12.16.30:858][  0]LogConfig: Setting CVar [[r.Streaming.MaxEffectiveScreenSize:0]]
[2022.04.29-12.16.30:858][  0]LogConfig: Applying CVar settings from Section [EffectsQuality@3] File [D:/HoVR-3.0/HovR2/HoVR/Saved/Config/Windows/Scalability.ini]
[2022.04.29-12.16.30:858][  0]LogConfig: Setting CVar [[r.TranslucencyLightingVolumeDim:64]]
[2022.04.29-12.16.30:858][  0]LogConfig: Setting CVar [[r.RefractionQuality:2]]
[2022.04.29-12.16.30:858][  0]LogConfig: Setting CVar [[r.SSR.Quality:3]]
[2022.04.29-12.16.30:858][  0]LogConfig: Setting CVar [[r.SSR.HalfResSceneColor:0]]
[2022.04.29-12.16.30:858][  0]LogConfig: Setting CVar [[r.SceneColorFormat:4]]
[2022.04.29-12.16.30:858][  0]LogConfig: Setting CVar [[r.DetailMode:2]]
[2022.04.29-12.16.30:858][  0]LogConfig: Setting CVar [[r.TranslucencyVolumeBlur:1]]
[2022.04.29-12.16.30:858][  0]LogConfig: Setting CVar [[r.MaterialQualityLevel:1 ; High quality]]
[2022.04.29-12.16.30:858][  0]LogConfig: Setting CVar [[r.AnisotropicMaterials:1]]
[2022.04.29-12.16.30:858][  0]LogConfig: Setting CVar [[r.SSS.Scale:1]]
[2022.04.29-12.16.30:858][  0]LogConfig: Setting CVar [[r.SSS.SampleSet:2]]
[2022.04.29-12.16.30:858][  0]LogConfig: Setting CVar [[r.SSS.Quality:1]]
[2022.04.29-12.16.30:858][  0]LogConfig: Setting CVar [[r.SSS.HalfRes:0]]
[2022.04.29-12.16.30:858][  0]LogConfig: Setting CVar [[r.SSGI.Quality:3]]
[2022.04.29-12.16.30:858][  0]LogConfig: Setting CVar [[r.EmitterSpawnRateScale:1.0]]
[2022.04.29-12.16.30:858][  0]LogConfig: Setting CVar [[r.ParticleLightQuality:2]]
[2022.04.29-12.16.30:858][  0]LogConfig: Setting CVar [[r.SkyAtmosphere.AerialPerspectiveLUT.FastApplyOnOpaque:1 ; Always have FastSkyLUT 1 in this case to avoid wrong sky]]
[2022.04.29-12.16.30:858][  0]LogConfig: Setting CVar [[r.SkyAtmosphere.AerialPerspectiveLUT.SampleCountMaxPerSlice:4]]
[2022.04.29-12.16.30:858][  0]LogConfig: Setting CVar [[r.SkyAtmosphere.AerialPerspectiveLUT.DepthResolution:16.0]]
[2022.04.29-12.16.30:858][  0]LogConfig: Setting CVar [[r.SkyAtmosphere.FastSkyLUT:1]]
[2022.04.29-12.16.30:858][  0]LogConfig: Setting CVar [[r.SkyAtmosphere.FastSkyLUT.SampleCountMin:4.0]]
[2022.04.29-12.16.30:858][  0]LogConfig: Setting CVar [[r.SkyAtmosphere.FastSkyLUT.SampleCountMax:128.0]]
[2022.04.29-12.16.30:858][  0]LogConfig: Setting CVar [[r.SkyAtmosphere.SampleCountMin:4.0]]
[2022.04.29-12.16.30:858][  0]LogConfig: Setting CVar [[r.SkyAtmosphere.SampleCountMax:128.0]]
[2022.04.29-12.16.30:858][  0]LogConfig: Setting CVar [[r.SkyAtmosphere.TransmittanceLUT.UseSmallFormat:0]]
[2022.04.29-12.16.30:858][  0]LogConfig: Setting CVar [[r.SkyAtmosphere.TransmittanceLUT.SampleCount:10.0]]
[2022.04.29-12.16.30:859][  0]LogConfig: Setting CVar [[r.SkyAtmosphere.MultiScatteringLUT.SampleCount:15.0]]
[2022.04.29-12.16.30:859][  0]LogConfig: Setting CVar [[r.SkyLight.RealTimeReflectionCapture:1]]
[2022.04.29-12.16.30:859][  0]LogConfig: Applying CVar settings from Section [FoliageQuality@3] File [D:/HoVR-3.0/HovR2/HoVR/Saved/Config/Windows/Scalability.ini]
[2022.04.29-12.16.30:859][  0]LogConfig: Setting CVar [[foliage.DensityScale:1.0]]
[2022.04.29-12.16.30:859][  0]LogConfig: Setting CVar [[grass.DensityScale:1.0]]
[2022.04.29-12.16.30:859][  0]LogConfig: Applying CVar settings from Section [ShadingQuality@3] File [D:/HoVR-3.0/HovR2/HoVR/Saved/Config/Windows/Scalability.ini]
[2022.04.29-12.16.30:859][  0]LogConfig: Setting CVar [[r.HairStrands.SkyLighting.IntegrationType:2]]
[2022.04.29-12.16.30:859][  0]LogConfig: Setting CVar [[r.HairStrands.SkyAO.SampleCount:4]]
[2022.04.29-12.16.30:859][  0]LogConfig: Setting CVar [[r.HairStrands.Visibility.MSAA.SamplePerPixel:4]]
[2022.04.29-12.16.30:859][  0]LogConfig: Applying CVar settings from Section [Startup] File [../../../Engine/Config/ConsoleVariables.ini]
[2022.04.29-12.16.30:860][  0]LogConfig: Setting CVar [[net.UseAdaptiveNetUpdateFrequency:0]]
[2022.04.29-12.16.30:860][  0]LogConfig: Setting CVar [[p.chaos.AllowCreatePhysxBodies:1]]
[2022.04.29-12.16.30:860][  0]LogConfig: Setting CVar [[fx.SkipVectorVMBackendOptimizations:1]]
[2022.04.29-12.16.30:860][  0]LogConfig: Applying CVar settings from Section [ConsoleVariables] File [D:/HoVR-3.0/HovR2/HoVR/Saved/Config/Windows/Engine.ini]
[2022.04.29-12.16.30:860][  0]LogConfig: Applying CVar settings from Section [ConsoleVariables] File [D:/HoVR-3.0/HovR2/HoVR/Saved/Config/Windows/Editor.ini]
[2022.04.29-12.16.30:860][  0]LogInit: Computer: DESKTOP-KUB2QSJ
[2022.04.29-12.16.30:860][  0]LogInit: User: Tank
[2022.04.29-12.16.30:860][  0]LogInit: CPU Page size=4096, Cores=4
[2022.04.29-12.16.30:860][  0]LogInit: High frequency timer resolution =10.000000 MHz
[2022.04.29-12.16.30:860][  0]LogMemory: Memory total: Physical=31.8GB (32GB approx)
[2022.04.29-12.16.30:860][  0]LogMemory: Platform Memory Stats for Windows
[2022.04.29-12.16.30:860][  0]LogMemory: Process Physical Memory: 146.32 MB used, 146.32 MB peak
[2022.04.29-12.16.30:860][  0]LogMemory: Process Virtual Memory: 130.41 MB used, 130.41 MB peak
[2022.04.29-12.16.30:860][  0]LogMemory: Physical Memory: 13293.82 MB used,  19313.80 MB free, 32607.62 MB total
[2022.04.29-12.16.30:860][  0]LogMemory: Virtual Memory: 134199120.00 MB used,  18611.36 MB free, 134217728.00 MB total
[2022.04.29-12.16.30:866][  0]LogWindows: WindowsPlatformFeatures enabled
[2022.04.29-12.16.30:904][  0]LogInit: Physics initialised using underlying interface: PhysX
[2022.04.29-12.16.30:904][  0]LogInit: Using OS detected language (en-GB).
[2022.04.29-12.16.30:904][  0]LogInit: Using OS detected locale (en-GB).
[2022.04.29-12.16.30:908][  0]LogTextLocalizationManager: No specific localization for 'en-GB' exists, so the 'en' localization will be used.
[2022.04.29-12.16.31:181][  0]LogWindowsTextInputMethodSystem: Display: IME system deactivated.
[2022.04.29-12.16.31:229][  0]LogSlate: New Slate User Created.  User Index 0, Is Virtual User: 0
[2022.04.29-12.16.31:229][  0]LogSlate: Slate User Registered.  User Index 0, Is Virtual User: 0
[2022.04.29-12.16.31:263][  0]LogD3D11RHI: Loaded GFSDK_Aftermath_Lib.x64.dll
[2022.04.29-12.16.31:300][  0]LogHMD: Failed to initialize OpenVR with code 117
[2022.04.29-12.16.31:300][  0]LogD3D11RHI: D3D11 min allowed feature level: 11_0
[2022.04.29-12.16.31:300][  0]LogD3D11RHI: D3D11 max allowed feature level: 11_0
[2022.04.29-12.16.31:300][  0]LogD3D11RHI: D3D11 adapters:
[2022.04.29-12.16.31:383][  0]LogD3D11RHI:    0. 'NVIDIA GeForce GTX 980' (Feature Level 11_0)
[2022.04.29-12.16.31:383][  0]LogD3D11RHI:       4053/0/16303 MB DedicatedVideo/DedicatedSystem/SharedSystem, Outputs:1, VendorId:0x10de
[2022.04.29-12.16.31:388][  0]LogD3D11RHI:    1. 'Intel(R) HD Graphics 4600' (Feature Level 11_0)
[2022.04.29-12.16.31:389][  0]LogD3D11RHI:       112/0/2048 MB DedicatedVideo/DedicatedSystem/SharedSystem, Outputs:1, VendorId:0x8086
[2022.04.29-12.16.31:390][  0]LogD3D11RHI:    2. 'Microsoft Basic Render Driver' (Feature Level 11_0)
[2022.04.29-12.16.31:390][  0]LogD3D11RHI:       0/0/16303 MB DedicatedVideo/DedicatedSystem/SharedSystem, Outputs:0, VendorId:0x1414
[2022.04.29-12.16.31:390][  0]LogD3D11RHI: Chosen D3D11 Adapter:
[2022.04.29-12.16.31:390][  0]LogD3D11RHI:     Description : NVIDIA GeForce GTX 980
[2022.04.29-12.16.31:390][  0]LogD3D11RHI:     VendorId    : 10de
[2022.04.29-12.16.31:390][  0]LogD3D11RHI:     DeviceId    : 13c0
[2022.04.29-12.16.31:390][  0]LogD3D11RHI:     SubSysId    : 85181043
[2022.04.29-12.16.31:390][  0]LogD3D11RHI:     Revision    : 00a1
[2022.04.29-12.16.31:390][  0]LogD3D11RHI:     DedicatedVideoMemory : 4250271744 bytes
[2022.04.29-12.16.31:390][  0]LogD3D11RHI:     DedicatedSystemMemory : 0 bytes
[2022.04.29-12.16.31:390][  0]LogD3D11RHI:     SharedSystemMemory : 17095786496 bytes
[2022.04.29-12.16.31:390][  0]LogD3D11RHI:     AdapterLuid : 0 43545
[2022.04.29-12.16.31:395][  0]LogD3D11RHI: Creating new Direct3DDevice
[2022.04.29-12.16.31:395][  0]LogD3D11RHI:     GPU DeviceId: 0x13c0 (for the marketing name, search the web for "GPU Device Id")
[2022.04.29-12.16.31:395][  0]LogWindows: EnumDisplayDevices:
[2022.04.29-12.16.31:395][  0]LogWindows:    0. 'NVIDIA GeForce GTX 980' (P:1 D:1)
[2022.04.29-12.16.31:396][  0]LogWindows:    1. 'NVIDIA GeForce GTX 980' (P:0 D:0)
[2022.04.29-12.16.31:396][  0]LogWindows:    2. 'NVIDIA GeForce GTX 980' (P:0 D:0)
[2022.04.29-12.16.31:396][  0]LogWindows:    3. 'NVIDIA GeForce GTX 980' (P:0 D:0)
[2022.04.29-12.16.31:396][  0]LogWindows:    4. 'Intel(R) HD Graphics 4600' (P:0 D:1)
[2022.04.29-12.16.31:396][  0]LogWindows:    5. 'Intel(R) HD Graphics 4600' (P:0 D:0)
[2022.04.29-12.16.31:396][  0]LogWindows:    6. 'Intel(R) HD Graphics 4600' (P:0 D:0)
[2022.04.29-12.16.31:397][  0]LogWindows: DebugString: PrimaryIsNotTheChoosenAdapter PrimaryIsNotTheChoosenAdapter PrimaryIsNotTheChoosenAdapter FoundDriverCount:4 
[2022.04.29-12.16.31:397][  0]LogD3D11RHI:     Adapter Name: NVIDIA GeForce GTX 980
[2022.04.29-12.16.31:397][  0]LogD3D11RHI:   Driver Version: 471.11 (internal:30.0.14.7111, unified:471.11)
[2022.04.29-12.16.31:397][  0]LogD3D11RHI:      Driver Date: 6-21-2021
[2022.04.29-12.16.31:397][  0]LogRHI: Texture pool is 2837 MB (70% of 4053 MB)
[2022.04.29-12.16.31:397][  0]LogD3D11RHI: Creating D3DDevice using adapter:
[2022.04.29-12.16.31:397][  0]LogD3D11RHI:     Description : NVIDIA GeForce GTX 980
[2022.04.29-12.16.31:397][  0]LogD3D11RHI:     VendorId    : 10de
[2022.04.29-12.16.31:397][  0]LogD3D11RHI:     DeviceId    : 13c0
[2022.04.29-12.16.31:397][  0]LogD3D11RHI:     SubSysId    : 85181043
[2022.04.29-12.16.31:397][  0]LogD3D11RHI:     Revision    : 00a1
[2022.04.29-12.16.31:397][  0]LogD3D11RHI:     DedicatedVideoMemory : 4250271744 bytes
[2022.04.29-12.16.31:397][  0]LogD3D11RHI:     DedicatedSystemMemory : 0 bytes
[2022.04.29-12.16.31:397][  0]LogD3D11RHI:     SharedSystemMemory : 17095786496 bytes
[2022.04.29-12.16.31:397][  0]LogD3D11RHI:     AdapterLuid : 0 43545
[2022.04.29-12.16.31:462][  0]LogD3D11RHI: RHI has support for 64 bit atomics
[2022.04.29-12.16.31:462][  0]LogD3D11RHI: Async texture creation enabled
[2022.04.29-12.16.31:462][  0]LogD3D11RHI: Array index from any shader is supported
[2022.04.29-12.16.31:480][  0]LogD3D11RHI: GPU Timing Frequency: 1000.000000 (Debug: 2 1)
[2022.04.29-12.16.31:506][  0]LogRHI: GeForceNow SDK initialized: 1
[2022.04.29-12.16.31:769][  0]LogTargetPlatformManager: Display: Loaded TargetPlatform 'WindowsNoEditor'
[2022.04.29-12.16.31:773][  0]LogTargetPlatformManager: Display: Loaded TargetPlatform 'Windows'
[2022.04.29-12.16.31:777][  0]LogTargetPlatformManager: Display: Loaded TargetPlatform 'WindowsClient'
[2022.04.29-12.16.31:781][  0]LogTargetPlatformManager: Display: Loaded TargetPlatform 'WindowsServer'
[2022.04.29-12.16.31:781][  0]LogTargetPlatformManager: Display: Building Assets For Windows
[2022.04.29-12.16.31:787][  0]LogAudioDebug: Display: Lib vorbis DLL was dynamically loaded.
[2022.04.29-12.16.31:811][  0]LogTextureFormatOodle: Display: Oodle Texture 2.9.0 init RDO Off
[2022.04.29-12.16.31:836][  0]LogRendererCore: Ray tracing is disabled. Reason: r.RayTracing=0.
[2022.04.29-12.16.31:836][  0]LogShaderCompilers: Guid format shader working directory is 22 characters bigger than the processId version (D:/HoVR-3.0/HovR2/HoVR/Intermediate/Shaders/WorkingDirectory/10816/).
[2022.04.29-12.16.31:836][  0]LogShaderCompilers: Cleaned the shader compiler working directory 'C:/Users/Tank/AppData/Local/Temp/UnrealShaderWorkingDir/0386378B42A08ECE5C0B5BA1BF223E1C/'.
[2022.04.29-12.16.31:836][  0]LogXGEController: Cannot use XGE Controller as Incredibuild is not installed on this machine.
[2022.04.29-12.16.31:836][  0]LogShaderCompilers: Cannot use XGE Shader Compiler as Incredibuild is not installed on this machine.
[2022.04.29-12.16.31:836][  0]LogShaderCompilers: Display: Using Local Shader Compiler.
[2022.04.29-12.16.32:538][  0]LogDerivedDataCache: Display: Max Cache Size: 512 MB
[2022.04.29-12.16.32:590][  0]LogDerivedDataCache: Loaded boot cache 0.05s 94MB C:/Users/Tank/AppData/Local/UnrealEngine/4.27/DerivedDataCache/Boot.ddc.
[2022.04.29-12.16.32:590][  0]LogDerivedDataCache: Display: Loaded Boot cache: C:/Users/Tank/AppData/Local/UnrealEngine/4.27/DerivedDataCache/Boot.ddc
[2022.04.29-12.16.32:590][  0]LogDerivedDataCache: FDerivedDataBackendGraph:  Pak pak cache file D:/HoVR-3.0/HovR2/HoVR/DerivedDataCache/DDC.ddp not found, will not use a pak cache.
[2022.04.29-12.16.32:590][  0]LogDerivedDataCache: Unable to find inner node Pak for hierarchical cache Hierarchy.
[2022.04.29-12.16.32:590][  0]LogDerivedDataCache: FDerivedDataBackendGraph:  CompressedPak pak cache file D:/HoVR-3.0/HovR2/HoVR/DerivedDataCache/Compressed.ddp not found, will not use a pak cache.
[2022.04.29-12.16.32:590][  0]LogDerivedDataCache: Unable to find inner node CompressedPak for hierarchical cache Hierarchy.
[2022.04.29-12.16.32:605][  0]LogDerivedDataCache: Display: Pak cache opened for reading ../../../Engine/DerivedDataCache/Compressed.ddp.
[2022.04.29-12.16.32:605][  0]LogDerivedDataCache: FDerivedDataBackendGraph:  EnterprisePak pak cache file ../../../Enterprise/DerivedDataCache/Compressed.ddp not found, will not use a pak cache.
[2022.04.29-12.16.32:605][  0]LogDerivedDataCache: Unable to find inner node EnterprisePak for hierarchical cache Hierarchy.
[2022.04.29-12.16.32:613][  0]LogDerivedDataCache: Speed tests for C:/Users/Tank/AppData/Local/UnrealEngine/Common/DerivedDataCache took 0.01 seconds
[2022.04.29-12.16.32:613][  0]LogDerivedDataCache: Display: Performance to C:/Users/Tank/AppData/Local/UnrealEngine/Common/DerivedDataCache: Latency=0.02ms. RandomReadSpeed=347.48MBs, RandomWriteSpeed=190.89MBs. Assigned SpeedClass 'Local'
[2022.04.29-12.16.32:614][  0]LogDerivedDataCache: Using Local data cache path C:/Users/Tank/AppData/Local/UnrealEngine/Common/DerivedDataCache: Writable
[2022.04.29-12.16.32:614][  0]LogDerivedDataCache: Shared data cache path not found in *engine.ini, will not use an Shared cache.
[2022.04.29-12.16.32:614][  0]LogDerivedDataCache: Unable to find inner node Shared for hierarchical cache Hierarchy.
[2022.04.29-12.16.32:651][  0]LogSlate: Using FreeType 2.10.0
[2022.04.29-12.16.32:652][  0]LogSlate: SlateFontServices - WITH_FREETYPE: 1, WITH_HARFBUZZ: 1
[2022.04.29-12.16.32:730][  0]LogInit: Using OS detected language (en-GB).
[2022.04.29-12.16.32:730][  0]LogInit: Using OS detected locale (en-GB).
[2022.04.29-12.16.32:730][  0]LogTextLocalizationManager: No localization for 'en-GB' exists, so 'en' will be used for the language.
[2022.04.29-12.16.32:730][  0]LogTextLocalizationManager: No localization for 'en-GB' exists, so 'en' will be used for the locale.
[2022.04.29-12.16.32:730][  0]LogSlate: FontCache flush requested. Reason: Culture for localization was changed
[2022.04.29-12.16.32:730][  0]LogSlate: FontCache flush requested. Reason: Culture for localization was changed
[2022.04.29-12.16.32:733][  0]LogTextLocalizationManager: Compacting localization data took   0.00ms
[2022.04.29-12.16.32:733][  0]LogAssetRegistry: FAssetRegistry took 0.0020 seconds to start up
[2022.04.29-12.16.32:898][  0]LogPackageLocalizationCache: Processed 27 localized package path(s) for 1 prioritized culture(s) in 0.001263 seconds
[2022.04.29-12.16.32:954][  0]LogInit: Selected Device Profile: [Windows]
[2022.04.29-12.16.32:954][  0]LogInit: Active device profile: [000001AC2AD06C00][000001AC25CFE100 49] Windows
[2022.04.29-12.16.32:954][  0]LogInit: Profiles: [000001AC2AD06C00][000001AC25CFE100 49] Windows, [000001AC2AC95600][000001AC25D06280 49] WindowsNoEditor, [000001AC2AD06500][000001AC25D0A400 49] WindowsServer, [000001AC2AC95C00][000001AC26014580 49] WindowsClient, [000001AC2AD06000][000001AC26018700 49] IOS, [000001AC2AC96000][000001AC2601C880 49] iPadAir, [000001AC2AD05C00][000001AC26020A00 49] iPadAir2, [000001AC2AC2DC00][000001AC26028CC0 49] IPadPro, [000001AC2AC2DD00][000001AC26024D00 49] iPadAir3, [000001AC2AC94F00][000001AC2602CE80 49] iPadAir4, [000001AC2AC2EB00][000001AC26031000 49] iPadMini2, [000001AC2AC94B00][000001AC26035180 49] iPadMini3, [000001AC2AC2F700][000001AC26039300 49] iPadMini4, [000001AC2AC95000][000001AC2603D480 49] iPadMini5, [000001AC2AC49300][000001AC260416C0 49] iPhone6, [000001AC2AC49400][000001AC25D03700 49] iPodTouch6, [000001AC2AD07300][000001AC26049940 49] iPhone7, [000001AC2AD07200][000001AC26045980 49] iPodTouch7, [000001AC2AC2C200][000001AC26051B00 49] iPhone5S, [000001AC2AD07000][000001AC26054100 49] iPhone6Plus, [000001AC2AC48400][000001AC26058280 49] iPhone6S, [000001AC2AC2E000][000001AC2605C400 49] iPhone6SPlus, [000001AC2AC49200][000001AC2AA76580 49] iPhone7Plus, [000001AC2AC2C400][000001AC2AA7A700 49] iPhoneSE, [000001AC2AC4B500][000001AC2AA7E880 49] iPhone8, [000001AC2AC2D100][000001AC2AA82A00 49] iPhone8Plus, [000001AC2AC4AB00][000001AC2AA86B80 49] iPhoneX, [000001AC2AC2C700][000001AC2AA8AD00 49] iPhoneXS, [000001AC2AC4A300][000001AC2AA8EE80 49] iPhoneXSMax, [000001AC2AC2C100][000001AC2AA93000 49] iPhoneXR, [000001AC2AC49C00][000001AC2AA97180 49] iPhone11, [000001AC2AC2E100][000001AC2AA9B300 49] iPhone11Pro, [000001AC2AC49A00][000001AC2AA9F480 49] iPhone11ProMax, [000001AC2AC2EF00][000001AC2AAA3600 49] iPhoneSE2, [000001AC2AC49800][000001AC2604D740 49] iPhone12Mini, [000001AC2AC2EC00][000001AC2AAA7880 49] iPhone12, [000001AC2AC48300][000001AC2AAAB9C0 49] iPhone12Pro, [000001AC2AD05D00][000001AC2AAAFB00 49] iPhone12ProMax, [000001AC2AC4A700][000001AC2AAB6100 49] iPadPro105, [000001AC2AD06E00][000001AC2AABA280 49] iPadPro129, [000001AC2AC48500][000001AC2AABE400 49] iPadPro97, [000001AC2AD05B00][000001AC2AAC2580 49] iPadPro2_129, [000001AC2AC48F00][000001AC2AAC6700 49] iPad5, [000001AC2AD04300][000001AC2AACA880 49] iPad6, [000001AC2AC49F00][000001AC2AACEA00 49] iPad7, [000001AC2AD06900][000001AC2AAD2B80 49] iPad8, [000001AC2AC4A500][000001AC2AAD6D00 49] iPadPro11, [000001AC2AD04600][000001AC2AADAE80 49] iPadPro2_11, [000001AC2AC4A200][000001AC2AADF000 49] iPadPro3_129, [000001AC2AD05000][000001AC2AAE3180 49] iPadPro4_129, [000001AC2AC49000][000001AC2AAE7300 49] AppleTV, [000001AC2AD04B00][000001AC2AAEB480 49] AppleTV4K, [000001AC2AC4B900][000001AC2AAEF600 49] TVOS, [000001AC2AD07500][000001AC2AAF3780 49] Mac, [000001AC2AC48B00][000001AC2AAB38C0 49] MacClient, [000001AC2AD04D00][000001AC2AAF7A00 49] MacNoEditor, [000001AC2AC4BD00][000001AC2AAFBB40 49] MacServer, [000001AC2AD05800][000001AC2AAFE100 49] Linux, [000001AC2AC4AE00][000001AC2AB06280 49] LinuxAArch64, [000001AC2AD05100][000001AC2AB0A400 49] LinuxNoEditor, [000001AC2AC48800][000001AC2AB0E580 49] LinuxAArch64NoEditor, [000001AC2AD05600][000001AC2AB12700 49] LinuxClient, [000001AC2AC4A000][000001AC2AB16880 49] LinuxAArch64Client, [000001AC2AD05300][000001AC2AB1AA00 49] LinuxServer, [000001AC2AC48100][000001AC2AB1EB80 49] LinuxAArch64Server, [000001AC2AD04F00][000001AC2AB22D00 49] Android, [000001AC2AC4B300][000001AC2AB26E80 49] Android_Low, [000001AC2AD06B00][000001AC2AB2B000 49] Android_Mid, [000001AC2AC49900][000001AC2AB2F180 49] Android_High, [000001AC2AD06F00][000001AC2AB33300 49] Android_Default, [000001AC2AC4A600][000001AC2AB37480 49] Android_Adreno4xx, [000001AC2AD05A00][000001AC2AB3B600 49] Android_Adreno5xx_Low, [000001AC2AC48A00][000001AC2AB3F780 49] Android_Adreno5xx, [000001AC2AD07400][000001AC2AB43900 49] Android_Adreno6xx, [000001AC2AC4AC00][000001AC2AB47A80 49] Android_Adreno6xx_Vulkan, [000001AC2AD04100][000001AC2AB03BC0 49] Android_Mali_T6xx, [000001AC2AC4AA00][000001AC2AB4A180 49] Android_Mali_T7xx, [000001AC2AD04900][000001AC2AB4E2C0 49] Android_Mali_T8xx, [000001AC2AC4B400][000001AC2AB56440 49] Android_Mali_G71, [000001AC2AC97200][000001AC2AB5A5C0 49] Android_Mali_G72, [000001AC2AC2F900][000001AC2AB5E740 49] Android_Mali_G72_Vulkan, [000001AC2AC95700][000001AC2AB628C0 49] Android_Mali_G76, [000001AC2AC2DB00][000001AC2AB66A40 49] Android_Mali_G76_Vulkan, [000001AC2AC96A00][000001AC2AB6ABC0 49] Android_Mali_G77, [000001AC2AC2FD00][000001AC2AB6ED40 49] Android_Mali_G77_Vulkan, [000001AC2AC96700][000001AC2AB72EC0 49] Android_Mali_G78, [000001AC2AC2FB00][000001AC2AB77040 49] Android_Mali_G78_Vulkan, [000001AC2AC94A00][000001AC2AB7B1C0 49] Android_Mali_G710, [000001AC2AC2F400][000001AC2AB7F340 49] Android_Mali_G710_Vulkan, [000001AC2AC95F00][000001AC2AB834C0 49] Android_Vulkan_SM5, [000001AC2AC2DE00][000001AC2AB87640 49] Android_PowerVR_G6xxx, [000001AC2AC97700][000001AC2AB8B7C0 49] Android_PowerVR_GT7xxx, [000001AC2AC2FC00][000001AC2AB8F940 49] Android_PowerVR_GE8xxx, [000001AC2AC97000][000001AC2AB93AC0 49] Android_PowerVR_GM9xxx, [000001AC2AC2CA00][000001AC2AB960C0 49] Android_PowerVR_GM9xxx_Vulkan, [000001AC2AC96400][000001AC2AB52200 49] Android_TegraK1, [000001AC2AC2E700][000001AC2AB9A340 49] Android_Unknown_Vulkan, [000001AC2AC96300][000001AC2AB9E480 49] Lumin, [000001AC2AC2C500][000001AC2ABA25C0 49] Lumin_Desktop, [000001AC2AC96200][000001AC2ABAA740 49] HoloLens, 
[2022.04.29-12.16.33:068][  0]LogMeshReduction: Using QuadricMeshReduction for automatic static mesh reduction
[2022.04.29-12.16.33:068][  0]LogMeshReduction: Using SimplygonMeshReduction for automatic skeletal mesh reduction
[2022.04.29-12.16.33:068][  0]LogMeshReduction: Using ProxyLODMeshReduction for automatic mesh merging
[2022.04.29-12.16.33:068][  0]LogMeshReduction: No distributed automatic mesh merging module available
[2022.04.29-12.16.33:068][  0]LogMeshMerging: No distributed automatic mesh merging module available
[2022.04.29-12.16.33:104][  0]LogNetVersion: HoVR 1.0.0, NetCL: 17155196, EngineNetVer: 17, GameNetVer: 0 (Checksum: 269602150)
[2022.04.29-12.16.33:318][  0]LogTexture: Default maximum texture size for cubemaps generated from long-lat sources has been changed from 512 to unlimited. In order to preserve old behaiour for '/Engine/MapTemplates/Sky/DaylightAmbientCubemap.DaylightAmbientCubemap', its maximum texture size has been explicitly set to 512.
[2022.04.29-12.16.33:367][  0]LogHMD: PokeAHoleMaterial loaded successfully
[2022.04.29-12.16.33:447][  0]LogMoviePlayer: Initializing movie player
[2022.04.29-12.16.33:546][  0]LogNiagaraDebuggerClient: Niagara Debugger Client Initialized | Session: 0AD94D924BA7835751D7D68F35EEB98E | Instance: DCAB46254FA7FA7ED398CEBE153F3029 (DESKTOP-KUB2QSJ-10816).
[2022.04.29-12.16.33:563][  0]LogCollectionManager: Loaded 0 collections in 0.001481 seconds
[2022.04.29-12.16.33:564][  0]LogFileCache: Scanning file cache for directory 'D:/HoVR-3.0/HovR2/HoVR/Saved/Collections/' took 0.00s
[2022.04.29-12.16.33:564][  0]LogFileCache: Scanning file cache for directory 'D:/HoVR-3.0/HovR2/HoVR/Content/Developers/Tank/Collections/' took 0.00s
[2022.04.29-12.16.33:564][  0]LogFileCache: Scanning file cache for directory 'D:/HoVR-3.0/HovR2/HoVR/Content/Collections/' took 0.00s
[2022.04.29-12.16.33:564][  0]LogCollectionManager: Fixed up redirectors for 0 collections in 0.000002 seconds (updated 0 objects)
[2022.04.29-12.16.33:582][  0]LogPython: Using Python 3.7.7
[2022.04.29-12.16.34:063][  0]LogTcpMessaging: Initializing TcpMessaging bridge
[2022.04.29-12.16.34:066][  0]LogUdpMessaging: Initializing bridge on interface 0.0.0.0:0 to multicast group 230.0.0.1:6666.
[2022.04.29-12.16.34:107][  0]SourceControl: Source control is disabled
[2022.04.29-12.16.34:107][  0]SourceControl: Source control is disabled
[2022.04.29-12.16.34:110][  0]SourceControl: Source control is disabled
[2022.04.29-12.16.34:112][  0]LogUProjectInfo: Found projects:
[2022.04.29-12.16.34:178][  0]LogOpenImageDenoise: OIDN starting up
[2022.04.29-12.16.34:209][  0]LogAndroidPermission: UAndroidPermissionCallbackProxy::GetInstance
[2022.04.29-12.16.34:226][  0]LogAudioCaptureCore: Display: No Audio Capture implementations found. Audio input will be silent.
[2022.04.29-12.16.34:226][  0]LogAudioCaptureCore: Display: No Audio Capture implementations found. Audio input will be silent.
[2022.04.29-12.16.34:312][  0]LogOcInput: OculusInput pre-init called
[2022.04.29-12.16.34:321][  0]LogUObjectArray: 22132 objects as part of root set at end of initial load.
[2022.04.29-12.16.34:321][  0]LogUObjectAllocator: 5978592 out of 0 bytes used by permanent object pool.
[2022.04.29-12.16.34:321][  0]LogUObjectArray: CloseDisregardForGC: 0/0 objects in disregard for GC pool
[2022.04.29-12.16.34:361][  0]LogClass: Display: IntProperty FRegisteredDeviceInfo::Handle is not initialized properly. Module:RawInput File:Public/RawInputFunctionLibrary.h
[2022.04.29-12.16.34:361][  0]LogClass: Display: IntProperty FRegisteredDeviceInfo::VendorID is not initialized properly. Module:RawInput File:Public/RawInputFunctionLibrary.h
[2022.04.29-12.16.34:361][  0]LogClass: Display: IntProperty FRegisteredDeviceInfo::ProductID is not initialized properly. Module:RawInput File:Public/RawInputFunctionLibrary.h
[2022.04.29-12.16.34:361][  0]LogClass: Display: 3 Uninitialized script struct members found including 0 object properties
[2022.04.29-12.16.34:362][  0]LogEngine: Initializing Engine...
[2022.04.29-12.16.34:408][  0]LogHMD: Failed to initialize OpenVR with code 117
[2022.04.29-12.16.34:458][  0]LogHMD: Optional extension XR_VARJO_quad_views is not available
[2022.04.29-12.16.34:458][  0]LogHMD: Warning: Required extension XR_EXT_eye_gaze_interaction is not available
[2022.04.29-12.16.34:458][  0]LogHMD: Could not enable all required OpenXR extensions for OpenXREyeTracker on current system. This plugin will be loaded but ignored, but will be enabled on a target platform that supports the required extension.
[2022.04.29-12.16.34:959][  0]LogHMD: Failed to get an OpenXR system, result is XR_ERROR_FORM_FACTOR_UNAVAILABLE. Please check that your runtime supports VR headsets.
[2022.04.29-12.16.34:959][  0]LogMagicLeap: Warning: VR disabled because ZI is not enabled.  To enable, in the editor, Edit -> Project Settings -> Plugins -> Magic Leap Plugin -> Enable Zero Iteration
[2022.04.29-12.16.34:960][  0]LogStats: UGameplayTagsManager::InitializeManager -  0.000 s
[2022.04.29-12.16.35:046][  0]LogInit: Initializing FReadOnlyCVARCache
[2022.04.29-12.16.35:046][  0]LogAudio: Display: Initializing Audio Device Manager...
[2022.04.29-12.16.35:050][  0]LogAudio: Display: Loading Default Audio Settings Objects...
[2022.04.29-12.16.35:050][  0]LogAudio: Display: No default SoundConcurrencyObject specified (or failed to load).
[2022.04.29-12.16.35:051][  0]LogAudio: Display: Audio Device Manager Initialized
[2022.04.29-12.16.35:051][  0]LogAudio: Display: Creating Audio Device:                 Id: 1, Scope: Shared, Realtime: True
[2022.04.29-12.16.35:051][  0]LogAudioMixer: Display: Audio Mixer Platform Settings:
[2022.04.29-12.16.35:051][  0]LogAudioMixer: Display: 	Sample Rate:						  48000
[2022.04.29-12.16.35:051][  0]LogAudioMixer: Display: 	Callback Buffer Frame Size Requested: 1024
[2022.04.29-12.16.35:051][  0]LogAudioMixer: Display: 	Callback Buffer Frame Size To Use:	  1024
[2022.04.29-12.16.35:051][  0]LogAudioMixer: Display: 	Number of buffers to queue:			  2
[2022.04.29-12.16.35:051][  0]LogAudioMixer: Display: 	Max Channels (voices):				  32
[2022.04.29-12.16.35:051][  0]LogAudioMixer: Display: 	Number of Async Source Workers:		  0
[2022.04.29-12.16.35:051][  0]LogAudio: Display: AudioDevice MaxSources: 32
[2022.04.29-12.16.35:051][  0]LogAudio: Display: Audio Spatialization Plugin: None (built-in).
[2022.04.29-12.16.35:051][  0]LogAudio: Display: Audio Reverb Plugin: None (built-in).
[2022.04.29-12.16.35:051][  0]LogAudio: Display: Audio Occlusion Plugin: None (built-in).
[2022.04.29-12.16.35:051][  0]LogAudioMixer: Display: Initializing audio mixer.
[2022.04.29-12.16.35:069][  0]LogAudioMixer: Display: 0: FrontLeft
[2022.04.29-12.16.35:069][  0]LogAudioMixer: Display: 1: FrontRight
[2022.04.29-12.16.35:091][  0]LogAudioMixer: Display: Using Audio Device Speakers (Realtek High Definition Audio)
[2022.04.29-12.16.35:093][  0]LogAudioMixer: Display: Initializing Sound Submixes...
[2022.04.29-12.16.35:095][  0]LogAudioMixer: Display: Creating Master Submix 'MasterSubmixDefault'
[2022.04.29-12.16.35:095][  0]LogAudioMixer: Display: Creating Master Submix 'MasterReverbSubmixDefault'
[2022.04.29-12.16.35:095][  0]LogAudioMixer: Display: Creating Master Submix 'MasterEQSubmixDefault'
[2022.04.29-12.16.35:095][  0]LogAudioMixer: FMixerPlatformXAudio2::StartAudioStream() called
[2022.04.29-12.16.35:095][  0]LogAudioMixer: Display: Output buffers initialized: Frames=1024, Channels=2, Samples=2048
[2022.04.29-12.16.35:096][  0]LogAudioMixer: Display: Starting AudioMixerPlatformInterface::RunInternal()
[2022.04.29-12.16.35:096][  0]LogAudioMixer: Display: FMixerPlatformXAudio2::SubmitBuffer() called for the first time
[2022.04.29-12.16.35:096][  0]LogInit: FAudioDevice initialized.
[2022.04.29-12.16.35:098][  0]LogNetVersion: Set ProjectVersion to 1.0.0.0. Version Checksum will be recalculated on next use.
[2022.04.29-12.16.35:098][  0]LogInit: Texture streaming: Enabled
[2022.04.29-12.16.35:153][  0]LogAudio: Display: Audio Device (ID: 1) registered with world 'Untitled'.
[2022.04.29-12.16.35:153][  0]LogSlate: Updating window title bar state: overlay mode, drag disabled, window buttons hidden, title bar hidden
[2022.04.29-12.16.35:155][  0]LogInit: Display: Game Engine Initialized.
[2022.04.29-12.16.35:155][  0]LogNiagaraEditor: GEditor isn't valid! Particle reset commands will not work for Niagara components!
[2022.04.29-12.16.35:263][  0]LogInit: Display: Starting Game.
[2022.04.29-12.16.35:263][  0]LogNet: Browse: /Game/Map/Minimal_Default?Name=Player
[2022.04.29-12.16.35:264][  0]LogLoad: LoadMap: /Game/Map/Minimal_Default?Name=Player
[2022.04.29-12.16.35:264][  0]LogWorld: BeginTearingDown for /Temp/Untitled_0
[2022.04.29-12.16.35:265][  0]LogWorld: UWorld::CleanupWorld for Untitled, bSessionEnded=true, bCleanupResources=true
[2022.04.29-12.16.35:265][  0]LogSlate: InvalidateAllWidgets triggered.  All widgets were invalidated
[2022.04.29-12.16.35:269][  0]LogAudio: Display: Audio Device unregistered from world 'None'.
[2022.04.29-12.16.35:271][  0]LogUObjectHash: Compacting FUObjectHashTables data took   0.80ms
[2022.04.29-12.16.36:333][  0]LogAudio: Display: Audio Device (ID: 1) registered with world 'Minimal_Default'.
[2022.04.29-12.16.36:341][  0]LogAIModule: Creating AISystem for world Minimal_Default
[2022.04.29-12.16.36:343][  0]LogUObjectGlobals: Warning: Failed to load '/Game/ThirdPersonBP/Blueprints/ThirdPersonGameMode': Can't find file.
[2022.04.29-12.16.36:343][  0]LogUObjectGlobals: Warning: Failed to load '/Game/ThirdPersonBP/Blueprints/ThirdPersonGameMode': Can't find file.
[2022.04.29-12.16.36:343][  0]LogUObjectGlobals: Warning: Failed to find object 'Class /Game/ThirdPersonBP/Blueprints/ThirdPersonGameMode.ThirdPersonGameMode_C'
[2022.04.29-12.16.36:343][  0]LogLoad: Game class is 'GameModeBase'
[2022.04.29-12.16.36:450][  0]LogWorld: Bringing World /Game/Map/Minimal_Default.Minimal_Default up for play (max tick rate 0) at 2022.04.29-13.16.36
[2022.04.29-12.16.36:451][  0]LogWorld: Bringing up level for play took: 0.107289
[2022.04.29-12.16.36:455][  0]LogScript: Warning: Accessed None trying to read property TrackRef
	CarObstacle_C /Game/Map/Minimal_Default.Minimal_Default:PersistentLevel.CarObstacle3_6
	Function /Game/ThirdPersonBP/CarObstacle.CarObstacle_C:ExecuteUbergraph_CarObstacle:0047
[2022.04.29-12.16.36:455][  0]LogScript: Warning: Script call stack:
	Function /Game/ThirdPersonBP/CarObstacle.CarObstacle_C:CarMover__UpdateFunc
	Function /Game/ThirdPersonBP/CarObstacle.CarObstacle_C:ExecuteUbergraph_CarObstacle

[2022.04.29-12.16.36:455][  0]LogScript: Warning: Accessed None
	CarObstacle_C /Game/Map/Minimal_Default.Minimal_Default:PersistentLevel.CarObstacle3_6
	Function /Game/ThirdPersonBP/CarObstacle.CarObstacle_C:ExecuteUbergraph_CarObstacle:005C
[2022.04.29-12.16.36:455][  0]LogScript: Warning: Script call stack:
	Function /Game/ThirdPersonBP/CarObstacle.CarObstacle_C:CarMover__UpdateFunc
	Function /Game/ThirdPersonBP/CarObstacle.CarObstacle_C:ExecuteUbergraph_CarObstacle

[2022.04.29-12.16.36:455][  0]LogScript: Warning: Accessed None trying to read property TrackRef
	CarObstacle_C /Game/Map/Minimal_Default.Minimal_Default:PersistentLevel.CarObstacle3_6
	Function /Game/ThirdPersonBP/CarObstacle.CarObstacle_C:ExecuteUbergraph_CarObstacle:00C2
[2022.04.29-12.16.36:455][  0]LogScript: Warning: Script call stack:
	Function /Game/ThirdPersonBP/CarObstacle.CarObstacle_C:CarMover__UpdateFunc
	Function /Game/ThirdPersonBP/CarObstacle.CarObstacle_C:ExecuteUbergraph_CarObstacle

[2022.04.29-12.16.36:455][  0]LogScript: Warning: Accessed None
	CarObstacle_C /Game/Map/Minimal_Default.Minimal_Default:PersistentLevel.CarObstacle3_6
	Function /Game/ThirdPersonBP/CarObstacle.CarObstacle_C:ExecuteUbergraph_CarObstacle:00D7
[2022.04.29-12.16.36:455][  0]LogScript: Warning: Script call stack:
	Function /Game/ThirdPersonBP/CarObstacle.CarObstacle_C:CarMover__UpdateFunc
	Function /Game/ThirdPersonBP/CarObstacle.CarObstacle_C:ExecuteUbergraph_CarObstacle

[2022.04.29-12.16.36:456][  0]LogScript: Warning: Accessed None trying to read property TrackRef
	CarObstacle_C /Game/Map/Minimal_Default.Minimal_Default:PersistentLevel.CarObstacle3_6
	Function /Game/ThirdPersonBP/CarObstacle.CarObstacle_C:ExecuteUbergraph_CarObstacle:0115
[2022.04.29-12.16.36:456][  0]LogScript: Warning: Script call stack:
	Function /Game/ThirdPersonBP/CarObstacle.CarObstacle_C:CarMover__UpdateFunc
	Function /Game/ThirdPersonBP/CarObstacle.CarObstacle_C:ExecuteUbergraph_CarObstacle

[2022.04.29-12.16.36:456][  0]LogScript: Warning: Accessed None
	CarObstacle_C /Game/Map/Minimal_Default.Minimal_Default:PersistentLevel.CarObstacle3_6
	Function /Game/ThirdPersonBP/CarObstacle.CarObstacle_C:ExecuteUbergraph_CarObstacle:012A
[2022.04.29-12.16.36:456][  0]LogScript: Warning: Script call stack:
	Function /Game/ThirdPersonBP/CarObstacle.CarObstacle_C:CarMover__UpdateFunc
	Function /Game/ThirdPersonBP/CarObstacle.CarObstacle_C:ExecuteUbergraph_CarObstacle

[2022.04.29-12.16.36:456][  0]LogBlueprintUserMessages: [Minimal_Default_C_7] Translation: X=-376275.000 Y=402295.000 Z=297.000 Rotation: P=0.000000 Y=0.000000 R=0.000000 Scale X=1.000 Y=1.000 Z=1.000
[2022.04.29-12.16.36:457][  0]LogLoad: Took 1.193407 seconds to LoadMap(/Game/Map/Minimal_Default)
[2022.04.29-12.16.36:686][  0]LogSlate: Took 0.000176 seconds to synchronously load lazily loaded font '../../../Engine/Content/Slate/Fonts/Roboto-Regular.ttf' (155K)
[2022.04.29-12.16.36:752][  0]LogRenderer: Reallocating scene render targets to support 1280x720 Format 10 NumSamples 1 (Frame:1).
[2022.04.29-12.16.36:752][  0]LogInit: Display: Engine is initialized. Leaving FEngineLoop::Init()
[2022.04.29-12.16.36:752][  0]LogLoad: (Engine Initialization) Total time: 7.68 seconds
[2022.04.29-12.16.36:752][  0]LogLoad: (Engine Initialization) Total Blueprint compile time: 0.00 seconds
[2022.04.29-12.16.36:753][  0]LogRawInputWindows: Warning: Found device 4 devices
[2022.04.29-12.16.36:753][  0]LogRawInputWindows: Warning: Found device 4 devices
[2022.04.29-12.16.36:753][  0]LogRawInputWindows: VenderID:44f ProductID:402
[2022.04.29-12.16.36:753][  0]LogRawInputWindows: Device was registered succesfully and is connected (Usage:4 UsagePage:1)
[2022.04.29-12.16.36:755][  0]LogContentStreaming: Texture pool size now 1000 MB
[2022.04.29-12.16.36:761][  0]LogSlate: InvalidateAllWidgets triggered.  All widgets were invalidated
[2022.04.29-12.16.36:780][  0]LogRenderer: Reallocating scene render targets to support 128x128 Format 10 NumSamples 1 (Frame:1).
[2022.04.29-12.16.36:847][  0]LogRenderer: Reallocating scene render targets to support 1280x720 Format 10 NumSamples 1 (Frame:2).
[2022.04.29-12.16.36:874][  1]LogScript: Warning: Accessed None trying to read property TrackRef
	CarObstacle_C /Game/Map/Minimal_Default.Minimal_Default:PersistentLevel.CarObstacle3_6
	Function /Game/ThirdPersonBP/CarObstacle.CarObstacle_C:ExecuteUbergraph_CarObstacle:0047
[2022.04.29-12.16.36:874][  1]LogScript: Warning: Script call stack:
	Function /Game/ThirdPersonBP/CarObstacle.CarObstacle_C:CarMover__UpdateFunc
	Function /Game/ThirdPersonBP/CarObstacle.CarObstacle_C:ExecuteUbergraph_CarObstacle

[2022.04.29-12.16.36:874][  1]LogScript: Warning: Accessed None
	CarObstacle_C /Game/Map/Minimal_Default.Minimal_Default:PersistentLevel.CarObstacle3_6
	Function /Game/ThirdPersonBP/CarObstacle.CarObstacle_C:ExecuteUbergraph_CarObstacle:005C
[2022.04.29-12.16.36:874][  1]LogScript: Warning: Script call stack:
	Function /Game/ThirdPersonBP/CarObstacle.CarObstacle_C:CarMover__UpdateFunc
	Function /Game/ThirdPersonBP/CarObstacle.CarObstacle_C:ExecuteUbergraph_CarObstacle

[2022.04.29-12.16.36:874][  1]LogScript: Warning: Accessed None trying to read property TrackRef
	CarObstacle_C /Game/Map/Minimal_Default.Minimal_Default:PersistentLevel.CarObstacle3_6
	Function /Game/ThirdPersonBP/CarObstacle.CarObstacle_C:ExecuteUbergraph_CarObstacle:00C2
[2022.04.29-12.16.36:874][  1]LogScript: Warning: Script call stack:
	Function /Game/ThirdPersonBP/CarObstacle.CarObstacle_C:CarMover__UpdateFunc
	Function /Game/ThirdPersonBP/CarObstacle.CarObstacle_C:ExecuteUbergraph_CarObstacle

[2022.04.29-12.16.36:874][  1]LogScript: Warning: Accessed None
	CarObstacle_C /Game/Map/Minimal_Default.Minimal_Default:PersistentLevel.CarObstacle3_6
	Function /Game/ThirdPersonBP/CarObstacle.CarObstacle_C:ExecuteUbergraph_CarObstacle:00D7
[2022.04.29-12.16.36:874][  1]LogScript: Warning: Script call stack:
	Function /Game/ThirdPersonBP/CarObstacle.CarObstacle_C:CarMover__UpdateFunc
	Function /Game/ThirdPersonBP/CarObstacle.CarObstacle_C:ExecuteUbergraph_CarObstacle

[2022.04.29-12.16.36:874][  1]LogScript: Warning: Accessed None trying to read property TrackRef
	CarObstacle_C /Game/Map/Minimal_Default.Minimal_Default:PersistentLevel.CarObstacle3_6
	Function /Game/ThirdPersonBP/CarObstacle.CarObstacle_C:ExecuteUbergraph_CarObstacle:0115
[2022.04.29-12.16.36:874][  1]LogScript: Warning: Script call stack:
	Function /Game/ThirdPersonBP/CarObstacle.CarObstacle_C:CarMover__UpdateFunc
	Function /Game/ThirdPersonBP/CarObstacle.CarObstacle_C:ExecuteUbergraph_CarObstacle

[2022.04.29-12.16.36:874][  1]LogScript: Warning: Accessed None
	CarObstacle_C /Game/Map/Minimal_Default.Minimal_Default:PersistentLevel.CarObstacle3_6
	Function /Game/ThirdPersonBP/CarObstacle.CarObstacle_C:ExecuteUbergraph_CarObstacle:012A
[2022.04.29-12.16.36:874][  1]LogScript: Warning: Script call stack:
	Function /Game/ThirdPersonBP/CarObstacle.CarObstacle_C:CarMover__UpdateFunc
	Function /Game/ThirdPersonBP/CarObstacle.CarObstacle_C:ExecuteUbergraph_CarObstacle

[2022.04.29-12.16.36:876][  1]LogSlate: Took 0.000146 seconds to synchronously load lazily loaded font '../../../Engine/Content/Slate/Fonts/Roboto-Regular.ttf' (155K)
[2022.04.29-12.16.36:880][  2]LogScript: Warning: Accessed None trying to read property TrackRef
	CarObstacle_C /Game/Map/Minimal_Default.Minimal_Default:PersistentLevel.CarObstacle3_6
	Function /Game/ThirdPersonBP/CarObstacle.CarObstacle_C:ExecuteUbergraph_CarObstacle:0047
[2022.04.29-12.16.36:880][  2]LogScript: Warning: Script call stack:
	Function /Game/ThirdPersonBP/CarObstacle.CarObstacle_C:CarMover__UpdateFunc
	Function /Game/ThirdPersonBP/CarObstacle.CarObstacle_C:ExecuteUbergraph_CarObstacle

[2022.04.29-12.16.36:880][  2]LogScript: Warning: Accessed None
	CarObstacle_C /Game/Map/Minimal_Default.Minimal_Default:PersistentLevel.CarObstacle3_6
	Function /Game/ThirdPersonBP/CarObstacle.CarObstacle_C:ExecuteUbergraph_CarObstacle:005C
[2022.04.29-12.16.36:880][  2]LogScript: Warning: Script call stack:
	Function /Game/ThirdPersonBP/CarObstacle.CarObstacle_C:CarMover__UpdateFunc
	Function /Game/ThirdPersonBP/CarObstacle.CarObstacle_C:ExecuteUbergraph_CarObstacle

[2022.04.29-12.16.36:880][  2]LogScript: Warning: Accessed None trying to read property TrackRef
	CarObstacle_C /Game/Map/Minimal_Default.Minimal_Default:PersistentLevel.CarObstacle3_6
	Function /Game/ThirdPersonBP/CarObstacle.CarObstacle_C:ExecuteUbergraph_CarObstacle:00C2
[2022.04.29-12.16.36:880][  2]LogScript: Warning: Script call stack:
	Function /Game/ThirdPersonBP/CarObstacle.CarObstacle_C:CarMover__UpdateFunc
	Function /Game/ThirdPersonBP/CarObstacle.CarObstacle_C:ExecuteUbergraph_CarObstacle

[2022.04.29-12.16.36:880][  2]LogScript: Warning: Accessed None
	CarObstacle_C /Game/Map/Minimal_Default.Minimal_Default:PersistentLevel.CarObstacle3_6
	Function /Game/ThirdPersonBP/CarObstacle.CarObstacle_C:ExecuteUbergraph_CarObstacle:00D7
[2022.04.29-12.16.36:880][  2]LogScript: Warning: Script call stack:
	Function /Game/ThirdPersonBP/CarObstacle.CarObstacle_C:CarMover__UpdateFunc
	Function /Game/ThirdPersonBP/CarObstacle.CarObstacle_C:ExecuteUbergraph_CarObstacle

[2022.04.29-12.16.40:931][661]LogSlate: Window 'HoVR (64-bit Development PCD3D_SM5) ' being destroyed
[2022.04.29-12.16.40:932][661]LogWindowsTextInputMethodSystem: Display: IME system deactivated.
[2022.04.29-12.16.40:936][661]LogWindowsTextInputMethodSystem: Display: IME system deactivated.
[2022.04.29-12.16.40:938][661]LogSlate: Updating window title bar state: overlay mode, drag disabled, window buttons hidden, title bar hidden
[2022.04.29-12.16.40:938][661]LogEngine: All Windows Closed
[2022.04.29-12.16.40:938][661]LogWindows: FPlatformMisc::RequestExit(0)
[2022.04.29-12.16.40:938][661]LogWindows: FPlatformMisc::RequestExitWithStatus(0, 0)
[2022.04.29-12.16.40:938][661]LogCore: Engine exit requested (reason: Win RequestExit)
[2022.04.29-12.16.40:939][662]LogCore: Engine exit requested (reason: EngineExit() was called; note: exit was already requested)
[2022.04.29-12.16.40:939][662]LogInit: Display: PreExit Game.
[2022.04.29-12.16.40:949][662]LogWorld: BeginTearingDown for /Game/Map/Minimal_Default
[2022.04.29-12.16.40:951][662]LogWorld: UWorld::CleanupWorld for Minimal_Default, bSessionEnded=true, bCleanupResources=true
[2022.04.29-12.16.40:959][662]LogSlate: InvalidateAllWidgets triggered.  All widgets were invalidated
[2022.04.29-12.16.40:962][662]LogAudio: Display: Beginning Audio Device Manager Shutdown (Module: AudioMixerXAudio2)...
[2022.04.29-12.16.40:962][662]LogAudio: Display: Destroying 1 Remaining Audio Device(s)...
[2022.04.29-12.16.40:962][662]LogAudio: Display: Audio Device unregistered from world 'Minimal_Default'.
[2022.04.29-12.16.40:963][662]LogAudioMixer: FMixerPlatformXAudio2::StopAudioStream() called
[2022.04.29-12.16.40:963][662]LogAudioMixer: FMixerPlatformXAudio2::StopAudioStream() called
[2022.04.29-12.16.40:966][662]LogAudio: Display: Audio Device Manager Shutdown
[2022.04.29-12.16.40:969][662]LogExit: Preparing to exit.
[2022.04.29-12.16.41:079][662]LogSlate: Updating window title bar state: overlay mode, drag disabled, window buttons hidden, title bar hidden
[2022.04.29-12.16.41:082][662]LogUObjectHash: Compacting FUObjectHashTables data took   1.27ms
[2022.04.29-12.16.41:149][662]LogMoviePlayer: Shutting down movie player
[2022.04.29-12.16.41:346][662]LogDemo: Cleaned up 0 splitscreen connections with owner deletion
[2022.04.29-12.16.41:350][662]LogExit: Game engine shut down
[2022.04.29-12.16.41:411][662]LogExit: Object subsystem successfully closed.
[2022.04.29-12.16.41:419][662]LogShaderCompilers: Display: === FShaderJobCache stats ===
[2022.04.29-12.16.41:419][662]LogShaderCompilers: Display: Total job queries 0, among them cache hits 0 (0.00%)
[2022.04.29-12.16.41:419][662]LogShaderCompilers: Display: Tracking 0 distinct input hashes that result in 0 distinct outputs (0.00%)
[2022.04.29-12.16.41:419][662]LogShaderCompilers: Display: RAM used: 0.00 MB (0.00 GB) of 1638.40 MB (1.60 GB) budget. Usage: 0.00%
[2022.04.29-12.16.41:419][662]LogShaderCompilers: Display: ================================================
[2022.04.29-12.16.41:425][662]LogShaderCompilers: Display: Shaders left to compile 0
[2022.04.29-12.16.41:438][662]LogModuleManager: Shutting down and abandoning module SequenceRecorderSections (560)
[2022.04.29-12.16.41:438][662]LogModuleManager: Shutting down and abandoning module SequenceRecorder (558)
[2022.04.29-12.16.41:438][662]LogModuleManager: Shutting down and abandoning module AutomationController (556)
[2022.04.29-12.16.41:439][662]LogModuleManager: Shutting down and abandoning module AutomationWorker (554)
[2022.04.29-12.16.41:439][662]LogModuleManager: Shutting down and abandoning module Voice (552)
[2022.04.29-12.16.41:439][662]LogModuleManager: Shutting down and abandoning module AIModule (550)
[2022.04.29-12.16.41:439][662]LogModuleManager: Shutting down and abandoning module GameplayDebugger (549)
[2022.04.29-12.16.41:439][662]LogModuleManager: Shutting down and abandoning module AITestSuite (547)
[2022.04.29-12.16.41:439][662]LogModuleManager: Shutting down and abandoning module NavigationSystem (545)
[2022.04.29-12.16.41:439][662]LogModuleManager: Shutting down and abandoning module SteamVREditor (542)
[2022.04.29-12.16.41:439][662]LogModuleManager: Shutting down and abandoning module ToolMenus (541)
[2022.04.29-12.16.41:439][662]LogModuleManager: Shutting down and abandoning module OculusMR (538)
[2022.04.29-12.16.41:439][662]LogModuleManager: Shutting down and abandoning module TakeRecorderSources (536)
[2022.04.29-12.16.41:439][662]LogModuleManager: Shutting down and abandoning module TakeRecorder (535)
[2022.04.29-12.16.41:439][662]LogModuleManager: Shutting down and abandoning module TakeTrackRecorders (532)
[2022.04.29-12.16.41:439][662]LogModuleManager: Shutting down and abandoning module TakesCore (530)
[2022.04.29-12.16.41:439][662]LogModuleManager: Shutting down and abandoning module OpenXRInput (528)
[2022.04.29-12.16.41:439][662]LogModuleManager: Shutting down and abandoning module MagicLeapMediaCodecFactory (526)
[2022.04.29-12.16.41:439][662]LogModuleManager: Shutting down and abandoning module MagicLeapMediaFactory (524)
[2022.04.29-12.16.41:439][662]LogModuleManager: Shutting down and abandoning module WmfMediaFactory (522)
[2022.04.29-12.16.41:439][662]LogModuleManager: Shutting down and abandoning module WebMMediaFactory (520)
[2022.04.29-12.16.41:439][662]LogModuleManager: Shutting down and abandoning module WebMMedia (518)
[2022.04.29-12.16.41:439][662]LogModuleManager: Shutting down and abandoning module PlanarCut (516)
[2022.04.29-12.16.41:439][662]LogModuleManager: Shutting down and abandoning module OpenExrWrapper (514)
[2022.04.29-12.16.41:439][662]LogModuleManager: Shutting down and abandoning module ImgMediaFactory (512)
[2022.04.29-12.16.41:439][662]LogModuleManager: Shutting down and abandoning module AvfMediaFactory (510)
[2022.04.29-12.16.41:439][662]LogModuleManager: Shutting down and abandoning module CharacterAI (508)
[2022.04.29-12.16.41:439][662]LogModuleManager: Shutting down and abandoning module SessionServices (506)
[2022.04.29-12.16.41:439][662]LogModuleManager: Shutting down and abandoning module MovieSceneCapture (504)
[2022.04.29-12.16.41:439][662]LogModuleManager: Shutting down and abandoning module LiveCoding (502)
[2022.04.29-12.16.41:439][662]LogModuleManager: Shutting down and abandoning module LevelSequence (500)
[2022.04.29-12.16.41:439][662]LogModuleManager: Shutting down and abandoning module MovieSceneTracks (498)
[2022.04.29-12.16.41:439][662]LogModuleManager: Shutting down and abandoning module MovieScene (496)
[2022.04.29-12.16.41:439][662]LogModuleManager: Shutting down and abandoning module StreamingPauseRendering (494)
[2022.04.29-12.16.41:439][662]LogModuleManager: Shutting down and abandoning module PortalServices (492)
[2022.04.29-12.16.41:439][662]LogModuleManager: Shutting down and abandoning module PortalRpc (490)
[2022.04.29-12.16.41:439][662]LogModuleManager: Shutting down and abandoning module MessagingRpc (488)
[2022.04.29-12.16.41:439][662]LogModuleManager: Shutting down and abandoning module AudioMixerXAudio2 (486)
[2022.04.29-12.16.41:439][662]LogModuleManager: Shutting down and abandoning module AudioMixerCore (485)
[2022.04.29-12.16.41:439][662]LogModuleManager: Shutting down and abandoning module ImageWriteQueue (482)
[2022.04.29-12.16.41:439][662]LogModuleManager: Shutting down and abandoning module ProfilerService (480)
[2022.04.29-12.16.41:601][662]LogModuleManager: Shutting down and abandoning module TaskGraph (478)
[2022.04.29-12.16.41:601][662]LogModuleManager: Shutting down and abandoning module OculusInput (476)
[2022.04.29-12.16.41:601][662]LogModuleManager: Shutting down and abandoning module LiveLinkSequencer (474)
[2022.04.29-12.16.41:601][662]LogModuleManager: Shutting down and abandoning module LiveLinkMovieScene (472)
[2022.04.29-12.16.41:601][662]LogModuleManager: Shutting down and abandoning module LiveLinkGraphNode (470)
[2022.04.29-12.16.41:601][662]LogModuleManager: Shutting down and abandoning module LiveLinkComponents (468)
[2022.04.29-12.16.41:601][662]LogModuleManager: Shutting down and abandoning module LiveLink (466)
