Log file open, 04/29/22 13:30:50
LogWindows: Failed to load 'aqProf.dll' (GetLastError=126)
LogWindows: File 'aqProf.dll' does not exist
LogWindows: Failed to load 'VtuneApi.dll' (GetLastError=126)
LogWindows: File 'VtuneApi.dll' does not exist
LogWindows: Failed to load 'VtuneApi32e.dll' (GetLastError=126)
LogWindows: File 'VtuneApi32e.dll' does not exist
LogConsoleResponse: Display: Failed to find resolution value strings in scalability ini. Falling back to default.
LogConsoleResponse: Display: Failed to find resolution value strings in scalability ini. Falling back to default.
LogInit: Display: Running engine for game: HoVR
LogPlatformFile: Not using cached read wrapper
LogTaskGraph: Started task graph with 5 named threads and 23 total threads with 3 sets of task threads.
LogStats: Stats thread started at 0.305063
LogICUInternationalization: ICU TimeZone Detection - Raw Offset: +0:00, Platform Override: ''
LogInit: Display: Loading text-based GConfig....
LogPluginManager: Mounting plugin MeshPainting
LogPluginManager: Mounting plugin XGEController
LogPluginManager: Mounting plugin Paper2D
LogPluginManager: Mounting plugin AISupport
LogPluginManager: Mounting plugin EnvironmentQueryEditor
LogPluginManager: Mounting plugin LiveLink
LogPluginManager: Mounting plugin LightPropagationVolume
LogPluginManager: Mounting plugin GameplayCameras
LogPluginManager: Mounting plugin CameraShakePreviewer
LogPluginManager: Mounting plugin AnimationSharing
LogPluginManager: Mounting plugin CLionSourceCodeAccess
LogPluginManager: Mounting plugin CodeLiteSourceCodeAccess
LogPluginManager: Mounting plugin KDevelopSourceCodeAccess
LogPluginManager: Mounting plugin NullSourceCodeAccess
LogPluginManager: Mounting plugin GitSourceControl
LogPluginManager: Mounting plugin PerforceSourceControl
LogPluginManager: Mounting plugin PixWinPlugin
LogPluginManager: Mounting plugin PlasticSourceControl
LogPluginManager: Mounting plugin PropertyAccessNode
LogPluginManager: Mounting plugin SubversionSourceControl
LogPluginManager: Mounting plugin RiderSourceCodeAccess
LogPluginManager: Mounting plugin TextureFormatOodle
LogPluginManager: Mounting plugin PluginUtils
LogPluginManager: Mounting plugin UObjectPlugin
LogPluginManager: Mounting plugin VisualStudioCodeSourceCodeAccess
LogPluginManager: Mounting plugin XCodeSourceCodeAccess
LogPluginManager: Mounting plugin VisualStudioSourceCodeAccess
LogPluginManager: Mounting plugin DatasmithContent
LogPluginManager: Mounting plugin AssetManagerEditor
LogPluginManager: Mounting plugin VariantManagerContent
LogPluginManager: Mounting plugin CryptoKeys
LogPluginManager: Mounting plugin CurveEditorTools
LogPluginManager: Mounting plugin FacialAnimation
LogPluginManager: Mounting plugin GameplayTagsEditor
LogPluginManager: Mounting plugin DataValidation
LogPluginManager: Mounting plugin GeometryMode
LogPluginManager: Mounting plugin MacGraphicsSwitching
LogPluginManager: Mounting plugin MaterialAnalyzer
LogPluginManager: Mounting plugin MobileLauncherProfileWizard
LogPluginManager: Mounting plugin Niagara
LogPluginManager: Mounting plugin PluginBrowser
LogPluginManager: Mounting plugin SpeedTreeImporter
LogPluginManager: Mounting plugin LuminPlatformFeatures
LogPluginManager: Mounting plugin MagicLeap
LogPluginManager: Mounting plugin MagicLeapMedia
LogPluginManager: Mounting plugin MagicLeapPassableWorld
LogPluginManager: Mounting plugin MLSDK
LogPluginManager: Mounting plugin AndroidMedia
LogPluginManager: Mounting plugin AvfMedia
LogPluginManager: Mounting plugin ImgMedia
LogPluginManager: Mounting plugin MediaCompositing
LogPluginManager: Mounting plugin MagicLeapLightEstimation
LogPluginManager: Mounting plugin MediaPlayerEditor
LogPluginManager: Mounting plugin WebMMedia
LogPluginManager: Mounting plugin WmfMedia
LogPluginManager: Mounting plugin ActorSequence
LogPluginManager: Mounting plugin MatineeToLevelSequence
LogPluginManager: Mounting plugin LevelSequenceEditor
LogPluginManager: Mounting plugin TemplateSequence
LogPluginManager: Mounting plugin TcpMessaging
LogPluginManager: Mounting plugin UdpMessaging
LogPluginManager: Mounting plugin OnlineSubsystem
LogPluginManager: Mounting plugin OnlineSubsystemNull
LogPluginManager: Mounting plugin OnlineSubsystemUtils
LogPluginManager: Mounting plugin LauncherChunkInstaller
LogPluginManager: Mounting plugin ActorLayerUtilities
LogPluginManager: Mounting plugin AndroidDeviceProfileSelector
LogPluginManager: Mounting plugin AndroidMoviePlayer
LogPluginManager: Mounting plugin AndroidPermission
LogPluginManager: Mounting plugin AppleImageUtils
LogPluginManager: Mounting plugin AppleMoviePlayer
LogPluginManager: Mounting plugin AssetTags
LogPluginManager: Mounting plugin ArchVisCharacter
LogPluginManager: Mounting plugin AudioCapture
LogPluginManager: Mounting plugin AudioSynesthesia
LogPluginManager: Mounting plugin CableComponent
LogPluginManager: Mounting plugin ChunkDownloader
LogPluginManager: Mounting plugin CustomMeshComponent
LogPluginManager: Mounting plugin EditableMesh
LogPluginManager: Mounting plugin ExampleDeviceProfileSelector
LogPluginManager: Mounting plugin GoogleCloudMessaging
LogPluginManager: Mounting plugin GooglePAD
LogPluginManager: Mounting plugin ScreenshotTools
LogPluginManager: Mounting plugin IOSDeviceProfileSelector
LogPluginManager: Mounting plugin Takes
LogPluginManager: Mounting plugin LinuxDeviceProfileSelector
LogPluginManager: Mounting plugin LocationServicesBPLibrary
LogPluginManager: Mounting plugin MobilePatchingUtils
LogPluginManager: Mounting plugin OpenXR
LogPluginManager: Mounting plugin OpenXREyeTracker
LogPluginManager: Mounting plugin OpenXRHandTracking
LogPluginManager: Mounting plugin PhysXVehicles
LogPluginManager: Mounting plugin PostSplashScreen
LogPluginManager: Mounting plugin ProceduralMeshComponent
LogPluginManager: Mounting plugin PropertyAccessEditor
LogPluginManager: Mounting plugin RuntimePhysXCooking
LogPluginManager: Mounting plugin SignificanceManager
LogPluginManager: Mounting plugin SoundFields
LogPluginManager: Mounting plugin Synthesis
LogPluginManager: Mounting plugin WebMMoviePlayer
LogPluginManager: Mounting plugin WindowsMoviePlayer
LogPluginManager: Mounting plugin OodleData
LogPluginManager: Mounting plugin OodleNetwork
LogPluginManager: Mounting plugin AlembicImporter
LogPluginManager: Mounting plugin AutomationUtils
LogPluginManager: Mounting plugin BackChannel
LogPluginManager: Mounting plugin ChaosCloth
LogPluginManager: Mounting plugin ChaosClothEditor
LogPluginManager: Mounting plugin ChaosEditor
LogPluginManager: Mounting plugin ChaosNiagara
LogPluginManager: Mounting plugin CharacterAI
LogPluginManager: Mounting plugin GeometryCache
LogPluginManager: Mounting plugin GeometryCollectionPlugin
LogPluginManager: Mounting plugin GeometryProcessing
LogPluginManager: Mounting plugin MotoSynth
LogPluginManager: Mounting plugin OpenImageDenoise
LogPluginManager: Mounting plugin ChaosSolverPlugin
LogPluginManager: Mounting plugin PlanarCut
LogPluginManager: Mounting plugin RawInput
LogPluginManager: Mounting plugin ProxyLODPlugin
LogPluginManager: Mounting plugin PythonScriptPlugin
LogPluginManager: Mounting plugin PlatformCrypto
LogPluginManager: Mounting plugin SkeletalReduction
LogPluginManager: Mounting plugin ContentBrowserClassDataSource
LogPluginManager: Mounting plugin ContentBrowserAssetDataSource
LogPluginManager: Mounting plugin ContentBrowserFileDataSource
LogPluginManager: Mounting plugin OnlineSubsystemGooglePlay
LogPluginManager: Mounting plugin OnlineSubsystemIOS
LogPluginManager: Mounting plugin OculusVR
LogPluginManager: Mounting plugin SteamVR
PixWinPlugin: PIX capture plugin failed to initialize! Check that the process is launched from PIX.
LogInit: Using libcurl 7.55.1-DEV
LogInit:  - built for x86_64-pc-win32
LogInit:  - supports SSL with OpenSSL/1.1.1
LogInit:  - supports HTTP deflate (compression) using libz 1.2.8
LogInit:  - other features:
LogInit:      CURL_VERSION_SSL
LogInit:      CURL_VERSION_LIBZ
LogInit:      CURL_VERSION_IPV6
LogInit:      CURL_VERSION_ASYNCHDNS
LogInit:      CURL_VERSION_LARGEFILE
LogInit:      CURL_VERSION_IDN
LogInit:  CurlRequestOptions (configurable via config and command line):
LogInit:  - bVerifyPeer = true  - Libcurl will verify peer certificate
LogInit:  - bUseHttpProxy = false  - Libcurl will NOT use HTTP proxy
LogInit:  - bDontReuseConnections = false  - Libcurl will reuse connections
LogInit:  - MaxHostConnections = 16  - Libcurl will limit the number of connections to a host
LogInit:  - LocalHostAddr = Default
LogInit:  - BufferSize = 65536
LogOnline: OSS: Creating online subsystem instance for: NULL
LogInit: WinSock: version 1.1 (2.2), MaxSocks=32767, MaxUdp=65467
LogOnline: OSS: TryLoadSubsystemAndSetDefault: Loaded subsystem for module [NULL]
LogOculusPluginWrapper: OculusPlugin initialized successfully
LogHMD: Failed initializing OVRPlugin 1.59.0
LogInit: Build: ++UE4+Release-4.27-CL-18319896
LogInit: Engine Version: 4.27.2-18319896+++UE4+Release-4.27
LogInit: Compatible Engine Version: 4.27.0-17155196+++UE4+Release-4.27
LogInit: Net CL: 17155196
LogInit: OS: Windows 10 (Release 2009) (), CPU: Intel(R) Core(TM) i7-4790K CPU @ 4.00GHz, GPU: NVIDIA GeForce GTX 980
LogInit: Compiled (64-bit): Nov 30 2021 07:12:08
LogInit: Compiled with Visual C++: 19.24.28315.00
LogInit: Build Configuration: Development
LogInit: Branch Name: ++UE4+Release-4.27
LogInit: Command Line:  /Game/Map/Minimal_Default -game -PIEVIACONSOLE -Multiprocess GameUserSettingsINI=D:/HoVR-3.0/HovR2/HoVR/Saved/Config/Windows/PIEGameUserSettings0.ini -MultiprocessSaveConfig -forcepassthrough -messaging -SessionName="Play in Standalone Game" -windowed -WinX=320 -WinY=184 SAVEWINPOS=1 -ResX=1280 -ResY=720
LogInit: Base Directory: C:/Program Files/Epic Games/UE_4.27/Engine/Binaries/Win64/
LogInit: Allocator: TBB
LogInit: Installed Engine Build: 1
LogDevObjectVersion: Number of dev versions registered: 29
LogDevObjectVersion:   Dev-Blueprints (B0D832E4-1F89-4F0D-ACCF-7EB736FD4AA2): 10
LogDevObjectVersion:   Dev-Build (E1C64328-A22C-4D53-A36C-8E866417BD8C): 0
LogDevObjectVersion:   Dev-Core (375EC13C-06E4-48FB-B500-84F0262A717E): 4
LogDevObjectVersion:   Dev-Editor (E4B068ED-F494-42E9-A231-DA0B2E46BB41): 40
LogDevObjectVersion:   Dev-Framework (CFFC743F-43B0-4480-9391-14DF171D2073): 37
LogDevObjectVersion:   Dev-Mobile (B02B49B5-BB20-44E9-A304-32B752E40360): 3
LogDevObjectVersion:   Dev-Networking (A4E4105C-59A1-49B5-A7C5-40C4547EDFEE): 0
LogDevObjectVersion:   Dev-Online (39C831C9-5AE6-47DC-9A44-9C173E1C8E7C): 0
LogDevObjectVersion:   Dev-Physics (78F01B33-EBEA-4F98-B9B4-84EACCB95AA2): 14
LogDevObjectVersion:   Dev-Platform (6631380F-2D4D-43E0-8009-CF276956A95A): 0
LogDevObjectVersion:   Dev-Rendering (12F88B9F-8875-4AFC-A67C-D90C383ABD29): 45
LogDevObjectVersion:   Dev-Sequencer (7B5AE74C-D270-4C10-A958-57980B212A5A): 13
LogDevObjectVersion:   Dev-VR (D7296918-1DD6-4BDD-9DE2-64A83CC13884): 3
LogDevObjectVersion:   Dev-LoadTimes (C2A15278-BFE7-4AFE-6C17-90FF531DF755): 1
LogDevObjectVersion:   Private-Geometry (6EACA3D4-40EC-4CC1-B786-8BED09428FC5): 3
LogDevObjectVersion:   Dev-AnimPhys (29E575DD-E0A3-4627-9D10-D276232CDCEA): 17
LogDevObjectVersion:   Dev-Anim (AF43A65D-7FD3-4947-9873-3E8ED9C1BB05): 15
LogDevObjectVersion:   Dev-ReflectionCapture (6B266CEC-1EC7-4B8F-A30B-E4D90942FC07): 1
LogDevObjectVersion:   Dev-Automation (0DF73D61-A23F-47EA-B727-89E90C41499A): 1
LogDevObjectVersion:   FortniteMain (601D1886-AC64-4F84-AA16-D3DE0DEAC7D6): 47
LogDevObjectVersion:   FortniteRelease (E7086368-6B23-4C58-8439-1B7016265E91): 1
LogDevObjectVersion:   Dev-Enterprise (9DFFBCD6-494F-0158-E221-12823C92A888): 10
LogDevObjectVersion:   Dev-Niagara (F2AED0AC-9AFE-416F-8664-AA7FFA26D6FC): 1
LogDevObjectVersion:   Dev-Destruction (174F1F0B-B4C6-45A5-B13F-2EE8D0FB917D): 10
LogDevObjectVersion:   Dev-Physics-Ext (35F94A83-E258-406C-A318-09F59610247C): 41
LogDevObjectVersion:   Dev-PhysicsMaterial-Chaos (B68FC16E-8B1B-42E2-B453-215C058844FE): 1
LogDevObjectVersion:   Dev-CineCamera (B2E18506-4273-CFC2-A54E-F4BB758BBA07): 1
LogDevObjectVersion:   Dev-VirtualProduction (64F58936-FD1B-42BA-BA96-7289D5D0FA4E): 1
LogDevObjectVersion:   Dev-MediaFramework (6F0ED827-A609-4895-9C91-998D90180EA4): 2
LogInit: Presizing for max 25165824 objects, including 0 objects not considered by GC, pre-allocating 0 bytes for permanent pool.
LogConfig: Applying CVar settings from Section [/Script/Engine.StreamingSettings] File [D:/HoVR-3.0/HovR2/HoVR/Saved/Config/Windows/Engine.ini]
LogConfig: Setting CVar [[s.MinBulkDataSizeForAsyncLoading:131072]]
LogConfig: Setting CVar [[s.AsyncLoadingThreadEnabled:0]]
LogConfig: Setting CVar [[s.EventDrivenLoaderEnabled:1]]
LogConfig: Setting CVar [[s.WarnIfTimeLimitExceeded:0]]
LogConfig: Setting CVar [[s.TimeLimitExceededMultiplier:1.5]]
LogConfig: Setting CVar [[s.TimeLimitExceededMinTime:0.005]]
LogConfig: Setting CVar [[s.UseBackgroundLevelStreaming:1]]
LogConfig: Setting CVar [[s.PriorityAsyncLoadingExtraTime:15.0]]
LogConfig: Setting CVar [[s.LevelStreamingActorsUpdateTimeLimit:5.0]]
LogConfig: Setting CVar [[s.PriorityLevelStreamingActorsUpdateExtraTime:5.0]]
LogConfig: Setting CVar [[s.LevelStreamingComponentsRegistrationGranularity:10]]
LogConfig: Setting CVar [[s.UnregisterComponentsTimeLimit:1.0]]
LogConfig: Setting CVar [[s.LevelStreamingComponentsUnregistrationGranularity:5]]
LogConfig: Setting CVar [[s.FlushStreamingOnExit:1]]
LogInit: Object subsystem initialized
LogConfig: Setting CVar [[con.DebugEarlyDefault:1]]
LogConfig: Setting CVar [[r.setres:1280x720]]
[2022.04.29-12.30.51:575][  0]LogConfig: Setting CVar [[con.DebugEarlyDefault:1]]
[2022.04.29-12.30.51:575][  0]LogConfig: Setting CVar [[r.setres:1280x720]]
[2022.04.29-12.30.51:575][  0]LogConfig: Applying CVar settings from Section [/Script/Engine.RendererSettings] File [D:/HoVR-3.0/HovR2/HoVR/Saved/Config/Windows/Engine.ini]
[2022.04.29-12.30.51:575][  0]LogConfig: Setting CVar [[r.GPUCrashDebugging:0]]
[2022.04.29-12.30.51:575][  0]LogConfig: Applying CVar settings from Section [/Script/Engine.RendererOverrideSettings] File [D:/HoVR-3.0/HovR2/HoVR/Saved/Config/Windows/Engine.ini]
[2022.04.29-12.30.51:575][  0]LogConfig: Applying CVar settings from Section [/Script/Engine.StreamingSettings] File [D:/HoVR-3.0/HovR2/HoVR/Saved/Config/Windows/Engine.ini]
[2022.04.29-12.30.51:575][  0]LogConfig: Setting CVar [[s.MinBulkDataSizeForAsyncLoading:131072]]
[2022.04.29-12.30.51:575][  0]LogConfig: Setting CVar [[s.AsyncLoadingThreadEnabled:0]]
[2022.04.29-12.30.51:575][  0]LogConfig: Setting CVar [[s.EventDrivenLoaderEnabled:1]]
[2022.04.29-12.30.51:575][  0]LogConfig: Setting CVar [[s.WarnIfTimeLimitExceeded:0]]
[2022.04.29-12.30.51:575][  0]LogConfig: Setting CVar [[s.TimeLimitExceededMultiplier:1.5]]
[2022.04.29-12.30.51:575][  0]LogConfig: Setting CVar [[s.TimeLimitExceededMinTime:0.005]]
[2022.04.29-12.30.51:575][  0]LogConfig: Setting CVar [[s.UseBackgroundLevelStreaming:1]]
[2022.04.29-12.30.51:576][  0]LogConfig: Setting CVar [[s.PriorityAsyncLoadingExtraTime:15.0]]
[2022.04.29-12.30.51:576][  0]LogConfig: Setting CVar [[s.LevelStreamingActorsUpdateTimeLimit:5.0]]
[2022.04.29-12.30.51:576][  0]LogConfig: Setting CVar [[s.PriorityLevelStreamingActorsUpdateExtraTime:5.0]]
[2022.04.29-12.30.51:576][  0]LogConfig: Setting CVar [[s.LevelStreamingComponentsRegistrationGranularity:10]]
[2022.04.29-12.30.51:576][  0]LogConfig: Setting CVar [[s.UnregisterComponentsTimeLimit:1.0]]
[2022.04.29-12.30.51:576][  0]LogConfig: Setting CVar [[s.LevelStreamingComponentsUnregistrationGranularity:5]]
[2022.04.29-12.30.51:576][  0]LogConfig: Setting CVar [[s.FlushStreamingOnExit:1]]
[2022.04.29-12.30.51:576][  0]LogConfig: Applying CVar settings from Section [/Script/Engine.GarbageCollectionSettings] File [D:/HoVR-3.0/HovR2/HoVR/Saved/Config/Windows/Engine.ini]
[2022.04.29-12.30.51:576][  0]LogConfig: Setting CVar [[gc.MaxObjectsNotConsideredByGC:1]]
[2022.04.29-12.30.51:576][  0]LogConfig: Setting CVar [[gc.SizeOfPermanentObjectPool:0]]
[2022.04.29-12.30.51:576][  0]LogConfig: Setting CVar [[gc.FlushStreamingOnGC:0]]
[2022.04.29-12.30.51:576][  0]LogConfig: Setting CVar [[gc.NumRetriesBeforeForcingGC:10]]
[2022.04.29-12.30.51:576][  0]LogConfig: Setting CVar [[gc.AllowParallelGC:1]]
[2022.04.29-12.30.51:576][  0]LogConfig: Setting CVar [[gc.TimeBetweenPurgingPendingKillObjects:61.1]]
[2022.04.29-12.30.51:576][  0]LogConfig: Setting CVar [[gc.MaxObjectsInEditor:25165824]]
[2022.04.29-12.30.51:576][  0]LogConfig: Setting CVar [[gc.IncrementalBeginDestroyEnabled:1]]
[2022.04.29-12.30.51:576][  0]LogConfig: Setting CVar [[gc.CreateGCClusters:1]]
[2022.04.29-12.30.51:576][  0]LogConfig: Setting CVar [[gc.MinGCClusterSize:5]]
[2022.04.29-12.30.51:576][  0]LogConfig: Setting CVar [[gc.ActorClusteringEnabled:0]]
[2022.04.29-12.30.51:576][  0]LogConfig: Setting CVar [[gc.BlueprintClusteringEnabled:0]]
[2022.04.29-12.30.51:576][  0]LogConfig: Setting CVar [[gc.UseDisregardForGCOnDedicatedServers:0]]
[2022.04.29-12.30.51:576][  0]LogConfig: Setting CVar [[gc.MultithreadedDestructionEnabled:1]]
[2022.04.29-12.30.51:576][  0]LogConfig: Applying CVar settings from Section [/Script/Engine.NetworkSettings] File [D:/HoVR-3.0/HovR2/HoVR/Saved/Config/Windows/Engine.ini]
[2022.04.29-12.30.51:576][  0]LogConfig: Applying CVar settings from Section [/Script/UnrealEd.CookerSettings] File [D:/HoVR-3.0/HovR2/HoVR/Saved/Config/Windows/Engine.ini]
[2022.04.29-12.30.51:610][  0]LogConfig: Applying CVar settings from Section [ViewDistanceQuality@3] File [D:/HoVR-3.0/HovR2/HoVR/Saved/Config/Windows/Scalability.ini]
[2022.04.29-12.30.51:610][  0]LogConfig: Setting CVar [[r.SkeletalMeshLODBias:0]]
[2022.04.29-12.30.51:610][  0]LogConfig: Setting CVar [[r.ViewDistanceScale:1.0]]
[2022.04.29-12.30.51:610][  0]LogConfig: Applying CVar settings from Section [AntiAliasingQuality@3] File [D:/HoVR-3.0/HovR2/HoVR/Saved/Config/Windows/Scalability.ini]
[2022.04.29-12.30.51:610][  0]LogConfig: Setting CVar [[r.PostProcessAAQuality:4]]
[2022.04.29-12.30.51:610][  0]LogConfig: Applying CVar settings from Section [ShadowQuality@3] File [D:/HoVR-3.0/HovR2/HoVR/Saved/Config/Windows/Scalability.ini]
[2022.04.29-12.30.51:610][  0]LogConfig: Setting CVar [[r.LightFunctionQuality:1]]
[2022.04.29-12.30.51:610][  0]LogConfig: Setting CVar [[r.ShadowQuality:5]]
[2022.04.29-12.30.51:610][  0]LogConfig: Setting CVar [[r.Shadow.CSM.MaxCascades:10]]
[2022.04.29-12.30.51:610][  0]LogConfig: Setting CVar [[r.Shadow.MaxResolution:2048]]
[2022.04.29-12.30.51:610][  0]LogConfig: Setting CVar [[r.Shadow.MaxCSMResolution:2048]]
[2022.04.29-12.30.51:610][  0]LogConfig: Setting CVar [[r.Shadow.RadiusThreshold:0.01]]
[2022.04.29-12.30.51:610][  0]LogConfig: Setting CVar [[r.Shadow.DistanceScale:1.0]]
[2022.04.29-12.30.51:610][  0]LogConfig: Setting CVar [[r.Shadow.CSM.TransitionScale:1.0]]
[2022.04.29-12.30.51:610][  0]LogConfig: Setting CVar [[r.Shadow.PreShadowResolutionFactor:1.0]]
[2022.04.29-12.30.51:610][  0]LogConfig: Setting CVar [[r.DistanceFieldShadowing:1]]
[2022.04.29-12.30.51:610][  0]LogConfig: Setting CVar [[r.DistanceFieldAO:1]]
[2022.04.29-12.30.51:610][  0]LogConfig: Setting CVar [[r.AOQuality:2]]
[2022.04.29-12.30.51:610][  0]LogConfig: Setting CVar [[r.VolumetricFog:1]]
[2022.04.29-12.30.51:610][  0]LogConfig: Setting CVar [[r.VolumetricFog.GridPixelSize:8]]
[2022.04.29-12.30.51:610][  0]LogConfig: Setting CVar [[r.VolumetricFog.GridSizeZ:128]]
[2022.04.29-12.30.51:610][  0]LogConfig: Setting CVar [[r.VolumetricFog.HistoryMissSupersampleCount:4]]
[2022.04.29-12.30.51:610][  0]LogConfig: Setting CVar [[r.LightMaxDrawDistanceScale:1]]
[2022.04.29-12.30.51:610][  0]LogConfig: Setting CVar [[r.CapsuleShadows:1]]
[2022.04.29-12.30.51:610][  0]LogConfig: Applying CVar settings from Section [PostProcessQuality@3] File [D:/HoVR-3.0/HovR2/HoVR/Saved/Config/Windows/Scalability.ini]
[2022.04.29-12.30.51:610][  0]LogConfig: Setting CVar [[r.MotionBlurQuality:4]]
[2022.04.29-12.30.51:610][  0]LogConfig: Setting CVar [[r.AmbientOcclusionMipLevelFactor:0.4]]
[2022.04.29-12.30.51:610][  0]LogConfig: Setting CVar [[r.AmbientOcclusionMaxQuality:100]]
[2022.04.29-12.30.51:610][  0]LogConfig: Setting CVar [[r.AmbientOcclusionLevels:-1]]
[2022.04.29-12.30.51:610][  0]LogConfig: Setting CVar [[r.AmbientOcclusionRadiusScale:1.0]]
[2022.04.29-12.30.51:610][  0]LogConfig: Setting CVar [[r.DepthOfFieldQuality:2]]
[2022.04.29-12.30.51:610][  0]LogConfig: Setting CVar [[r.RenderTargetPoolMin:400]]
[2022.04.29-12.30.51:610][  0]LogConfig: Setting CVar [[r.LensFlareQuality:2]]
[2022.04.29-12.30.51:610][  0]LogConfig: Setting CVar [[r.SceneColorFringeQuality:1]]
[2022.04.29-12.30.51:610][  0]LogConfig: Setting CVar [[r.EyeAdaptationQuality:2]]
[2022.04.29-12.30.51:610][  0]LogConfig: Setting CVar [[r.BloomQuality:5]]
[2022.04.29-12.30.51:610][  0]LogConfig: Setting CVar [[r.FastBlurThreshold:100]]
[2022.04.29-12.30.51:611][  0]LogConfig: Setting CVar [[r.Upscale.Quality:3]]
[2022.04.29-12.30.51:611][  0]LogConfig: Setting CVar [[r.Tonemapper.GrainQuantization:1]]
[2022.04.29-12.30.51:611][  0]LogConfig: Setting CVar [[r.LightShaftQuality:1]]
[2022.04.29-12.30.51:611][  0]LogConfig: Setting CVar [[r.Filter.SizeScale:1]]
[2022.04.29-12.30.51:611][  0]LogConfig: Setting CVar [[r.Tonemapper.Quality:5]]
[2022.04.29-12.30.51:611][  0]LogConfig: Setting CVar [[r.DOF.Gather.AccumulatorQuality:1        ; higher gathering accumulator quality]]
[2022.04.29-12.30.51:611][  0]LogConfig: Setting CVar [[r.DOF.Gather.PostfilterMethod:1          ; Median3x3 postfilering method]]
[2022.04.29-12.30.51:611][  0]LogConfig: Setting CVar [[r.DOF.Gather.EnableBokehSettings:0       ; no bokeh simulation when gathering]]
[2022.04.29-12.30.51:611][  0]LogConfig: Setting CVar [[r.DOF.Gather.RingCount:4                 ; medium number of samples when gathering]]
[2022.04.29-12.30.51:611][  0]LogConfig: Setting CVar [[r.DOF.Scatter.ForegroundCompositing:1    ; additive foreground scattering]]
[2022.04.29-12.30.51:611][  0]LogConfig: Setting CVar [[r.DOF.Scatter.BackgroundCompositing:2    ; additive background scattering]]
[2022.04.29-12.30.51:611][  0]LogConfig: Setting CVar [[r.DOF.Scatter.EnableBokehSettings:1      ; bokeh simulation when scattering]]
[2022.04.29-12.30.51:611][  0]LogConfig: Setting CVar [[r.DOF.Scatter.MaxSpriteRatio:0.1         ; only a maximum of 10% of scattered bokeh]]
[2022.04.29-12.30.51:611][  0]LogConfig: Setting CVar [[r.DOF.Recombine.Quality:1                ; cheap slight out of focus]]
[2022.04.29-12.30.51:611][  0]LogConfig: Setting CVar [[r.DOF.Recombine.EnableBokehSettings:0    ; no bokeh simulation on slight out of focus]]
[2022.04.29-12.30.51:611][  0]LogConfig: Setting CVar [[r.DOF.TemporalAAQuality:1                ; more stable temporal accumulation]]
[2022.04.29-12.30.51:611][  0]LogConfig: Setting CVar [[r.DOF.Kernel.MaxForegroundRadius:0.025]]
[2022.04.29-12.30.51:611][  0]LogConfig: Setting CVar [[r.DOF.Kernel.MaxBackgroundRadius:0.025]]
[2022.04.29-12.30.51:611][  0]LogConfig: Applying CVar settings from Section [TextureQuality@3] File [D:/HoVR-3.0/HovR2/HoVR/Saved/Config/Windows/Scalability.ini]
[2022.04.29-12.30.51:611][  0]LogConfig: Setting CVar [[r.Streaming.MipBias:0]]
[2022.04.29-12.30.51:611][  0]LogConfig: Setting CVar [[r.Streaming.AmortizeCPUToGPUCopy:0]]
[2022.04.29-12.30.51:611][  0]LogConfig: Setting CVar [[r.Streaming.MaxNumTexturesToStreamPerFrame:0]]
[2022.04.29-12.30.51:611][  0]LogConfig: Setting CVar [[r.Streaming.Boost:1]]
[2022.04.29-12.30.51:611][  0]LogConfig: Setting CVar [[r.MaxAnisotropy:8]]
[2022.04.29-12.30.51:611][  0]LogConfig: Setting CVar [[r.VT.MaxAnisotropy:8]]
[2022.04.29-12.30.51:611][  0]LogConfig: Setting CVar [[r.Streaming.LimitPoolSizeToVRAM:0]]
[2022.04.29-12.30.51:611][  0]LogConfig: Setting CVar [[r.Streaming.PoolSize:1000]]
[2022.04.29-12.30.51:611][  0]LogConfig: Setting CVar [[r.Streaming.MaxEffectiveScreenSize:0]]
[2022.04.29-12.30.51:611][  0]LogConfig: Applying CVar settings from Section [EffectsQuality@3] File [D:/HoVR-3.0/HovR2/HoVR/Saved/Config/Windows/Scalability.ini]
[2022.04.29-12.30.51:611][  0]LogConfig: Setting CVar [[r.TranslucencyLightingVolumeDim:64]]
[2022.04.29-12.30.51:611][  0]LogConfig: Setting CVar [[r.RefractionQuality:2]]
[2022.04.29-12.30.51:611][  0]LogConfig: Setting CVar [[r.SSR.Quality:3]]
[2022.04.29-12.30.51:611][  0]LogConfig: Setting CVar [[r.SSR.HalfResSceneColor:0]]
[2022.04.29-12.30.51:611][  0]LogConfig: Setting CVar [[r.SceneColorFormat:4]]
[2022.04.29-12.30.51:611][  0]LogConfig: Setting CVar [[r.DetailMode:2]]
[2022.04.29-12.30.51:611][  0]LogConfig: Setting CVar [[r.TranslucencyVolumeBlur:1]]
[2022.04.29-12.30.51:611][  0]LogConfig: Setting CVar [[r.MaterialQualityLevel:1 ; High quality]]
[2022.04.29-12.30.51:611][  0]LogConfig: Setting CVar [[r.AnisotropicMaterials:1]]
[2022.04.29-12.30.51:611][  0]LogConfig: Setting CVar [[r.SSS.Scale:1]]
[2022.04.29-12.30.51:611][  0]LogConfig: Setting CVar [[r.SSS.SampleSet:2]]
[2022.04.29-12.30.51:611][  0]LogConfig: Setting CVar [[r.SSS.Quality:1]]
[2022.04.29-12.30.51:611][  0]LogConfig: Setting CVar [[r.SSS.HalfRes:0]]
[2022.04.29-12.30.51:611][  0]LogConfig: Setting CVar [[r.SSGI.Quality:3]]
[2022.04.29-12.30.51:611][  0]LogConfig: Setting CVar [[r.EmitterSpawnRateScale:1.0]]
[2022.04.29-12.30.51:611][  0]LogConfig: Setting CVar [[r.ParticleLightQuality:2]]
[2022.04.29-12.30.51:611][  0]LogConfig: Setting CVar [[r.SkyAtmosphere.AerialPerspectiveLUT.FastApplyOnOpaque:1 ; Always have FastSkyLUT 1 in this case to avoid wrong sky]]
[2022.04.29-12.30.51:611][  0]LogConfig: Setting CVar [[r.SkyAtmosphere.AerialPerspectiveLUT.SampleCountMaxPerSlice:4]]
[2022.04.29-12.30.51:611][  0]LogConfig: Setting CVar [[r.SkyAtmosphere.AerialPerspectiveLUT.DepthResolution:16.0]]
[2022.04.29-12.30.51:611][  0]LogConfig: Setting CVar [[r.SkyAtmosphere.FastSkyLUT:1]]
[2022.04.29-12.30.51:611][  0]LogConfig: Setting CVar [[r.SkyAtmosphere.FastSkyLUT.SampleCountMin:4.0]]
[2022.04.29-12.30.51:611][  0]LogConfig: Setting CVar [[r.SkyAtmosphere.FastSkyLUT.SampleCountMax:128.0]]
[2022.04.29-12.30.51:611][  0]LogConfig: Setting CVar [[r.SkyAtmosphere.SampleCountMin:4.0]]
[2022.04.29-12.30.51:611][  0]LogConfig: Setting CVar [[r.SkyAtmosphere.SampleCountMax:128.0]]
[2022.04.29-12.30.51:611][  0]LogConfig: Setting CVar [[r.SkyAtmosphere.TransmittanceLUT.UseSmallFormat:0]]
[2022.04.29-12.30.51:611][  0]LogConfig: Setting CVar [[r.SkyAtmosphere.TransmittanceLUT.SampleCount:10.0]]
[2022.04.29-12.30.51:611][  0]LogConfig: Setting CVar [[r.SkyAtmosphere.MultiScatteringLUT.SampleCount:15.0]]
[2022.04.29-12.30.51:611][  0]LogConfig: Setting CVar [[r.SkyLight.RealTimeReflectionCapture:1]]
[2022.04.29-12.30.51:611][  0]LogConfig: Applying CVar settings from Section [FoliageQuality@3] File [D:/HoVR-3.0/HovR2/HoVR/Saved/Config/Windows/Scalability.ini]
[2022.04.29-12.30.51:611][  0]LogConfig: Setting CVar [[foliage.DensityScale:1.0]]
[2022.04.29-12.30.51:611][  0]LogConfig: Setting CVar [[grass.DensityScale:1.0]]
[2022.04.29-12.30.51:611][  0]LogConfig: Applying CVar settings from Section [ShadingQuality@3] File [D:/HoVR-3.0/HovR2/HoVR/Saved/Config/Windows/Scalability.ini]
[2022.04.29-12.30.51:611][  0]LogConfig: Setting CVar [[r.HairStrands.SkyLighting.IntegrationType:2]]
[2022.04.29-12.30.51:611][  0]LogConfig: Setting CVar [[r.HairStrands.SkyAO.SampleCount:4]]
[2022.04.29-12.30.51:612][  0]LogConfig: Setting CVar [[r.HairStrands.Visibility.MSAA.SamplePerPixel:4]]
[2022.04.29-12.30.51:612][  0]LogInit: Selected Device Profile: [Windows]
[2022.04.29-12.30.51:612][  0]LogInit: Applying CVar settings loaded from the selected device profile: [Windows]
[2022.04.29-12.30.51:612][  0]LogHAL: Display: Platform has ~ 32 GB [34191572992 / 34359738368 / 32], which maps to Largest [LargestMinGB=32, LargerMinGB=12, DefaultMinGB=8, SmallerMinGB=6, SmallestMinGB=0)
[2022.04.29-12.30.51:612][  0]LogInit: Going up to parent DeviceProfile []
[2022.04.29-12.30.51:612][  0]LogConfig: Applying CVar settings from Section [ViewDistanceQuality@3] File [D:/HoVR-3.0/HovR2/HoVR/Saved/Config/Windows/Scalability.ini]
[2022.04.29-12.30.51:612][  0]LogConfig: Setting CVar [[r.SkeletalMeshLODBias:0]]
[2022.04.29-12.30.51:612][  0]LogConfig: Setting CVar [[r.ViewDistanceScale:1.0]]
[2022.04.29-12.30.51:612][  0]LogConfig: Applying CVar settings from Section [AntiAliasingQuality@3] File [D:/HoVR-3.0/HovR2/HoVR/Saved/Config/Windows/Scalability.ini]
[2022.04.29-12.30.51:612][  0]LogConfig: Setting CVar [[r.PostProcessAAQuality:4]]
[2022.04.29-12.30.51:612][  0]LogConfig: Applying CVar settings from Section [ShadowQuality@3] File [D:/HoVR-3.0/HovR2/HoVR/Saved/Config/Windows/Scalability.ini]
[2022.04.29-12.30.51:612][  0]LogConfig: Setting CVar [[r.LightFunctionQuality:1]]
[2022.04.29-12.30.51:612][  0]LogConfig: Setting CVar [[r.ShadowQuality:5]]
[2022.04.29-12.30.51:612][  0]LogConfig: Setting CVar [[r.Shadow.CSM.MaxCascades:10]]
[2022.04.29-12.30.51:612][  0]LogConfig: Setting CVar [[r.Shadow.MaxResolution:2048]]
[2022.04.29-12.30.51:612][  0]LogConfig: Setting CVar [[r.Shadow.MaxCSMResolution:2048]]
[2022.04.29-12.30.51:612][  0]LogConfig: Setting CVar [[r.Shadow.RadiusThreshold:0.01]]
[2022.04.29-12.30.51:612][  0]LogConfig: Setting CVar [[r.Shadow.DistanceScale:1.0]]
[2022.04.29-12.30.51:612][  0]LogConfig: Setting CVar [[r.Shadow.CSM.TransitionScale:1.0]]
[2022.04.29-12.30.51:612][  0]LogConfig: Setting CVar [[r.Shadow.PreShadowResolutionFactor:1.0]]
[2022.04.29-12.30.51:612][  0]LogConfig: Setting CVar [[r.DistanceFieldShadowing:1]]
[2022.04.29-12.30.51:612][  0]LogConfig: Setting CVar [[r.DistanceFieldAO:1]]
[2022.04.29-12.30.51:612][  0]LogConfig: Setting CVar [[r.AOQuality:2]]
[2022.04.29-12.30.51:612][  0]LogConfig: Setting CVar [[r.VolumetricFog:1]]
[2022.04.29-12.30.51:612][  0]LogConfig: Setting CVar [[r.VolumetricFog.GridPixelSize:8]]
[2022.04.29-12.30.51:612][  0]LogConfig: Setting CVar [[r.VolumetricFog.GridSizeZ:128]]
[2022.04.29-12.30.51:612][  0]LogConfig: Setting CVar [[r.VolumetricFog.HistoryMissSupersampleCount:4]]
[2022.04.29-12.30.51:612][  0]LogConfig: Setting CVar [[r.LightMaxDrawDistanceScale:1]]
[2022.04.29-12.30.51:612][  0]LogConfig: Setting CVar [[r.CapsuleShadows:1]]
[2022.04.29-12.30.51:612][  0]LogConfig: Applying CVar settings from Section [PostProcessQuality@3] File [D:/HoVR-3.0/HovR2/HoVR/Saved/Config/Windows/Scalability.ini]
[2022.04.29-12.30.51:612][  0]LogConfig: Setting CVar [[r.MotionBlurQuality:4]]
[2022.04.29-12.30.51:612][  0]LogConfig: Setting CVar [[r.AmbientOcclusionMipLevelFactor:0.4]]
[2022.04.29-12.30.51:612][  0]LogConfig: Setting CVar [[r.AmbientOcclusionMaxQuality:100]]
[2022.04.29-12.30.51:612][  0]LogConfig: Setting CVar [[r.AmbientOcclusionLevels:-1]]
[2022.04.29-12.30.51:612][  0]LogConfig: Setting CVar [[r.AmbientOcclusionRadiusScale:1.0]]
[2022.04.29-12.30.51:612][  0]LogConfig: Setting CVar [[r.DepthOfFieldQuality:2]]
[2022.04.29-12.30.51:612][  0]LogConfig: Setting CVar [[r.RenderTargetPoolMin:400]]
[2022.04.29-12.30.51:612][  0]LogConfig: Setting CVar [[r.LensFlareQuality:2]]
[2022.04.29-12.30.51:612][  0]LogConfig: Setting CVar [[r.SceneColorFringeQuality:1]]
[2022.04.29-12.30.51:612][  0]LogConfig: Setting CVar [[r.EyeAdaptationQuality:2]]
[2022.04.29-12.30.51:612][  0]LogConfig: Setting CVar [[r.BloomQuality:5]]
[2022.04.29-12.30.51:612][  0]LogConfig: Setting CVar [[r.FastBlurThreshold:100]]
[2022.04.29-12.30.51:612][  0]LogConfig: Setting CVar [[r.Upscale.Quality:3]]
[2022.04.29-12.30.51:612][  0]LogConfig: Setting CVar [[r.Tonemapper.GrainQuantization:1]]
[2022.04.29-12.30.51:612][  0]LogConfig: Setting CVar [[r.LightShaftQuality:1]]
[2022.04.29-12.30.51:612][  0]LogConfig: Setting CVar [[r.Filter.SizeScale:1]]
[2022.04.29-12.30.51:612][  0]LogConfig: Setting CVar [[r.Tonemapper.Quality:5]]
[2022.04.29-12.30.51:612][  0]LogConfig: Setting CVar [[r.DOF.Gather.AccumulatorQuality:1        ; higher gathering accumulator quality]]
[2022.04.29-12.30.51:612][  0]LogConfig: Setting CVar [[r.DOF.Gather.PostfilterMethod:1          ; Median3x3 postfilering method]]
[2022.04.29-12.30.51:612][  0]LogConfig: Setting CVar [[r.DOF.Gather.EnableBokehSettings:0       ; no bokeh simulation when gathering]]
[2022.04.29-12.30.51:612][  0]LogConfig: Setting CVar [[r.DOF.Gather.RingCount:4                 ; medium number of samples when gathering]]
[2022.04.29-12.30.51:612][  0]LogConfig: Setting CVar [[r.DOF.Scatter.ForegroundCompositing:1    ; additive foreground scattering]]
[2022.04.29-12.30.51:612][  0]LogConfig: Setting CVar [[r.DOF.Scatter.BackgroundCompositing:2    ; additive background scattering]]
[2022.04.29-12.30.51:612][  0]LogConfig: Setting CVar [[r.DOF.Scatter.EnableBokehSettings:1      ; bokeh simulation when scattering]]
[2022.04.29-12.30.51:612][  0]LogConfig: Setting CVar [[r.DOF.Scatter.MaxSpriteRatio:0.1         ; only a maximum of 10% of scattered bokeh]]
[2022.04.29-12.30.51:612][  0]LogConfig: Setting CVar [[r.DOF.Recombine.Quality:1                ; cheap slight out of focus]]
[2022.04.29-12.30.51:612][  0]LogConfig: Setting CVar [[r.DOF.Recombine.EnableBokehSettings:0    ; no bokeh simulation on slight out of focus]]
[2022.04.29-12.30.51:612][  0]LogConfig: Setting CVar [[r.DOF.TemporalAAQuality:1                ; more stable temporal accumulation]]
[2022.04.29-12.30.51:612][  0]LogConfig: Setting CVar [[r.DOF.Kernel.MaxForegroundRadius:0.025]]
[2022.04.29-12.30.51:612][  0]LogConfig: Setting CVar [[r.DOF.Kernel.MaxBackgroundRadius:0.025]]
[2022.04.29-12.30.51:612][  0]LogConfig: Applying CVar settings from Section [TextureQuality@3] File [D:/HoVR-3.0/HovR2/HoVR/Saved/Config/Windows/Scalability.ini]
[2022.04.29-12.30.51:612][  0]LogConfig: Setting CVar [[r.Streaming.MipBias:0]]
[2022.04.29-12.30.51:612][  0]LogConfig: Setting CVar [[r.Streaming.AmortizeCPUToGPUCopy:0]]
[2022.04.29-12.30.51:613][  0]LogConfig: Setting CVar [[r.Streaming.MaxNumTexturesToStreamPerFrame:0]]
[2022.04.29-12.30.51:613][  0]LogConfig: Setting CVar [[r.Streaming.Boost:1]]
[2022.04.29-12.30.51:613][  0]LogConfig: Setting CVar [[r.MaxAnisotropy:8]]
[2022.04.29-12.30.51:613][  0]LogConfig: Setting CVar [[r.VT.MaxAnisotropy:8]]
[2022.04.29-12.30.51:613][  0]LogConfig: Setting CVar [[r.Streaming.LimitPoolSizeToVRAM:0]]
[2022.04.29-12.30.51:613][  0]LogConfig: Setting CVar [[r.Streaming.PoolSize:1000]]
[2022.04.29-12.30.51:613][  0]LogConfig: Setting CVar [[r.Streaming.MaxEffectiveScreenSize:0]]
[2022.04.29-12.30.51:613][  0]LogConfig: Applying CVar settings from Section [EffectsQuality@3] File [D:/HoVR-3.0/HovR2/HoVR/Saved/Config/Windows/Scalability.ini]
[2022.04.29-12.30.51:613][  0]LogConfig: Setting CVar [[r.TranslucencyLightingVolumeDim:64]]
[2022.04.29-12.30.51:613][  0]LogConfig: Setting CVar [[r.RefractionQuality:2]]
[2022.04.29-12.30.51:613][  0]LogConfig: Setting CVar [[r.SSR.Quality:3]]
[2022.04.29-12.30.51:613][  0]LogConfig: Setting CVar [[r.SSR.HalfResSceneColor:0]]
[2022.04.29-12.30.51:613][  0]LogConfig: Setting CVar [[r.SceneColorFormat:4]]
[2022.04.29-12.30.51:613][  0]LogConfig: Setting CVar [[r.DetailMode:2]]
[2022.04.29-12.30.51:613][  0]LogConfig: Setting CVar [[r.TranslucencyVolumeBlur:1]]
[2022.04.29-12.30.51:613][  0]LogConfig: Setting CVar [[r.MaterialQualityLevel:1 ; High quality]]
[2022.04.29-12.30.51:613][  0]LogConfig: Setting CVar [[r.AnisotropicMaterials:1]]
[2022.04.29-12.30.51:613][  0]LogConfig: Setting CVar [[r.SSS.Scale:1]]
[2022.04.29-12.30.51:613][  0]LogConfig: Setting CVar [[r.SSS.SampleSet:2]]
[2022.04.29-12.30.51:613][  0]LogConfig: Setting CVar [[r.SSS.Quality:1]]
[2022.04.29-12.30.51:613][  0]LogConfig: Setting CVar [[r.SSS.HalfRes:0]]
[2022.04.29-12.30.51:613][  0]LogConfig: Setting CVar [[r.SSGI.Quality:3]]
[2022.04.29-12.30.51:613][  0]LogConfig: Setting CVar [[r.EmitterSpawnRateScale:1.0]]
[2022.04.29-12.30.51:613][  0]LogConfig: Setting CVar [[r.ParticleLightQuality:2]]
[2022.04.29-12.30.51:613][  0]LogConfig: Setting CVar [[r.SkyAtmosphere.AerialPerspectiveLUT.FastApplyOnOpaque:1 ; Always have FastSkyLUT 1 in this case to avoid wrong sky]]
[2022.04.29-12.30.51:613][  0]LogConfig: Setting CVar [[r.SkyAtmosphere.AerialPerspectiveLUT.SampleCountMaxPerSlice:4]]
[2022.04.29-12.30.51:613][  0]LogConfig: Setting CVar [[r.SkyAtmosphere.AerialPerspectiveLUT.DepthResolution:16.0]]
[2022.04.29-12.30.51:613][  0]LogConfig: Setting CVar [[r.SkyAtmosphere.FastSkyLUT:1]]
[2022.04.29-12.30.51:613][  0]LogConfig: Setting CVar [[r.SkyAtmosphere.FastSkyLUT.SampleCountMin:4.0]]
[2022.04.29-12.30.51:613][  0]LogConfig: Setting CVar [[r.SkyAtmosphere.FastSkyLUT.SampleCountMax:128.0]]
[2022.04.29-12.30.51:613][  0]LogConfig: Setting CVar [[r.SkyAtmosphere.SampleCountMin:4.0]]
[2022.04.29-12.30.51:613][  0]LogConfig: Setting CVar [[r.SkyAtmosphere.SampleCountMax:128.0]]
[2022.04.29-12.30.51:613][  0]LogConfig: Setting CVar [[r.SkyAtmosphere.TransmittanceLUT.UseSmallFormat:0]]
[2022.04.29-12.30.51:613][  0]LogConfig: Setting CVar [[r.SkyAtmosphere.TransmittanceLUT.SampleCount:10.0]]
[2022.04.29-12.30.51:613][  0]LogConfig: Setting CVar [[r.SkyAtmosphere.MultiScatteringLUT.SampleCount:15.0]]
[2022.04.29-12.30.51:613][  0]LogConfig: Setting CVar [[r.SkyLight.RealTimeReflectionCapture:1]]
[2022.04.29-12.30.51:613][  0]LogConfig: Applying CVar settings from Section [FoliageQuality@3] File [D:/HoVR-3.0/HovR2/HoVR/Saved/Config/Windows/Scalability.ini]
[2022.04.29-12.30.51:613][  0]LogConfig: Setting CVar [[foliage.DensityScale:1.0]]
[2022.04.29-12.30.51:613][  0]LogConfig: Setting CVar [[grass.DensityScale:1.0]]
[2022.04.29-12.30.51:613][  0]LogConfig: Applying CVar settings from Section [ShadingQuality@3] File [D:/HoVR-3.0/HovR2/HoVR/Saved/Config/Windows/Scalability.ini]
[2022.04.29-12.30.51:613][  0]LogConfig: Setting CVar [[r.HairStrands.SkyLighting.IntegrationType:2]]
[2022.04.29-12.30.51:613][  0]LogConfig: Setting CVar [[r.HairStrands.SkyAO.SampleCount:4]]
[2022.04.29-12.30.51:613][  0]LogConfig: Setting CVar [[r.HairStrands.Visibility.MSAA.SamplePerPixel:4]]
[2022.04.29-12.30.51:613][  0]LogConfig: Applying CVar settings from Section [Startup] File [../../../Engine/Config/ConsoleVariables.ini]
[2022.04.29-12.30.51:615][  0]LogConfig: Setting CVar [[net.UseAdaptiveNetUpdateFrequency:0]]
[2022.04.29-12.30.51:615][  0]LogConfig: Setting CVar [[p.chaos.AllowCreatePhysxBodies:1]]
[2022.04.29-12.30.51:615][  0]LogConfig: Setting CVar [[fx.SkipVectorVMBackendOptimizations:1]]
[2022.04.29-12.30.51:615][  0]LogConfig: Applying CVar settings from Section [ConsoleVariables] File [D:/HoVR-3.0/HovR2/HoVR/Saved/Config/Windows/Engine.ini]
[2022.04.29-12.30.51:615][  0]LogConfig: Applying CVar settings from Section [ConsoleVariables] File [D:/HoVR-3.0/HovR2/HoVR/Saved/Config/Windows/Editor.ini]
[2022.04.29-12.30.51:615][  0]LogInit: Computer: DESKTOP-KUB2QSJ
[2022.04.29-12.30.51:615][  0]LogInit: User: Tank
[2022.04.29-12.30.51:615][  0]LogInit: CPU Page size=4096, Cores=4
[2022.04.29-12.30.51:615][  0]LogInit: High frequency timer resolution =10.000000 MHz
[2022.04.29-12.30.51:615][  0]LogMemory: Memory total: Physical=31.8GB (32GB approx)
[2022.04.29-12.30.51:615][  0]LogMemory: Platform Memory Stats for Windows
[2022.04.29-12.30.51:615][  0]LogMemory: Process Physical Memory: 144.34 MB used, 144.34 MB peak
[2022.04.29-12.30.51:615][  0]LogMemory: Process Virtual Memory: 128.09 MB used, 128.09 MB peak
[2022.04.29-12.30.51:615][  0]LogMemory: Physical Memory: 12339.54 MB used,  20268.08 MB free, 32607.62 MB total
[2022.04.29-12.30.51:615][  0]LogMemory: Virtual Memory: 134197488.00 MB used,  20236.60 MB free, 134217728.00 MB total
[2022.04.29-12.30.51:625][  0]LogWindows: WindowsPlatformFeatures enabled
[2022.04.29-12.30.51:665][  0]LogInit: Physics initialised using underlying interface: PhysX
[2022.04.29-12.30.51:665][  0]LogInit: Using OS detected language (en-GB).
[2022.04.29-12.30.51:665][  0]LogInit: Using OS detected locale (en-GB).
[2022.04.29-12.30.51:667][  0]LogTextLocalizationManager: No specific localization for 'en-GB' exists, so the 'en' localization will be used.
[2022.04.29-12.30.51:936][  0]LogWindowsTextInputMethodSystem: Display: IME system deactivated.
[2022.04.29-12.30.51:987][  0]LogSlate: New Slate User Created.  User Index 0, Is Virtual User: 0
[2022.04.29-12.30.51:987][  0]LogSlate: Slate User Registered.  User Index 0, Is Virtual User: 0
[2022.04.29-12.30.52:019][  0]LogD3D11RHI: Loaded GFSDK_Aftermath_Lib.x64.dll
[2022.04.29-12.30.52:067][  0]LogHMD: Failed to initialize OpenVR with code 108
[2022.04.29-12.30.52:068][  0]LogD3D11RHI: D3D11 min allowed feature level: 11_0
[2022.04.29-12.30.52:068][  0]LogD3D11RHI: D3D11 max allowed feature level: 11_0
[2022.04.29-12.30.52:068][  0]LogD3D11RHI: D3D11 adapters:
[2022.04.29-12.30.52:155][  0]LogD3D11RHI:    0. 'NVIDIA GeForce GTX 980' (Feature Level 11_0)
[2022.04.29-12.30.52:155][  0]LogD3D11RHI:       4053/0/16303 MB DedicatedVideo/DedicatedSystem/SharedSystem, Outputs:1, VendorId:0x10de
[2022.04.29-12.30.52:160][  0]LogD3D11RHI:    1. 'Intel(R) HD Graphics 4600' (Feature Level 11_0)
[2022.04.29-12.30.52:160][  0]LogD3D11RHI:       112/0/2048 MB DedicatedVideo/DedicatedSystem/SharedSystem, Outputs:1, VendorId:0x8086
[2022.04.29-12.30.52:162][  0]LogD3D11RHI:    2. 'Microsoft Basic Render Driver' (Feature Level 11_0)
[2022.04.29-12.30.52:162][  0]LogD3D11RHI:       0/0/16303 MB DedicatedVideo/DedicatedSystem/SharedSystem, Outputs:0, VendorId:0x1414
[2022.04.29-12.30.52:162][  0]LogD3D11RHI: Chosen D3D11 Adapter:
[2022.04.29-12.30.52:162][  0]LogD3D11RHI:     Description : NVIDIA GeForce GTX 980
[2022.04.29-12.30.52:162][  0]LogD3D11RHI:     VendorId    : 10de
[2022.04.29-12.30.52:162][  0]LogD3D11RHI:     DeviceId    : 13c0
[2022.04.29-12.30.52:162][  0]LogD3D11RHI:     SubSysId    : 85181043
[2022.04.29-12.30.52:162][  0]LogD3D11RHI:     Revision    : 00a1
[2022.04.29-12.30.52:162][  0]LogD3D11RHI:     DedicatedVideoMemory : 4250271744 bytes
[2022.04.29-12.30.52:162][  0]LogD3D11RHI:     DedicatedSystemMemory : 0 bytes
[2022.04.29-12.30.52:162][  0]LogD3D11RHI:     SharedSystemMemory : 17095786496 bytes
[2022.04.29-12.30.52:162][  0]LogD3D11RHI:     AdapterLuid : 0 43545
[2022.04.29-12.30.52:166][  0]LogD3D11RHI: Creating new Direct3DDevice
[2022.04.29-12.30.52:166][  0]LogD3D11RHI:     GPU DeviceId: 0x13c0 (for the marketing name, search the web for "GPU Device Id")
[2022.04.29-12.30.52:166][  0]LogWindows: EnumDisplayDevices:
[2022.04.29-12.30.52:166][  0]LogWindows:    0. 'NVIDIA GeForce GTX 980' (P:1 D:1)
[2022.04.29-12.30.52:166][  0]LogWindows:    1. 'NVIDIA GeForce GTX 980' (P:0 D:0)
[2022.04.29-12.30.52:166][  0]LogWindows:    2. 'NVIDIA GeForce GTX 980' (P:0 D:0)
[2022.04.29-12.30.52:166][  0]LogWindows:    3. 'NVIDIA GeForce GTX 980' (P:0 D:0)
[2022.04.29-12.30.52:167][  0]LogWindows:    4. 'Intel(R) HD Graphics 4600' (P:0 D:1)
[2022.04.29-12.30.52:167][  0]LogWindows:    5. 'Intel(R) HD Graphics 4600' (P:0 D:0)
[2022.04.29-12.30.52:167][  0]LogWindows:    6. 'Intel(R) HD Graphics 4600' (P:0 D:0)
[2022.04.29-12.30.52:167][  0]LogWindows: DebugString: PrimaryIsNotTheChoosenAdapter PrimaryIsNotTheChoosenAdapter PrimaryIsNotTheChoosenAdapter FoundDriverCount:4 
[2022.04.29-12.30.52:167][  0]LogD3D11RHI:     Adapter Name: NVIDIA GeForce GTX 980
[2022.04.29-12.30.52:167][  0]LogD3D11RHI:   Driver Version: 471.11 (internal:30.0.14.7111, unified:471.11)
[2022.04.29-12.30.52:167][  0]LogD3D11RHI:      Driver Date: 6-21-2021
[2022.04.29-12.30.52:167][  0]LogRHI: Texture pool is 2837 MB (70% of 4053 MB)
[2022.04.29-12.30.52:167][  0]LogD3D11RHI: Creating D3DDevice using adapter:
[2022.04.29-12.30.52:167][  0]LogD3D11RHI:     Description : NVIDIA GeForce GTX 980
[2022.04.29-12.30.52:167][  0]LogD3D11RHI:     VendorId    : 10de
[2022.04.29-12.30.52:167][  0]LogD3D11RHI:     DeviceId    : 13c0
[2022.04.29-12.30.52:167][  0]LogD3D11RHI:     SubSysId    : 85181043
[2022.04.29-12.30.52:167][  0]LogD3D11RHI:     Revision    : 00a1
[2022.04.29-12.30.52:167][  0]LogD3D11RHI:     DedicatedVideoMemory : 4250271744 bytes
[2022.04.29-12.30.52:167][  0]LogD3D11RHI:     DedicatedSystemMemory : 0 bytes
[2022.04.29-12.30.52:167][  0]LogD3D11RHI:     SharedSystemMemory : 17095786496 bytes
[2022.04.29-12.30.52:167][  0]LogD3D11RHI:     AdapterLuid : 0 43545
[2022.04.29-12.30.52:232][  0]LogD3D11RHI: RHI has support for 64 bit atomics
[2022.04.29-12.30.52:232][  0]LogD3D11RHI: Async texture creation enabled
[2022.04.29-12.30.52:232][  0]LogD3D11RHI: Array index from any shader is supported
[2022.04.29-12.30.52:248][  0]LogD3D11RHI: GPU Timing Frequency: 1000.000000 (Debug: 2 1)
[2022.04.29-12.30.52:274][  0]LogRHI: GeForceNow SDK initialized: 1
[2022.04.29-12.30.52:540][  0]LogTargetPlatformManager: Display: Loaded TargetPlatform 'WindowsNoEditor'
[2022.04.29-12.30.52:544][  0]LogTargetPlatformManager: Display: Loaded TargetPlatform 'Windows'
[2022.04.29-12.30.52:548][  0]LogTargetPlatformManager: Display: Loaded TargetPlatform 'WindowsClient'
[2022.04.29-12.30.52:552][  0]LogTargetPlatformManager: Display: Loaded TargetPlatform 'WindowsServer'
[2022.04.29-12.30.52:552][  0]LogTargetPlatformManager: Display: Building Assets For Windows
[2022.04.29-12.30.52:556][  0]LogAudioDebug: Display: Lib vorbis DLL was dynamically loaded.
[2022.04.29-12.30.52:580][  0]LogTextureFormatOodle: Display: Oodle Texture 2.9.0 init RDO Off
[2022.04.29-12.30.52:609][  0]LogRendererCore: Ray tracing is disabled. Reason: r.RayTracing=0.
[2022.04.29-12.30.52:609][  0]LogShaderCompilers: Guid format shader working directory is 22 characters bigger than the processId version (D:/HoVR-3.0/HovR2/HoVR/Intermediate/Shaders/WorkingDirectory/12020/).
[2022.04.29-12.30.52:609][  0]LogShaderCompilers: Cleaned the shader compiler working directory 'C:/Users/Tank/AppData/Local/Temp/UnrealShaderWorkingDir/E061977545A4B5E3FC1F76A854C789B6/'.
[2022.04.29-12.30.52:609][  0]LogXGEController: Cannot use XGE Controller as Incredibuild is not installed on this machine.
[2022.04.29-12.30.52:609][  0]LogShaderCompilers: Cannot use XGE Shader Compiler as Incredibuild is not installed on this machine.
[2022.04.29-12.30.52:609][  0]LogShaderCompilers: Display: Using Local Shader Compiler.
[2022.04.29-12.30.53:320][  0]LogDerivedDataCache: Display: Max Cache Size: 512 MB
[2022.04.29-12.30.53:372][  0]LogDerivedDataCache: Loaded boot cache 0.05s 94MB C:/Users/Tank/AppData/Local/UnrealEngine/4.27/DerivedDataCache/Boot.ddc.
[2022.04.29-12.30.53:372][  0]LogDerivedDataCache: Display: Loaded Boot cache: C:/Users/Tank/AppData/Local/UnrealEngine/4.27/DerivedDataCache/Boot.ddc
[2022.04.29-12.30.53:372][  0]LogDerivedDataCache: FDerivedDataBackendGraph:  Pak pak cache file D:/HoVR-3.0/HovR2/HoVR/DerivedDataCache/DDC.ddp not found, will not use a pak cache.
[2022.04.29-12.30.53:372][  0]LogDerivedDataCache: Unable to find inner node Pak for hierarchical cache Hierarchy.
[2022.04.29-12.30.53:372][  0]LogDerivedDataCache: FDerivedDataBackendGraph:  CompressedPak pak cache file D:/HoVR-3.0/HovR2/HoVR/DerivedDataCache/Compressed.ddp not found, will not use a pak cache.
[2022.04.29-12.30.53:372][  0]LogDerivedDataCache: Unable to find inner node CompressedPak for hierarchical cache Hierarchy.
[2022.04.29-12.30.53:387][  0]LogDerivedDataCache: Display: Pak cache opened for reading ../../../Engine/DerivedDataCache/Compressed.ddp.
[2022.04.29-12.30.53:387][  0]LogDerivedDataCache: FDerivedDataBackendGraph:  EnterprisePak pak cache file ../../../Enterprise/DerivedDataCache/Compressed.ddp not found, will not use a pak cache.
[2022.04.29-12.30.53:387][  0]LogDerivedDataCache: Unable to find inner node EnterprisePak for hierarchical cache Hierarchy.
[2022.04.29-12.30.53:395][  0]LogDerivedDataCache: Speed tests for C:/Users/Tank/AppData/Local/UnrealEngine/Common/DerivedDataCache took 0.01 seconds
[2022.04.29-12.30.53:395][  0]LogDerivedDataCache: Display: Performance to C:/Users/Tank/AppData/Local/UnrealEngine/Common/DerivedDataCache: Latency=0.02ms. RandomReadSpeed=342.51MBs, RandomWriteSpeed=200.07MBs. Assigned SpeedClass 'Local'
[2022.04.29-12.30.53:395][  0]LogDerivedDataCache: Using Local data cache path C:/Users/Tank/AppData/Local/UnrealEngine/Common/DerivedDataCache: Writable
[2022.04.29-12.30.53:396][  0]LogDerivedDataCache: Shared data cache path not found in *engine.ini, will not use an Shared cache.
[2022.04.29-12.30.53:396][  0]LogDerivedDataCache: Unable to find inner node Shared for hierarchical cache Hierarchy.
[2022.04.29-12.30.53:431][  0]LogSlate: Using FreeType 2.10.0
[2022.04.29-12.30.53:431][  0]LogSlate: SlateFontServices - WITH_FREETYPE: 1, WITH_HARFBUZZ: 1
[2022.04.29-12.30.53:509][  0]LogInit: Using OS detected language (en-GB).
[2022.04.29-12.30.53:509][  0]LogInit: Using OS detected locale (en-GB).
[2022.04.29-12.30.53:509][  0]LogTextLocalizationManager: No localization for 'en-GB' exists, so 'en' will be used for the language.
[2022.04.29-12.30.53:509][  0]LogTextLocalizationManager: No localization for 'en-GB' exists, so 'en' will be used for the locale.
[2022.04.29-12.30.53:509][  0]LogSlate: FontCache flush requested. Reason: Culture for localization was changed
[2022.04.29-12.30.53:509][  0]LogSlate: FontCache flush requested. Reason: Culture for localization was changed
[2022.04.29-12.30.53:512][  0]LogTextLocalizationManager: Compacting localization data took   0.00ms
[2022.04.29-12.30.53:512][  0]LogAssetRegistry: FAssetRegistry took 0.0021 seconds to start up
[2022.04.29-12.30.53:677][  0]LogPackageLocalizationCache: Processed 27 localized package path(s) for 1 prioritized culture(s) in 0.000982 seconds
[2022.04.29-12.30.53:734][  0]LogInit: Selected Device Profile: [Windows]
[2022.04.29-12.30.53:734][  0]LogInit: Active device profile: [000001D24017EC00][000001D2385C8C40 49] Windows
[2022.04.29-12.30.53:734][  0]LogInit: Profiles: [000001D24017EC00][000001D2385C8C40 49] Windows, [000001D240115800][000001D2385D0DC0 49] WindowsNoEditor, [000001D24017E400][000001D2385D4F40 49] WindowsServer, [000001D240115F00][000001D2387CD0C0 49] WindowsClient, [000001D24017DE00][000001D2387D1240 49] IOS, [000001D240116400][000001D2385CD380 49] iPadAir, [000001D24017D900][000001D2387D54C0 49] iPadAir2, [000001D2400C1D00][000001D2387DD700 49] IPadPro, [000001D2400C1E00][000001D2387D9740 49] iPadAir3, [000001D240115C00][000001D2387E58C0 49] iPadAir4, [000001D2400C2C00][000001D2387E9A40 49] iPadMini2, [000001D240114D00][000001D2387EDBC0 49] iPadMini3, [000001D2400C3800][000001D2387F01C0 49] iPadMini4, [000001D240117A00][000001D2387F4340 49] iPadMini5, [000001D2400CD300][000001D2387FC600 49] iPhone6, [000001D2400CD400][000001D2387F8640 49] iPodTouch6, [000001D24017E500][000001D238804900 49] iPhone7, [000001D24017F600][000001D238800940 49] iPodTouch7, [000001D2400C0100][000001D238808AC0 49] iPhone5S, [000001D24017F400][000001D23880CC40 49] iPhone6Plus, [000001D2400C3900][000001D238810DC0 49] iPhone6S, [000001D2400CC400][000001D238814F40 49] iPhone6SPlus, [000001D24017F500][000001D238A6F0C0 49] iPhone7Plus, [000001D2400CC200][000001D238A73240 49] iPhoneSE, [000001D2400C0200][000001D238A773C0 49] iPhone8, [000001D2400CD500][000001D2387E1500 49] iPhone8Plus, [000001D2400C3A00][000001D238A7B640 49] iPhoneX, [000001D2400CC700][000001D238A7F780 49] iPhoneXS, [000001D2400C3100][000001D238A838C0 49] iPhoneXSMax, [000001D2400CD900][000001D238A8BA40 49] iPhoneXR, [000001D2400C3D00][000001D238A8FBC0 49] iPhone11, [000001D2400CCA00][000001D238A921C0 49] iPhone11Pro, [000001D2400C2E00][000001D238A96340 49] iPhone11ProMax, [000001D2400CDC00][000001D238A9A4C0 49] iPhoneSE2, [000001D2400C1C00][000001D238A9E640 49] iPhone12Mini, [000001D2400CD100][000001D238AA27C0 49] iPhone12, [000001D2400C2200][000001D238AA6940 49] iPhone12Pro, [000001D2400CE700][000001D238AAAAC0 49] iPhone12ProMax, [000001D2400C1600][000001D238AAEC40 49] iPadPro105, [000001D2400CFD00][000001D238AB2DC0 49] iPadPro129, [000001D2400C2000][000001D238AB6F40 49] iPadPro97, [000001D2400CE500][000001D238ABB0C0 49] iPadPro2_129, [000001D2400C1200][000001D238ABF240 49] iPad5, [000001D2400CF900][000001D238AC33C0 49] iPad6, [000001D2400C2700][000001D238AC7540 49] iPad7, [000001D2400CD000][000001D238ACB6C0 49] iPad8, [000001D2400C3700][000001D238A87800 49] iPadPro11, [000001D2400CDF00][000001D238ACF940 49] iPadPro2_11, [000001D2400C2B00][000001D238AD3A80 49] iPadPro3_129, [000001D2400CCD00][000001D238ADBC00 49] iPadPro4_129, [000001D2400C0E00][000001D238ADE200 49] AppleTV, [000001D2400CD600][000001D238AE2380 49] AppleTV4K, [000001D2400C0800][000001D238AE6500 49] TVOS, [000001D2400CEE00][000001D238AEA680 49] Mac, [000001D2400C3000][000001D238AEE800 49] MacClient, [000001D2400CF400][000001D238AF2980 49] MacNoEditor, [000001D2400C1800][000001D238AF6B00 49] MacServer, [000001D2400CFB00][000001D238AFAC80 49] Linux, [000001D2400C0B00][000001D2403CEE00 49] LinuxAArch64, [000001D2400CF100][000001D2403D2F80 49] LinuxNoEditor, [000001D2400C0600][000001D2403D7100 49] LinuxAArch64NoEditor, [000001D2400CF500][000001D2403DB280 49] LinuxClient, [000001D2400C0900][000001D2403DF400 49] LinuxAArch64Client, [000001D2400CEB00][000001D2403E3580 49] LinuxServer, [000001D2400C3600][000001D2403E7700 49] LinuxAArch64Server, [000001D2400CCC00][000001D2403EB880 49] Android, [000001D2400C2100][000001D238AD79C0 49] Android_Low, [000001D2400CD700][000001D2403EFB00 49] Android_Mid, [000001D2400C3E00][000001D2403F20C0 49] Android_High, [000001D2400CCB00][000001D2403FA240 49] Android_Default, [000001D2400C0300][000001D2403FE3C0 49] Android_Adreno4xx, [000001D2400CE100][000001D240402540 49] Android_Adreno5xx_Low, [000001D2400C1A00][000001D2404066C0 49] Android_Adreno5xx, [000001D2400CDB00][000001D24040A840 49] Android_Adreno6xx, [000001D2400C1500][000001D24040E9C0 49] Android_Adreno6xx_Vulkan, [000001D2400CF600][000001D240412B40 49] Android_Mali_T6xx, [000001D2400C0500][000001D240416CC0 49] Android_Mali_T7xx, [000001D2400CFA00][000001D24041AE40 49] Android_Mali_T8xx, [000001D2400C2900][000001D24041EFC0 49] Android_Mali_G71, [000001D2400CFC00][000001D240423140 49] Android_Mali_G72, [000001D240115E00][000001D2404272C0 49] Android_Mali_G72_Vulkan, [000001D24017DB00][000001D24042B440 49] Android_Mali_G76, [000001D240116300][000001D24042F5C0 49] Android_Mali_G76_Vulkan, [000001D24017D000][000001D240433740 49] Android_Mali_G77, [000001D240116E00][000001D2404378C0 49] Android_Mali_G77_Vulkan, [000001D24017E700][000001D24043BA40 49] Android_Mali_G78, [000001D240116C00][000001D2403F7B80 49] Android_Mali_G78_Vulkan, [000001D24017EA00][000001D24043E140 49] Android_Mali_G710, [000001D240115600][000001D240442280 49] Android_Mali_G710_Vulkan, [000001D24017F300][000001D2404463C0 49] Android_Vulkan_SM5, [000001D240116100][000001D24044E540 49] Android_PowerVR_G6xxx, [000001D24017E600][000001D2404526C0 49] Android_PowerVR_GT7xxx, [000001D240114B00][000001D240456840 49] Android_PowerVR_GE8xxx, [000001D24017F200][000001D24045A9C0 49] Android_PowerVR_GM9xxx, [000001D240117500][000001D24045EB40 49] Android_PowerVR_GM9xxx_Vulkan, [000001D24017DA00][000001D240462CC0 49] Android_TegraK1, [000001D240116900][000001D240466E40 49] Android_Unknown_Vulkan, [000001D24017D400][000001D24046AFC0 49] Lumin, [000001D240114200][000001D24046F140 49] Lumin_Desktop, [000001D24017C200][000001D2404732C0 49] HoloLens, 
[2022.04.29-12.30.53:766][  0]LogMeshReduction: Using QuadricMeshReduction for automatic static mesh reduction
[2022.04.29-12.30.53:766][  0]LogMeshReduction: Using SimplygonMeshReduction for automatic skeletal mesh reduction
[2022.04.29-12.30.53:766][  0]LogMeshReduction: Using ProxyLODMeshReduction for automatic mesh merging
[2022.04.29-12.30.53:766][  0]LogMeshReduction: No distributed automatic mesh merging module available
[2022.04.29-12.30.53:766][  0]LogMeshMerging: No distributed automatic mesh merging module available
[2022.04.29-12.30.53:880][  0]LogNetVersion: HoVR 1.0.0, NetCL: 17155196, EngineNetVer: 17, GameNetVer: 0 (Checksum: 269602150)
[2022.04.29-12.30.54:090][  0]LogTexture: Default maximum texture size for cubemaps generated from long-lat sources has been changed from 512 to unlimited. In order to preserve old behaiour for '/Engine/MapTemplates/Sky/DaylightAmbientCubemap.DaylightAmbientCubemap', its maximum texture size has been explicitly set to 512.
[2022.04.29-12.30.54:140][  0]LogHMD: PokeAHoleMaterial loaded successfully
[2022.04.29-12.30.54:220][  0]LogMoviePlayer: Initializing movie player
[2022.04.29-12.30.54:328][  0]LogNiagaraDebuggerClient: Niagara Debugger Client Initialized | Session: DE1DF0BD4457D931ACBD0F943B4BB8E4 | Instance: 6A9567B643FA8532BAFFCABFC5CF9344 (DESKTOP-KUB2QSJ-12020).
[2022.04.29-12.30.54:345][  0]LogCollectionManager: Loaded 0 collections in 0.001533 seconds
[2022.04.29-12.30.54:347][  0]LogFileCache: Scanning file cache for directory 'D:/HoVR-3.0/HovR2/HoVR/Saved/Collections/' took 0.00s
[2022.04.29-12.30.54:347][  0]LogFileCache: Scanning file cache for directory 'D:/HoVR-3.0/HovR2/HoVR/Content/Developers/Tank/Collections/' took 0.00s
[2022.04.29-12.30.54:347][  0]LogFileCache: Scanning file cache for directory 'D:/HoVR-3.0/HovR2/HoVR/Content/Collections/' took 0.00s
[2022.04.29-12.30.54:347][  0]LogCollectionManager: Fixed up redirectors for 0 collections in 0.000002 seconds (updated 0 objects)
[2022.04.29-12.30.54:430][  0]LogTcpMessaging: Initializing TcpMessaging bridge
[2022.04.29-12.30.54:433][  0]LogUdpMessaging: Initializing bridge on interface 0.0.0.0:0 to multicast group 230.0.0.1:6666.
[2022.04.29-12.30.54:465][  0]LogPython: Using Python 3.7.7
[2022.04.29-12.30.54:915][  0]SourceControl: Source control is disabled
[2022.04.29-12.30.54:915][  0]SourceControl: Source control is disabled
[2022.04.29-12.30.54:917][  0]SourceControl: Source control is disabled
[2022.04.29-12.30.54:921][  0]LogUProjectInfo: Found projects:
[2022.04.29-12.30.54:957][  0]LogAndroidPermission: UAndroidPermissionCallbackProxy::GetInstance
[2022.04.29-12.30.54:972][  0]LogAudioCaptureCore: Display: No Audio Capture implementations found. Audio input will be silent.
[2022.04.29-12.30.54:972][  0]LogAudioCaptureCore: Display: No Audio Capture implementations found. Audio input will be silent.
[2022.04.29-12.30.55:073][  0]LogOpenImageDenoise: OIDN starting up
[2022.04.29-12.30.55:089][  0]LogOcInput: OculusInput pre-init called
[2022.04.29-12.30.55:096][  0]LogUObjectArray: 22132 objects as part of root set at end of initial load.
[2022.04.29-12.30.55:096][  0]LogUObjectAllocator: 5978592 out of 0 bytes used by permanent object pool.
[2022.04.29-12.30.55:097][  0]LogUObjectArray: CloseDisregardForGC: 0/0 objects in disregard for GC pool
[2022.04.29-12.30.55:134][  0]LogClass: Display: IntProperty FRegisteredDeviceInfo::Handle is not initialized properly. Module:RawInput File:Public/RawInputFunctionLibrary.h
[2022.04.29-12.30.55:134][  0]LogClass: Display: IntProperty FRegisteredDeviceInfo::VendorID is not initialized properly. Module:RawInput File:Public/RawInputFunctionLibrary.h
[2022.04.29-12.30.55:134][  0]LogClass: Display: IntProperty FRegisteredDeviceInfo::ProductID is not initialized properly. Module:RawInput File:Public/RawInputFunctionLibrary.h
[2022.04.29-12.30.55:134][  0]LogClass: Display: 3 Uninitialized script struct members found including 0 object properties
[2022.04.29-12.30.55:135][  0]LogEngine: Initializing Engine...
[2022.04.29-12.30.55:186][  0]LogHMD: Failed to initialize OpenVR with code 108
[2022.04.29-12.30.55:235][  0]LogHMD: Optional extension XR_VARJO_quad_views is not available
[2022.04.29-12.30.55:235][  0]LogHMD: Warning: Required extension XR_EXT_eye_gaze_interaction is not available
[2022.04.29-12.30.55:235][  0]LogHMD: Could not enable all required OpenXR extensions for OpenXREyeTracker on current system. This plugin will be loaded but ignored, but will be enabled on a target platform that supports the required extension.
[2022.04.29-12.30.55:737][  0]LogHMD: Failed to get an OpenXR system, result is XR_ERROR_FORM_FACTOR_UNAVAILABLE. Please check that your runtime supports VR headsets.
[2022.04.29-12.30.55:737][  0]LogMagicLeap: Warning: VR disabled because ZI is not enabled.  To enable, in the editor, Edit -> Project Settings -> Plugins -> Magic Leap Plugin -> Enable Zero Iteration
[2022.04.29-12.30.55:738][  0]LogStats: UGameplayTagsManager::InitializeManager -  0.000 s
[2022.04.29-12.30.55:826][  0]LogInit: Initializing FReadOnlyCVARCache
[2022.04.29-12.30.55:826][  0]LogAudio: Display: Initializing Audio Device Manager...
[2022.04.29-12.30.55:829][  0]LogAudio: Display: Loading Default Audio Settings Objects...
[2022.04.29-12.30.55:829][  0]LogAudio: Display: No default SoundConcurrencyObject specified (or failed to load).
[2022.04.29-12.30.55:830][  0]LogAudio: Display: Audio Device Manager Initialized
[2022.04.29-12.30.55:830][  0]LogAudio: Display: Creating Audio Device:                 Id: 1, Scope: Shared, Realtime: True
[2022.04.29-12.30.55:830][  0]LogAudioMixer: Display: Audio Mixer Platform Settings:
[2022.04.29-12.30.55:830][  0]LogAudioMixer: Display: 	Sample Rate:						  48000
[2022.04.29-12.30.55:830][  0]LogAudioMixer: Display: 	Callback Buffer Frame Size Requested: 1024
[2022.04.29-12.30.55:830][  0]LogAudioMixer: Display: 	Callback Buffer Frame Size To Use:	  1024
[2022.04.29-12.30.55:830][  0]LogAudioMixer: Display: 	Number of buffers to queue:			  2
[2022.04.29-12.30.55:830][  0]LogAudioMixer: Display: 	Max Channels (voices):				  32
[2022.04.29-12.30.55:830][  0]LogAudioMixer: Display: 	Number of Async Source Workers:		  0
[2022.04.29-12.30.55:830][  0]LogAudio: Display: AudioDevice MaxSources: 32
[2022.04.29-12.30.55:830][  0]LogAudio: Display: Audio Spatialization Plugin: None (built-in).
[2022.04.29-12.30.55:830][  0]LogAudio: Display: Audio Reverb Plugin: None (built-in).
[2022.04.29-12.30.55:830][  0]LogAudio: Display: Audio Occlusion Plugin: None (built-in).
[2022.04.29-12.30.55:830][  0]LogAudioMixer: Display: Initializing audio mixer.
[2022.04.29-12.30.55:849][  0]LogAudioMixer: Display: 0: FrontLeft
[2022.04.29-12.30.55:849][  0]LogAudioMixer: Display: 1: FrontRight
[2022.04.29-12.30.55:870][  0]LogAudioMixer: Display: Using Audio Device Speakers (Realtek High Definition Audio)
[2022.04.29-12.30.55:873][  0]LogAudioMixer: Display: Initializing Sound Submixes...
[2022.04.29-12.30.55:874][  0]LogAudioMixer: Display: Creating Master Submix 'MasterSubmixDefault'
[2022.04.29-12.30.55:874][  0]LogAudioMixer: Display: Creating Master Submix 'MasterReverbSubmixDefault'
[2022.04.29-12.30.55:875][  0]LogAudioMixer: Display: Creating Master Submix 'MasterEQSubmixDefault'
[2022.04.29-12.30.55:875][  0]LogAudioMixer: FMixerPlatformXAudio2::StartAudioStream() called
[2022.04.29-12.30.55:875][  0]LogAudioMixer: Display: Output buffers initialized: Frames=1024, Channels=2, Samples=2048
[2022.04.29-12.30.55:875][  0]LogAudioMixer: Display: Starting AudioMixerPlatformInterface::RunInternal()
[2022.04.29-12.30.55:875][  0]LogAudioMixer: Display: FMixerPlatformXAudio2::SubmitBuffer() called for the first time
[2022.04.29-12.30.55:875][  0]LogInit: FAudioDevice initialized.
[2022.04.29-12.30.55:876][  0]LogNetVersion: Set ProjectVersion to 1.0.0.0. Version Checksum will be recalculated on next use.
[2022.04.29-12.30.55:877][  0]LogInit: Texture streaming: Enabled
[2022.04.29-12.30.55:931][  0]LogAudio: Display: Audio Device (ID: 1) registered with world 'Untitled'.
[2022.04.29-12.30.55:932][  0]LogSlate: Updating window title bar state: overlay mode, drag disabled, window buttons hidden, title bar hidden
[2022.04.29-12.30.55:933][  0]LogInit: Display: Game Engine Initialized.
[2022.04.29-12.30.55:933][  0]LogNiagaraEditor: GEditor isn't valid! Particle reset commands will not work for Niagara components!
[2022.04.29-12.30.56:040][  0]LogInit: Display: Starting Game.
[2022.04.29-12.30.56:040][  0]LogNet: Browse: /Game/Map/Minimal_Default?Name=Player
[2022.04.29-12.30.56:041][  0]LogLoad: LoadMap: /Game/Map/Minimal_Default?Name=Player
[2022.04.29-12.30.56:041][  0]LogWorld: BeginTearingDown for /Temp/Untitled_0
[2022.04.29-12.30.56:042][  0]LogWorld: UWorld::CleanupWorld for Untitled, bSessionEnded=true, bCleanupResources=true
[2022.04.29-12.30.56:042][  0]LogSlate: InvalidateAllWidgets triggered.  All widgets were invalidated
[2022.04.29-12.30.56:045][  0]LogAudio: Display: Audio Device unregistered from world 'None'.
[2022.04.29-12.30.56:048][  0]LogUObjectHash: Compacting FUObjectHashTables data took   0.79ms
[2022.04.29-12.30.57:072][  0]LogAudio: Display: Audio Device (ID: 1) registered with world 'Minimal_Default'.
[2022.04.29-12.30.57:078][  0]LogAIModule: Creating AISystem for world Minimal_Default
[2022.04.29-12.30.57:080][  0]LogUObjectGlobals: Warning: Failed to load '/Game/ThirdPersonBP/Blueprints/ThirdPersonGameMode': Can't find file.
[2022.04.29-12.30.57:080][  0]LogUObjectGlobals: Warning: Failed to load '/Game/ThirdPersonBP/Blueprints/ThirdPersonGameMode': Can't find file.
[2022.04.29-12.30.57:080][  0]LogUObjectGlobals: Warning: Failed to find object 'Class /Game/ThirdPersonBP/Blueprints/ThirdPersonGameMode.ThirdPersonGameMode_C'
[2022.04.29-12.30.57:080][  0]LogLoad: Game class is 'GameModeBase'
[2022.04.29-12.30.57:177][  0]LogWorld: Bringing World /Game/Map/Minimal_Default.Minimal_Default up for play (max tick rate 0) at 2022.04.29-13.30.57
[2022.04.29-12.30.57:178][  0]LogWorld: Bringing up level for play took: 0.097062
[2022.04.29-12.30.57:181][  0]LogScript: Warning: Accessed None trying to read property TrackRef
	CarObstacle_C /Game/Map/Minimal_Default.Minimal_Default:PersistentLevel.CarObstacle3_6
	Function /Game/ThirdPersonBP/CarObstacle.CarObstacle_C:ExecuteUbergraph_CarObstacle:0047
[2022.04.29-12.30.57:181][  0]LogScript: Warning: Script call stack:
	Function /Game/ThirdPersonBP/CarObstacle.CarObstacle_C:CarMover__UpdateFunc
	Function /Game/ThirdPersonBP/CarObstacle.CarObstacle_C:ExecuteUbergraph_CarObstacle

[2022.04.29-12.30.57:181][  0]LogScript: Warning: Accessed None
	CarObstacle_C /Game/Map/Minimal_Default.Minimal_Default:PersistentLevel.CarObstacle3_6
	Function /Game/ThirdPersonBP/CarObstacle.CarObstacle_C:ExecuteUbergraph_CarObstacle:005C
[2022.04.29-12.30.57:181][  0]LogScript: Warning: Script call stack:
	Function /Game/ThirdPersonBP/CarObstacle.CarObstacle_C:CarMover__UpdateFunc
	Function /Game/ThirdPersonBP/CarObstacle.CarObstacle_C:ExecuteUbergraph_CarObstacle

[2022.04.29-12.30.57:182][  0]LogScript: Warning: Accessed None trying to read property TrackRef
	CarObstacle_C /Game/Map/Minimal_Default.Minimal_Default:PersistentLevel.CarObstacle3_6
	Function /Game/ThirdPersonBP/CarObstacle.CarObstacle_C:ExecuteUbergraph_CarObstacle:00C2
[2022.04.29-12.30.57:182][  0]LogScript: Warning: Script call stack:
	Function /Game/ThirdPersonBP/CarObstacle.CarObstacle_C:CarMover__UpdateFunc
	Function /Game/ThirdPersonBP/CarObstacle.CarObstacle_C:ExecuteUbergraph_CarObstacle

[2022.04.29-12.30.57:182][  0]LogScript: Warning: Accessed None
	CarObstacle_C /Game/Map/Minimal_Default.Minimal_Default:PersistentLevel.CarObstacle3_6
	Function /Game/ThirdPersonBP/CarObstacle.CarObstacle_C:ExecuteUbergraph_CarObstacle:00D7
[2022.04.29-12.30.57:182][  0]LogScript: Warning: Script call stack:
	Function /Game/ThirdPersonBP/CarObstacle.CarObstacle_C:CarMover__UpdateFunc
	Function /Game/ThirdPersonBP/CarObstacle.CarObstacle_C:ExecuteUbergraph_CarObstacle

[2022.04.29-12.30.57:182][  0]LogScript: Warning: Accessed None trying to read property TrackRef
	CarObstacle_C /Game/Map/Minimal_Default.Minimal_Default:PersistentLevel.CarObstacle3_6
	Function /Game/ThirdPersonBP/CarObstacle.CarObstacle_C:ExecuteUbergraph_CarObstacle:0115
[2022.04.29-12.30.57:182][  0]LogScript: Warning: Script call stack:
	Function /Game/ThirdPersonBP/CarObstacle.CarObstacle_C:CarMover__UpdateFunc
	Function /Game/ThirdPersonBP/CarObstacle.CarObstacle_C:ExecuteUbergraph_CarObstacle

[2022.04.29-12.30.57:182][  0]LogScript: Warning: Accessed None
	CarObstacle_C /Game/Map/Minimal_Default.Minimal_Default:PersistentLevel.CarObstacle3_6
	Function /Game/ThirdPersonBP/CarObstacle.CarObstacle_C:ExecuteUbergraph_CarObstacle:012A
[2022.04.29-12.30.57:182][  0]LogScript: Warning: Script call stack:
	Function /Game/ThirdPersonBP/CarObstacle.CarObstacle_C:CarMover__UpdateFunc
	Function /Game/ThirdPersonBP/CarObstacle.CarObstacle_C:ExecuteUbergraph_CarObstacle

[2022.04.29-12.30.57:182][  0]LogBlueprintUserMessages: [Minimal_Default_C_0] Translation: X=-366950.000 Y=-359500.000 Z=192.000 Rotation: P=0.000000 Y=0.000000 R=0.000000 Scale X=1.000 Y=1.000 Z=1.000
[2022.04.29-12.30.57:183][  0]LogLoad: Took 1.141793 seconds to LoadMap(/Game/Map/Minimal_Default)
[2022.04.29-12.30.57:398][  0]LogSlate: Took 0.000142 seconds to synchronously load lazily loaded font '../../../Engine/Content/Slate/Fonts/Roboto-Regular.ttf' (155K)
[2022.04.29-12.30.57:460][  0]LogRenderer: Reallocating scene render targets to support 1280x720 Format 10 NumSamples 1 (Frame:1).
[2022.04.29-12.30.57:460][  0]LogInit: Display: Engine is initialized. Leaving FEngineLoop::Init()
[2022.04.29-12.30.57:460][  0]LogLoad: (Engine Initialization) Total time: 7.66 seconds
[2022.04.29-12.30.57:460][  0]LogLoad: (Engine Initialization) Total Blueprint compile time: 0.00 seconds
[2022.04.29-12.30.57:461][  0]LogRawInputWindows: Warning: Found device 4 devices
[2022.04.29-12.30.57:461][  0]LogRawInputWindows: Warning: Found device 4 devices
[2022.04.29-12.30.57:461][  0]LogRawInputWindows: VenderID:44f ProductID:402
[2022.04.29-12.30.57:461][  0]LogRawInputWindows: Device was registered succesfully and is connected (Usage:4 UsagePage:1)
[2022.04.29-12.30.57:463][  0]LogContentStreaming: Texture pool size now 1000 MB
[2022.04.29-12.30.57:469][  0]LogSlate: InvalidateAllWidgets triggered.  All widgets were invalidated
[2022.04.29-12.30.57:488][  0]LogRenderer: Reallocating scene render targets to support 128x128 Format 10 NumSamples 1 (Frame:1).
[2022.04.29-12.30.57:560][  0]LogRenderer: Reallocating scene render targets to support 1280x720 Format 10 NumSamples 1 (Frame:2).
[2022.04.29-12.30.57:590][  1]LogScript: Warning: Accessed None trying to read property TrackRef
	CarObstacle_C /Game/Map/Minimal_Default.Minimal_Default:PersistentLevel.CarObstacle3_6
	Function /Game/ThirdPersonBP/CarObstacle.CarObstacle_C:ExecuteUbergraph_CarObstacle:0047
[2022.04.29-12.30.57:590][  1]LogScript: Warning: Script call stack:
	Function /Game/ThirdPersonBP/CarObstacle.CarObstacle_C:CarMover__UpdateFunc
	Function /Game/ThirdPersonBP/CarObstacle.CarObstacle_C:ExecuteUbergraph_CarObstacle

[2022.04.29-12.30.57:590][  1]LogScript: Warning: Accessed None
	CarObstacle_C /Game/Map/Minimal_Default.Minimal_Default:PersistentLevel.CarObstacle3_6
	Function /Game/ThirdPersonBP/CarObstacle.CarObstacle_C:ExecuteUbergraph_CarObstacle:005C
[2022.04.29-12.30.57:590][  1]LogScript: Warning: Script call stack:
	Function /Game/ThirdPersonBP/CarObstacle.CarObstacle_C:CarMover__UpdateFunc
	Function /Game/ThirdPersonBP/CarObstacle.CarObstacle_C:ExecuteUbergraph_CarObstacle

[2022.04.29-12.30.57:590][  1]LogScript: Warning: Accessed None trying to read property TrackRef
	CarObstacle_C /Game/Map/Minimal_Default.Minimal_Default:PersistentLevel.CarObstacle3_6
	Function /Game/ThirdPersonBP/CarObstacle.CarObstacle_C:ExecuteUbergraph_CarObstacle:00C2
[2022.04.29-12.30.57:590][  1]LogScript: Warning: Script call stack:
	Function /Game/ThirdPersonBP/CarObstacle.CarObstacle_C:CarMover__UpdateFunc
	Function /Game/ThirdPersonBP/CarObstacle.CarObstacle_C:ExecuteUbergraph_CarObstacle

[2022.04.29-12.30.57:591][  1]LogScript: Warning: Accessed None
	CarObstacle_C /Game/Map/Minimal_Default.Minimal_Default:PersistentLevel.CarObstacle3_6
	Function /Game/ThirdPersonBP/CarObstacle.CarObstacle_C:ExecuteUbergraph_CarObstacle:00D7
[2022.04.29-12.30.57:591][  1]LogScript: Warning: Script call stack:
	Function /Game/ThirdPersonBP/CarObstacle.CarObstacle_C:CarMover__UpdateFunc
	Function /Game/ThirdPersonBP/CarObstacle.CarObstacle_C:ExecuteUbergraph_CarObstacle

[2022.04.29-12.30.57:591][  1]LogScript: Warning: Accessed None trying to read property TrackRef
	CarObstacle_C /Game/Map/Minimal_Default.Minimal_Default:PersistentLevel.CarObstacle3_6
	Function /Game/ThirdPersonBP/CarObstacle.CarObstacle_C:ExecuteUbergraph_CarObstacle:0115
[2022.04.29-12.30.57:591][  1]LogScript: Warning: Script call stack:
	Function /Game/ThirdPersonBP/CarObstacle.CarObstacle_C:CarMover__UpdateFunc
	Function /Game/ThirdPersonBP/CarObstacle.CarObstacle_C:ExecuteUbergraph_CarObstacle

[2022.04.29-12.30.57:591][  1]LogScript: Warning: Accessed None
	CarObstacle_C /Game/Map/Minimal_Default.Minimal_Default:PersistentLevel.CarObstacle3_6
	Function /Game/ThirdPersonBP/CarObstacle.CarObstacle_C:ExecuteUbergraph_CarObstacle:012A
[2022.04.29-12.30.57:591][  1]LogScript: Warning: Script call stack:
	Function /Game/ThirdPersonBP/CarObstacle.CarObstacle_C:CarMover__UpdateFunc
	Function /Game/ThirdPersonBP/CarObstacle.CarObstacle_C:ExecuteUbergraph_CarObstacle

[2022.04.29-12.30.57:592][  1]LogSlate: Took 0.000159 seconds to synchronously load lazily loaded font '../../../Engine/Content/Slate/Fonts/Roboto-Regular.ttf' (155K)
[2022.04.29-12.30.57:597][  2]LogScript: Warning: Accessed None trying to read property TrackRef
	CarObstacle_C /Game/Map/Minimal_Default.Minimal_Default:PersistentLevel.CarObstacle3_6
	Function /Game/ThirdPersonBP/CarObstacle.CarObstacle_C:ExecuteUbergraph_CarObstacle:0047
[2022.04.29-12.30.57:597][  2]LogScript: Warning: Script call stack:
	Function /Game/ThirdPersonBP/CarObstacle.CarObstacle_C:CarMover__UpdateFunc
	Function /Game/ThirdPersonBP/CarObstacle.CarObstacle_C:ExecuteUbergraph_CarObstacle

[2022.04.29-12.30.57:597][  2]LogScript: Warning: Accessed None
	CarObstacle_C /Game/Map/Minimal_Default.Minimal_Default:PersistentLevel.CarObstacle3_6
	Function /Game/ThirdPersonBP/CarObstacle.CarObstacle_C:ExecuteUbergraph_CarObstacle:005C
[2022.04.29-12.30.57:597][  2]LogScript: Warning: Script call stack:
	Function /Game/ThirdPersonBP/CarObstacle.CarObstacle_C:CarMover__UpdateFunc
	Function /Game/ThirdPersonBP/CarObstacle.CarObstacle_C:ExecuteUbergraph_CarObstacle

[2022.04.29-12.30.57:597][  2]LogScript: Warning: Accessed None trying to read property TrackRef
	CarObstacle_C /Game/Map/Minimal_Default.Minimal_Default:PersistentLevel.CarObstacle3_6
	Function /Game/ThirdPersonBP/CarObstacle.CarObstacle_C:ExecuteUbergraph_CarObstacle:00C2
[2022.04.29-12.30.57:597][  2]LogScript: Warning: Script call stack:
	Function /Game/ThirdPersonBP/CarObstacle.CarObstacle_C:CarMover__UpdateFunc
	Function /Game/ThirdPersonBP/CarObstacle.CarObstacle_C:ExecuteUbergraph_CarObstacle

[2022.04.29-12.30.57:597][  2]LogScript: Warning: Accessed None
	CarObstacle_C /Game/Map/Minimal_Default.Minimal_Default:PersistentLevel.CarObstacle3_6
	Function /Game/ThirdPersonBP/CarObstacle.CarObstacle_C:ExecuteUbergraph_CarObstacle:00D7
[2022.04.29-12.30.57:597][  2]LogScript: Warning: Script call stack:
	Function /Game/ThirdPersonBP/CarObstacle.CarObstacle_C:CarMover__UpdateFunc
	Function /Game/ThirdPersonBP/CarObstacle.CarObstacle_C:ExecuteUbergraph_CarObstacle

[2022.04.29-12.31.39:330][388]LogSlate: Window 'HoVR (64-bit Development PCD3D_SM5) ' being destroyed
[2022.04.29-12.31.39:330][388]LogWindowsTextInputMethodSystem: Display: IME system deactivated.
[2022.04.29-12.31.39:335][388]LogWindowsTextInputMethodSystem: Display: IME system deactivated.
[2022.04.29-12.31.39:337][388]LogSlate: Updating window title bar state: overlay mode, drag disabled, window buttons hidden, title bar hidden
[2022.04.29-12.31.39:337][388]LogEngine: All Windows Closed
[2022.04.29-12.31.39:337][388]LogWindows: FPlatformMisc::RequestExit(0)
[2022.04.29-12.31.39:337][388]LogWindows: FPlatformMisc::RequestExitWithStatus(0, 0)
[2022.04.29-12.31.39:337][388]LogCore: Engine exit requested (reason: Win RequestExit)
[2022.04.29-12.31.39:337][389]LogCore: Engine exit requested (reason: EngineExit() was called; note: exit was already requested)
[2022.04.29-12.31.39:338][389]LogInit: Display: PreExit Game.
[2022.04.29-12.31.39:346][389]LogWorld: BeginTearingDown for /Game/Map/Minimal_Default
[2022.04.29-12.31.39:348][389]LogWorld: UWorld::CleanupWorld for Minimal_Default, bSessionEnded=true, bCleanupResources=true
[2022.04.29-12.31.39:357][389]LogSlate: InvalidateAllWidgets triggered.  All widgets were invalidated
[2022.04.29-12.31.39:759][389]LogAudio: Display: Beginning Audio Device Manager Shutdown (Module: AudioMixerXAudio2)...
[2022.04.29-12.31.39:759][389]LogAudio: Display: Destroying 1 Remaining Audio Device(s)...
[2022.04.29-12.31.39:759][389]LogAudio: Display: Audio Device unregistered from world 'Minimal_Default'.
[2022.04.29-12.31.39:760][389]LogAudioMixer: FMixerPlatformXAudio2::StopAudioStream() called
[2022.04.29-12.31.39:761][389]LogAudioMixer: FMixerPlatformXAudio2::StopAudioStream() called
[2022.04.29-12.31.39:764][389]LogAudio: Display: Audio Device Manager Shutdown
[2022.04.29-12.31.39:768][389]LogExit: Preparing to exit.
[2022.04.29-12.31.39:775][389]LogSlate: Updating window title bar state: overlay mode, drag disabled, window buttons hidden, title bar hidden
[2022.04.29-12.31.39:777][389]LogUObjectHash: Compacting FUObjectHashTables data took   1.22ms
[2022.04.29-12.31.40:454][389]LogMoviePlayer: Shutting down movie player
[2022.04.29-12.31.40:583][389]LogDemo: Cleaned up 0 splitscreen connections with owner deletion
[2022.04.29-12.31.40:591][389]LogExit: Game engine shut down
[2022.04.29-12.31.40:644][389]LogExit: Object subsystem successfully closed.
[2022.04.29-12.31.40:652][389]LogShaderCompilers: Display: === FShaderJobCache stats ===
[2022.04.29-12.31.40:652][389]LogShaderCompilers: Display: Total job queries 0, among them cache hits 0 (0.00%)
[2022.04.29-12.31.40:652][389]LogShaderCompilers: Display: Tracking 0 distinct input hashes that result in 0 distinct outputs (0.00%)
[2022.04.29-12.31.40:652][389]LogShaderCompilers: Display: RAM used: 0.00 MB (0.00 GB) of 1638.40 MB (1.60 GB) budget. Usage: 0.00%
[2022.04.29-12.31.40:652][389]LogShaderCompilers: Display: ================================================
[2022.04.29-12.31.40:662][389]LogShaderCompilers: Display: Shaders left to compile 0
[2022.04.29-12.31.40:676][389]LogModuleManager: Shutting down and abandoning module SequenceRecorderSections (560)
[2022.04.29-12.31.40:676][389]LogModuleManager: Shutting down and abandoning module SequenceRecorder (558)
[2022.04.29-12.31.40:676][389]LogModuleManager: Shutting down and abandoning module AutomationController (556)
[2022.04.29-12.31.40:676][389]LogModuleManager: Shutting down and abandoning module AutomationWorker (554)
[2022.04.29-12.31.40:676][389]LogModuleManager: Shutting down and abandoning module Voice (552)
[2022.04.29-12.31.40:676][389]LogModuleManager: Shutting down and abandoning module AIModule (550)
[2022.04.29-12.31.40:676][389]LogModuleManager: Shutting down and abandoning module GameplayDebugger (549)
[2022.04.29-12.31.40:676][389]LogModuleManager: Shutting down and abandoning module AITestSuite (547)
[2022.04.29-12.31.40:676][389]LogModuleManager: Shutting down and abandoning module NavigationSystem (545)
[2022.04.29-12.31.40:676][389]LogModuleManager: Shutting down and abandoning module SteamVREditor (542)
[2022.04.29-12.31.40:676][389]LogModuleManager: Shutting down and abandoning module ToolMenus (541)
[2022.04.29-12.31.40:676][389]LogModuleManager: Shutting down and abandoning module OculusMR (538)
[2022.04.29-12.31.40:676][389]LogModuleManager: Shutting down and abandoning module PlanarCut (536)
[2022.04.29-12.31.40:676][389]LogModuleManager: Shutting down and abandoning module CharacterAI (534)
[2022.04.29-12.31.40:676][389]LogModuleManager: Shutting down and abandoning module OpenXRInput (532)
[2022.04.29-12.31.40:676][389]LogModuleManager: Shutting down and abandoning module TakeRecorderSources (530)
[2022.04.29-12.31.40:676][389]LogModuleManager: Shutting down and abandoning module TakeRecorder (529)
[2022.04.29-12.31.40:676][389]LogModuleManager: Shutting down and abandoning module TakeTrackRecorders (526)
[2022.04.29-12.31.40:676][389]LogModuleManager: Shutting down and abandoning module TakesCore (524)
[2022.04.29-12.31.40:676][389]LogModuleManager: Shutting down and abandoning module WmfMediaFactory (522)
[2022.04.29-12.31.40:676][389]LogModuleManager: Shutting down and abandoning module WebMMediaFactory (520)
[2022.04.29-12.31.40:676][389]LogModuleManager: Shutting down and abandoning module WebMMedia (518)
[2022.04.29-12.31.40:676][389]LogModuleManager: Shutting down and abandoning module OpenExrWrapper (516)
[2022.04.29-12.31.40:676][389]LogModuleManager: Shutting down and abandoning module ImgMediaFactory (514)
[2022.04.29-12.31.40:676][389]LogModuleManager: Shutting down and abandoning module AvfMediaFactory (512)
[2022.04.29-12.31.40:676][389]LogModuleManager: Shutting down and abandoning module MagicLeapMediaCodecFactory (510)
[2022.04.29-12.31.40:676][389]LogModuleManager: Shutting down and abandoning module MagicLeapMediaFactory (508)
[2022.04.29-12.31.40:676][389]LogModuleManager: Shutting down and abandoning module SessionServices (506)
[2022.04.29-12.31.40:676][389]LogModuleManager: Shutting down and abandoning module MovieSceneCapture (504)
[2022.04.29-12.31.40:676][389]LogModuleManager: Shutting down and abandoning module LiveCoding (502)
[2022.04.29-12.31.40:676][389]LogModuleManager: Shutting down and abandoning module LevelSequence (500)
[2022.04.29-12.31.40:676][389]LogModuleManager: Shutting down and abandoning module MovieSceneTracks (498)
[2022.04.29-12.31.40:676][389]LogModuleManager: Shutting down and abandoning module MovieScene (496)
[2022.04.29-12.31.40:676][389]LogModuleManager: Shutting down and abandoning module StreamingPauseRendering (494)
[2022.04.29-12.31.40:676][389]LogModuleManager: Shutting down and abandoning module PortalServices (492)
[2022.04.29-12.31.40:676][389]LogModuleManager: Shutting down and abandoning module PortalRpc (490)
[2022.04.29-12.31.40:676][389]LogModuleManager: Shutting down and abandoning module MessagingRpc (488)
[2022.04.29-12.31.40:676][389]LogModuleManager: Shutting down and abandoning module AudioMixerXAudio2 (486)
[2022.04.29-12.31.40:676][389]LogModuleManager: Shutting down and abandoning module AudioMixerCore (485)
[2022.04.29-12.31.40:676][389]LogModuleManager: Shutting down and abandoning module ImageWriteQueue (482)
[2022.04.29-12.31.40:676][389]LogModuleManager: Shutting down and abandoning module ProfilerService (480)
[2022.04.29-12.31.40:742][389]LogModuleManager: Shutting down and abandoning module TaskGraph (478)
[2022.04.29-12.31.40:742][389]LogModuleManager: Shutting down and abandoning module OculusInput (476)
[2022.04.29-12.31.40:742][389]LogModuleManager: Shutting down and abandoning module RawInput (474)
[2022.04.29-12.31.40:742][389]LogModuleManager: Shutting down and abandoning module OpenImageDenoise (472)
[2022.04.29-12.31.40:742][389]LogOpenImageDenoise: OIDN shutting down
[2022.04.29-12.31.40:742][389]LogModuleManager: Shutting down and abandoning module MotoSynth (470)
[2022.04.29-12.31.40:742][389]LogModuleManager: Shutting down and abandoning module MeshConversion (468)
[2022.04.29-12.31.40:742][389]LogModuleManager: Shutting down and abandoning module DynamicMesh (466)
[2022.04.29-12.31.40:742][389]LogModuleManager: Shutting down and abandoning module GeometryAlgorithms (464)
[2022.04.29-12.31.40:742][389]LogModuleManager: Shutting down and abandoning module GeometricObjects (462)
[2022.04.29-12.31.40:742][389]LogModuleManager: Shutting down and abandoning module GeometryCollectionTracks (460)
[2022.04.29-12.31.40:742][389]LogModuleManager: Shutting down and abandoning module GeometryCollectionSequencer (459)
[2022.04.29-12.31.40:742][389]LogModuleManager: Shutting down and abandoning module GeometryCacheTracks (456)
[2022.04.29-12.31.40:743][389]LogModuleManager: Shutting down and abandoning module GeometryCacheSequencer (455)
[2022.04.29-12.31.40:743][389]LogModuleManager: Shutting down and abandoning module GeometryCache (452)
[2022.04.29-12.31.40:743][389]LogModuleManager: Shutting down and abandoning module GeometryCacheEd (451)
[2022.04.29-12.31.40:743][389]LogModuleManager: Shutting down and abandoning module ChaosNiagara (448)
[2022.04.29-12.31.40:743][389]LogModuleManager: Shutting down and abandoning module BackChannel (446)
[2022.04.29-12.31.40:743][389]LogModuleManager: Shutting down and abandoning module AutomationUtils (444)
[2022.04.29-12.31.40:743][389]LogModuleManager: Shutting down and abandoning module OodleNetworkHandlerComponent (442)
[2022.04.29-12.31.40:743][389]LogModuleManager: Shutting down and abandoning module Synthesis (440)
[2022.04.29-12.31.40:743][389]LogModuleManager: Shutting down and abandoning module ProceduralMeshComponent (438)
[2022.04.29-12.31.40:743][389]LogModuleManager: Shutting down and abandoning module MobilePatchingUtils (436)
[2022.04.29-12.31.40:743][389]LogModuleManager: Shutting down and abandoning module TakeMovieScene (434)
[2022.04.29-12.31.40:743][389]LogModuleManager: Shutting down and abandoning module GooglePAD (432)
[2022.04.29-12.31.40:743][389]LogModuleManager: Shutting down and abandoning module EditableMesh (430)
[2022.04.29-12.31.40:743][389]LogModuleManager: Shutting down and abandoning module FieldSystemEngine (429)
[2022.04.29-12.31.40:743][389]LogModuleManager: Shutting down and abandoning module CustomMeshComponent (426)
[2022.04.29-12.31.40:743][389]LogModuleManager: Shutting down and abandoning module CableComponent (424)
[2022.04.29-12.31.40:743][389]LogModuleManager: Shutting down and abandoning module AudioCapture (422)
[2022.04.29-12.31.40:743][389]LogModuleManager: Shutting down and abandoning module AudioCaptureRtAudio (421)
[2022.04.29-12.31.40:743][389]LogModuleManager: Shutting down and abandoning module ArchVisCharacter (418)
[2022.04.29-12.31.40:743][389]LogModuleManager: Shutting down and abandoning module AssetTags (416)
[2022.04.29-12.31.40:743][389]LogModuleManager: Shutting down and abandoning module AppleImageUtilsBlueprintSupport (414)
[2022.04.29-12.31.40:743][389]LogModuleManager: Shutting down and abandoning module AppleImageUtils (412)
[2022.04.29-12.31.40:743][389]LogModuleManager: Shutting down and abandoning module AndroidPermission (410)
[2022.04.29-12.31.40:743][389]LogModuleManager: Shutting down and abandoning module ActorLayerUtilities (408)
[2022.04.29-12.31.40:743][389]LogModuleManager: Shutting down and abandoning module TemplateSequence (406)
[2022.04.29-12.31.40:743][389]LogModuleManager: Shutting down and abandoning module MagicLeapLightEstimation (404)
[2022.04.29-12.31.40:743][389]LogModuleManager: Shutting down and abandoning module MediaCompositing (402)
[2022.04.29-12.31.40:743][389]LogModuleManager: Shutting down and abandoning module ImgMedia (400)
[2022.04.29-12.31.40:743][389]LogModuleManager: Shutting down and abandoning module MagicLeapSharedWorld (398)
[2022.04.29-12.31.40:743][389]LogModuleManager: Shutting down and abandoning module MagicLeapHelperVulkan (396)
[2022.04.29-12.31.40:743][389]LogModuleManager: Shutting down and abandoning module MagicLeapHelperOpenGL (394)
[2022.04.29-12.31.40:743][389]LogModuleManager: Shutting down and abandoning module MagicLeapAudio (392)
[2022.04.29-12.31.40:743][389]LogModuleManager: Shutting down and abandoning module VisualStudioSourceCodeAccess (390)
[2022.04.29-12.31.40:743][389]LogModuleManager: Shutting down and abandoning module HotReload (389)
[2022.04.29-12.31.40:743][389]LogModuleManager: Shutting down and abandoning module VisualStudioCodeSourceCodeAccess (386)
[2022.04.29-12.31.40:743][389]LogModuleManager: Shutting down and abandoning module UObjectPlugin (384)
[2022.04.29-12.31.40:743][389]LogModuleManager: Shutting down and abandoning module SubversionSourceControl (382)
[2022.04.29-12.31.40:743][389]LogModuleManager: Shutting down and abandoning module PerforceSourceControl (380)
[2022.04.29-12.31.40:743][389]LogModuleManager: Shutting down and abandoning module SourceControl (379)
[2022.04.29-12.31.40:743][389]LogModuleManager: Shutting down and abandoning module CLionSourceCodeAccess (376)
[2022.04.29-12.31.40:743][389]LogModuleManager: Shutting down and abandoning module LiveLinkSequencer (374)
[2022.04.29-12.31.40:743][389]LogModuleManager: Shutting down and abandoning module LiveLinkMovieScene (372)
[2022.04.29-12.31.40:743][389]LogModuleManager: Shutting down and abandoning module LiveLinkGraphNode (370)
[2022.04.29-12.31.40:743][389]LogModuleManager: Shutting down and abandoning module LiveLinkComponents (368)
[2022.04.29-12.31.40:743][389]LogModuleManager: Shutting down and abandoning module LiveLink (366)
