Log file open, 04/26/22 14:19:43
LogWindows: Failed to load 'aqProf.dll' (GetLastError=126)
LogWindows: File 'aqProf.dll' does not exist
LogWindows: Failed to load 'VtuneApi.dll' (GetLastError=126)
LogWindows: File 'VtuneApi.dll' does not exist
LogWindows: Failed to load 'VtuneApi32e.dll' (GetLastError=126)
LogWindows: File 'VtuneApi32e.dll' does not exist
LogConsoleResponse: Display: Failed to find resolution value strings in scalability ini. Falling back to default.
LogConsoleResponse: Display: Failed to find resolution value strings in scalability ini. Falling back to default.
LogInit: Display: Running engine for game: HoVR
LogPlatformFile: Not using cached read wrapper
LogTaskGraph: Started task graph with 5 named threads and 23 total threads with 3 sets of task threads.
LogStats: Stats thread started at 0.285340
LogICUInternationalization: ICU TimeZone Detection - Raw Offset: +0:00, Platform Override: ''
LogInit: Display: Loading text-based GConfig....
LogPluginManager: Mounting plugin MeshPainting
LogPluginManager: Mounting plugin XGEController
LogPluginManager: Mounting plugin EnvironmentQueryEditor
LogPluginManager: Mounting plugin AISupport
LogPluginManager: Mounting plugin Paper2D
LogPluginManager: Mounting plugin LiveLink
LogPluginManager: Mounting plugin LightPropagationVolume
LogPluginManager: Mounting plugin CameraShakePreviewer
LogPluginManager: Mounting plugin GameplayCameras
LogPluginManager: Mounting plugin AssetManagerEditor
LogPluginManager: Mounting plugin CryptoKeys
LogPluginManager: Mounting plugin CurveEditorTools
LogPluginManager: Mounting plugin DataValidation
LogPluginManager: Mounting plugin FacialAnimation
LogPluginManager: Mounting plugin GameplayTagsEditor
LogPluginManager: Mounting plugin GeometryMode
LogPluginManager: Mounting plugin MaterialAnalyzer
LogPluginManager: Mounting plugin MacGraphicsSwitching
LogPluginManager: Mounting plugin MobileLauncherProfileWizard
LogPluginManager: Mounting plugin PluginBrowser
LogPluginManager: Mounting plugin OodleData
LogPluginManager: Mounting plugin SpeedTreeImporter
LogPluginManager: Mounting plugin DatasmithContent
LogPluginManager: Mounting plugin AnimationSharing
LogPluginManager: Mounting plugin VariantManagerContent
LogPluginManager: Mounting plugin Niagara
LogPluginManager: Mounting plugin CLionSourceCodeAccess
LogPluginManager: Mounting plugin KDevelopSourceCodeAccess
LogPluginManager: Mounting plugin GitSourceControl
LogPluginManager: Mounting plugin CodeLiteSourceCodeAccess
LogPluginManager: Mounting plugin NullSourceCodeAccess
LogPluginManager: Mounting plugin PerforceSourceControl
LogPluginManager: Mounting plugin PixWinPlugin
LogPluginManager: Mounting plugin PlasticSourceControl
LogPluginManager: Mounting plugin PluginUtils
LogPluginManager: Mounting plugin AlembicImporter
LogPluginManager: Mounting plugin PropertyAccessNode
LogPluginManager: Mounting plugin RiderSourceCodeAccess
LogPluginManager: Mounting plugin AutomationUtils
LogPluginManager: Mounting plugin BackChannel
LogPluginManager: Mounting plugin SubversionSourceControl
LogPluginManager: Mounting plugin TextureFormatOodle
LogPluginManager: Mounting plugin ChaosCloth
LogPluginManager: Mounting plugin UObjectPlugin
LogPluginManager: Mounting plugin ChaosClothEditor
LogPluginManager: Mounting plugin ChaosEditor
LogPluginManager: Mounting plugin ChaosNiagara
LogPluginManager: Mounting plugin ChaosSolverPlugin
LogPluginManager: Mounting plugin CharacterAI
LogPluginManager: Mounting plugin VisualStudioCodeSourceCodeAccess
LogPluginManager: Mounting plugin VisualStudioSourceCodeAccess
LogPluginManager: Mounting plugin XCodeSourceCodeAccess
LogPluginManager: Mounting plugin GeometryCache
LogPluginManager: Mounting plugin LuminPlatformFeatures
LogPluginManager: Mounting plugin GeometryCollectionPlugin
LogPluginManager: Mounting plugin MagicLeap
LogPluginManager: Mounting plugin MagicLeapLightEstimation
LogPluginManager: Mounting plugin MagicLeapMedia
LogPluginManager: Mounting plugin MagicLeapPassableWorld
LogPluginManager: Mounting plugin MLSDK
LogPluginManager: Mounting plugin GeometryProcessing
LogPluginManager: Mounting plugin MotoSynth
LogPluginManager: Mounting plugin OpenImageDenoise
LogPluginManager: Mounting plugin PlanarCut
LogPluginManager: Mounting plugin RawInput
LogPluginManager: Mounting plugin PlatformCrypto
LogPluginManager: Mounting plugin ProxyLODPlugin
LogPluginManager: Mounting plugin PythonScriptPlugin
LogPluginManager: Mounting plugin SkeletalReduction
LogPluginManager: Mounting plugin AndroidMedia
LogPluginManager: Mounting plugin AvfMedia
LogPluginManager: Mounting plugin ImgMedia
LogPluginManager: Mounting plugin MediaCompositing
LogPluginManager: Mounting plugin TcpMessaging
LogPluginManager: Mounting plugin MediaPlayerEditor
LogPluginManager: Mounting plugin WebMMedia
LogPluginManager: Mounting plugin WmfMedia
LogPluginManager: Mounting plugin UdpMessaging
LogPluginManager: Mounting plugin ActorSequence
LogPluginManager: Mounting plugin LevelSequenceEditor
LogPluginManager: Mounting plugin MatineeToLevelSequence
LogPluginManager: Mounting plugin TemplateSequence
LogPluginManager: Mounting plugin OnlineSubsystem
LogPluginManager: Mounting plugin OnlineSubsystemNull
LogPluginManager: Mounting plugin OnlineSubsystemUtils
LogPluginManager: Mounting plugin LauncherChunkInstaller
LogPluginManager: Mounting plugin AndroidDeviceProfileSelector
LogPluginManager: Mounting plugin AndroidMoviePlayer
LogPluginManager: Mounting plugin AndroidPermission
LogPluginManager: Mounting plugin AppleImageUtils
LogPluginManager: Mounting plugin AppleMoviePlayer
LogPluginManager: Mounting plugin ArchVisCharacter
LogPluginManager: Mounting plugin AudioCapture
LogPluginManager: Mounting plugin ActorLayerUtilities
LogPluginManager: Mounting plugin CableComponent
LogPluginManager: Mounting plugin AudioSynesthesia
LogPluginManager: Mounting plugin ChunkDownloader
LogPluginManager: Mounting plugin CustomMeshComponent
LogPluginManager: Mounting plugin AssetTags
LogPluginManager: Mounting plugin ExampleDeviceProfileSelector
LogPluginManager: Mounting plugin EditableMesh
LogPluginManager: Mounting plugin GoogleCloudMessaging
LogPluginManager: Mounting plugin GooglePAD
LogPluginManager: Mounting plugin ScreenshotTools
LogPluginManager: Mounting plugin IOSDeviceProfileSelector
LogPluginManager: Mounting plugin Takes
LogPluginManager: Mounting plugin LinuxDeviceProfileSelector
LogPluginManager: Mounting plugin LocationServicesBPLibrary
LogPluginManager: Mounting plugin MobilePatchingUtils
LogPluginManager: Mounting plugin OpenXR
LogPluginManager: Mounting plugin OpenXREyeTracker
LogPluginManager: Mounting plugin OpenXRHandTracking
LogPluginManager: Mounting plugin PhysXVehicles
LogPluginManager: Mounting plugin PostSplashScreen
LogPluginManager: Mounting plugin ProceduralMeshComponent
LogPluginManager: Mounting plugin PropertyAccessEditor
LogPluginManager: Mounting plugin SignificanceManager
LogPluginManager: Mounting plugin RuntimePhysXCooking
LogPluginManager: Mounting plugin SoundFields
LogPluginManager: Mounting plugin Synthesis
LogPluginManager: Mounting plugin WebMMoviePlayer
LogPluginManager: Mounting plugin WindowsMoviePlayer
LogPluginManager: Mounting plugin OodleNetwork
LogPluginManager: Mounting plugin ContentBrowserAssetDataSource
LogPluginManager: Mounting plugin ContentBrowserClassDataSource
LogPluginManager: Mounting plugin ContentBrowserFileDataSource
LogPluginManager: Mounting plugin OnlineSubsystemGooglePlay
LogPluginManager: Mounting plugin OnlineSubsystemIOS
LogPluginManager: Mounting plugin OculusVR
LogPluginManager: Mounting plugin SteamVR
PixWinPlugin: PIX capture plugin failed to initialize! Check that the process is launched from PIX.
LogInit: Using libcurl 7.55.1-DEV
LogInit:  - built for x86_64-pc-win32
LogInit:  - supports SSL with OpenSSL/1.1.1
LogInit:  - supports HTTP deflate (compression) using libz 1.2.8
LogInit:  - other features:
LogInit:      CURL_VERSION_SSL
LogInit:      CURL_VERSION_LIBZ
LogInit:      CURL_VERSION_IPV6
LogInit:      CURL_VERSION_ASYNCHDNS
LogInit:      CURL_VERSION_LARGEFILE
LogInit:      CURL_VERSION_IDN
LogInit:  CurlRequestOptions (configurable via config and command line):
LogInit:  - bVerifyPeer = true  - Libcurl will verify peer certificate
LogInit:  - bUseHttpProxy = false  - Libcurl will NOT use HTTP proxy
LogInit:  - bDontReuseConnections = false  - Libcurl will reuse connections
LogInit:  - MaxHostConnections = 16  - Libcurl will limit the number of connections to a host
LogInit:  - LocalHostAddr = Default
LogInit:  - BufferSize = 65536
LogOnline: OSS: Creating online subsystem instance for: NULL
LogInit: WinSock: version 1.1 (2.2), MaxSocks=32767, MaxUdp=65467
LogOnline: OSS: TryLoadSubsystemAndSetDefault: Loaded subsystem for module [NULL]
LogOculusPluginWrapper: OculusPlugin initialized successfully
LogHMD: Failed initializing OVRPlugin 1.59.0
LogInit: Build: ++UE4+Release-4.27-CL-18319896
LogInit: Engine Version: 4.27.2-18319896+++UE4+Release-4.27
LogInit: Compatible Engine Version: 4.27.0-17155196+++UE4+Release-4.27
LogInit: Net CL: 17155196
LogInit: OS: Windows 10 (Release 2009) (), CPU: Intel(R) Core(TM) i7-4790K CPU @ 4.00GHz, GPU: NVIDIA GeForce GTX 980
LogInit: Compiled (64-bit): Nov 30 2021 07:12:08
LogInit: Compiled with Visual C++: 19.24.28315.00
LogInit: Build Configuration: Development
LogInit: Branch Name: ++UE4+Release-4.27
LogInit: Command Line:  /Game/Map/Minimal_Default -game -PIEVIACONSOLE -Multiprocess GameUserSettingsINI=D:/HoVR-3.0/HovR2/HoVR/Saved/Config/Windows/PIEGameUserSettings0.ini -MultiprocessSaveConfig -forcepassthrough -messaging -SessionName="Play in Standalone Game" -windowed -WinX=320 -WinY=184 SAVEWINPOS=1 -ResX=1280 -ResY=720
LogInit: Base Directory: C:/Program Files/Epic Games/UE_4.27/Engine/Binaries/Win64/
LogInit: Allocator: TBB
LogInit: Installed Engine Build: 1
LogDevObjectVersion: Number of dev versions registered: 29
LogDevObjectVersion:   Dev-Blueprints (B0D832E4-1F89-4F0D-ACCF-7EB736FD4AA2): 10
LogDevObjectVersion:   Dev-Build (E1C64328-A22C-4D53-A36C-8E866417BD8C): 0
LogDevObjectVersion:   Dev-Core (375EC13C-06E4-48FB-B500-84F0262A717E): 4
LogDevObjectVersion:   Dev-Editor (E4B068ED-F494-42E9-A231-DA0B2E46BB41): 40
LogDevObjectVersion:   Dev-Framework (CFFC743F-43B0-4480-9391-14DF171D2073): 37
LogDevObjectVersion:   Dev-Mobile (B02B49B5-BB20-44E9-A304-32B752E40360): 3
LogDevObjectVersion:   Dev-Networking (A4E4105C-59A1-49B5-A7C5-40C4547EDFEE): 0
LogDevObjectVersion:   Dev-Online (39C831C9-5AE6-47DC-9A44-9C173E1C8E7C): 0
LogDevObjectVersion:   Dev-Physics (78F01B33-EBEA-4F98-B9B4-84EACCB95AA2): 14
LogDevObjectVersion:   Dev-Platform (6631380F-2D4D-43E0-8009-CF276956A95A): 0
LogDevObjectVersion:   Dev-Rendering (12F88B9F-8875-4AFC-A67C-D90C383ABD29): 45
LogDevObjectVersion:   Dev-Sequencer (7B5AE74C-D270-4C10-A958-57980B212A5A): 13
LogDevObjectVersion:   Dev-VR (D7296918-1DD6-4BDD-9DE2-64A83CC13884): 3
LogDevObjectVersion:   Dev-LoadTimes (C2A15278-BFE7-4AFE-6C17-90FF531DF755): 1
LogDevObjectVersion:   Private-Geometry (6EACA3D4-40EC-4CC1-B786-8BED09428FC5): 3
LogDevObjectVersion:   Dev-AnimPhys (29E575DD-E0A3-4627-9D10-D276232CDCEA): 17
LogDevObjectVersion:   Dev-Anim (AF43A65D-7FD3-4947-9873-3E8ED9C1BB05): 15
LogDevObjectVersion:   Dev-ReflectionCapture (6B266CEC-1EC7-4B8F-A30B-E4D90942FC07): 1
LogDevObjectVersion:   Dev-Automation (0DF73D61-A23F-47EA-B727-89E90C41499A): 1
LogDevObjectVersion:   FortniteMain (601D1886-AC64-4F84-AA16-D3DE0DEAC7D6): 47
LogDevObjectVersion:   FortniteRelease (E7086368-6B23-4C58-8439-1B7016265E91): 1
LogDevObjectVersion:   Dev-Enterprise (9DFFBCD6-494F-0158-E221-12823C92A888): 10
LogDevObjectVersion:   Dev-Niagara (F2AED0AC-9AFE-416F-8664-AA7FFA26D6FC): 1
LogDevObjectVersion:   Dev-Destruction (174F1F0B-B4C6-45A5-B13F-2EE8D0FB917D): 10
LogDevObjectVersion:   Dev-Physics-Ext (35F94A83-E258-406C-A318-09F59610247C): 41
LogDevObjectVersion:   Dev-PhysicsMaterial-Chaos (B68FC16E-8B1B-42E2-B453-215C058844FE): 1
LogDevObjectVersion:   Dev-CineCamera (B2E18506-4273-CFC2-A54E-F4BB758BBA07): 1
LogDevObjectVersion:   Dev-VirtualProduction (64F58936-FD1B-42BA-BA96-7289D5D0FA4E): 1
LogDevObjectVersion:   Dev-MediaFramework (6F0ED827-A609-4895-9C91-998D90180EA4): 2
LogInit: Presizing for max 25165824 objects, including 0 objects not considered by GC, pre-allocating 0 bytes for permanent pool.
LogConfig: Applying CVar settings from Section [/Script/Engine.StreamingSettings] File [D:/HoVR-3.0/HovR2/HoVR/Saved/Config/Windows/Engine.ini]
LogConfig: Setting CVar [[s.MinBulkDataSizeForAsyncLoading:131072]]
LogConfig: Setting CVar [[s.AsyncLoadingThreadEnabled:0]]
LogConfig: Setting CVar [[s.EventDrivenLoaderEnabled:1]]
LogConfig: Setting CVar [[s.WarnIfTimeLimitExceeded:0]]
LogConfig: Setting CVar [[s.TimeLimitExceededMultiplier:1.5]]
LogConfig: Setting CVar [[s.TimeLimitExceededMinTime:0.005]]
LogConfig: Setting CVar [[s.UseBackgroundLevelStreaming:1]]
LogConfig: Setting CVar [[s.PriorityAsyncLoadingExtraTime:15.0]]
LogConfig: Setting CVar [[s.LevelStreamingActorsUpdateTimeLimit:5.0]]
LogConfig: Setting CVar [[s.PriorityLevelStreamingActorsUpdateExtraTime:5.0]]
LogConfig: Setting CVar [[s.LevelStreamingComponentsRegistrationGranularity:10]]
LogConfig: Setting CVar [[s.UnregisterComponentsTimeLimit:1.0]]
LogConfig: Setting CVar [[s.LevelStreamingComponentsUnregistrationGranularity:5]]
LogConfig: Setting CVar [[s.FlushStreamingOnExit:1]]
LogInit: Object subsystem initialized
LogConfig: Setting CVar [[con.DebugEarlyDefault:1]]
LogConfig: Setting CVar [[r.setres:1280x720]]
[2022.04.26-13.19.43:945][  0]LogConfig: Setting CVar [[con.DebugEarlyDefault:1]]
[2022.04.26-13.19.43:945][  0]LogConfig: Setting CVar [[r.setres:1280x720]]
[2022.04.26-13.19.43:945][  0]LogConfig: Applying CVar settings from Section [/Script/Engine.RendererSettings] File [D:/HoVR-3.0/HovR2/HoVR/Saved/Config/Windows/Engine.ini]
[2022.04.26-13.19.43:945][  0]LogConfig: Setting CVar [[r.GPUCrashDebugging:0]]
[2022.04.26-13.19.43:945][  0]LogConfig: Applying CVar settings from Section [/Script/Engine.RendererOverrideSettings] File [D:/HoVR-3.0/HovR2/HoVR/Saved/Config/Windows/Engine.ini]
[2022.04.26-13.19.43:945][  0]LogConfig: Applying CVar settings from Section [/Script/Engine.StreamingSettings] File [D:/HoVR-3.0/HovR2/HoVR/Saved/Config/Windows/Engine.ini]
[2022.04.26-13.19.43:945][  0]LogConfig: Setting CVar [[s.MinBulkDataSizeForAsyncLoading:131072]]
[2022.04.26-13.19.43:945][  0]LogConfig: Setting CVar [[s.AsyncLoadingThreadEnabled:0]]
[2022.04.26-13.19.43:945][  0]LogConfig: Setting CVar [[s.EventDrivenLoaderEnabled:1]]
[2022.04.26-13.19.43:945][  0]LogConfig: Setting CVar [[s.WarnIfTimeLimitExceeded:0]]
[2022.04.26-13.19.43:945][  0]LogConfig: Setting CVar [[s.TimeLimitExceededMultiplier:1.5]]
[2022.04.26-13.19.43:945][  0]LogConfig: Setting CVar [[s.TimeLimitExceededMinTime:0.005]]
[2022.04.26-13.19.43:945][  0]LogConfig: Setting CVar [[s.UseBackgroundLevelStreaming:1]]
[2022.04.26-13.19.43:945][  0]LogConfig: Setting CVar [[s.PriorityAsyncLoadingExtraTime:15.0]]
[2022.04.26-13.19.43:945][  0]LogConfig: Setting CVar [[s.LevelStreamingActorsUpdateTimeLimit:5.0]]
[2022.04.26-13.19.43:945][  0]LogConfig: Setting CVar [[s.PriorityLevelStreamingActorsUpdateExtraTime:5.0]]
[2022.04.26-13.19.43:945][  0]LogConfig: Setting CVar [[s.LevelStreamingComponentsRegistrationGranularity:10]]
[2022.04.26-13.19.43:945][  0]LogConfig: Setting CVar [[s.UnregisterComponentsTimeLimit:1.0]]
[2022.04.26-13.19.43:945][  0]LogConfig: Setting CVar [[s.LevelStreamingComponentsUnregistrationGranularity:5]]
[2022.04.26-13.19.43:945][  0]LogConfig: Setting CVar [[s.FlushStreamingOnExit:1]]
[2022.04.26-13.19.43:945][  0]LogConfig: Applying CVar settings from Section [/Script/Engine.GarbageCollectionSettings] File [D:/HoVR-3.0/HovR2/HoVR/Saved/Config/Windows/Engine.ini]
[2022.04.26-13.19.43:945][  0]LogConfig: Setting CVar [[gc.MaxObjectsNotConsideredByGC:1]]
[2022.04.26-13.19.43:945][  0]LogConfig: Setting CVar [[gc.SizeOfPermanentObjectPool:0]]
[2022.04.26-13.19.43:945][  0]LogConfig: Setting CVar [[gc.FlushStreamingOnGC:0]]
[2022.04.26-13.19.43:945][  0]LogConfig: Setting CVar [[gc.NumRetriesBeforeForcingGC:10]]
[2022.04.26-13.19.43:945][  0]LogConfig: Setting CVar [[gc.AllowParallelGC:1]]
[2022.04.26-13.19.43:945][  0]LogConfig: Setting CVar [[gc.TimeBetweenPurgingPendingKillObjects:61.1]]
[2022.04.26-13.19.43:945][  0]LogConfig: Setting CVar [[gc.MaxObjectsInEditor:25165824]]
[2022.04.26-13.19.43:945][  0]LogConfig: Setting CVar [[gc.IncrementalBeginDestroyEnabled:1]]
[2022.04.26-13.19.43:945][  0]LogConfig: Setting CVar [[gc.CreateGCClusters:1]]
[2022.04.26-13.19.43:945][  0]LogConfig: Setting CVar [[gc.MinGCClusterSize:5]]
[2022.04.26-13.19.43:945][  0]LogConfig: Setting CVar [[gc.ActorClusteringEnabled:0]]
[2022.04.26-13.19.43:945][  0]LogConfig: Setting CVar [[gc.BlueprintClusteringEnabled:0]]
[2022.04.26-13.19.43:945][  0]LogConfig: Setting CVar [[gc.UseDisregardForGCOnDedicatedServers:0]]
[2022.04.26-13.19.43:946][  0]LogConfig: Setting CVar [[gc.MultithreadedDestructionEnabled:1]]
[2022.04.26-13.19.43:946][  0]LogConfig: Applying CVar settings from Section [/Script/Engine.NetworkSettings] File [D:/HoVR-3.0/HovR2/HoVR/Saved/Config/Windows/Engine.ini]
[2022.04.26-13.19.43:946][  0]LogConfig: Applying CVar settings from Section [/Script/UnrealEd.CookerSettings] File [D:/HoVR-3.0/HovR2/HoVR/Saved/Config/Windows/Engine.ini]
[2022.04.26-13.19.43:973][  0]LogConfig: Applying CVar settings from Section [ViewDistanceQuality@3] File [D:/HoVR-3.0/HovR2/HoVR/Saved/Config/Windows/Scalability.ini]
[2022.04.26-13.19.43:973][  0]LogConfig: Setting CVar [[r.SkeletalMeshLODBias:0]]
[2022.04.26-13.19.43:973][  0]LogConfig: Setting CVar [[r.ViewDistanceScale:1.0]]
[2022.04.26-13.19.43:973][  0]LogConfig: Applying CVar settings from Section [AntiAliasingQuality@3] File [D:/HoVR-3.0/HovR2/HoVR/Saved/Config/Windows/Scalability.ini]
[2022.04.26-13.19.43:973][  0]LogConfig: Setting CVar [[r.PostProcessAAQuality:4]]
[2022.04.26-13.19.43:973][  0]LogConfig: Applying CVar settings from Section [ShadowQuality@3] File [D:/HoVR-3.0/HovR2/HoVR/Saved/Config/Windows/Scalability.ini]
[2022.04.26-13.19.43:973][  0]LogConfig: Setting CVar [[r.LightFunctionQuality:1]]
[2022.04.26-13.19.43:973][  0]LogConfig: Setting CVar [[r.ShadowQuality:5]]
[2022.04.26-13.19.43:973][  0]LogConfig: Setting CVar [[r.Shadow.CSM.MaxCascades:10]]
[2022.04.26-13.19.43:973][  0]LogConfig: Setting CVar [[r.Shadow.MaxResolution:2048]]
[2022.04.26-13.19.43:973][  0]LogConfig: Setting CVar [[r.Shadow.MaxCSMResolution:2048]]
[2022.04.26-13.19.43:973][  0]LogConfig: Setting CVar [[r.Shadow.RadiusThreshold:0.01]]
[2022.04.26-13.19.43:973][  0]LogConfig: Setting CVar [[r.Shadow.DistanceScale:1.0]]
[2022.04.26-13.19.43:973][  0]LogConfig: Setting CVar [[r.Shadow.CSM.TransitionScale:1.0]]
[2022.04.26-13.19.43:973][  0]LogConfig: Setting CVar [[r.Shadow.PreShadowResolutionFactor:1.0]]
[2022.04.26-13.19.43:973][  0]LogConfig: Setting CVar [[r.DistanceFieldShadowing:1]]
[2022.04.26-13.19.43:973][  0]LogConfig: Setting CVar [[r.DistanceFieldAO:1]]
[2022.04.26-13.19.43:973][  0]LogConfig: Setting CVar [[r.AOQuality:2]]
[2022.04.26-13.19.43:973][  0]LogConfig: Setting CVar [[r.VolumetricFog:1]]
[2022.04.26-13.19.43:973][  0]LogConfig: Setting CVar [[r.VolumetricFog.GridPixelSize:8]]
[2022.04.26-13.19.43:973][  0]LogConfig: Setting CVar [[r.VolumetricFog.GridSizeZ:128]]
[2022.04.26-13.19.43:973][  0]LogConfig: Setting CVar [[r.VolumetricFog.HistoryMissSupersampleCount:4]]
[2022.04.26-13.19.43:973][  0]LogConfig: Setting CVar [[r.LightMaxDrawDistanceScale:1]]
[2022.04.26-13.19.43:973][  0]LogConfig: Setting CVar [[r.CapsuleShadows:1]]
[2022.04.26-13.19.43:973][  0]LogConfig: Applying CVar settings from Section [PostProcessQuality@3] File [D:/HoVR-3.0/HovR2/HoVR/Saved/Config/Windows/Scalability.ini]
[2022.04.26-13.19.43:973][  0]LogConfig: Setting CVar [[r.MotionBlurQuality:4]]
[2022.04.26-13.19.43:973][  0]LogConfig: Setting CVar [[r.AmbientOcclusionMipLevelFactor:0.4]]
[2022.04.26-13.19.43:973][  0]LogConfig: Setting CVar [[r.AmbientOcclusionMaxQuality:100]]
[2022.04.26-13.19.43:973][  0]LogConfig: Setting CVar [[r.AmbientOcclusionLevels:-1]]
[2022.04.26-13.19.43:973][  0]LogConfig: Setting CVar [[r.AmbientOcclusionRadiusScale:1.0]]
[2022.04.26-13.19.43:973][  0]LogConfig: Setting CVar [[r.DepthOfFieldQuality:2]]
[2022.04.26-13.19.43:973][  0]LogConfig: Setting CVar [[r.RenderTargetPoolMin:400]]
[2022.04.26-13.19.43:973][  0]LogConfig: Setting CVar [[r.LensFlareQuality:2]]
[2022.04.26-13.19.43:973][  0]LogConfig: Setting CVar [[r.SceneColorFringeQuality:1]]
[2022.04.26-13.19.43:973][  0]LogConfig: Setting CVar [[r.EyeAdaptationQuality:2]]
[2022.04.26-13.19.43:973][  0]LogConfig: Setting CVar [[r.BloomQuality:5]]
[2022.04.26-13.19.43:973][  0]LogConfig: Setting CVar [[r.FastBlurThreshold:100]]
[2022.04.26-13.19.43:973][  0]LogConfig: Setting CVar [[r.Upscale.Quality:3]]
[2022.04.26-13.19.43:973][  0]LogConfig: Setting CVar [[r.Tonemapper.GrainQuantization:1]]
[2022.04.26-13.19.43:973][  0]LogConfig: Setting CVar [[r.LightShaftQuality:1]]
[2022.04.26-13.19.43:973][  0]LogConfig: Setting CVar [[r.Filter.SizeScale:1]]
[2022.04.26-13.19.43:973][  0]LogConfig: Setting CVar [[r.Tonemapper.Quality:5]]
[2022.04.26-13.19.43:973][  0]LogConfig: Setting CVar [[r.DOF.Gather.AccumulatorQuality:1        ; higher gathering accumulator quality]]
[2022.04.26-13.19.43:973][  0]LogConfig: Setting CVar [[r.DOF.Gather.PostfilterMethod:1          ; Median3x3 postfilering method]]
[2022.04.26-13.19.43:973][  0]LogConfig: Setting CVar [[r.DOF.Gather.EnableBokehSettings:0       ; no bokeh simulation when gathering]]
[2022.04.26-13.19.43:973][  0]LogConfig: Setting CVar [[r.DOF.Gather.RingCount:4                 ; medium number of samples when gathering]]
[2022.04.26-13.19.43:973][  0]LogConfig: Setting CVar [[r.DOF.Scatter.ForegroundCompositing:1    ; additive foreground scattering]]
[2022.04.26-13.19.43:973][  0]LogConfig: Setting CVar [[r.DOF.Scatter.BackgroundCompositing:2    ; additive background scattering]]
[2022.04.26-13.19.43:973][  0]LogConfig: Setting CVar [[r.DOF.Scatter.EnableBokehSettings:1      ; bokeh simulation when scattering]]
[2022.04.26-13.19.43:973][  0]LogConfig: Setting CVar [[r.DOF.Scatter.MaxSpriteRatio:0.1         ; only a maximum of 10% of scattered bokeh]]
[2022.04.26-13.19.43:973][  0]LogConfig: Setting CVar [[r.DOF.Recombine.Quality:1                ; cheap slight out of focus]]
[2022.04.26-13.19.43:973][  0]LogConfig: Setting CVar [[r.DOF.Recombine.EnableBokehSettings:0    ; no bokeh simulation on slight out of focus]]
[2022.04.26-13.19.43:973][  0]LogConfig: Setting CVar [[r.DOF.TemporalAAQuality:1                ; more stable temporal accumulation]]
[2022.04.26-13.19.43:974][  0]LogConfig: Setting CVar [[r.DOF.Kernel.MaxForegroundRadius:0.025]]
[2022.04.26-13.19.43:974][  0]LogConfig: Setting CVar [[r.DOF.Kernel.MaxBackgroundRadius:0.025]]
[2022.04.26-13.19.43:974][  0]LogConfig: Applying CVar settings from Section [TextureQuality@3] File [D:/HoVR-3.0/HovR2/HoVR/Saved/Config/Windows/Scalability.ini]
[2022.04.26-13.19.43:974][  0]LogConfig: Setting CVar [[r.Streaming.MipBias:0]]
[2022.04.26-13.19.43:974][  0]LogConfig: Setting CVar [[r.Streaming.AmortizeCPUToGPUCopy:0]]
[2022.04.26-13.19.43:974][  0]LogConfig: Setting CVar [[r.Streaming.MaxNumTexturesToStreamPerFrame:0]]
[2022.04.26-13.19.43:974][  0]LogConfig: Setting CVar [[r.Streaming.Boost:1]]
[2022.04.26-13.19.43:974][  0]LogConfig: Setting CVar [[r.MaxAnisotropy:8]]
[2022.04.26-13.19.43:974][  0]LogConfig: Setting CVar [[r.VT.MaxAnisotropy:8]]
[2022.04.26-13.19.43:974][  0]LogConfig: Setting CVar [[r.Streaming.LimitPoolSizeToVRAM:0]]
[2022.04.26-13.19.43:974][  0]LogConfig: Setting CVar [[r.Streaming.PoolSize:1000]]
[2022.04.26-13.19.43:974][  0]LogConfig: Setting CVar [[r.Streaming.MaxEffectiveScreenSize:0]]
[2022.04.26-13.19.43:974][  0]LogConfig: Applying CVar settings from Section [EffectsQuality@3] File [D:/HoVR-3.0/HovR2/HoVR/Saved/Config/Windows/Scalability.ini]
[2022.04.26-13.19.43:974][  0]LogConfig: Setting CVar [[r.TranslucencyLightingVolumeDim:64]]
[2022.04.26-13.19.43:974][  0]LogConfig: Setting CVar [[r.RefractionQuality:2]]
[2022.04.26-13.19.43:974][  0]LogConfig: Setting CVar [[r.SSR.Quality:3]]
[2022.04.26-13.19.43:974][  0]LogConfig: Setting CVar [[r.SSR.HalfResSceneColor:0]]
[2022.04.26-13.19.43:974][  0]LogConfig: Setting CVar [[r.SceneColorFormat:4]]
[2022.04.26-13.19.43:974][  0]LogConfig: Setting CVar [[r.DetailMode:2]]
[2022.04.26-13.19.43:974][  0]LogConfig: Setting CVar [[r.TranslucencyVolumeBlur:1]]
[2022.04.26-13.19.43:974][  0]LogConfig: Setting CVar [[r.MaterialQualityLevel:1 ; High quality]]
[2022.04.26-13.19.43:974][  0]LogConfig: Setting CVar [[r.AnisotropicMaterials:1]]
[2022.04.26-13.19.43:974][  0]LogConfig: Setting CVar [[r.SSS.Scale:1]]
[2022.04.26-13.19.43:974][  0]LogConfig: Setting CVar [[r.SSS.SampleSet:2]]
[2022.04.26-13.19.43:974][  0]LogConfig: Setting CVar [[r.SSS.Quality:1]]
[2022.04.26-13.19.43:974][  0]LogConfig: Setting CVar [[r.SSS.HalfRes:0]]
[2022.04.26-13.19.43:974][  0]LogConfig: Setting CVar [[r.SSGI.Quality:3]]
[2022.04.26-13.19.43:974][  0]LogConfig: Setting CVar [[r.EmitterSpawnRateScale:1.0]]
[2022.04.26-13.19.43:974][  0]LogConfig: Setting CVar [[r.ParticleLightQuality:2]]
[2022.04.26-13.19.43:974][  0]LogConfig: Setting CVar [[r.SkyAtmosphere.AerialPerspectiveLUT.FastApplyOnOpaque:1 ; Always have FastSkyLUT 1 in this case to avoid wrong sky]]
[2022.04.26-13.19.43:974][  0]LogConfig: Setting CVar [[r.SkyAtmosphere.AerialPerspectiveLUT.SampleCountMaxPerSlice:4]]
[2022.04.26-13.19.43:974][  0]LogConfig: Setting CVar [[r.SkyAtmosphere.AerialPerspectiveLUT.DepthResolution:16.0]]
[2022.04.26-13.19.43:974][  0]LogConfig: Setting CVar [[r.SkyAtmosphere.FastSkyLUT:1]]
[2022.04.26-13.19.43:974][  0]LogConfig: Setting CVar [[r.SkyAtmosphere.FastSkyLUT.SampleCountMin:4.0]]
[2022.04.26-13.19.43:974][  0]LogConfig: Setting CVar [[r.SkyAtmosphere.FastSkyLUT.SampleCountMax:128.0]]
[2022.04.26-13.19.43:974][  0]LogConfig: Setting CVar [[r.SkyAtmosphere.SampleCountMin:4.0]]
[2022.04.26-13.19.43:974][  0]LogConfig: Setting CVar [[r.SkyAtmosphere.SampleCountMax:128.0]]
[2022.04.26-13.19.43:974][  0]LogConfig: Setting CVar [[r.SkyAtmosphere.TransmittanceLUT.UseSmallFormat:0]]
[2022.04.26-13.19.43:974][  0]LogConfig: Setting CVar [[r.SkyAtmosphere.TransmittanceLUT.SampleCount:10.0]]
[2022.04.26-13.19.43:974][  0]LogConfig: Setting CVar [[r.SkyAtmosphere.MultiScatteringLUT.SampleCount:15.0]]
[2022.04.26-13.19.43:974][  0]LogConfig: Setting CVar [[r.SkyLight.RealTimeReflectionCapture:1]]
[2022.04.26-13.19.43:974][  0]LogConfig: Applying CVar settings from Section [FoliageQuality@3] File [D:/HoVR-3.0/HovR2/HoVR/Saved/Config/Windows/Scalability.ini]
[2022.04.26-13.19.43:974][  0]LogConfig: Setting CVar [[foliage.DensityScale:1.0]]
[2022.04.26-13.19.43:974][  0]LogConfig: Setting CVar [[grass.DensityScale:1.0]]
[2022.04.26-13.19.43:974][  0]LogConfig: Applying CVar settings from Section [ShadingQuality@3] File [D:/HoVR-3.0/HovR2/HoVR/Saved/Config/Windows/Scalability.ini]
[2022.04.26-13.19.43:974][  0]LogConfig: Setting CVar [[r.HairStrands.SkyLighting.IntegrationType:2]]
[2022.04.26-13.19.43:974][  0]LogConfig: Setting CVar [[r.HairStrands.SkyAO.SampleCount:4]]
[2022.04.26-13.19.43:974][  0]LogConfig: Setting CVar [[r.HairStrands.Visibility.MSAA.SamplePerPixel:4]]
[2022.04.26-13.19.43:974][  0]LogInit: Selected Device Profile: [Windows]
[2022.04.26-13.19.43:974][  0]LogInit: Applying CVar settings loaded from the selected device profile: [Windows]
[2022.04.26-13.19.43:974][  0]LogHAL: Display: Platform has ~ 32 GB [34191572992 / 34359738368 / 32], which maps to Largest [LargestMinGB=32, LargerMinGB=12, DefaultMinGB=8, SmallerMinGB=6, SmallestMinGB=0)
[2022.04.26-13.19.43:974][  0]LogInit: Going up to parent DeviceProfile []
[2022.04.26-13.19.43:974][  0]LogConfig: Applying CVar settings from Section [ViewDistanceQuality@3] File [D:/HoVR-3.0/HovR2/HoVR/Saved/Config/Windows/Scalability.ini]
[2022.04.26-13.19.43:974][  0]LogConfig: Setting CVar [[r.SkeletalMeshLODBias:0]]
[2022.04.26-13.19.43:974][  0]LogConfig: Setting CVar [[r.ViewDistanceScale:1.0]]
[2022.04.26-13.19.43:974][  0]LogConfig: Applying CVar settings from Section [AntiAliasingQuality@3] File [D:/HoVR-3.0/HovR2/HoVR/Saved/Config/Windows/Scalability.ini]
[2022.04.26-13.19.43:974][  0]LogConfig: Setting CVar [[r.PostProcessAAQuality:4]]
[2022.04.26-13.19.43:974][  0]LogConfig: Applying CVar settings from Section [ShadowQuality@3] File [D:/HoVR-3.0/HovR2/HoVR/Saved/Config/Windows/Scalability.ini]
[2022.04.26-13.19.43:974][  0]LogConfig: Setting CVar [[r.LightFunctionQuality:1]]
[2022.04.26-13.19.43:974][  0]LogConfig: Setting CVar [[r.ShadowQuality:5]]
[2022.04.26-13.19.43:974][  0]LogConfig: Setting CVar [[r.Shadow.CSM.MaxCascades:10]]
[2022.04.26-13.19.43:974][  0]LogConfig: Setting CVar [[r.Shadow.MaxResolution:2048]]
[2022.04.26-13.19.43:974][  0]LogConfig: Setting CVar [[r.Shadow.MaxCSMResolution:2048]]
[2022.04.26-13.19.43:974][  0]LogConfig: Setting CVar [[r.Shadow.RadiusThreshold:0.01]]
[2022.04.26-13.19.43:974][  0]LogConfig: Setting CVar [[r.Shadow.DistanceScale:1.0]]
[2022.04.26-13.19.43:974][  0]LogConfig: Setting CVar [[r.Shadow.CSM.TransitionScale:1.0]]
[2022.04.26-13.19.43:974][  0]LogConfig: Setting CVar [[r.Shadow.PreShadowResolutionFactor:1.0]]
[2022.04.26-13.19.43:974][  0]LogConfig: Setting CVar [[r.DistanceFieldShadowing:1]]
[2022.04.26-13.19.43:974][  0]LogConfig: Setting CVar [[r.DistanceFieldAO:1]]
[2022.04.26-13.19.43:974][  0]LogConfig: Setting CVar [[r.AOQuality:2]]
[2022.04.26-13.19.43:975][  0]LogConfig: Setting CVar [[r.VolumetricFog:1]]
[2022.04.26-13.19.43:975][  0]LogConfig: Setting CVar [[r.VolumetricFog.GridPixelSize:8]]
[2022.04.26-13.19.43:975][  0]LogConfig: Setting CVar [[r.VolumetricFog.GridSizeZ:128]]
[2022.04.26-13.19.43:975][  0]LogConfig: Setting CVar [[r.VolumetricFog.HistoryMissSupersampleCount:4]]
[2022.04.26-13.19.43:975][  0]LogConfig: Setting CVar [[r.LightMaxDrawDistanceScale:1]]
[2022.04.26-13.19.43:975][  0]LogConfig: Setting CVar [[r.CapsuleShadows:1]]
[2022.04.26-13.19.43:975][  0]LogConfig: Applying CVar settings from Section [PostProcessQuality@3] File [D:/HoVR-3.0/HovR2/HoVR/Saved/Config/Windows/Scalability.ini]
[2022.04.26-13.19.43:975][  0]LogConfig: Setting CVar [[r.MotionBlurQuality:4]]
[2022.04.26-13.19.43:975][  0]LogConfig: Setting CVar [[r.AmbientOcclusionMipLevelFactor:0.4]]
[2022.04.26-13.19.43:975][  0]LogConfig: Setting CVar [[r.AmbientOcclusionMaxQuality:100]]
[2022.04.26-13.19.43:975][  0]LogConfig: Setting CVar [[r.AmbientOcclusionLevels:-1]]
[2022.04.26-13.19.43:975][  0]LogConfig: Setting CVar [[r.AmbientOcclusionRadiusScale:1.0]]
[2022.04.26-13.19.43:975][  0]LogConfig: Setting CVar [[r.DepthOfFieldQuality:2]]
[2022.04.26-13.19.43:975][  0]LogConfig: Setting CVar [[r.RenderTargetPoolMin:400]]
[2022.04.26-13.19.43:975][  0]LogConfig: Setting CVar [[r.LensFlareQuality:2]]
[2022.04.26-13.19.43:975][  0]LogConfig: Setting CVar [[r.SceneColorFringeQuality:1]]
[2022.04.26-13.19.43:975][  0]LogConfig: Setting CVar [[r.EyeAdaptationQuality:2]]
[2022.04.26-13.19.43:975][  0]LogConfig: Setting CVar [[r.BloomQuality:5]]
[2022.04.26-13.19.43:975][  0]LogConfig: Setting CVar [[r.FastBlurThreshold:100]]
[2022.04.26-13.19.43:975][  0]LogConfig: Setting CVar [[r.Upscale.Quality:3]]
[2022.04.26-13.19.43:975][  0]LogConfig: Setting CVar [[r.Tonemapper.GrainQuantization:1]]
[2022.04.26-13.19.43:975][  0]LogConfig: Setting CVar [[r.LightShaftQuality:1]]
[2022.04.26-13.19.43:975][  0]LogConfig: Setting CVar [[r.Filter.SizeScale:1]]
[2022.04.26-13.19.43:975][  0]LogConfig: Setting CVar [[r.Tonemapper.Quality:5]]
[2022.04.26-13.19.43:975][  0]LogConfig: Setting CVar [[r.DOF.Gather.AccumulatorQuality:1        ; higher gathering accumulator quality]]
[2022.04.26-13.19.43:975][  0]LogConfig: Setting CVar [[r.DOF.Gather.PostfilterMethod:1          ; Median3x3 postfilering method]]
[2022.04.26-13.19.43:975][  0]LogConfig: Setting CVar [[r.DOF.Gather.EnableBokehSettings:0       ; no bokeh simulation when gathering]]
[2022.04.26-13.19.43:975][  0]LogConfig: Setting CVar [[r.DOF.Gather.RingCount:4                 ; medium number of samples when gathering]]
[2022.04.26-13.19.43:975][  0]LogConfig: Setting CVar [[r.DOF.Scatter.ForegroundCompositing:1    ; additive foreground scattering]]
[2022.04.26-13.19.43:975][  0]LogConfig: Setting CVar [[r.DOF.Scatter.BackgroundCompositing:2    ; additive background scattering]]
[2022.04.26-13.19.43:975][  0]LogConfig: Setting CVar [[r.DOF.Scatter.EnableBokehSettings:1      ; bokeh simulation when scattering]]
[2022.04.26-13.19.43:975][  0]LogConfig: Setting CVar [[r.DOF.Scatter.MaxSpriteRatio:0.1         ; only a maximum of 10% of scattered bokeh]]
[2022.04.26-13.19.43:975][  0]LogConfig: Setting CVar [[r.DOF.Recombine.Quality:1                ; cheap slight out of focus]]
[2022.04.26-13.19.43:975][  0]LogConfig: Setting CVar [[r.DOF.Recombine.EnableBokehSettings:0    ; no bokeh simulation on slight out of focus]]
[2022.04.26-13.19.43:975][  0]LogConfig: Setting CVar [[r.DOF.TemporalAAQuality:1                ; more stable temporal accumulation]]
[2022.04.26-13.19.43:975][  0]LogConfig: Setting CVar [[r.DOF.Kernel.MaxForegroundRadius:0.025]]
[2022.04.26-13.19.43:975][  0]LogConfig: Setting CVar [[r.DOF.Kernel.MaxBackgroundRadius:0.025]]
[2022.04.26-13.19.43:975][  0]LogConfig: Applying CVar settings from Section [TextureQuality@3] File [D:/HoVR-3.0/HovR2/HoVR/Saved/Config/Windows/Scalability.ini]
[2022.04.26-13.19.43:975][  0]LogConfig: Setting CVar [[r.Streaming.MipBias:0]]
[2022.04.26-13.19.43:975][  0]LogConfig: Setting CVar [[r.Streaming.AmortizeCPUToGPUCopy:0]]
[2022.04.26-13.19.43:975][  0]LogConfig: Setting CVar [[r.Streaming.MaxNumTexturesToStreamPerFrame:0]]
[2022.04.26-13.19.43:975][  0]LogConfig: Setting CVar [[r.Streaming.Boost:1]]
[2022.04.26-13.19.43:975][  0]LogConfig: Setting CVar [[r.MaxAnisotropy:8]]
[2022.04.26-13.19.43:975][  0]LogConfig: Setting CVar [[r.VT.MaxAnisotropy:8]]
[2022.04.26-13.19.43:975][  0]LogConfig: Setting CVar [[r.Streaming.LimitPoolSizeToVRAM:0]]
[2022.04.26-13.19.43:975][  0]LogConfig: Setting CVar [[r.Streaming.PoolSize:1000]]
[2022.04.26-13.19.43:975][  0]LogConfig: Setting CVar [[r.Streaming.MaxEffectiveScreenSize:0]]
[2022.04.26-13.19.43:975][  0]LogConfig: Applying CVar settings from Section [EffectsQuality@3] File [D:/HoVR-3.0/HovR2/HoVR/Saved/Config/Windows/Scalability.ini]
[2022.04.26-13.19.43:975][  0]LogConfig: Setting CVar [[r.TranslucencyLightingVolumeDim:64]]
[2022.04.26-13.19.43:975][  0]LogConfig: Setting CVar [[r.RefractionQuality:2]]
[2022.04.26-13.19.43:975][  0]LogConfig: Setting CVar [[r.SSR.Quality:3]]
[2022.04.26-13.19.43:975][  0]LogConfig: Setting CVar [[r.SSR.HalfResSceneColor:0]]
[2022.04.26-13.19.43:975][  0]LogConfig: Setting CVar [[r.SceneColorFormat:4]]
[2022.04.26-13.19.43:975][  0]LogConfig: Setting CVar [[r.DetailMode:2]]
[2022.04.26-13.19.43:975][  0]LogConfig: Setting CVar [[r.TranslucencyVolumeBlur:1]]
[2022.04.26-13.19.43:975][  0]LogConfig: Setting CVar [[r.MaterialQualityLevel:1 ; High quality]]
[2022.04.26-13.19.43:975][  0]LogConfig: Setting CVar [[r.AnisotropicMaterials:1]]
[2022.04.26-13.19.43:975][  0]LogConfig: Setting CVar [[r.SSS.Scale:1]]
[2022.04.26-13.19.43:975][  0]LogConfig: Setting CVar [[r.SSS.SampleSet:2]]
[2022.04.26-13.19.43:975][  0]LogConfig: Setting CVar [[r.SSS.Quality:1]]
[2022.04.26-13.19.43:975][  0]LogConfig: Setting CVar [[r.SSS.HalfRes:0]]
[2022.04.26-13.19.43:975][  0]LogConfig: Setting CVar [[r.SSGI.Quality:3]]
[2022.04.26-13.19.43:975][  0]LogConfig: Setting CVar [[r.EmitterSpawnRateScale:1.0]]
[2022.04.26-13.19.43:975][  0]LogConfig: Setting CVar [[r.ParticleLightQuality:2]]
[2022.04.26-13.19.43:975][  0]LogConfig: Setting CVar [[r.SkyAtmosphere.AerialPerspectiveLUT.FastApplyOnOpaque:1 ; Always have FastSkyLUT 1 in this case to avoid wrong sky]]
[2022.04.26-13.19.43:975][  0]LogConfig: Setting CVar [[r.SkyAtmosphere.AerialPerspectiveLUT.SampleCountMaxPerSlice:4]]
[2022.04.26-13.19.43:975][  0]LogConfig: Setting CVar [[r.SkyAtmosphere.AerialPerspectiveLUT.DepthResolution:16.0]]
[2022.04.26-13.19.43:975][  0]LogConfig: Setting CVar [[r.SkyAtmosphere.FastSkyLUT:1]]
[2022.04.26-13.19.43:975][  0]LogConfig: Setting CVar [[r.SkyAtmosphere.FastSkyLUT.SampleCountMin:4.0]]
[2022.04.26-13.19.43:975][  0]LogConfig: Setting CVar [[r.SkyAtmosphere.FastSkyLUT.SampleCountMax:128.0]]
[2022.04.26-13.19.43:975][  0]LogConfig: Setting CVar [[r.SkyAtmosphere.SampleCountMin:4.0]]
[2022.04.26-13.19.43:975][  0]LogConfig: Setting CVar [[r.SkyAtmosphere.SampleCountMax:128.0]]
[2022.04.26-13.19.43:975][  0]LogConfig: Setting CVar [[r.SkyAtmosphere.TransmittanceLUT.UseSmallFormat:0]]
[2022.04.26-13.19.43:975][  0]LogConfig: Setting CVar [[r.SkyAtmosphere.TransmittanceLUT.SampleCount:10.0]]
[2022.04.26-13.19.43:975][  0]LogConfig: Setting CVar [[r.SkyAtmosphere.MultiScatteringLUT.SampleCount:15.0]]
[2022.04.26-13.19.43:975][  0]LogConfig: Setting CVar [[r.SkyLight.RealTimeReflectionCapture:1]]
[2022.04.26-13.19.43:975][  0]LogConfig: Applying CVar settings from Section [FoliageQuality@3] File [D:/HoVR-3.0/HovR2/HoVR/Saved/Config/Windows/Scalability.ini]
[2022.04.26-13.19.43:975][  0]LogConfig: Setting CVar [[foliage.DensityScale:1.0]]
[2022.04.26-13.19.43:975][  0]LogConfig: Setting CVar [[grass.DensityScale:1.0]]
[2022.04.26-13.19.43:975][  0]LogConfig: Applying CVar settings from Section [ShadingQuality@3] File [D:/HoVR-3.0/HovR2/HoVR/Saved/Config/Windows/Scalability.ini]
[2022.04.26-13.19.43:975][  0]LogConfig: Setting CVar [[r.HairStrands.SkyLighting.IntegrationType:2]]
[2022.04.26-13.19.43:975][  0]LogConfig: Setting CVar [[r.HairStrands.SkyAO.SampleCount:4]]
[2022.04.26-13.19.43:975][  0]LogConfig: Setting CVar [[r.HairStrands.Visibility.MSAA.SamplePerPixel:4]]
[2022.04.26-13.19.43:975][  0]LogConfig: Applying CVar settings from Section [Startup] File [../../../Engine/Config/ConsoleVariables.ini]
[2022.04.26-13.19.43:976][  0]LogConfig: Setting CVar [[net.UseAdaptiveNetUpdateFrequency:0]]
[2022.04.26-13.19.43:976][  0]LogConfig: Setting CVar [[p.chaos.AllowCreatePhysxBodies:1]]
[2022.04.26-13.19.43:976][  0]LogConfig: Setting CVar [[fx.SkipVectorVMBackendOptimizations:1]]
[2022.04.26-13.19.43:976][  0]LogConfig: Applying CVar settings from Section [ConsoleVariables] File [D:/HoVR-3.0/HovR2/HoVR/Saved/Config/Windows/Engine.ini]
[2022.04.26-13.19.43:976][  0]LogConfig: Applying CVar settings from Section [ConsoleVariables] File [D:/HoVR-3.0/HovR2/HoVR/Saved/Config/Windows/Editor.ini]
[2022.04.26-13.19.43:976][  0]LogInit: Computer: DESKTOP-KUB2QSJ
[2022.04.26-13.19.43:976][  0]LogInit: User: Tank
[2022.04.26-13.19.43:976][  0]LogInit: CPU Page size=4096, Cores=4
[2022.04.26-13.19.43:976][  0]LogInit: High frequency timer resolution =10.000000 MHz
[2022.04.26-13.19.43:976][  0]LogMemory: Memory total: Physical=31.8GB (32GB approx)
[2022.04.26-13.19.43:976][  0]LogMemory: Platform Memory Stats for Windows
[2022.04.26-13.19.43:976][  0]LogMemory: Process Physical Memory: 149.13 MB used, 149.13 MB peak
[2022.04.26-13.19.43:976][  0]LogMemory: Process Virtual Memory: 130.48 MB used, 130.48 MB peak
[2022.04.26-13.19.43:976][  0]LogMemory: Physical Memory: 12524.44 MB used,  20083.18 MB free, 32607.62 MB total
[2022.04.26-13.19.43:976][  0]LogMemory: Virtual Memory: 134198328.00 MB used,  19396.24 MB free, 134217728.00 MB total
[2022.04.26-13.19.43:984][  0]LogWindows: WindowsPlatformFeatures enabled
[2022.04.26-13.19.44:029][  0]LogInit: Physics initialised using underlying interface: PhysX
[2022.04.26-13.19.44:029][  0]LogInit: Using OS detected language (en-GB).
[2022.04.26-13.19.44:029][  0]LogInit: Using OS detected locale (en-GB).
[2022.04.26-13.19.44:032][  0]LogTextLocalizationManager: No specific localization for 'en-GB' exists, so the 'en' localization will be used.
[2022.04.26-13.19.44:329][  0]LogWindowsTextInputMethodSystem: Display: IME system deactivated.
[2022.04.26-13.19.44:377][  0]LogSlate: New Slate User Created.  User Index 0, Is Virtual User: 0
[2022.04.26-13.19.44:377][  0]LogSlate: Slate User Registered.  User Index 0, Is Virtual User: 0
[2022.04.26-13.19.44:415][  0]LogD3D11RHI: Loaded GFSDK_Aftermath_Lib.x64.dll
[2022.04.26-13.19.44:463][  0]LogHMD: Failed to initialize OpenVR with code 108
[2022.04.26-13.19.44:463][  0]LogD3D11RHI: D3D11 min allowed feature level: 11_0
[2022.04.26-13.19.44:463][  0]LogD3D11RHI: D3D11 max allowed feature level: 11_0
[2022.04.26-13.19.44:463][  0]LogD3D11RHI: D3D11 adapters:
[2022.04.26-13.19.44:551][  0]LogD3D11RHI:    0. 'NVIDIA GeForce GTX 980' (Feature Level 11_0)
[2022.04.26-13.19.44:551][  0]LogD3D11RHI:       4053/0/16303 MB DedicatedVideo/DedicatedSystem/SharedSystem, Outputs:1, VendorId:0x10de
[2022.04.26-13.19.44:558][  0]LogD3D11RHI:    1. 'Intel(R) HD Graphics 4600' (Feature Level 11_0)
[2022.04.26-13.19.44:558][  0]LogD3D11RHI:       112/0/2048 MB DedicatedVideo/DedicatedSystem/SharedSystem, Outputs:1, VendorId:0x8086
[2022.04.26-13.19.44:560][  0]LogD3D11RHI:    2. 'Microsoft Basic Render Driver' (Feature Level 11_0)
[2022.04.26-13.19.44:560][  0]LogD3D11RHI:       0/0/16303 MB DedicatedVideo/DedicatedSystem/SharedSystem, Outputs:0, VendorId:0x1414
[2022.04.26-13.19.44:560][  0]LogD3D11RHI: Chosen D3D11 Adapter:
[2022.04.26-13.19.44:560][  0]LogD3D11RHI:     Description : NVIDIA GeForce GTX 980
[2022.04.26-13.19.44:560][  0]LogD3D11RHI:     VendorId    : 10de
[2022.04.26-13.19.44:560][  0]LogD3D11RHI:     DeviceId    : 13c0
[2022.04.26-13.19.44:560][  0]LogD3D11RHI:     SubSysId    : 85181043
[2022.04.26-13.19.44:560][  0]LogD3D11RHI:     Revision    : 00a1
[2022.04.26-13.19.44:560][  0]LogD3D11RHI:     DedicatedVideoMemory : 4250271744 bytes
[2022.04.26-13.19.44:560][  0]LogD3D11RHI:     DedicatedSystemMemory : 0 bytes
[2022.04.26-13.19.44:560][  0]LogD3D11RHI:     SharedSystemMemory : 17095786496 bytes
[2022.04.26-13.19.44:560][  0]LogD3D11RHI:     AdapterLuid : 0 44661
[2022.04.26-13.19.44:564][  0]LogD3D11RHI: Creating new Direct3DDevice
[2022.04.26-13.19.44:564][  0]LogD3D11RHI:     GPU DeviceId: 0x13c0 (for the marketing name, search the web for "GPU Device Id")
[2022.04.26-13.19.44:564][  0]LogWindows: EnumDisplayDevices:
[2022.04.26-13.19.44:564][  0]LogWindows:    0. 'NVIDIA GeForce GTX 980' (P:1 D:1)
[2022.04.26-13.19.44:564][  0]LogWindows:    1. 'NVIDIA GeForce GTX 980' (P:0 D:0)
[2022.04.26-13.19.44:564][  0]LogWindows:    2. 'NVIDIA GeForce GTX 980' (P:0 D:0)
[2022.04.26-13.19.44:565][  0]LogWindows:    3. 'NVIDIA GeForce GTX 980' (P:0 D:0)
[2022.04.26-13.19.44:565][  0]LogWindows:    4. 'Intel(R) HD Graphics 4600' (P:0 D:1)
[2022.04.26-13.19.44:565][  0]LogWindows:    5. 'Intel(R) HD Graphics 4600' (P:0 D:0)
[2022.04.26-13.19.44:565][  0]LogWindows:    6. 'Intel(R) HD Graphics 4600' (P:0 D:0)
[2022.04.26-13.19.44:565][  0]LogWindows: DebugString: PrimaryIsNotTheChoosenAdapter PrimaryIsNotTheChoosenAdapter PrimaryIsNotTheChoosenAdapter FoundDriverCount:4 
[2022.04.26-13.19.44:565][  0]LogD3D11RHI:     Adapter Name: NVIDIA GeForce GTX 980
[2022.04.26-13.19.44:565][  0]LogD3D11RHI:   Driver Version: 471.11 (internal:30.0.14.7111, unified:471.11)
[2022.04.26-13.19.44:565][  0]LogD3D11RHI:      Driver Date: 6-21-2021
[2022.04.26-13.19.44:565][  0]LogRHI: Texture pool is 2837 MB (70% of 4053 MB)
[2022.04.26-13.19.44:565][  0]LogD3D11RHI: Creating D3DDevice using adapter:
[2022.04.26-13.19.44:565][  0]LogD3D11RHI:     Description : NVIDIA GeForce GTX 980
[2022.04.26-13.19.44:565][  0]LogD3D11RHI:     VendorId    : 10de
[2022.04.26-13.19.44:565][  0]LogD3D11RHI:     DeviceId    : 13c0
[2022.04.26-13.19.44:565][  0]LogD3D11RHI:     SubSysId    : 85181043
[2022.04.26-13.19.44:565][  0]LogD3D11RHI:     Revision    : 00a1
[2022.04.26-13.19.44:565][  0]LogD3D11RHI:     DedicatedVideoMemory : 4250271744 bytes
[2022.04.26-13.19.44:565][  0]LogD3D11RHI:     DedicatedSystemMemory : 0 bytes
[2022.04.26-13.19.44:565][  0]LogD3D11RHI:     SharedSystemMemory : 17095786496 bytes
[2022.04.26-13.19.44:565][  0]LogD3D11RHI:     AdapterLuid : 0 44661
[2022.04.26-13.19.44:636][  0]LogD3D11RHI: RHI has support for 64 bit atomics
[2022.04.26-13.19.44:636][  0]LogD3D11RHI: Async texture creation enabled
[2022.04.26-13.19.44:636][  0]LogD3D11RHI: Array index from any shader is supported
[2022.04.26-13.19.44:653][  0]LogD3D11RHI: GPU Timing Frequency: 1000.000000 (Debug: 2 1)
[2022.04.26-13.19.44:679][  0]LogRHI: GeForceNow SDK initialized: 1
[2022.04.26-13.19.44:968][  0]LogTargetPlatformManager: Display: Loaded TargetPlatform 'WindowsNoEditor'
[2022.04.26-13.19.44:973][  0]LogTargetPlatformManager: Display: Loaded TargetPlatform 'Windows'
[2022.04.26-13.19.44:977][  0]LogTargetPlatformManager: Display: Loaded TargetPlatform 'WindowsClient'
[2022.04.26-13.19.44:981][  0]LogTargetPlatformManager: Display: Loaded TargetPlatform 'WindowsServer'
[2022.04.26-13.19.44:981][  0]LogTargetPlatformManager: Display: Building Assets For Windows
[2022.04.26-13.19.44:987][  0]LogAudioDebug: Display: Lib vorbis DLL was dynamically loaded.
[2022.04.26-13.19.45:015][  0]LogTextureFormatOodle: Display: Oodle Texture 2.9.0 init RDO Off
[2022.04.26-13.19.45:039][  0]LogRendererCore: Ray tracing is disabled. Reason: r.RayTracing=0.
[2022.04.26-13.19.45:039][  0]LogShaderCompilers: Guid format shader working directory is 23 characters bigger than the processId version (D:/HoVR-3.0/HovR2/HoVR/Intermediate/Shaders/WorkingDirectory/5128/).
[2022.04.26-13.19.45:039][  0]LogShaderCompilers: Cleaned the shader compiler working directory 'C:/Users/Tank/AppData/Local/Temp/UnrealShaderWorkingDir/60AF819B486938F75924BDB3B3D90337/'.
[2022.04.26-13.19.45:039][  0]LogXGEController: Cannot use XGE Controller as Incredibuild is not installed on this machine.
[2022.04.26-13.19.45:040][  0]LogShaderCompilers: Cannot use XGE Shader Compiler as Incredibuild is not installed on this machine.
[2022.04.26-13.19.45:040][  0]LogShaderCompilers: Display: Using Local Shader Compiler.
[2022.04.26-13.19.45:751][  0]LogDerivedDataCache: Display: Max Cache Size: 512 MB
[2022.04.26-13.19.45:811][  0]LogDerivedDataCache: Loaded boot cache 0.06s 94MB C:/Users/Tank/AppData/Local/UnrealEngine/4.27/DerivedDataCache/Boot.ddc.
[2022.04.26-13.19.45:811][  0]LogDerivedDataCache: Display: Loaded Boot cache: C:/Users/Tank/AppData/Local/UnrealEngine/4.27/DerivedDataCache/Boot.ddc
[2022.04.26-13.19.45:811][  0]LogDerivedDataCache: FDerivedDataBackendGraph:  Pak pak cache file D:/HoVR-3.0/HovR2/HoVR/DerivedDataCache/DDC.ddp not found, will not use a pak cache.
[2022.04.26-13.19.45:811][  0]LogDerivedDataCache: Unable to find inner node Pak for hierarchical cache Hierarchy.
[2022.04.26-13.19.45:811][  0]LogDerivedDataCache: FDerivedDataBackendGraph:  CompressedPak pak cache file D:/HoVR-3.0/HovR2/HoVR/DerivedDataCache/Compressed.ddp not found, will not use a pak cache.
[2022.04.26-13.19.45:811][  0]LogDerivedDataCache: Unable to find inner node CompressedPak for hierarchical cache Hierarchy.
[2022.04.26-13.19.45:826][  0]LogDerivedDataCache: Display: Pak cache opened for reading ../../../Engine/DerivedDataCache/Compressed.ddp.
[2022.04.26-13.19.45:826][  0]LogDerivedDataCache: FDerivedDataBackendGraph:  EnterprisePak pak cache file ../../../Enterprise/DerivedDataCache/Compressed.ddp not found, will not use a pak cache.
[2022.04.26-13.19.45:826][  0]LogDerivedDataCache: Unable to find inner node EnterprisePak for hierarchical cache Hierarchy.
[2022.04.26-13.19.45:835][  0]LogDerivedDataCache: Speed tests for C:/Users/Tank/AppData/Local/UnrealEngine/Common/DerivedDataCache took 0.01 seconds
[2022.04.26-13.19.45:835][  0]LogDerivedDataCache: Display: Performance to C:/Users/Tank/AppData/Local/UnrealEngine/Common/DerivedDataCache: Latency=0.03ms. RandomReadSpeed=274.20MBs, RandomWriteSpeed=194.22MBs. Assigned SpeedClass 'Local'
[2022.04.26-13.19.45:836][  0]LogDerivedDataCache: Using Local data cache path C:/Users/Tank/AppData/Local/UnrealEngine/Common/DerivedDataCache: Writable
[2022.04.26-13.19.45:836][  0]LogDerivedDataCache: Shared data cache path not found in *engine.ini, will not use an Shared cache.
[2022.04.26-13.19.45:836][  0]LogDerivedDataCache: Unable to find inner node Shared for hierarchical cache Hierarchy.
[2022.04.26-13.19.45:875][  0]LogSlate: Using FreeType 2.10.0
[2022.04.26-13.19.45:875][  0]LogSlate: SlateFontServices - WITH_FREETYPE: 1, WITH_HARFBUZZ: 1
[2022.04.26-13.19.45:953][  0]LogInit: Using OS detected language (en-GB).
[2022.04.26-13.19.45:953][  0]LogInit: Using OS detected locale (en-GB).
[2022.04.26-13.19.45:953][  0]LogTextLocalizationManager: No localization for 'en-GB' exists, so 'en' will be used for the language.
[2022.04.26-13.19.45:953][  0]LogTextLocalizationManager: No localization for 'en-GB' exists, so 'en' will be used for the locale.
[2022.04.26-13.19.45:954][  0]LogSlate: FontCache flush requested. Reason: Culture for localization was changed
[2022.04.26-13.19.45:954][  0]LogSlate: FontCache flush requested. Reason: Culture for localization was changed
[2022.04.26-13.19.45:957][  0]LogTextLocalizationManager: Compacting localization data took   0.01ms
[2022.04.26-13.19.45:957][  0]LogAssetRegistry: FAssetRegistry took 0.0021 seconds to start up
[2022.04.26-13.19.46:117][  0]LogPackageLocalizationCache: Processed 27 localized package path(s) for 1 prioritized culture(s) in 0.001128 seconds
[2022.04.26-13.19.46:174][  0]LogInit: Selected Device Profile: [Windows]
[2022.04.26-13.19.46:174][  0]LogInit: Active device profile: [0000014F19B39400][0000014F15730500 49] Windows
[2022.04.26-13.19.46:174][  0]LogInit: Profiles: [0000014F19B39400][0000014F15730500 49] Windows, [0000014F19AFAC00][0000014F15738680 49] WindowsNoEditor, [0000014F19B3A200][0000014F1573C800 49] WindowsServer, [0000014F19AFB900][0000014F1CE50980 49] WindowsClient, [0000014F19B3AF00][0000014F1CE54B00 49] IOS, [0000014F19AF9600][0000014F1CE58C80 49] iPadAir, [0000014F19B3BC00][0000014F1CE5CE00 49] iPadAir2, [0000014F19AAA600][0000014F1CE650C0 49] IPadPro, [0000014F19AAA700][0000014F1CE61100 49] iPadAir3, [0000014F19AF8300][0000014F1CE69280 49] iPadAir4, [0000014F19AAB500][0000014F157353C0 49] iPadMini2, [0000014F19AFB000][0000014F1CE6D500 49] iPadMini3, [0000014F19AAA400][0000014F1CE71640 49] iPadMini4, [0000014F19AF9F00][0000014F1CE797C0 49] iPadMini5, [0000014F19AC1F00][0000014F1CE81A80 49] iPhone6, [0000014F19AC2000][0000014F1CE7DAC0 49] iPodTouch6, [0000014F19B3AD00][0000014F1CE88200 49] iPhone7, [0000014F19B39500][0000014F1CE84240 49] iPodTouch7, [0000014F19AAB200][0000014F1CE8C3C0 49] iPhone5S, [0000014F19B3A000][0000014F1CE90540 49] iPhone6Plus, [0000014F19AA9200][0000014F1CE946C0 49] iPhone6S, [0000014F19B3AB00][0000014F1CE98840 49] iPhone6SPlus, [0000014F19AA8A00][0000014F1CE9C9C0 49] iPhone7Plus, [0000014F19B39100][0000014F1CEA0B40 49] iPhoneSE, [0000014F19AA8800][0000014F1CEA4CC0 49] iPhone8, [0000014F19B3AC00][0000014F1CEA8E40 49] iPhone8Plus, [0000014F19AAB100][0000014F1CEACFC0 49] iPhoneX, [0000014F19B38F00][0000014F1CEB1140 49] iPhoneXS, [0000014F19AAAF00][0000014F1CEB52C0 49] iPhoneXSMax, [0000014F19B3A900][0000014F1CEB9440 49] iPhoneXR, [0000014F19AC0400][0000014F1CE75580 49] iPhone11, [0000014F19AA9300][0000014F1CEBD6C0 49] iPhone11Pro, [0000014F19AC0C00][0000014F1CEC1800 49] iPhone11ProMax, [0000014F19AA9B00][0000014F1CEC5940 49] iPhoneSE2, [0000014F19AC1400][0000014F1CECDAC0 49] iPhone12Mini, [0000014F19AAA300][0000014F1CED00C0 49] iPhone12, [0000014F19AC1A00][0000014F1CED4240 49] iPhone12Pro, [0000014F19AAA100][0000014F1CED83C0 49] iPhone12ProMax, [0000014F19AC1D00][0000014F1CEDC540 49] iPadPro105, [0000014F19AA9C00][0000014F1CEE06C0 49] iPadPro129, [0000014F19AC3F00][0000014F1CEE4840 49] iPadPro97, [0000014F19AA8400][0000014F1CEE89C0 49] iPadPro2_129, [0000014F19B39D00][0000014F1CEECB40 49] iPad5, [0000014F19AC1E00][0000014F1CEF0CC0 49] iPad6, [0000014F19AA9F00][0000014F1CEF4E40 49] iPad7, [0000014F19AC0800][0000014F1CEF8FC0 49] iPad8, [0000014F19AA8900][0000014F1CEFD140 49] iPadPro11, [0000014F19AC0900][0000014F1CF012C0 49] iPadPro2_11, [0000014F19AA9400][0000014F1CF05440 49] iPadPro3_129, [0000014F19AC0F00][0000014F1CF095C0 49] iPadPro4_129, [0000014F19AA8D00][0000014F1CEC9700 49] AppleTV, [0000014F19AC0500][0000014F1CF0D840 49] AppleTV4K, [0000014F19AA8100][0000014F1CF11980 49] TVOS, [0000014F19AC3000][0000014F1CF15AC0 49] Mac, [0000014F19AAB700][0000014F1CF1C0C0 49] MacClient, [0000014F19AC2500][0000014F1CF20240 49] MacNoEditor, [0000014F19AA9800][0000014F1CF243C0 49] MacServer, [0000014F19AC2E00][0000014F1CF28540 49] Linux, [0000014F19AAA500][0000014F1CF2C6C0 49] LinuxAArch64, [0000014F19AC0300][0000014F1CF30840 49] LinuxNoEditor, [0000014F19AAB400][0000014F1CF349C0 49] LinuxAArch64NoEditor, [0000014F19AC1700][0000014F1CF38B40 49] LinuxClient, [0000014F19AA8300][0000014F1CF3CCC0 49] LinuxAArch64Client, [0000014F19AC3300][0000014F1CF40E40 49] LinuxServer, [0000014F19AAB000][0000014F1CF44FC0 49] LinuxAArch64Server, [0000014F19AC2700][0000014F1CF49140 49] Android, [0000014F19AA9D00][0000014F1CF4D2C0 49] Android_Low, [0000014F19AC2A00][0000014F1CF51440 49] Android_Mid, [0000014F19AA9100][0000014F1CF555C0 49] Android_High, [0000014F19AC2100][0000014F1CF59740 49] Android_Default, [0000014F19AA8500][0000014F1CF5D8C0 49] Android_Adreno4xx, [0000014F19AC2F00][0000014F1CF19A00 49] Android_Adreno5xx_Low, [0000014F19AAA900][0000014F1CF61B40 49] Android_Adreno5xx, [0000014F19AC0200][0000014F1CF64100 49] Android_Adreno6xx, [0000014F19AABA00][0000014F1CF6C280 49] Android_Adreno6xx_Vulkan, [0000014F19AC3B00][0000014F1CF70400 49] Android_Mali_T6xx, [0000014F19AA9600][0000014F1CF74580 49] Android_Mali_T7xx, [0000014F19AC1C00][0000014F1CF78700 49] Android_Mali_T8xx, [0000014F19AA9A00][0000014F1CF7C880 49] Android_Mali_G71, [0000014F19AC1300][0000014F1CF80A00 49] Android_Mali_G72, [0000014F19AABB00][0000014F1CF84B80 49] Android_Mali_G72_Vulkan, [0000014F19AC3600][0000014F1CF88D00 49] Android_Mali_G76, [0000014F19AAAC00][0000014F1CF8CE80 49] Android_Mali_G76_Vulkan, [0000014F19AC1000][0000014F1CF91000 49] Android_Mali_G77, [0000014F19AA9000][0000014F1CF95180 49] Android_Mali_G77_Vulkan, [0000014F19AC2C00][0000014F1CF99300 49] Android_Mali_G78, [0000014F19AA8C00][0000014F1CF9D480 49] Android_Mali_G78_Vulkan, [0000014F19AC2D00][0000014F1CFA1600 49] Android_Mali_G710, [0000014F19AA8700][0000014F1CFA5780 49] Android_Mali_G710_Vulkan, [0000014F19AFA000][0000014F1CFA9900 49] Android_Vulkan_SM5, [0000014F19B38E00][0000014F1CFADA80 49] Android_PowerVR_G6xxx, [0000014F19AF8B00][0000014F1CF69BC0 49] Android_PowerVR_GT7xxx, [0000014F19B38400][0000014F1CFB0180 49] Android_PowerVR_GE8xxx, [0000014F19AFB600][0000014F1CFB42C0 49] Android_PowerVR_GM9xxx, [0000014F19B3BF00][0000014F1CFBC440 49] Android_PowerVR_GM9xxx_Vulkan, [0000014F19AF8D00][0000014F1CFC05C0 49] Android_TegraK1, [0000014F19B3AA00][0000014F1CFC4740 49] Android_Unknown_Vulkan, [0000014F19AF9700][0000014F1CFC88C0 49] Lumin, [0000014F19B3B400][0000014F1CFCCA40 49] Lumin_Desktop, [0000014F19AF8400][0000014F1CFD0BC0 49] HoloLens, 
[2022.04.26-13.19.46:289][  0]LogMeshReduction: Using QuadricMeshReduction for automatic static mesh reduction
[2022.04.26-13.19.46:289][  0]LogMeshReduction: Using SimplygonMeshReduction for automatic skeletal mesh reduction
[2022.04.26-13.19.46:289][  0]LogMeshReduction: Using ProxyLODMeshReduction for automatic mesh merging
[2022.04.26-13.19.46:289][  0]LogMeshReduction: No distributed automatic mesh merging module available
[2022.04.26-13.19.46:289][  0]LogMeshMerging: No distributed automatic mesh merging module available
[2022.04.26-13.19.46:325][  0]LogNetVersion: HoVR 1.0.0, NetCL: 17155196, EngineNetVer: 17, GameNetVer: 0 (Checksum: 269602150)
[2022.04.26-13.19.46:541][  0]LogTexture: Default maximum texture size for cubemaps generated from long-lat sources has been changed from 512 to unlimited. In order to preserve old behaiour for '/Engine/MapTemplates/Sky/DaylightAmbientCubemap.DaylightAmbientCubemap', its maximum texture size has been explicitly set to 512.
[2022.04.26-13.19.46:594][  0]LogHMD: PokeAHoleMaterial loaded successfully
[2022.04.26-13.19.46:688][  0]LogMoviePlayer: Initializing movie player
[2022.04.26-13.19.46:784][  0]LogNiagaraDebuggerClient: Niagara Debugger Client Initialized | Session: 8C71DE6244386DA89DA293959E13EE38 | Instance: 918D0EEB465680B94ADBD8A7525CEB12 (DESKTOP-KUB2QSJ-5128).
[2022.04.26-13.19.46:803][  0]LogCollectionManager: Loaded 0 collections in 0.002345 seconds
[2022.04.26-13.19.46:805][  0]LogFileCache: Scanning file cache for directory 'D:/HoVR-3.0/HovR2/HoVR/Saved/Collections/' took 0.00s
[2022.04.26-13.19.46:805][  0]LogFileCache: Scanning file cache for directory 'D:/HoVR-3.0/HovR2/HoVR/Content/Developers/Tank/Collections/' took 0.00s
[2022.04.26-13.19.46:805][  0]LogFileCache: Scanning file cache for directory 'D:/HoVR-3.0/HovR2/HoVR/Content/Collections/' took 0.00s
[2022.04.26-13.19.46:805][  0]LogCollectionManager: Fixed up redirectors for 0 collections in 0.000002 seconds (updated 0 objects)
[2022.04.26-13.19.46:894][  0]LogPython: Using Python 3.7.7
[2022.04.26-13.19.47:317][  0]LogTcpMessaging: Initializing TcpMessaging bridge
[2022.04.26-13.19.47:320][  0]LogUdpMessaging: Initializing bridge on interface 0.0.0.0:0 to multicast group 230.0.0.1:6666.
[2022.04.26-13.19.47:395][  0]SourceControl: Source control is disabled
[2022.04.26-13.19.47:395][  0]SourceControl: Source control is disabled
[2022.04.26-13.19.47:402][  0]SourceControl: Source control is disabled
[2022.04.26-13.19.47:421][  0]LogUProjectInfo: Found projects:
[2022.04.26-13.19.47:479][  0]LogOpenImageDenoise: OIDN starting up
[2022.04.26-13.19.47:498][  0]LogAndroidPermission: UAndroidPermissionCallbackProxy::GetInstance
[2022.04.26-13.19.47:512][  0]LogAudioCaptureCore: Display: No Audio Capture implementations found. Audio input will be silent.
[2022.04.26-13.19.47:512][  0]LogAudioCaptureCore: Display: No Audio Capture implementations found. Audio input will be silent.
[2022.04.26-13.19.47:579][  0]LogOcInput: OculusInput pre-init called
[2022.04.26-13.19.47:587][  0]LogUObjectArray: 22132 objects as part of root set at end of initial load.
[2022.04.26-13.19.47:587][  0]LogUObjectAllocator: 5978592 out of 0 bytes used by permanent object pool.
[2022.04.26-13.19.47:587][  0]LogUObjectArray: CloseDisregardForGC: 0/0 objects in disregard for GC pool
[2022.04.26-13.19.47:626][  0]LogClass: Display: IntProperty FRegisteredDeviceInfo::Handle is not initialized properly. Module:RawInput File:Public/RawInputFunctionLibrary.h
[2022.04.26-13.19.47:627][  0]LogClass: Display: IntProperty FRegisteredDeviceInfo::VendorID is not initialized properly. Module:RawInput File:Public/RawInputFunctionLibrary.h
[2022.04.26-13.19.47:627][  0]LogClass: Display: IntProperty FRegisteredDeviceInfo::ProductID is not initialized properly. Module:RawInput File:Public/RawInputFunctionLibrary.h
[2022.04.26-13.19.47:627][  0]LogClass: Display: 3 Uninitialized script struct members found including 0 object properties
[2022.04.26-13.19.47:627][  0]LogEngine: Initializing Engine...
[2022.04.26-13.19.47:680][  0]LogHMD: Failed to initialize OpenVR with code 108
[2022.04.26-13.19.48:286][  0]LogHMD: Optional extension XR_VARJO_quad_views is not available
[2022.04.26-13.19.48:286][  0]LogHMD: Warning: Required extension XR_EXT_hand_tracking is not available
[2022.04.26-13.19.48:286][  0]LogHMD: Could not enable all required OpenXR extensions for OpenXRHandTracking on current system. This plugin will be loaded but ignored, but will be enabled on a target platform that supports the required extension.
[2022.04.26-13.19.48:286][  0]LogHMD: Warning: Required extension XR_EXT_eye_gaze_interaction is not available
[2022.04.26-13.19.48:286][  0]LogHMD: Could not enable all required OpenXR extensions for OpenXREyeTracker on current system. This plugin will be loaded but ignored, but will be enabled on a target platform that supports the required extension.
[2022.04.26-13.19.48:386][  0]LogHMD: Failed to create an OpenXR instance, result is XR_ERROR_RUNTIME_UNAVAILABLE. Please check if you have an OpenXR runtime installed. The following extensions were enabled:
[2022.04.26-13.19.48:386][  0]LogHMD: - XR_KHR_D3D11_enable
[2022.04.26-13.19.48:386][  0]LogHMD: - XR_KHR_D3D12_enable
[2022.04.26-13.19.48:386][  0]LogHMD: - XR_KHR_opengl_enable
[2022.04.26-13.19.48:386][  0]LogHMD: - XR_KHR_vulkan_enable
[2022.04.26-13.19.48:386][  0]LogHMD: - XR_KHR_composition_layer_depth
[2022.04.26-13.19.48:386][  0]LogHMD: - XR_KHR_visibility_mask
[2022.04.26-13.19.48:386][  0]LogMagicLeap: Warning: VR disabled because ZI is not enabled.  To enable, in the editor, Edit -> Project Settings -> Plugins -> Magic Leap Plugin -> Enable Zero Iteration
[2022.04.26-13.19.48:387][  0]LogStats: UGameplayTagsManager::InitializeManager -  0.000 s
[2022.04.26-13.19.48:472][  0]LogInit: Initializing FReadOnlyCVARCache
[2022.04.26-13.19.48:472][  0]LogAudio: Display: Initializing Audio Device Manager...
[2022.04.26-13.19.48:476][  0]LogAudio: Display: Loading Default Audio Settings Objects...
[2022.04.26-13.19.48:476][  0]LogAudio: Display: No default SoundConcurrencyObject specified (or failed to load).
[2022.04.26-13.19.48:477][  0]LogAudio: Display: Audio Device Manager Initialized
[2022.04.26-13.19.48:477][  0]LogAudio: Display: Creating Audio Device:                 Id: 1, Scope: Shared, Realtime: True
[2022.04.26-13.19.48:477][  0]LogAudioMixer: Display: Audio Mixer Platform Settings:
[2022.04.26-13.19.48:477][  0]LogAudioMixer: Display: 	Sample Rate:						  48000
[2022.04.26-13.19.48:477][  0]LogAudioMixer: Display: 	Callback Buffer Frame Size Requested: 1024
[2022.04.26-13.19.48:477][  0]LogAudioMixer: Display: 	Callback Buffer Frame Size To Use:	  1024
[2022.04.26-13.19.48:477][  0]LogAudioMixer: Display: 	Number of buffers to queue:			  2
[2022.04.26-13.19.48:477][  0]LogAudioMixer: Display: 	Max Channels (voices):				  32
[2022.04.26-13.19.48:477][  0]LogAudioMixer: Display: 	Number of Async Source Workers:		  0
[2022.04.26-13.19.48:477][  0]LogAudio: Display: AudioDevice MaxSources: 32
[2022.04.26-13.19.48:477][  0]LogAudio: Display: Audio Spatialization Plugin: None (built-in).
[2022.04.26-13.19.48:477][  0]LogAudio: Display: Audio Reverb Plugin: None (built-in).
[2022.04.26-13.19.48:477][  0]LogAudio: Display: Audio Occlusion Plugin: None (built-in).
[2022.04.26-13.19.48:477][  0]LogAudioMixer: Display: Initializing audio mixer.
[2022.04.26-13.19.48:496][  0]LogAudioMixer: Display: 0: FrontLeft
[2022.04.26-13.19.48:496][  0]LogAudioMixer: Display: 1: FrontRight
[2022.04.26-13.19.48:526][  0]LogAudioMixer: Display: Using Audio Device Speakers (Realtek High Definition Audio)
[2022.04.26-13.19.48:531][  0]LogAudioMixer: Display: Initializing Sound Submixes...
[2022.04.26-13.19.48:532][  0]LogAudioMixer: Display: Creating Master Submix 'MasterSubmixDefault'
[2022.04.26-13.19.48:532][  0]LogAudioMixer: Display: Creating Master Submix 'MasterReverbSubmixDefault'
[2022.04.26-13.19.48:533][  0]LogAudioMixer: Display: Creating Master Submix 'MasterEQSubmixDefault'
[2022.04.26-13.19.48:533][  0]LogAudioMixer: FMixerPlatformXAudio2::StartAudioStream() called
[2022.04.26-13.19.48:533][  0]LogAudioMixer: Display: Output buffers initialized: Frames=1024, Channels=2, Samples=2048
[2022.04.26-13.19.48:534][  0]LogAudioMixer: Display: Starting AudioMixerPlatformInterface::RunInternal()
[2022.04.26-13.19.48:534][  0]LogAudioMixer: Display: FMixerPlatformXAudio2::SubmitBuffer() called for the first time
[2022.04.26-13.19.48:534][  0]LogInit: FAudioDevice initialized.
[2022.04.26-13.19.48:535][  0]LogNetVersion: Set ProjectVersion to 1.0.0.0. Version Checksum will be recalculated on next use.
[2022.04.26-13.19.48:536][  0]LogInit: Texture streaming: Enabled
[2022.04.26-13.19.48:589][  0]LogAudio: Display: Audio Device (ID: 1) registered with world 'Untitled'.
[2022.04.26-13.19.48:589][  0]LogSlate: Updating window title bar state: overlay mode, drag disabled, window buttons hidden, title bar hidden
[2022.04.26-13.19.48:590][  0]LogInit: Display: Game Engine Initialized.
[2022.04.26-13.19.48:590][  0]LogNiagaraEditor: GEditor isn't valid! Particle reset commands will not work for Niagara components!
[2022.04.26-13.19.48:698][  0]LogInit: Display: Starting Game.
[2022.04.26-13.19.48:698][  0]LogNet: Browse: /Game/Map/Minimal_Default?Name=Player
[2022.04.26-13.19.48:698][  0]LogLoad: LoadMap: /Game/Map/Minimal_Default?Name=Player
[2022.04.26-13.19.48:698][  0]LogWorld: BeginTearingDown for /Temp/Untitled_0
[2022.04.26-13.19.48:699][  0]LogWorld: UWorld::CleanupWorld for Untitled, bSessionEnded=true, bCleanupResources=true
[2022.04.26-13.19.48:700][  0]LogSlate: InvalidateAllWidgets triggered.  All widgets were invalidated
[2022.04.26-13.19.48:704][  0]LogAudio: Display: Audio Device unregistered from world 'None'.
[2022.04.26-13.19.48:706][  0]LogUObjectHash: Compacting FUObjectHashTables data took   0.75ms
[2022.04.26-13.19.49:718][  0]LogAudio: Display: Audio Device (ID: 1) registered with world 'Minimal_Default'.
[2022.04.26-13.19.49:726][  0]LogAIModule: Creating AISystem for world Minimal_Default
[2022.04.26-13.19.49:728][  0]LogUObjectGlobals: Warning: Failed to load '/Game/ThirdPersonBP/Blueprints/ThirdPersonGameMode': Can't find file.
[2022.04.26-13.19.49:728][  0]LogUObjectGlobals: Warning: Failed to load '/Game/ThirdPersonBP/Blueprints/ThirdPersonGameMode': Can't find file.
[2022.04.26-13.19.49:728][  0]LogUObjectGlobals: Warning: Failed to find object 'Class /Game/ThirdPersonBP/Blueprints/ThirdPersonGameMode.ThirdPersonGameMode_C'
[2022.04.26-13.19.49:728][  0]LogLoad: Game class is 'GameModeBase'
[2022.04.26-13.19.49:826][  0]LogWorld: Bringing World /Game/Map/Minimal_Default.Minimal_Default up for play (max tick rate 0) at 2022.04.26-14.19.49
[2022.04.26-13.19.49:827][  0]LogWorld: Bringing up level for play took: 0.099141
[2022.04.26-13.19.49:831][  0]LogScript: Warning: Accessed None trying to read property TrackRef
	CarObstacle_C /Game/Map/Minimal_Default.Minimal_Default:PersistentLevel.CarObstacle3_6
	Function /Game/ThirdPersonBP/CarObstacle.CarObstacle_C:ExecuteUbergraph_CarObstacle:0047
[2022.04.26-13.19.49:831][  0]LogScript: Warning: Script call stack:
	Function /Game/ThirdPersonBP/CarObstacle.CarObstacle_C:CarMover__UpdateFunc
	Function /Game/ThirdPersonBP/CarObstacle.CarObstacle_C:ExecuteUbergraph_CarObstacle

[2022.04.26-13.19.49:831][  0]LogScript: Warning: Accessed None
	CarObstacle_C /Game/Map/Minimal_Default.Minimal_Default:PersistentLevel.CarObstacle3_6
	Function /Game/ThirdPersonBP/CarObstacle.CarObstacle_C:ExecuteUbergraph_CarObstacle:005C
[2022.04.26-13.19.49:832][  0]LogScript: Warning: Script call stack:
	Function /Game/ThirdPersonBP/CarObstacle.CarObstacle_C:CarMover__UpdateFunc
	Function /Game/ThirdPersonBP/CarObstacle.CarObstacle_C:ExecuteUbergraph_CarObstacle

[2022.04.26-13.19.49:832][  0]LogScript: Warning: Accessed None trying to read property TrackRef
	CarObstacle_C /Game/Map/Minimal_Default.Minimal_Default:PersistentLevel.CarObstacle3_6
	Function /Game/ThirdPersonBP/CarObstacle.CarObstacle_C:ExecuteUbergraph_CarObstacle:00C2
[2022.04.26-13.19.49:832][  0]LogScript: Warning: Script call stack:
	Function /Game/ThirdPersonBP/CarObstacle.CarObstacle_C:CarMover__UpdateFunc
	Function /Game/ThirdPersonBP/CarObstacle.CarObstacle_C:ExecuteUbergraph_CarObstacle

[2022.04.26-13.19.49:832][  0]LogScript: Warning: Accessed None
	CarObstacle_C /Game/Map/Minimal_Default.Minimal_Default:PersistentLevel.CarObstacle3_6
	Function /Game/ThirdPersonBP/CarObstacle.CarObstacle_C:ExecuteUbergraph_CarObstacle:00D7
[2022.04.26-13.19.49:832][  0]LogScript: Warning: Script call stack:
	Function /Game/ThirdPersonBP/CarObstacle.CarObstacle_C:CarMover__UpdateFunc
	Function /Game/ThirdPersonBP/CarObstacle.CarObstacle_C:ExecuteUbergraph_CarObstacle

[2022.04.26-13.19.49:832][  0]LogScript: Warning: Accessed None trying to read property TrackRef
	CarObstacle_C /Game/Map/Minimal_Default.Minimal_Default:PersistentLevel.CarObstacle3_6
	Function /Game/ThirdPersonBP/CarObstacle.CarObstacle_C:ExecuteUbergraph_CarObstacle:0115
[2022.04.26-13.19.49:832][  0]LogScript: Warning: Script call stack:
	Function /Game/ThirdPersonBP/CarObstacle.CarObstacle_C:CarMover__UpdateFunc
	Function /Game/ThirdPersonBP/CarObstacle.CarObstacle_C:ExecuteUbergraph_CarObstacle

[2022.04.26-13.19.49:832][  0]LogScript: Warning: Accessed None
	CarObstacle_C /Game/Map/Minimal_Default.Minimal_Default:PersistentLevel.CarObstacle3_6
	Function /Game/ThirdPersonBP/CarObstacle.CarObstacle_C:ExecuteUbergraph_CarObstacle:012A
[2022.04.26-13.19.49:832][  0]LogScript: Warning: Script call stack:
	Function /Game/ThirdPersonBP/CarObstacle.CarObstacle_C:CarMover__UpdateFunc
	Function /Game/ThirdPersonBP/CarObstacle.CarObstacle_C:ExecuteUbergraph_CarObstacle

[2022.04.26-13.19.49:832][  0]LogBlueprintUserMessages: [Minimal_Default_C_0] Translation: X=383240.000 Y=-194165.000 Z=287.000 Rotation: P=0.000000 Y=0.000000 R=0.000000 Scale X=1.000 Y=1.000 Z=1.000
[2022.04.26-13.19.49:833][  0]LogLoad: Took 1.134980 seconds to LoadMap(/Game/Map/Minimal_Default)
[2022.04.26-13.19.50:049][  0]LogSlate: Took 0.000163 seconds to synchronously load lazily loaded font '../../../Engine/Content/Slate/Fonts/Roboto-Regular.ttf' (155K)
[2022.04.26-13.19.50:118][  0]LogRenderer: Reallocating scene render targets to support 1280x720 Format 10 NumSamples 1 (Frame:1).
[2022.04.26-13.19.50:118][  0]LogInit: Display: Engine is initialized. Leaving FEngineLoop::Init()
[2022.04.26-13.19.50:118][  0]LogLoad: (Engine Initialization) Total time: 7.54 seconds
[2022.04.26-13.19.50:118][  0]LogLoad: (Engine Initialization) Total Blueprint compile time: 0.00 seconds
[2022.04.26-13.19.50:119][  0]LogRawInputWindows: Warning: Found device 4 devices
[2022.04.26-13.19.50:120][  0]LogRawInputWindows: Warning: Found device 4 devices
[2022.04.26-13.19.50:120][  0]LogRawInputWindows: VenderID:44f ProductID:402
[2022.04.26-13.19.50:120][  0]LogRawInputWindows: Device was registered succesfully and is connected (Usage:4 UsagePage:1)
[2022.04.26-13.19.50:122][  0]LogContentStreaming: Texture pool size now 1000 MB
[2022.04.26-13.19.50:128][  0]LogSlate: InvalidateAllWidgets triggered.  All widgets were invalidated
[2022.04.26-13.19.50:152][  0]LogRenderer: Reallocating scene render targets to support 128x128 Format 10 NumSamples 1 (Frame:1).
[2022.04.26-13.19.50:261][  0]LogRenderer: Reallocating scene render targets to support 1280x720 Format 10 NumSamples 1 (Frame:2).
[2022.04.26-13.19.50:290][  1]LogScript: Warning: Accessed None trying to read property TrackRef
	CarObstacle_C /Game/Map/Minimal_Default.Minimal_Default:PersistentLevel.CarObstacle3_6
	Function /Game/ThirdPersonBP/CarObstacle.CarObstacle_C:ExecuteUbergraph_CarObstacle:0047
[2022.04.26-13.19.50:290][  1]LogScript: Warning: Script call stack:
	Function /Game/ThirdPersonBP/CarObstacle.CarObstacle_C:CarMover__UpdateFunc
	Function /Game/ThirdPersonBP/CarObstacle.CarObstacle_C:ExecuteUbergraph_CarObstacle

[2022.04.26-13.19.50:290][  1]LogScript: Warning: Accessed None
	CarObstacle_C /Game/Map/Minimal_Default.Minimal_Default:PersistentLevel.CarObstacle3_6
	Function /Game/ThirdPersonBP/CarObstacle.CarObstacle_C:ExecuteUbergraph_CarObstacle:005C
[2022.04.26-13.19.50:290][  1]LogScript: Warning: Script call stack:
	Function /Game/ThirdPersonBP/CarObstacle.CarObstacle_C:CarMover__UpdateFunc
	Function /Game/ThirdPersonBP/CarObstacle.CarObstacle_C:ExecuteUbergraph_CarObstacle

[2022.04.26-13.19.50:290][  1]LogScript: Warning: Accessed None trying to read property TrackRef
	CarObstacle_C /Game/Map/Minimal_Default.Minimal_Default:PersistentLevel.CarObstacle3_6
	Function /Game/ThirdPersonBP/CarObstacle.CarObstacle_C:ExecuteUbergraph_CarObstacle:00C2
[2022.04.26-13.19.50:290][  1]LogScript: Warning: Script call stack:
	Function /Game/ThirdPersonBP/CarObstacle.CarObstacle_C:CarMover__UpdateFunc
	Function /Game/ThirdPersonBP/CarObstacle.CarObstacle_C:ExecuteUbergraph_CarObstacle

[2022.04.26-13.19.50:290][  1]LogScript: Warning: Accessed None
	CarObstacle_C /Game/Map/Minimal_Default.Minimal_Default:PersistentLevel.CarObstacle3_6
	Function /Game/ThirdPersonBP/CarObstacle.CarObstacle_C:ExecuteUbergraph_CarObstacle:00D7
[2022.04.26-13.19.50:290][  1]LogScript: Warning: Script call stack:
	Function /Game/ThirdPersonBP/CarObstacle.CarObstacle_C:CarMover__UpdateFunc
	Function /Game/ThirdPersonBP/CarObstacle.CarObstacle_C:ExecuteUbergraph_CarObstacle

[2022.04.26-13.19.50:290][  1]LogScript: Warning: Accessed None trying to read property TrackRef
	CarObstacle_C /Game/Map/Minimal_Default.Minimal_Default:PersistentLevel.CarObstacle3_6
	Function /Game/ThirdPersonBP/CarObstacle.CarObstacle_C:ExecuteUbergraph_CarObstacle:0115
[2022.04.26-13.19.50:290][  1]LogScript: Warning: Script call stack:
	Function /Game/ThirdPersonBP/CarObstacle.CarObstacle_C:CarMover__UpdateFunc
	Function /Game/ThirdPersonBP/CarObstacle.CarObstacle_C:ExecuteUbergraph_CarObstacle

[2022.04.26-13.19.50:290][  1]LogScript: Warning: Accessed None
	CarObstacle_C /Game/Map/Minimal_Default.Minimal_Default:PersistentLevel.CarObstacle3_6
	Function /Game/ThirdPersonBP/CarObstacle.CarObstacle_C:ExecuteUbergraph_CarObstacle:012A
[2022.04.26-13.19.50:290][  1]LogScript: Warning: Script call stack:
	Function /Game/ThirdPersonBP/CarObstacle.CarObstacle_C:CarMover__UpdateFunc
	Function /Game/ThirdPersonBP/CarObstacle.CarObstacle_C:ExecuteUbergraph_CarObstacle

[2022.04.26-13.19.50:292][  1]LogSlate: Took 0.000180 seconds to synchronously load lazily loaded font '../../../Engine/Content/Slate/Fonts/Roboto-Regular.ttf' (155K)
[2022.04.26-13.19.50:297][  2]LogScript: Warning: Accessed None trying to read property TrackRef
	CarObstacle_C /Game/Map/Minimal_Default.Minimal_Default:PersistentLevel.CarObstacle3_6
	Function /Game/ThirdPersonBP/CarObstacle.CarObstacle_C:ExecuteUbergraph_CarObstacle:0047
[2022.04.26-13.19.50:297][  2]LogScript: Warning: Script call stack:
	Function /Game/ThirdPersonBP/CarObstacle.CarObstacle_C:CarMover__UpdateFunc
	Function /Game/ThirdPersonBP/CarObstacle.CarObstacle_C:ExecuteUbergraph_CarObstacle

[2022.04.26-13.19.50:297][  2]LogScript: Warning: Accessed None
	CarObstacle_C /Game/Map/Minimal_Default.Minimal_Default:PersistentLevel.CarObstacle3_6
	Function /Game/ThirdPersonBP/CarObstacle.CarObstacle_C:ExecuteUbergraph_CarObstacle:005C
[2022.04.26-13.19.50:297][  2]LogScript: Warning: Script call stack:
	Function /Game/ThirdPersonBP/CarObstacle.CarObstacle_C:CarMover__UpdateFunc
	Function /Game/ThirdPersonBP/CarObstacle.CarObstacle_C:ExecuteUbergraph_CarObstacle

[2022.04.26-13.19.50:297][  2]LogScript: Warning: Accessed None trying to read property TrackRef
	CarObstacle_C /Game/Map/Minimal_Default.Minimal_Default:PersistentLevel.CarObstacle3_6
	Function /Game/ThirdPersonBP/CarObstacle.CarObstacle_C:ExecuteUbergraph_CarObstacle:00C2
[2022.04.26-13.19.50:297][  2]LogScript: Warning: Script call stack:
	Function /Game/ThirdPersonBP/CarObstacle.CarObstacle_C:CarMover__UpdateFunc
	Function /Game/ThirdPersonBP/CarObstacle.CarObstacle_C:ExecuteUbergraph_CarObstacle

[2022.04.26-13.19.50:297][  2]LogScript: Warning: Accessed None
	CarObstacle_C /Game/Map/Minimal_Default.Minimal_Default:PersistentLevel.CarObstacle3_6
	Function /Game/ThirdPersonBP/CarObstacle.CarObstacle_C:ExecuteUbergraph_CarObstacle:00D7
[2022.04.26-13.19.50:297][  2]LogScript: Warning: Script call stack:
	Function /Game/ThirdPersonBP/CarObstacle.CarObstacle_C:CarMover__UpdateFunc
	Function /Game/ThirdPersonBP/CarObstacle.CarObstacle_C:ExecuteUbergraph_CarObstacle

[2022.04.26-13.19.52:609][348]LogSlate: Window 'HoVR (64-bit Development PCD3D_SM5) ' being destroyed
[2022.04.26-13.19.52:609][348]LogWindowsTextInputMethodSystem: Display: IME system deactivated.
[2022.04.26-13.19.52:613][348]LogWindowsTextInputMethodSystem: Display: IME system deactivated.
[2022.04.26-13.19.52:615][348]LogSlate: Updating window title bar state: overlay mode, drag disabled, window buttons hidden, title bar hidden
[2022.04.26-13.19.52:615][348]LogEngine: All Windows Closed
[2022.04.26-13.19.52:615][348]LogWindows: FPlatformMisc::RequestExit(0)
[2022.04.26-13.19.52:615][348]LogWindows: FPlatformMisc::RequestExitWithStatus(0, 0)
[2022.04.26-13.19.52:615][348]LogCore: Engine exit requested (reason: Win RequestExit)
[2022.04.26-13.19.52:615][349]LogCore: Engine exit requested (reason: EngineExit() was called; note: exit was already requested)
[2022.04.26-13.19.52:615][349]LogInit: Display: PreExit Game.
[2022.04.26-13.19.52:623][349]LogWorld: BeginTearingDown for /Game/Map/Minimal_Default
[2022.04.26-13.19.52:625][349]LogWorld: UWorld::CleanupWorld for Minimal_Default, bSessionEnded=true, bCleanupResources=true
[2022.04.26-13.19.52:635][349]LogSlate: InvalidateAllWidgets triggered.  All widgets were invalidated
[2022.04.26-13.19.53:391][349]LogAudio: Display: Beginning Audio Device Manager Shutdown (Module: AudioMixerXAudio2)...
[2022.04.26-13.19.53:391][349]LogAudio: Display: Destroying 1 Remaining Audio Device(s)...
[2022.04.26-13.19.53:391][349]LogAudio: Display: Audio Device unregistered from world 'Minimal_Default'.
[2022.04.26-13.19.53:423][349]LogAudioMixer: FMixerPlatformXAudio2::StopAudioStream() called
[2022.04.26-13.19.53:424][349]LogAudioMixer: FMixerPlatformXAudio2::StopAudioStream() called
[2022.04.26-13.19.53:427][349]LogAudio: Display: Audio Device Manager Shutdown
[2022.04.26-13.19.53:431][349]LogExit: Preparing to exit.
[2022.04.26-13.19.54:336][349]LogSlate: Updating window title bar state: overlay mode, drag disabled, window buttons hidden, title bar hidden
[2022.04.26-13.19.54:338][349]LogUObjectHash: Compacting FUObjectHashTables data took   1.41ms
[2022.04.26-13.19.54:391][349]LogMoviePlayer: Shutting down movie player
[2022.04.26-13.19.54:594][349]LogDemo: Cleaned up 0 splitscreen connections with owner deletion
[2022.04.26-13.19.54:595][349]LogExit: Game engine shut down
[2022.04.26-13.19.54:680][349]LogExit: Object subsystem successfully closed.
[2022.04.26-13.19.54:689][349]LogShaderCompilers: Display: === FShaderJobCache stats ===
[2022.04.26-13.19.54:689][349]LogShaderCompilers: Display: Total job queries 0, among them cache hits 0 (0.00%)
[2022.04.26-13.19.54:689][349]LogShaderCompilers: Display: Tracking 0 distinct input hashes that result in 0 distinct outputs (0.00%)
[2022.04.26-13.19.54:689][349]LogShaderCompilers: Display: RAM used: 0.00 MB (0.00 GB) of 1638.40 MB (1.60 GB) budget. Usage: 0.00%
[2022.04.26-13.19.54:689][349]LogShaderCompilers: Display: ================================================
[2022.04.26-13.19.54:705][349]LogShaderCompilers: Display: Shaders left to compile 0
[2022.04.26-13.19.54:733][349]LogModuleManager: Shutting down and abandoning module SequenceRecorderSections (560)
[2022.04.26-13.19.54:734][349]LogModuleManager: Shutting down and abandoning module SequenceRecorder (558)
[2022.04.26-13.19.54:734][349]LogModuleManager: Shutting down and abandoning module AutomationController (556)
[2022.04.26-13.19.54:734][349]LogModuleManager: Shutting down and abandoning module AutomationWorker (554)
[2022.04.26-13.19.54:734][349]LogModuleManager: Shutting down and abandoning module Voice (552)
[2022.04.26-13.19.54:734][349]LogModuleManager: Shutting down and abandoning module AIModule (550)
[2022.04.26-13.19.54:734][349]LogModuleManager: Shutting down and abandoning module GameplayDebugger (549)
[2022.04.26-13.19.54:734][349]LogModuleManager: Shutting down and abandoning module AITestSuite (547)
[2022.04.26-13.19.54:734][349]LogModuleManager: Shutting down and abandoning module NavigationSystem (545)
[2022.04.26-13.19.54:734][349]LogModuleManager: Shutting down and abandoning module SteamVREditor (542)
[2022.04.26-13.19.54:734][349]LogModuleManager: Shutting down and abandoning module ToolMenus (541)
[2022.04.26-13.19.54:734][349]LogModuleManager: Shutting down and abandoning module OculusMR (538)
[2022.04.26-13.19.54:734][349]LogModuleManager: Shutting down and abandoning module OpenXRInput (536)
[2022.04.26-13.19.54:734][349]LogModuleManager: Shutting down and abandoning module TakeRecorderSources (534)
[2022.04.26-13.19.54:734][349]LogModuleManager: Shutting down and abandoning module TakeRecorder (533)
[2022.04.26-13.19.54:734][349]LogModuleManager: Shutting down and abandoning module TakeTrackRecorders (530)
[2022.04.26-13.19.54:734][349]LogModuleManager: Shutting down and abandoning module TakesCore (528)
[2022.04.26-13.19.54:734][349]LogModuleManager: Shutting down and abandoning module WmfMediaFactory (526)
[2022.04.26-13.19.54:734][349]LogModuleManager: Shutting down and abandoning module WebMMediaFactory (524)
[2022.04.26-13.19.54:734][349]LogModuleManager: Shutting down and abandoning module WebMMedia (522)
[2022.04.26-13.19.54:734][349]LogModuleManager: Shutting down and abandoning module OpenExrWrapper (520)
[2022.04.26-13.19.54:734][349]LogModuleManager: Shutting down and abandoning module ImgMediaFactory (518)
[2022.04.26-13.19.54:734][349]LogModuleManager: Shutting down and abandoning module AvfMediaFactory (516)
[2022.04.26-13.19.54:734][349]LogModuleManager: Shutting down and abandoning module PlanarCut (514)
[2022.04.26-13.19.54:734][349]LogModuleManager: Shutting down and abandoning module MagicLeapMediaCodecFactory (512)
[2022.04.26-13.19.54:734][349]LogModuleManager: Shutting down and abandoning module MagicLeapMediaFactory (510)
[2022.04.26-13.19.54:734][349]LogModuleManager: Shutting down and abandoning module CharacterAI (508)
[2022.04.26-13.19.54:734][349]LogModuleManager: Shutting down and abandoning module SessionServices (506)
[2022.04.26-13.19.54:734][349]LogModuleManager: Shutting down and abandoning module MovieSceneCapture (504)
[2022.04.26-13.19.54:734][349]LogModuleManager: Shutting down and abandoning module LiveCoding (502)
[2022.04.26-13.19.54:734][349]LogModuleManager: Shutting down and abandoning module LevelSequence (500)
[2022.04.26-13.19.54:734][349]LogModuleManager: Shutting down and abandoning module MovieSceneTracks (498)
[2022.04.26-13.19.54:734][349]LogModuleManager: Shutting down and abandoning module MovieScene (496)
[2022.04.26-13.19.54:734][349]LogModuleManager: Shutting down and abandoning module StreamingPauseRendering (494)
[2022.04.26-13.19.54:734][349]LogModuleManager: Shutting down and abandoning module PortalServices (492)
[2022.04.26-13.19.54:734][349]LogModuleManager: Shutting down and abandoning module PortalRpc (490)
[2022.04.26-13.19.54:734][349]LogModuleManager: Shutting down and abandoning module MessagingRpc (488)
[2022.04.26-13.19.54:734][349]LogModuleManager: Shutting down and abandoning module AudioMixerXAudio2 (486)
[2022.04.26-13.19.54:734][349]LogModuleManager: Shutting down and abandoning module AudioMixerCore (485)
[2022.04.26-13.19.54:734][349]LogModuleManager: Shutting down and abandoning module ImageWriteQueue (482)
[2022.04.26-13.19.54:735][349]LogModuleManager: Shutting down and abandoning module ProfilerService (480)
[2022.04.26-13.19.54:869][349]LogModuleManager: Shutting down and abandoning module TaskGraph (478)
[2022.04.26-13.19.54:869][349]LogModuleManager: Shutting down and abandoning module OculusInput (476)
[2022.04.26-13.19.54:869][349]LogModuleManager: Shutting down and abandoning module OodleNetworkHandlerComponent (474)
[2022.04.26-13.19.54:869][349]LogModuleManager: Shutting down and abandoning module Synthesis (472)
[2022.04.26-13.19.54:869][349]LogModuleManager: Shutting down and abandoning module ProceduralMeshComponent (470)
[2022.04.26-13.19.54:869][349]LogModuleManager: Shutting down and abandoning module MobilePatchingUtils (468)
[2022.04.26-13.19.54:869][349]LogModuleManager: Shutting down and abandoning module TakeMovieScene (466)
[2022.04.26-13.19.54:869][349]LogModuleManager: Shutting down and abandoning module GooglePAD (464)
[2022.04.26-13.19.54:869][349]LogModuleManager: Shutting down and abandoning module EditableMesh (462)
[2022.04.26-13.19.54:869][349]LogModuleManager: Shutting down and abandoning module AssetTags (460)
[2022.04.26-13.19.54:869][349]LogModuleManager: Shutting down and abandoning module CustomMeshComponent (458)
[2022.04.26-13.19.54:869][349]LogModuleManager: Shutting down and abandoning module CableComponent (456)
[2022.04.26-13.19.54:869][349]LogModuleManager: Shutting down and abandoning module ActorLayerUtilities (454)
[2022.04.26-13.19.54:869][349]LogModuleManager: Shutting down and abandoning module AudioCapture (452)
[2022.04.26-13.19.54:869][349]LogModuleManager: Shutting down and abandoning module AudioCaptureRtAudio (451)
[2022.04.26-13.19.54:870][349]LogModuleManager: Shutting down and abandoning module ArchVisCharacter (448)
[2022.04.26-13.19.54:870][349]LogModuleManager: Shutting down and abandoning module AppleImageUtilsBlueprintSupport (446)
[2022.04.26-13.19.54:870][349]LogModuleManager: Shutting down and abandoning module AppleImageUtils (444)
[2022.04.26-13.19.54:870][349]LogModuleManager: Shutting down and abandoning module AndroidPermission (442)
[2022.04.26-13.19.54:870][349]LogModuleManager: Shutting down and abandoning module TemplateSequence (440)
[2022.04.26-13.19.54:870][349]LogModuleManager: Shutting down and abandoning module MediaCompositing (438)
[2022.04.26-13.19.54:870][349]LogModuleManager: Shutting down and abandoning module ImgMedia (436)
[2022.04.26-13.19.54:870][349]LogModuleManager: Shutting down and abandoning module RawInput (434)
[2022.04.26-13.19.54:870][349]LogModuleManager: Shutting down and abandoning module OpenImageDenoise (432)
[2022.04.26-13.19.54:870][349]LogOpenImageDenoise: OIDN shutting down
[2022.04.26-13.19.54:870][349]LogModuleManager: Shutting down and abandoning module MotoSynth (430)
[2022.04.26-13.19.54:870][349]LogModuleManager: Shutting down and abandoning module MeshConversion (428)
[2022.04.26-13.19.54:870][349]LogModuleManager: Shutting down and abandoning module DynamicMesh (426)
[2022.04.26-13.19.54:870][349]LogModuleManager: Shutting down and abandoning module GeometryAlgorithms (424)
[2022.04.26-13.19.54:870][349]LogModuleManager: Shutting down and abandoning module GeometricObjects (422)
[2022.04.26-13.19.54:870][349]LogModuleManager: Shutting down and abandoning module MagicLeapSharedWorld (420)
[2022.04.26-13.19.54:870][349]LogModuleManager: Shutting down and abandoning module MagicLeapLightEstimation (418)
[2022.04.26-13.19.54:870][349]LogModuleManager: Shutting down and abandoning module MagicLeapHelperVulkan (416)
[2022.04.26-13.19.54:870][349]LogModuleManager: Shutting down and abandoning module MagicLeapHelperOpenGL (414)
[2022.04.26-13.19.54:870][349]LogModuleManager: Shutting down and abandoning module MagicLeapAudio (412)
[2022.04.26-13.19.54:870][349]LogModuleManager: Shutting down and abandoning module GeometryCollectionTracks (410)
[2022.04.26-13.19.54:870][349]LogModuleManager: Shutting down and abandoning module GeometryCollectionSequencer (409)
[2022.04.26-13.19.54:870][349]LogModuleManager: Shutting down and abandoning module GeometryCacheTracks (406)
[2022.04.26-13.19.54:870][349]LogModuleManager: Shutting down and abandoning module GeometryCacheSequencer (405)
[2022.04.26-13.19.54:870][349]LogModuleManager: Shutting down and abandoning module GeometryCache (402)
[2022.04.26-13.19.54:870][349]LogModuleManager: Shutting down and abandoning module GeometryCacheEd (401)
[2022.04.26-13.19.54:870][349]LogModuleManager: Shutting down and abandoning module VisualStudioSourceCodeAccess (398)
[2022.04.26-13.19.54:870][349]LogModuleManager: Shutting down and abandoning module HotReload (397)
[2022.04.26-13.19.54:870][349]LogModuleManager: Shutting down and abandoning module VisualStudioCodeSourceCodeAccess (394)
[2022.04.26-13.19.54:870][349]LogModuleManager: Shutting down and abandoning module ChaosNiagara (392)
[2022.04.26-13.19.54:870][349]LogModuleManager: Shutting down and abandoning module FieldSystemEngine (391)
[2022.04.26-13.19.54:870][349]LogModuleManager: Shutting down and abandoning module UObjectPlugin (388)
[2022.04.26-13.19.54:870][349]LogModuleManager: Shutting down and abandoning module SubversionSourceControl (386)
[2022.04.26-13.19.54:870][349]LogModuleManager: Shutting down and abandoning module BackChannel (384)
[2022.04.26-13.19.54:870][349]LogModuleManager: Shutting down and abandoning module AutomationUtils (382)
[2022.04.26-13.19.54:870][349]LogModuleManager: Shutting down and abandoning module PerforceSourceControl (380)
[2022.04.26-13.19.54:870][349]LogModuleManager: Shutting down and abandoning module SourceControl (379)
[2022.04.26-13.19.54:870][349]LogModuleManager: Shutting down and abandoning module CLionSourceCodeAccess (376)
[2022.04.26-13.19.54:870][349]LogModuleManager: Shutting down and abandoning module LiveLinkSequencer (374)
[2022.04.26-13.19.54:870][349]LogModuleManager: Shutting down and abandoning module LiveLinkMovieScene (372)
[2022.04.26-13.19.54:870][349]LogModuleManager: Shutting down and abandoning module LiveLinkGraphNode (370)
[2022.04.26-13.19.54:870][349]LogModuleManager: Shutting down and abandoning module LiveLinkComponents (368)
[2022.04.26-13.19.54:870][349]LogModuleManager: Shutting down and abandoning module LiveLink (366)
