Log file open, 04/26/22 14:00:37
LogWindows: Failed to load 'aqProf.dll' (GetLastError=126)
LogWindows: File 'aqProf.dll' does not exist
LogWindows: Failed to load 'VtuneApi.dll' (GetLastError=126)
LogWindows: File 'VtuneApi.dll' does not exist
LogWindows: Failed to load 'VtuneApi32e.dll' (GetLastError=126)
LogWindows: File 'VtuneApi32e.dll' does not exist
LogConsoleResponse: Display: Failed to find resolution value strings in scalability ini. Falling back to default.
LogConsoleResponse: Display: Failed to find resolution value strings in scalability ini. Falling back to default.
LogInit: Display: Running engine for game: HoVR
LogPlatformFile: Not using cached read wrapper
LogTaskGraph: Started task graph with 5 named threads and 23 total threads with 3 sets of task threads.
LogStats: Stats thread started at 0.300329
LogICUInternationalization: ICU TimeZone Detection - Raw Offset: +0:00, Platform Override: ''
LogInit: Display: Loading text-based GConfig....
LogPluginManager: Mounting plugin MeshPainting
LogPluginManager: Mounting plugin XGEController
LogPluginManager: Mounting plugin Paper2D
LogPluginManager: Mounting plugin LiveLink
LogPluginManager: Mounting plugin LightPropagationVolume
LogPluginManager: Mounting plugin AISupport
LogPluginManager: Mounting plugin EnvironmentQueryEditor
LogPluginManager: Mounting plugin OodleData
LogPluginManager: Mounting plugin OodleNetwork
LogPluginManager: Mounting plugin AnimationSharing
LogPluginManager: Mounting plugin CodeLiteSourceCodeAccess
LogPluginManager: Mounting plugin GitSourceControl
LogPluginManager: Mounting plugin KDevelopSourceCodeAccess
LogPluginManager: Mounting plugin CLionSourceCodeAccess
LogPluginManager: Mounting plugin NullSourceCodeAccess
LogPluginManager: Mounting plugin PerforceSourceControl
LogPluginManager: Mounting plugin PluginUtils
LogPluginManager: Mounting plugin PixWinPlugin
LogPluginManager: Mounting plugin PropertyAccessNode
LogPluginManager: Mounting plugin RiderSourceCodeAccess
LogPluginManager: Mounting plugin TextureFormatOodle
LogPluginManager: Mounting plugin SubversionSourceControl
LogPluginManager: Mounting plugin UObjectPlugin
LogPluginManager: Mounting plugin VisualStudioCodeSourceCodeAccess
LogPluginManager: Mounting plugin VisualStudioSourceCodeAccess
LogPluginManager: Mounting plugin XCodeSourceCodeAccess
LogPluginManager: Mounting plugin DatasmithContent
LogPluginManager: Mounting plugin PlasticSourceControl
LogPluginManager: Mounting plugin VariantManagerContent
LogPluginManager: Mounting plugin Niagara
LogPluginManager: Mounting plugin AlembicImporter
LogPluginManager: Mounting plugin AutomationUtils
LogPluginManager: Mounting plugin BackChannel
LogPluginManager: Mounting plugin ChaosCloth
LogPluginManager: Mounting plugin ChaosClothEditor
LogPluginManager: Mounting plugin ChaosEditor
LogPluginManager: Mounting plugin ChaosNiagara
LogPluginManager: Mounting plugin CharacterAI
LogPluginManager: Mounting plugin ChaosSolverPlugin
LogPluginManager: Mounting plugin LuminPlatformFeatures
LogPluginManager: Mounting plugin MagicLeap
LogPluginManager: Mounting plugin MagicLeapLightEstimation
LogPluginManager: Mounting plugin MagicLeapMedia
LogPluginManager: Mounting plugin MagicLeapPassableWorld
LogPluginManager: Mounting plugin MLSDK
LogPluginManager: Mounting plugin GeometryCache
LogPluginManager: Mounting plugin GeometryCollectionPlugin
LogPluginManager: Mounting plugin GeometryProcessing
LogPluginManager: Mounting plugin MotoSynth
LogPluginManager: Mounting plugin OpenImageDenoise
LogPluginManager: Mounting plugin PlanarCut
LogPluginManager: Mounting plugin PlatformCrypto
LogPluginManager: Mounting plugin ProxyLODPlugin
LogPluginManager: Mounting plugin RawInput
LogPluginManager: Mounting plugin PythonScriptPlugin
LogPluginManager: Mounting plugin SkeletalReduction
LogPluginManager: Mounting plugin AvfMedia
LogPluginManager: Mounting plugin AndroidMedia
LogPluginManager: Mounting plugin ImgMedia
LogPluginManager: Mounting plugin MediaCompositing
LogPluginManager: Mounting plugin MediaPlayerEditor
LogPluginManager: Mounting plugin WebMMedia
LogPluginManager: Mounting plugin WmfMedia
LogPluginManager: Mounting plugin ActorSequence
LogPluginManager: Mounting plugin TcpMessaging
LogPluginManager: Mounting plugin UdpMessaging
LogPluginManager: Mounting plugin LevelSequenceEditor
LogPluginManager: Mounting plugin MatineeToLevelSequence
LogPluginManager: Mounting plugin TemplateSequence
LogPluginManager: Mounting plugin OnlineSubsystem
LogPluginManager: Mounting plugin OnlineSubsystemNull
LogPluginManager: Mounting plugin OnlineSubsystemUtils
LogPluginManager: Mounting plugin LauncherChunkInstaller
LogPluginManager: Mounting plugin ActorLayerUtilities
LogPluginManager: Mounting plugin AndroidDeviceProfileSelector
LogPluginManager: Mounting plugin AndroidMoviePlayer
LogPluginManager: Mounting plugin AndroidPermission
LogPluginManager: Mounting plugin AppleImageUtils
LogPluginManager: Mounting plugin AppleMoviePlayer
LogPluginManager: Mounting plugin ArchVisCharacter
LogPluginManager: Mounting plugin AssetTags
LogPluginManager: Mounting plugin AudioCapture
LogPluginManager: Mounting plugin CableComponent
LogPluginManager: Mounting plugin AudioSynesthesia
LogPluginManager: Mounting plugin ChunkDownloader
LogPluginManager: Mounting plugin CustomMeshComponent
LogPluginManager: Mounting plugin EditableMesh
LogPluginManager: Mounting plugin ExampleDeviceProfileSelector
LogPluginManager: Mounting plugin GooglePAD
LogPluginManager: Mounting plugin ScreenshotTools
LogPluginManager: Mounting plugin IOSDeviceProfileSelector
LogPluginManager: Mounting plugin LinuxDeviceProfileSelector
LogPluginManager: Mounting plugin GoogleCloudMessaging
LogPluginManager: Mounting plugin LocationServicesBPLibrary
LogPluginManager: Mounting plugin MobilePatchingUtils
LogPluginManager: Mounting plugin OpenXREyeTracker
LogPluginManager: Mounting plugin OpenXRHandTracking
LogPluginManager: Mounting plugin OpenXR
LogPluginManager: Mounting plugin PhysXVehicles
LogPluginManager: Mounting plugin ProceduralMeshComponent
LogPluginManager: Mounting plugin PostSplashScreen
LogPluginManager: Mounting plugin PropertyAccessEditor
LogPluginManager: Mounting plugin RuntimePhysXCooking
LogPluginManager: Mounting plugin SignificanceManager
LogPluginManager: Mounting plugin SoundFields
LogPluginManager: Mounting plugin Synthesis
LogPluginManager: Mounting plugin WebMMoviePlayer
LogPluginManager: Mounting plugin WindowsMoviePlayer
LogPluginManager: Mounting plugin Takes
LogPluginManager: Mounting plugin CameraShakePreviewer
LogPluginManager: Mounting plugin GameplayCameras
LogPluginManager: Mounting plugin AssetManagerEditor
LogPluginManager: Mounting plugin CryptoKeys
LogPluginManager: Mounting plugin CurveEditorTools
LogPluginManager: Mounting plugin DataValidation
LogPluginManager: Mounting plugin FacialAnimation
LogPluginManager: Mounting plugin GameplayTagsEditor
LogPluginManager: Mounting plugin GeometryMode
LogPluginManager: Mounting plugin MacGraphicsSwitching
LogPluginManager: Mounting plugin MaterialAnalyzer
LogPluginManager: Mounting plugin MobileLauncherProfileWizard
LogPluginManager: Mounting plugin PluginBrowser
LogPluginManager: Mounting plugin SpeedTreeImporter
LogPluginManager: Mounting plugin OnlineSubsystemIOS
LogPluginManager: Mounting plugin OnlineSubsystemGooglePlay
LogPluginManager: Mounting plugin OculusVR
LogPluginManager: Mounting plugin SteamVR
LogPluginManager: Mounting plugin ContentBrowserClassDataSource
LogPluginManager: Mounting plugin ContentBrowserAssetDataSource
LogPluginManager: Mounting plugin ContentBrowserFileDataSource
PixWinPlugin: PIX capture plugin failed to initialize! Check that the process is launched from PIX.
LogInit: Using libcurl 7.55.1-DEV
LogInit:  - built for x86_64-pc-win32
LogInit:  - supports SSL with OpenSSL/1.1.1
LogInit:  - supports HTTP deflate (compression) using libz 1.2.8
LogInit:  - other features:
LogInit:      CURL_VERSION_SSL
LogInit:      CURL_VERSION_LIBZ
LogInit:      CURL_VERSION_IPV6
LogInit:      CURL_VERSION_ASYNCHDNS
LogInit:      CURL_VERSION_LARGEFILE
LogInit:      CURL_VERSION_IDN
LogInit:  CurlRequestOptions (configurable via config and command line):
LogInit:  - bVerifyPeer = true  - Libcurl will verify peer certificate
LogInit:  - bUseHttpProxy = false  - Libcurl will NOT use HTTP proxy
LogInit:  - bDontReuseConnections = false  - Libcurl will reuse connections
LogInit:  - MaxHostConnections = 16  - Libcurl will limit the number of connections to a host
LogInit:  - LocalHostAddr = Default
LogInit:  - BufferSize = 65536
LogOnline: OSS: Creating online subsystem instance for: NULL
LogInit: WinSock: version 1.1 (2.2), MaxSocks=32767, MaxUdp=65467
LogOnline: OSS: TryLoadSubsystemAndSetDefault: Loaded subsystem for module [NULL]
LogOculusPluginWrapper: OculusPlugin initialized successfully
LogHMD: Failed initializing OVRPlugin 1.59.0
LogInit: Build: ++UE4+Release-4.27-CL-18319896
LogInit: Engine Version: 4.27.2-18319896+++UE4+Release-4.27
LogInit: Compatible Engine Version: 4.27.0-17155196+++UE4+Release-4.27
LogInit: Net CL: 17155196
LogInit: OS: Windows 10 (Release 2009) (), CPU: Intel(R) Core(TM) i7-4790K CPU @ 4.00GHz, GPU: NVIDIA GeForce GTX 980
LogInit: Compiled (64-bit): Nov 30 2021 07:12:08
LogInit: Compiled with Visual C++: 19.24.28315.00
LogInit: Build Configuration: Development
LogInit: Branch Name: ++UE4+Release-4.27
LogInit: Command Line:  /Game/Map/Minimal_Default -game -PIEVIACONSOLE -Multiprocess GameUserSettingsINI=D:/HoVR-3.0/HovR2/HoVR/Saved/Config/Windows/PIEGameUserSettings0.ini -MultiprocessSaveConfig -forcepassthrough -messaging -SessionName="Play in Standalone Game" -windowed -WinX=320 -WinY=184 SAVEWINPOS=1 -ResX=1280 -ResY=720
LogInit: Base Directory: C:/Program Files/Epic Games/UE_4.27/Engine/Binaries/Win64/
LogInit: Allocator: TBB
LogInit: Installed Engine Build: 1
LogDevObjectVersion: Number of dev versions registered: 29
LogDevObjectVersion:   Dev-Blueprints (B0D832E4-1F89-4F0D-ACCF-7EB736FD4AA2): 10
LogDevObjectVersion:   Dev-Build (E1C64328-A22C-4D53-A36C-8E866417BD8C): 0
LogDevObjectVersion:   Dev-Core (375EC13C-06E4-48FB-B500-84F0262A717E): 4
LogDevObjectVersion:   Dev-Editor (E4B068ED-F494-42E9-A231-DA0B2E46BB41): 40
LogDevObjectVersion:   Dev-Framework (CFFC743F-43B0-4480-9391-14DF171D2073): 37
LogDevObjectVersion:   Dev-Mobile (B02B49B5-BB20-44E9-A304-32B752E40360): 3
LogDevObjectVersion:   Dev-Networking (A4E4105C-59A1-49B5-A7C5-40C4547EDFEE): 0
LogDevObjectVersion:   Dev-Online (39C831C9-5AE6-47DC-9A44-9C173E1C8E7C): 0
LogDevObjectVersion:   Dev-Physics (78F01B33-EBEA-4F98-B9B4-84EACCB95AA2): 14
LogDevObjectVersion:   Dev-Platform (6631380F-2D4D-43E0-8009-CF276956A95A): 0
LogDevObjectVersion:   Dev-Rendering (12F88B9F-8875-4AFC-A67C-D90C383ABD29): 45
LogDevObjectVersion:   Dev-Sequencer (7B5AE74C-D270-4C10-A958-57980B212A5A): 13
LogDevObjectVersion:   Dev-VR (D7296918-1DD6-4BDD-9DE2-64A83CC13884): 3
LogDevObjectVersion:   Dev-LoadTimes (C2A15278-BFE7-4AFE-6C17-90FF531DF755): 1
LogDevObjectVersion:   Private-Geometry (6EACA3D4-40EC-4CC1-B786-8BED09428FC5): 3
LogDevObjectVersion:   Dev-AnimPhys (29E575DD-E0A3-4627-9D10-D276232CDCEA): 17
LogDevObjectVersion:   Dev-Anim (AF43A65D-7FD3-4947-9873-3E8ED9C1BB05): 15
LogDevObjectVersion:   Dev-ReflectionCapture (6B266CEC-1EC7-4B8F-A30B-E4D90942FC07): 1
LogDevObjectVersion:   Dev-Automation (0DF73D61-A23F-47EA-B727-89E90C41499A): 1
LogDevObjectVersion:   FortniteMain (601D1886-AC64-4F84-AA16-D3DE0DEAC7D6): 47
LogDevObjectVersion:   FortniteRelease (E7086368-6B23-4C58-8439-1B7016265E91): 1
LogDevObjectVersion:   Dev-Enterprise (9DFFBCD6-494F-0158-E221-12823C92A888): 10
LogDevObjectVersion:   Dev-Niagara (F2AED0AC-9AFE-416F-8664-AA7FFA26D6FC): 1
LogDevObjectVersion:   Dev-Destruction (174F1F0B-B4C6-45A5-B13F-2EE8D0FB917D): 10
LogDevObjectVersion:   Dev-Physics-Ext (35F94A83-E258-406C-A318-09F59610247C): 41
LogDevObjectVersion:   Dev-PhysicsMaterial-Chaos (B68FC16E-8B1B-42E2-B453-215C058844FE): 1
LogDevObjectVersion:   Dev-CineCamera (B2E18506-4273-CFC2-A54E-F4BB758BBA07): 1
LogDevObjectVersion:   Dev-VirtualProduction (64F58936-FD1B-42BA-BA96-7289D5D0FA4E): 1
LogDevObjectVersion:   Dev-MediaFramework (6F0ED827-A609-4895-9C91-998D90180EA4): 2
LogInit: Presizing for max 25165824 objects, including 0 objects not considered by GC, pre-allocating 0 bytes for permanent pool.
LogConfig: Applying CVar settings from Section [/Script/Engine.StreamingSettings] File [D:/HoVR-3.0/HovR2/HoVR/Saved/Config/Windows/Engine.ini]
LogConfig: Setting CVar [[s.MinBulkDataSizeForAsyncLoading:131072]]
LogConfig: Setting CVar [[s.AsyncLoadingThreadEnabled:0]]
LogConfig: Setting CVar [[s.EventDrivenLoaderEnabled:1]]
LogConfig: Setting CVar [[s.WarnIfTimeLimitExceeded:0]]
LogConfig: Setting CVar [[s.TimeLimitExceededMultiplier:1.5]]
LogConfig: Setting CVar [[s.TimeLimitExceededMinTime:0.005]]
LogConfig: Setting CVar [[s.UseBackgroundLevelStreaming:1]]
LogConfig: Setting CVar [[s.PriorityAsyncLoadingExtraTime:15.0]]
LogConfig: Setting CVar [[s.LevelStreamingActorsUpdateTimeLimit:5.0]]
LogConfig: Setting CVar [[s.PriorityLevelStreamingActorsUpdateExtraTime:5.0]]
LogConfig: Setting CVar [[s.LevelStreamingComponentsRegistrationGranularity:10]]
LogConfig: Setting CVar [[s.UnregisterComponentsTimeLimit:1.0]]
LogConfig: Setting CVar [[s.LevelStreamingComponentsUnregistrationGranularity:5]]
LogConfig: Setting CVar [[s.FlushStreamingOnExit:1]]
LogInit: Object subsystem initialized
LogConfig: Setting CVar [[con.DebugEarlyDefault:1]]
LogConfig: Setting CVar [[r.setres:1280x720]]
[2022.04.26-13.00.38:407][  0]LogConfig: Setting CVar [[con.DebugEarlyDefault:1]]
[2022.04.26-13.00.38:407][  0]LogConfig: Setting CVar [[r.setres:1280x720]]
[2022.04.26-13.00.38:407][  0]LogConfig: Applying CVar settings from Section [/Script/Engine.RendererSettings] File [D:/HoVR-3.0/HovR2/HoVR/Saved/Config/Windows/Engine.ini]
[2022.04.26-13.00.38:407][  0]LogConfig: Setting CVar [[r.GPUCrashDebugging:0]]
[2022.04.26-13.00.38:407][  0]LogConfig: Applying CVar settings from Section [/Script/Engine.RendererOverrideSettings] File [D:/HoVR-3.0/HovR2/HoVR/Saved/Config/Windows/Engine.ini]
[2022.04.26-13.00.38:407][  0]LogConfig: Applying CVar settings from Section [/Script/Engine.StreamingSettings] File [D:/HoVR-3.0/HovR2/HoVR/Saved/Config/Windows/Engine.ini]
[2022.04.26-13.00.38:407][  0]LogConfig: Setting CVar [[s.MinBulkDataSizeForAsyncLoading:131072]]
[2022.04.26-13.00.38:407][  0]LogConfig: Setting CVar [[s.AsyncLoadingThreadEnabled:0]]
[2022.04.26-13.00.38:407][  0]LogConfig: Setting CVar [[s.EventDrivenLoaderEnabled:1]]
[2022.04.26-13.00.38:407][  0]LogConfig: Setting CVar [[s.WarnIfTimeLimitExceeded:0]]
[2022.04.26-13.00.38:407][  0]LogConfig: Setting CVar [[s.TimeLimitExceededMultiplier:1.5]]
[2022.04.26-13.00.38:407][  0]LogConfig: Setting CVar [[s.TimeLimitExceededMinTime:0.005]]
[2022.04.26-13.00.38:407][  0]LogConfig: Setting CVar [[s.UseBackgroundLevelStreaming:1]]
[2022.04.26-13.00.38:407][  0]LogConfig: Setting CVar [[s.PriorityAsyncLoadingExtraTime:15.0]]
[2022.04.26-13.00.38:407][  0]LogConfig: Setting CVar [[s.LevelStreamingActorsUpdateTimeLimit:5.0]]
[2022.04.26-13.00.38:407][  0]LogConfig: Setting CVar [[s.PriorityLevelStreamingActorsUpdateExtraTime:5.0]]
[2022.04.26-13.00.38:407][  0]LogConfig: Setting CVar [[s.LevelStreamingComponentsRegistrationGranularity:10]]
[2022.04.26-13.00.38:407][  0]LogConfig: Setting CVar [[s.UnregisterComponentsTimeLimit:1.0]]
[2022.04.26-13.00.38:407][  0]LogConfig: Setting CVar [[s.LevelStreamingComponentsUnregistrationGranularity:5]]
[2022.04.26-13.00.38:407][  0]LogConfig: Setting CVar [[s.FlushStreamingOnExit:1]]
[2022.04.26-13.00.38:407][  0]LogConfig: Applying CVar settings from Section [/Script/Engine.GarbageCollectionSettings] File [D:/HoVR-3.0/HovR2/HoVR/Saved/Config/Windows/Engine.ini]
[2022.04.26-13.00.38:407][  0]LogConfig: Setting CVar [[gc.MaxObjectsNotConsideredByGC:1]]
[2022.04.26-13.00.38:407][  0]LogConfig: Setting CVar [[gc.SizeOfPermanentObjectPool:0]]
[2022.04.26-13.00.38:407][  0]LogConfig: Setting CVar [[gc.FlushStreamingOnGC:0]]
[2022.04.26-13.00.38:407][  0]LogConfig: Setting CVar [[gc.NumRetriesBeforeForcingGC:10]]
[2022.04.26-13.00.38:407][  0]LogConfig: Setting CVar [[gc.AllowParallelGC:1]]
[2022.04.26-13.00.38:407][  0]LogConfig: Setting CVar [[gc.TimeBetweenPurgingPendingKillObjects:61.1]]
[2022.04.26-13.00.38:408][  0]LogConfig: Setting CVar [[gc.MaxObjectsInEditor:25165824]]
[2022.04.26-13.00.38:408][  0]LogConfig: Setting CVar [[gc.IncrementalBeginDestroyEnabled:1]]
[2022.04.26-13.00.38:408][  0]LogConfig: Setting CVar [[gc.CreateGCClusters:1]]
[2022.04.26-13.00.38:408][  0]LogConfig: Setting CVar [[gc.MinGCClusterSize:5]]
[2022.04.26-13.00.38:408][  0]LogConfig: Setting CVar [[gc.ActorClusteringEnabled:0]]
[2022.04.26-13.00.38:408][  0]LogConfig: Setting CVar [[gc.BlueprintClusteringEnabled:0]]
[2022.04.26-13.00.38:408][  0]LogConfig: Setting CVar [[gc.UseDisregardForGCOnDedicatedServers:0]]
[2022.04.26-13.00.38:408][  0]LogConfig: Setting CVar [[gc.MultithreadedDestructionEnabled:1]]
[2022.04.26-13.00.38:408][  0]LogConfig: Applying CVar settings from Section [/Script/Engine.NetworkSettings] File [D:/HoVR-3.0/HovR2/HoVR/Saved/Config/Windows/Engine.ini]
[2022.04.26-13.00.38:408][  0]LogConfig: Applying CVar settings from Section [/Script/UnrealEd.CookerSettings] File [D:/HoVR-3.0/HovR2/HoVR/Saved/Config/Windows/Engine.ini]
[2022.04.26-13.00.38:437][  0]LogConfig: Applying CVar settings from Section [ViewDistanceQuality@3] File [D:/HoVR-3.0/HovR2/HoVR/Saved/Config/Windows/Scalability.ini]
[2022.04.26-13.00.38:437][  0]LogConfig: Setting CVar [[r.SkeletalMeshLODBias:0]]
[2022.04.26-13.00.38:437][  0]LogConfig: Setting CVar [[r.ViewDistanceScale:1.0]]
[2022.04.26-13.00.38:437][  0]LogConfig: Applying CVar settings from Section [AntiAliasingQuality@3] File [D:/HoVR-3.0/HovR2/HoVR/Saved/Config/Windows/Scalability.ini]
[2022.04.26-13.00.38:437][  0]LogConfig: Setting CVar [[r.PostProcessAAQuality:4]]
[2022.04.26-13.00.38:437][  0]LogConfig: Applying CVar settings from Section [ShadowQuality@3] File [D:/HoVR-3.0/HovR2/HoVR/Saved/Config/Windows/Scalability.ini]
[2022.04.26-13.00.38:437][  0]LogConfig: Setting CVar [[r.LightFunctionQuality:1]]
[2022.04.26-13.00.38:437][  0]LogConfig: Setting CVar [[r.ShadowQuality:5]]
[2022.04.26-13.00.38:437][  0]LogConfig: Setting CVar [[r.Shadow.CSM.MaxCascades:10]]
[2022.04.26-13.00.38:437][  0]LogConfig: Setting CVar [[r.Shadow.MaxResolution:2048]]
[2022.04.26-13.00.38:437][  0]LogConfig: Setting CVar [[r.Shadow.MaxCSMResolution:2048]]
[2022.04.26-13.00.38:437][  0]LogConfig: Setting CVar [[r.Shadow.RadiusThreshold:0.01]]
[2022.04.26-13.00.38:437][  0]LogConfig: Setting CVar [[r.Shadow.DistanceScale:1.0]]
[2022.04.26-13.00.38:437][  0]LogConfig: Setting CVar [[r.Shadow.CSM.TransitionScale:1.0]]
[2022.04.26-13.00.38:437][  0]LogConfig: Setting CVar [[r.Shadow.PreShadowResolutionFactor:1.0]]
[2022.04.26-13.00.38:437][  0]LogConfig: Setting CVar [[r.DistanceFieldShadowing:1]]
[2022.04.26-13.00.38:437][  0]LogConfig: Setting CVar [[r.DistanceFieldAO:1]]
[2022.04.26-13.00.38:437][  0]LogConfig: Setting CVar [[r.AOQuality:2]]
[2022.04.26-13.00.38:437][  0]LogConfig: Setting CVar [[r.VolumetricFog:1]]
[2022.04.26-13.00.38:437][  0]LogConfig: Setting CVar [[r.VolumetricFog.GridPixelSize:8]]
[2022.04.26-13.00.38:437][  0]LogConfig: Setting CVar [[r.VolumetricFog.GridSizeZ:128]]
[2022.04.26-13.00.38:437][  0]LogConfig: Setting CVar [[r.VolumetricFog.HistoryMissSupersampleCount:4]]
[2022.04.26-13.00.38:437][  0]LogConfig: Setting CVar [[r.LightMaxDrawDistanceScale:1]]
[2022.04.26-13.00.38:437][  0]LogConfig: Setting CVar [[r.CapsuleShadows:1]]
[2022.04.26-13.00.38:437][  0]LogConfig: Applying CVar settings from Section [PostProcessQuality@3] File [D:/HoVR-3.0/HovR2/HoVR/Saved/Config/Windows/Scalability.ini]
[2022.04.26-13.00.38:437][  0]LogConfig: Setting CVar [[r.MotionBlurQuality:4]]
[2022.04.26-13.00.38:437][  0]LogConfig: Setting CVar [[r.AmbientOcclusionMipLevelFactor:0.4]]
[2022.04.26-13.00.38:437][  0]LogConfig: Setting CVar [[r.AmbientOcclusionMaxQuality:100]]
[2022.04.26-13.00.38:437][  0]LogConfig: Setting CVar [[r.AmbientOcclusionLevels:-1]]
[2022.04.26-13.00.38:437][  0]LogConfig: Setting CVar [[r.AmbientOcclusionRadiusScale:1.0]]
[2022.04.26-13.00.38:437][  0]LogConfig: Setting CVar [[r.DepthOfFieldQuality:2]]
[2022.04.26-13.00.38:437][  0]LogConfig: Setting CVar [[r.RenderTargetPoolMin:400]]
[2022.04.26-13.00.38:437][  0]LogConfig: Setting CVar [[r.LensFlareQuality:2]]
[2022.04.26-13.00.38:437][  0]LogConfig: Setting CVar [[r.SceneColorFringeQuality:1]]
[2022.04.26-13.00.38:437][  0]LogConfig: Setting CVar [[r.EyeAdaptationQuality:2]]
[2022.04.26-13.00.38:437][  0]LogConfig: Setting CVar [[r.BloomQuality:5]]
[2022.04.26-13.00.38:437][  0]LogConfig: Setting CVar [[r.FastBlurThreshold:100]]
[2022.04.26-13.00.38:437][  0]LogConfig: Setting CVar [[r.Upscale.Quality:3]]
[2022.04.26-13.00.38:437][  0]LogConfig: Setting CVar [[r.Tonemapper.GrainQuantization:1]]
[2022.04.26-13.00.38:437][  0]LogConfig: Setting CVar [[r.LightShaftQuality:1]]
[2022.04.26-13.00.38:437][  0]LogConfig: Setting CVar [[r.Filter.SizeScale:1]]
[2022.04.26-13.00.38:437][  0]LogConfig: Setting CVar [[r.Tonemapper.Quality:5]]
[2022.04.26-13.00.38:437][  0]LogConfig: Setting CVar [[r.DOF.Gather.AccumulatorQuality:1        ; higher gathering accumulator quality]]
[2022.04.26-13.00.38:437][  0]LogConfig: Setting CVar [[r.DOF.Gather.PostfilterMethod:1          ; Median3x3 postfilering method]]
[2022.04.26-13.00.38:437][  0]LogConfig: Setting CVar [[r.DOF.Gather.EnableBokehSettings:0       ; no bokeh simulation when gathering]]
[2022.04.26-13.00.38:437][  0]LogConfig: Setting CVar [[r.DOF.Gather.RingCount:4                 ; medium number of samples when gathering]]
[2022.04.26-13.00.38:437][  0]LogConfig: Setting CVar [[r.DOF.Scatter.ForegroundCompositing:1    ; additive foreground scattering]]
[2022.04.26-13.00.38:437][  0]LogConfig: Setting CVar [[r.DOF.Scatter.BackgroundCompositing:2    ; additive background scattering]]
[2022.04.26-13.00.38:437][  0]LogConfig: Setting CVar [[r.DOF.Scatter.EnableBokehSettings:1      ; bokeh simulation when scattering]]
[2022.04.26-13.00.38:438][  0]LogConfig: Setting CVar [[r.DOF.Scatter.MaxSpriteRatio:0.1         ; only a maximum of 10% of scattered bokeh]]
[2022.04.26-13.00.38:438][  0]LogConfig: Setting CVar [[r.DOF.Recombine.Quality:1                ; cheap slight out of focus]]
[2022.04.26-13.00.38:438][  0]LogConfig: Setting CVar [[r.DOF.Recombine.EnableBokehSettings:0    ; no bokeh simulation on slight out of focus]]
[2022.04.26-13.00.38:438][  0]LogConfig: Setting CVar [[r.DOF.TemporalAAQuality:1                ; more stable temporal accumulation]]
[2022.04.26-13.00.38:438][  0]LogConfig: Setting CVar [[r.DOF.Kernel.MaxForegroundRadius:0.025]]
[2022.04.26-13.00.38:438][  0]LogConfig: Setting CVar [[r.DOF.Kernel.MaxBackgroundRadius:0.025]]
[2022.04.26-13.00.38:438][  0]LogConfig: Applying CVar settings from Section [TextureQuality@3] File [D:/HoVR-3.0/HovR2/HoVR/Saved/Config/Windows/Scalability.ini]
[2022.04.26-13.00.38:438][  0]LogConfig: Setting CVar [[r.Streaming.MipBias:0]]
[2022.04.26-13.00.38:438][  0]LogConfig: Setting CVar [[r.Streaming.AmortizeCPUToGPUCopy:0]]
[2022.04.26-13.00.38:438][  0]LogConfig: Setting CVar [[r.Streaming.MaxNumTexturesToStreamPerFrame:0]]
[2022.04.26-13.00.38:438][  0]LogConfig: Setting CVar [[r.Streaming.Boost:1]]
[2022.04.26-13.00.38:438][  0]LogConfig: Setting CVar [[r.MaxAnisotropy:8]]
[2022.04.26-13.00.38:438][  0]LogConfig: Setting CVar [[r.VT.MaxAnisotropy:8]]
[2022.04.26-13.00.38:438][  0]LogConfig: Setting CVar [[r.Streaming.LimitPoolSizeToVRAM:0]]
[2022.04.26-13.00.38:438][  0]LogConfig: Setting CVar [[r.Streaming.PoolSize:1000]]
[2022.04.26-13.00.38:438][  0]LogConfig: Setting CVar [[r.Streaming.MaxEffectiveScreenSize:0]]
[2022.04.26-13.00.38:438][  0]LogConfig: Applying CVar settings from Section [EffectsQuality@3] File [D:/HoVR-3.0/HovR2/HoVR/Saved/Config/Windows/Scalability.ini]
[2022.04.26-13.00.38:438][  0]LogConfig: Setting CVar [[r.TranslucencyLightingVolumeDim:64]]
[2022.04.26-13.00.38:438][  0]LogConfig: Setting CVar [[r.RefractionQuality:2]]
[2022.04.26-13.00.38:438][  0]LogConfig: Setting CVar [[r.SSR.Quality:3]]
[2022.04.26-13.00.38:438][  0]LogConfig: Setting CVar [[r.SSR.HalfResSceneColor:0]]
[2022.04.26-13.00.38:438][  0]LogConfig: Setting CVar [[r.SceneColorFormat:4]]
[2022.04.26-13.00.38:438][  0]LogConfig: Setting CVar [[r.DetailMode:2]]
[2022.04.26-13.00.38:438][  0]LogConfig: Setting CVar [[r.TranslucencyVolumeBlur:1]]
[2022.04.26-13.00.38:438][  0]LogConfig: Setting CVar [[r.MaterialQualityLevel:1 ; High quality]]
[2022.04.26-13.00.38:438][  0]LogConfig: Setting CVar [[r.AnisotropicMaterials:1]]
[2022.04.26-13.00.38:438][  0]LogConfig: Setting CVar [[r.SSS.Scale:1]]
[2022.04.26-13.00.38:438][  0]LogConfig: Setting CVar [[r.SSS.SampleSet:2]]
[2022.04.26-13.00.38:438][  0]LogConfig: Setting CVar [[r.SSS.Quality:1]]
[2022.04.26-13.00.38:438][  0]LogConfig: Setting CVar [[r.SSS.HalfRes:0]]
[2022.04.26-13.00.38:438][  0]LogConfig: Setting CVar [[r.SSGI.Quality:3]]
[2022.04.26-13.00.38:438][  0]LogConfig: Setting CVar [[r.EmitterSpawnRateScale:1.0]]
[2022.04.26-13.00.38:438][  0]LogConfig: Setting CVar [[r.ParticleLightQuality:2]]
[2022.04.26-13.00.38:438][  0]LogConfig: Setting CVar [[r.SkyAtmosphere.AerialPerspectiveLUT.FastApplyOnOpaque:1 ; Always have FastSkyLUT 1 in this case to avoid wrong sky]]
[2022.04.26-13.00.38:438][  0]LogConfig: Setting CVar [[r.SkyAtmosphere.AerialPerspectiveLUT.SampleCountMaxPerSlice:4]]
[2022.04.26-13.00.38:438][  0]LogConfig: Setting CVar [[r.SkyAtmosphere.AerialPerspectiveLUT.DepthResolution:16.0]]
[2022.04.26-13.00.38:438][  0]LogConfig: Setting CVar [[r.SkyAtmosphere.FastSkyLUT:1]]
[2022.04.26-13.00.38:438][  0]LogConfig: Setting CVar [[r.SkyAtmosphere.FastSkyLUT.SampleCountMin:4.0]]
[2022.04.26-13.00.38:438][  0]LogConfig: Setting CVar [[r.SkyAtmosphere.FastSkyLUT.SampleCountMax:128.0]]
[2022.04.26-13.00.38:438][  0]LogConfig: Setting CVar [[r.SkyAtmosphere.SampleCountMin:4.0]]
[2022.04.26-13.00.38:438][  0]LogConfig: Setting CVar [[r.SkyAtmosphere.SampleCountMax:128.0]]
[2022.04.26-13.00.38:438][  0]LogConfig: Setting CVar [[r.SkyAtmosphere.TransmittanceLUT.UseSmallFormat:0]]
[2022.04.26-13.00.38:438][  0]LogConfig: Setting CVar [[r.SkyAtmosphere.TransmittanceLUT.SampleCount:10.0]]
[2022.04.26-13.00.38:438][  0]LogConfig: Setting CVar [[r.SkyAtmosphere.MultiScatteringLUT.SampleCount:15.0]]
[2022.04.26-13.00.38:438][  0]LogConfig: Setting CVar [[r.SkyLight.RealTimeReflectionCapture:1]]
[2022.04.26-13.00.38:438][  0]LogConfig: Applying CVar settings from Section [FoliageQuality@3] File [D:/HoVR-3.0/HovR2/HoVR/Saved/Config/Windows/Scalability.ini]
[2022.04.26-13.00.38:438][  0]LogConfig: Setting CVar [[foliage.DensityScale:1.0]]
[2022.04.26-13.00.38:438][  0]LogConfig: Setting CVar [[grass.DensityScale:1.0]]
[2022.04.26-13.00.38:438][  0]LogConfig: Applying CVar settings from Section [ShadingQuality@3] File [D:/HoVR-3.0/HovR2/HoVR/Saved/Config/Windows/Scalability.ini]
[2022.04.26-13.00.38:438][  0]LogConfig: Setting CVar [[r.HairStrands.SkyLighting.IntegrationType:2]]
[2022.04.26-13.00.38:438][  0]LogConfig: Setting CVar [[r.HairStrands.SkyAO.SampleCount:4]]
[2022.04.26-13.00.38:438][  0]LogConfig: Setting CVar [[r.HairStrands.Visibility.MSAA.SamplePerPixel:4]]
[2022.04.26-13.00.38:438][  0]LogInit: Selected Device Profile: [Windows]
[2022.04.26-13.00.38:438][  0]LogInit: Applying CVar settings loaded from the selected device profile: [Windows]
[2022.04.26-13.00.38:438][  0]LogHAL: Display: Platform has ~ 32 GB [34191572992 / 34359738368 / 32], which maps to Largest [LargestMinGB=32, LargerMinGB=12, DefaultMinGB=8, SmallerMinGB=6, SmallestMinGB=0)
[2022.04.26-13.00.38:438][  0]LogInit: Going up to parent DeviceProfile []
[2022.04.26-13.00.38:438][  0]LogConfig: Applying CVar settings from Section [ViewDistanceQuality@3] File [D:/HoVR-3.0/HovR2/HoVR/Saved/Config/Windows/Scalability.ini]
[2022.04.26-13.00.38:438][  0]LogConfig: Setting CVar [[r.SkeletalMeshLODBias:0]]
[2022.04.26-13.00.38:438][  0]LogConfig: Setting CVar [[r.ViewDistanceScale:1.0]]
[2022.04.26-13.00.38:438][  0]LogConfig: Applying CVar settings from Section [AntiAliasingQuality@3] File [D:/HoVR-3.0/HovR2/HoVR/Saved/Config/Windows/Scalability.ini]
[2022.04.26-13.00.38:438][  0]LogConfig: Setting CVar [[r.PostProcessAAQuality:4]]
[2022.04.26-13.00.38:438][  0]LogConfig: Applying CVar settings from Section [ShadowQuality@3] File [D:/HoVR-3.0/HovR2/HoVR/Saved/Config/Windows/Scalability.ini]
[2022.04.26-13.00.38:438][  0]LogConfig: Setting CVar [[r.LightFunctionQuality:1]]
[2022.04.26-13.00.38:438][  0]LogConfig: Setting CVar [[r.ShadowQuality:5]]
[2022.04.26-13.00.38:438][  0]LogConfig: Setting CVar [[r.Shadow.CSM.MaxCascades:10]]
[2022.04.26-13.00.38:438][  0]LogConfig: Setting CVar [[r.Shadow.MaxResolution:2048]]
[2022.04.26-13.00.38:438][  0]LogConfig: Setting CVar [[r.Shadow.MaxCSMResolution:2048]]
[2022.04.26-13.00.38:438][  0]LogConfig: Setting CVar [[r.Shadow.RadiusThreshold:0.01]]
[2022.04.26-13.00.38:438][  0]LogConfig: Setting CVar [[r.Shadow.DistanceScale:1.0]]
[2022.04.26-13.00.38:438][  0]LogConfig: Setting CVar [[r.Shadow.CSM.TransitionScale:1.0]]
[2022.04.26-13.00.38:438][  0]LogConfig: Setting CVar [[r.Shadow.PreShadowResolutionFactor:1.0]]
[2022.04.26-13.00.38:438][  0]LogConfig: Setting CVar [[r.DistanceFieldShadowing:1]]
[2022.04.26-13.00.38:438][  0]LogConfig: Setting CVar [[r.DistanceFieldAO:1]]
[2022.04.26-13.00.38:438][  0]LogConfig: Setting CVar [[r.AOQuality:2]]
[2022.04.26-13.00.38:438][  0]LogConfig: Setting CVar [[r.VolumetricFog:1]]
[2022.04.26-13.00.38:438][  0]LogConfig: Setting CVar [[r.VolumetricFog.GridPixelSize:8]]
[2022.04.26-13.00.38:438][  0]LogConfig: Setting CVar [[r.VolumetricFog.GridSizeZ:128]]
[2022.04.26-13.00.38:438][  0]LogConfig: Setting CVar [[r.VolumetricFog.HistoryMissSupersampleCount:4]]
[2022.04.26-13.00.38:438][  0]LogConfig: Setting CVar [[r.LightMaxDrawDistanceScale:1]]
[2022.04.26-13.00.38:438][  0]LogConfig: Setting CVar [[r.CapsuleShadows:1]]
[2022.04.26-13.00.38:438][  0]LogConfig: Applying CVar settings from Section [PostProcessQuality@3] File [D:/HoVR-3.0/HovR2/HoVR/Saved/Config/Windows/Scalability.ini]
[2022.04.26-13.00.38:438][  0]LogConfig: Setting CVar [[r.MotionBlurQuality:4]]
[2022.04.26-13.00.38:438][  0]LogConfig: Setting CVar [[r.AmbientOcclusionMipLevelFactor:0.4]]
[2022.04.26-13.00.38:438][  0]LogConfig: Setting CVar [[r.AmbientOcclusionMaxQuality:100]]
[2022.04.26-13.00.38:438][  0]LogConfig: Setting CVar [[r.AmbientOcclusionLevels:-1]]
[2022.04.26-13.00.38:439][  0]LogConfig: Setting CVar [[r.AmbientOcclusionRadiusScale:1.0]]
[2022.04.26-13.00.38:439][  0]LogConfig: Setting CVar [[r.DepthOfFieldQuality:2]]
[2022.04.26-13.00.38:439][  0]LogConfig: Setting CVar [[r.RenderTargetPoolMin:400]]
[2022.04.26-13.00.38:439][  0]LogConfig: Setting CVar [[r.LensFlareQuality:2]]
[2022.04.26-13.00.38:439][  0]LogConfig: Setting CVar [[r.SceneColorFringeQuality:1]]
[2022.04.26-13.00.38:439][  0]LogConfig: Setting CVar [[r.EyeAdaptationQuality:2]]
[2022.04.26-13.00.38:439][  0]LogConfig: Setting CVar [[r.BloomQuality:5]]
[2022.04.26-13.00.38:439][  0]LogConfig: Setting CVar [[r.FastBlurThreshold:100]]
[2022.04.26-13.00.38:439][  0]LogConfig: Setting CVar [[r.Upscale.Quality:3]]
[2022.04.26-13.00.38:439][  0]LogConfig: Setting CVar [[r.Tonemapper.GrainQuantization:1]]
[2022.04.26-13.00.38:439][  0]LogConfig: Setting CVar [[r.LightShaftQuality:1]]
[2022.04.26-13.00.38:439][  0]LogConfig: Setting CVar [[r.Filter.SizeScale:1]]
[2022.04.26-13.00.38:439][  0]LogConfig: Setting CVar [[r.Tonemapper.Quality:5]]
[2022.04.26-13.00.38:439][  0]LogConfig: Setting CVar [[r.DOF.Gather.AccumulatorQuality:1        ; higher gathering accumulator quality]]
[2022.04.26-13.00.38:439][  0]LogConfig: Setting CVar [[r.DOF.Gather.PostfilterMethod:1          ; Median3x3 postfilering method]]
[2022.04.26-13.00.38:439][  0]LogConfig: Setting CVar [[r.DOF.Gather.EnableBokehSettings:0       ; no bokeh simulation when gathering]]
[2022.04.26-13.00.38:439][  0]LogConfig: Setting CVar [[r.DOF.Gather.RingCount:4                 ; medium number of samples when gathering]]
[2022.04.26-13.00.38:439][  0]LogConfig: Setting CVar [[r.DOF.Scatter.ForegroundCompositing:1    ; additive foreground scattering]]
[2022.04.26-13.00.38:439][  0]LogConfig: Setting CVar [[r.DOF.Scatter.BackgroundCompositing:2    ; additive background scattering]]
[2022.04.26-13.00.38:439][  0]LogConfig: Setting CVar [[r.DOF.Scatter.EnableBokehSettings:1      ; bokeh simulation when scattering]]
[2022.04.26-13.00.38:439][  0]LogConfig: Setting CVar [[r.DOF.Scatter.MaxSpriteRatio:0.1         ; only a maximum of 10% of scattered bokeh]]
[2022.04.26-13.00.38:439][  0]LogConfig: Setting CVar [[r.DOF.Recombine.Quality:1                ; cheap slight out of focus]]
[2022.04.26-13.00.38:439][  0]LogConfig: Setting CVar [[r.DOF.Recombine.EnableBokehSettings:0    ; no bokeh simulation on slight out of focus]]
[2022.04.26-13.00.38:439][  0]LogConfig: Setting CVar [[r.DOF.TemporalAAQuality:1                ; more stable temporal accumulation]]
[2022.04.26-13.00.38:439][  0]LogConfig: Setting CVar [[r.DOF.Kernel.MaxForegroundRadius:0.025]]
[2022.04.26-13.00.38:439][  0]LogConfig: Setting CVar [[r.DOF.Kernel.MaxBackgroundRadius:0.025]]
[2022.04.26-13.00.38:439][  0]LogConfig: Applying CVar settings from Section [TextureQuality@3] File [D:/HoVR-3.0/HovR2/HoVR/Saved/Config/Windows/Scalability.ini]
[2022.04.26-13.00.38:439][  0]LogConfig: Setting CVar [[r.Streaming.MipBias:0]]
[2022.04.26-13.00.38:439][  0]LogConfig: Setting CVar [[r.Streaming.AmortizeCPUToGPUCopy:0]]
[2022.04.26-13.00.38:439][  0]LogConfig: Setting CVar [[r.Streaming.MaxNumTexturesToStreamPerFrame:0]]
[2022.04.26-13.00.38:439][  0]LogConfig: Setting CVar [[r.Streaming.Boost:1]]
[2022.04.26-13.00.38:439][  0]LogConfig: Setting CVar [[r.MaxAnisotropy:8]]
[2022.04.26-13.00.38:439][  0]LogConfig: Setting CVar [[r.VT.MaxAnisotropy:8]]
[2022.04.26-13.00.38:439][  0]LogConfig: Setting CVar [[r.Streaming.LimitPoolSizeToVRAM:0]]
[2022.04.26-13.00.38:439][  0]LogConfig: Setting CVar [[r.Streaming.PoolSize:1000]]
[2022.04.26-13.00.38:439][  0]LogConfig: Setting CVar [[r.Streaming.MaxEffectiveScreenSize:0]]
[2022.04.26-13.00.38:439][  0]LogConfig: Applying CVar settings from Section [EffectsQuality@3] File [D:/HoVR-3.0/HovR2/HoVR/Saved/Config/Windows/Scalability.ini]
[2022.04.26-13.00.38:439][  0]LogConfig: Setting CVar [[r.TranslucencyLightingVolumeDim:64]]
[2022.04.26-13.00.38:439][  0]LogConfig: Setting CVar [[r.RefractionQuality:2]]
[2022.04.26-13.00.38:439][  0]LogConfig: Setting CVar [[r.SSR.Quality:3]]
[2022.04.26-13.00.38:439][  0]LogConfig: Setting CVar [[r.SSR.HalfResSceneColor:0]]
[2022.04.26-13.00.38:439][  0]LogConfig: Setting CVar [[r.SceneColorFormat:4]]
[2022.04.26-13.00.38:439][  0]LogConfig: Setting CVar [[r.DetailMode:2]]
[2022.04.26-13.00.38:439][  0]LogConfig: Setting CVar [[r.TranslucencyVolumeBlur:1]]
[2022.04.26-13.00.38:439][  0]LogConfig: Setting CVar [[r.MaterialQualityLevel:1 ; High quality]]
[2022.04.26-13.00.38:439][  0]LogConfig: Setting CVar [[r.AnisotropicMaterials:1]]
[2022.04.26-13.00.38:439][  0]LogConfig: Setting CVar [[r.SSS.Scale:1]]
[2022.04.26-13.00.38:439][  0]LogConfig: Setting CVar [[r.SSS.SampleSet:2]]
[2022.04.26-13.00.38:439][  0]LogConfig: Setting CVar [[r.SSS.Quality:1]]
[2022.04.26-13.00.38:439][  0]LogConfig: Setting CVar [[r.SSS.HalfRes:0]]
[2022.04.26-13.00.38:439][  0]LogConfig: Setting CVar [[r.SSGI.Quality:3]]
[2022.04.26-13.00.38:439][  0]LogConfig: Setting CVar [[r.EmitterSpawnRateScale:1.0]]
[2022.04.26-13.00.38:439][  0]LogConfig: Setting CVar [[r.ParticleLightQuality:2]]
[2022.04.26-13.00.38:439][  0]LogConfig: Setting CVar [[r.SkyAtmosphere.AerialPerspectiveLUT.FastApplyOnOpaque:1 ; Always have FastSkyLUT 1 in this case to avoid wrong sky]]
[2022.04.26-13.00.38:439][  0]LogConfig: Setting CVar [[r.SkyAtmosphere.AerialPerspectiveLUT.SampleCountMaxPerSlice:4]]
[2022.04.26-13.00.38:439][  0]LogConfig: Setting CVar [[r.SkyAtmosphere.AerialPerspectiveLUT.DepthResolution:16.0]]
[2022.04.26-13.00.38:439][  0]LogConfig: Setting CVar [[r.SkyAtmosphere.FastSkyLUT:1]]
[2022.04.26-13.00.38:439][  0]LogConfig: Setting CVar [[r.SkyAtmosphere.FastSkyLUT.SampleCountMin:4.0]]
[2022.04.26-13.00.38:439][  0]LogConfig: Setting CVar [[r.SkyAtmosphere.FastSkyLUT.SampleCountMax:128.0]]
[2022.04.26-13.00.38:439][  0]LogConfig: Setting CVar [[r.SkyAtmosphere.SampleCountMin:4.0]]
[2022.04.26-13.00.38:439][  0]LogConfig: Setting CVar [[r.SkyAtmosphere.SampleCountMax:128.0]]
[2022.04.26-13.00.38:439][  0]LogConfig: Setting CVar [[r.SkyAtmosphere.TransmittanceLUT.UseSmallFormat:0]]
[2022.04.26-13.00.38:439][  0]LogConfig: Setting CVar [[r.SkyAtmosphere.TransmittanceLUT.SampleCount:10.0]]
[2022.04.26-13.00.38:439][  0]LogConfig: Setting CVar [[r.SkyAtmosphere.MultiScatteringLUT.SampleCount:15.0]]
[2022.04.26-13.00.38:439][  0]LogConfig: Setting CVar [[r.SkyLight.RealTimeReflectionCapture:1]]
[2022.04.26-13.00.38:439][  0]LogConfig: Applying CVar settings from Section [FoliageQuality@3] File [D:/HoVR-3.0/HovR2/HoVR/Saved/Config/Windows/Scalability.ini]
[2022.04.26-13.00.38:439][  0]LogConfig: Setting CVar [[foliage.DensityScale:1.0]]
[2022.04.26-13.00.38:439][  0]LogConfig: Setting CVar [[grass.DensityScale:1.0]]
[2022.04.26-13.00.38:439][  0]LogConfig: Applying CVar settings from Section [ShadingQuality@3] File [D:/HoVR-3.0/HovR2/HoVR/Saved/Config/Windows/Scalability.ini]
[2022.04.26-13.00.38:439][  0]LogConfig: Setting CVar [[r.HairStrands.SkyLighting.IntegrationType:2]]
[2022.04.26-13.00.38:439][  0]LogConfig: Setting CVar [[r.HairStrands.SkyAO.SampleCount:4]]
[2022.04.26-13.00.38:439][  0]LogConfig: Setting CVar [[r.HairStrands.Visibility.MSAA.SamplePerPixel:4]]
[2022.04.26-13.00.38:439][  0]LogConfig: Applying CVar settings from Section [Startup] File [../../../Engine/Config/ConsoleVariables.ini]
[2022.04.26-13.00.38:440][  0]LogConfig: Setting CVar [[net.UseAdaptiveNetUpdateFrequency:0]]
[2022.04.26-13.00.38:440][  0]LogConfig: Setting CVar [[p.chaos.AllowCreatePhysxBodies:1]]
[2022.04.26-13.00.38:440][  0]LogConfig: Setting CVar [[fx.SkipVectorVMBackendOptimizations:1]]
[2022.04.26-13.00.38:440][  0]LogConfig: Applying CVar settings from Section [ConsoleVariables] File [D:/HoVR-3.0/HovR2/HoVR/Saved/Config/Windows/Engine.ini]
[2022.04.26-13.00.38:440][  0]LogConfig: Applying CVar settings from Section [ConsoleVariables] File [D:/HoVR-3.0/HovR2/HoVR/Saved/Config/Windows/Editor.ini]
[2022.04.26-13.00.38:440][  0]LogInit: Computer: DESKTOP-KUB2QSJ
[2022.04.26-13.00.38:440][  0]LogInit: User: Tank
[2022.04.26-13.00.38:440][  0]LogInit: CPU Page size=4096, Cores=4
[2022.04.26-13.00.38:440][  0]LogInit: High frequency timer resolution =10.000000 MHz
[2022.04.26-13.00.38:441][  0]LogMemory: Memory total: Physical=31.8GB (32GB approx)
[2022.04.26-13.00.38:441][  0]LogMemory: Platform Memory Stats for Windows
[2022.04.26-13.00.38:441][  0]LogMemory: Process Physical Memory: 149.25 MB used, 149.74 MB peak
[2022.04.26-13.00.38:441][  0]LogMemory: Process Virtual Memory: 128.62 MB used, 128.62 MB peak
[2022.04.26-13.00.38:441][  0]LogMemory: Physical Memory: 12418.42 MB used,  20189.21 MB free, 32607.62 MB total
[2022.04.26-13.00.38:441][  0]LogMemory: Virtual Memory: 134198192.00 MB used,  19532.83 MB free, 134217728.00 MB total
[2022.04.26-13.00.38:449][  0]LogWindows: WindowsPlatformFeatures enabled
[2022.04.26-13.00.38:493][  0]LogInit: Physics initialised using underlying interface: PhysX
[2022.04.26-13.00.38:494][  0]LogInit: Using OS detected language (en-GB).
[2022.04.26-13.00.38:494][  0]LogInit: Using OS detected locale (en-GB).
[2022.04.26-13.00.38:497][  0]LogTextLocalizationManager: No specific localization for 'en-GB' exists, so the 'en' localization will be used.
[2022.04.26-13.00.38:781][  0]LogWindowsTextInputMethodSystem: Display: IME system deactivated.
[2022.04.26-13.00.38:843][  0]LogSlate: New Slate User Created.  User Index 0, Is Virtual User: 0
[2022.04.26-13.00.38:843][  0]LogSlate: Slate User Registered.  User Index 0, Is Virtual User: 0
[2022.04.26-13.00.38:878][  0]LogD3D11RHI: Loaded GFSDK_Aftermath_Lib.x64.dll
[2022.04.26-13.00.38:919][  0]LogHMD: Failed to initialize OpenVR with code 108
[2022.04.26-13.00.38:919][  0]LogD3D11RHI: D3D11 min allowed feature level: 11_0
[2022.04.26-13.00.38:919][  0]LogD3D11RHI: D3D11 max allowed feature level: 11_0
[2022.04.26-13.00.38:919][  0]LogD3D11RHI: D3D11 adapters:
[2022.04.26-13.00.39:002][  0]LogD3D11RHI:    0. 'NVIDIA GeForce GTX 980' (Feature Level 11_0)
[2022.04.26-13.00.39:003][  0]LogD3D11RHI:       4053/0/16303 MB DedicatedVideo/DedicatedSystem/SharedSystem, Outputs:1, VendorId:0x10de
[2022.04.26-13.00.39:008][  0]LogD3D11RHI:    1. 'Intel(R) HD Graphics 4600' (Feature Level 11_0)
[2022.04.26-13.00.39:008][  0]LogD3D11RHI:       112/0/2048 MB DedicatedVideo/DedicatedSystem/SharedSystem, Outputs:1, VendorId:0x8086
[2022.04.26-13.00.39:011][  0]LogD3D11RHI:    2. 'Microsoft Basic Render Driver' (Feature Level 11_0)
[2022.04.26-13.00.39:011][  0]LogD3D11RHI:       0/0/16303 MB DedicatedVideo/DedicatedSystem/SharedSystem, Outputs:0, VendorId:0x1414
[2022.04.26-13.00.39:011][  0]LogD3D11RHI: Chosen D3D11 Adapter:
[2022.04.26-13.00.39:011][  0]LogD3D11RHI:     Description : NVIDIA GeForce GTX 980
[2022.04.26-13.00.39:011][  0]LogD3D11RHI:     VendorId    : 10de
[2022.04.26-13.00.39:011][  0]LogD3D11RHI:     DeviceId    : 13c0
[2022.04.26-13.00.39:011][  0]LogD3D11RHI:     SubSysId    : 85181043
[2022.04.26-13.00.39:011][  0]LogD3D11RHI:     Revision    : 00a1
[2022.04.26-13.00.39:011][  0]LogD3D11RHI:     DedicatedVideoMemory : 4250271744 bytes
[2022.04.26-13.00.39:011][  0]LogD3D11RHI:     DedicatedSystemMemory : 0 bytes
[2022.04.26-13.00.39:011][  0]LogD3D11RHI:     SharedSystemMemory : 17095786496 bytes
[2022.04.26-13.00.39:011][  0]LogD3D11RHI:     AdapterLuid : 0 44661
[2022.04.26-13.00.39:016][  0]LogD3D11RHI: Creating new Direct3DDevice
[2022.04.26-13.00.39:016][  0]LogD3D11RHI:     GPU DeviceId: 0x13c0 (for the marketing name, search the web for "GPU Device Id")
[2022.04.26-13.00.39:016][  0]LogWindows: EnumDisplayDevices:
[2022.04.26-13.00.39:016][  0]LogWindows:    0. 'NVIDIA GeForce GTX 980' (P:1 D:1)
[2022.04.26-13.00.39:016][  0]LogWindows:    1. 'NVIDIA GeForce GTX 980' (P:0 D:0)
[2022.04.26-13.00.39:016][  0]LogWindows:    2. 'NVIDIA GeForce GTX 980' (P:0 D:0)
[2022.04.26-13.00.39:016][  0]LogWindows:    3. 'NVIDIA GeForce GTX 980' (P:0 D:0)
[2022.04.26-13.00.39:017][  0]LogWindows:    4. 'Intel(R) HD Graphics 4600' (P:0 D:1)
[2022.04.26-13.00.39:017][  0]LogWindows:    5. 'Intel(R) HD Graphics 4600' (P:0 D:0)
[2022.04.26-13.00.39:017][  0]LogWindows:    6. 'Intel(R) HD Graphics 4600' (P:0 D:0)
[2022.04.26-13.00.39:017][  0]LogWindows: DebugString: PrimaryIsNotTheChoosenAdapter PrimaryIsNotTheChoosenAdapter PrimaryIsNotTheChoosenAdapter FoundDriverCount:4 
[2022.04.26-13.00.39:017][  0]LogD3D11RHI:     Adapter Name: NVIDIA GeForce GTX 980
[2022.04.26-13.00.39:017][  0]LogD3D11RHI:   Driver Version: 471.11 (internal:30.0.14.7111, unified:471.11)
[2022.04.26-13.00.39:017][  0]LogD3D11RHI:      Driver Date: 6-21-2021
[2022.04.26-13.00.39:017][  0]LogRHI: Texture pool is 2837 MB (70% of 4053 MB)
[2022.04.26-13.00.39:017][  0]LogD3D11RHI: Creating D3DDevice using adapter:
[2022.04.26-13.00.39:017][  0]LogD3D11RHI:     Description : NVIDIA GeForce GTX 980
[2022.04.26-13.00.39:017][  0]LogD3D11RHI:     VendorId    : 10de
[2022.04.26-13.00.39:017][  0]LogD3D11RHI:     DeviceId    : 13c0
[2022.04.26-13.00.39:017][  0]LogD3D11RHI:     SubSysId    : 85181043
[2022.04.26-13.00.39:017][  0]LogD3D11RHI:     Revision    : 00a1
[2022.04.26-13.00.39:017][  0]LogD3D11RHI:     DedicatedVideoMemory : 4250271744 bytes
[2022.04.26-13.00.39:017][  0]LogD3D11RHI:     DedicatedSystemMemory : 0 bytes
[2022.04.26-13.00.39:017][  0]LogD3D11RHI:     SharedSystemMemory : 17095786496 bytes
[2022.04.26-13.00.39:017][  0]LogD3D11RHI:     AdapterLuid : 0 44661
[2022.04.26-13.00.39:084][  0]LogD3D11RHI: RHI has support for 64 bit atomics
[2022.04.26-13.00.39:085][  0]LogD3D11RHI: Async texture creation enabled
[2022.04.26-13.00.39:085][  0]LogD3D11RHI: Array index from any shader is supported
[2022.04.26-13.00.39:101][  0]LogD3D11RHI: GPU Timing Frequency: 1000.000000 (Debug: 2 1)
[2022.04.26-13.00.39:129][  0]LogRHI: GeForceNow SDK initialized: 1
[2022.04.26-13.00.39:393][  0]LogTargetPlatformManager: Display: Loaded TargetPlatform 'WindowsNoEditor'
[2022.04.26-13.00.39:398][  0]LogTargetPlatformManager: Display: Loaded TargetPlatform 'Windows'
[2022.04.26-13.00.39:402][  0]LogTargetPlatformManager: Display: Loaded TargetPlatform 'WindowsClient'
[2022.04.26-13.00.39:406][  0]LogTargetPlatformManager: Display: Loaded TargetPlatform 'WindowsServer'
[2022.04.26-13.00.39:406][  0]LogTargetPlatformManager: Display: Building Assets For Windows
[2022.04.26-13.00.39:412][  0]LogAudioDebug: Display: Lib vorbis DLL was dynamically loaded.
[2022.04.26-13.00.39:439][  0]LogTextureFormatOodle: Display: Oodle Texture 2.9.0 init RDO Off
[2022.04.26-13.00.39:466][  0]LogRendererCore: Ray tracing is disabled. Reason: r.RayTracing=0.
[2022.04.26-13.00.39:466][  0]LogShaderCompilers: Guid format shader working directory is 22 characters bigger than the processId version (D:/HoVR-3.0/HovR2/HoVR/Intermediate/Shaders/WorkingDirectory/13084/).
[2022.04.26-13.00.39:466][  0]LogShaderCompilers: Cleaned the shader compiler working directory 'C:/Users/Tank/AppData/Local/Temp/UnrealShaderWorkingDir/15753D30447512519F3EC4A0A32DD316/'.
[2022.04.26-13.00.39:466][  0]LogXGEController: Cannot use XGE Controller as Incredibuild is not installed on this machine.
[2022.04.26-13.00.39:466][  0]LogShaderCompilers: Cannot use XGE Shader Compiler as Incredibuild is not installed on this machine.
[2022.04.26-13.00.39:466][  0]LogShaderCompilers: Display: Using Local Shader Compiler.
[2022.04.26-13.00.40:167][  0]LogDerivedDataCache: Display: Max Cache Size: 512 MB
[2022.04.26-13.00.40:223][  0]LogDerivedDataCache: Loaded boot cache 0.06s 94MB C:/Users/Tank/AppData/Local/UnrealEngine/4.27/DerivedDataCache/Boot.ddc.
[2022.04.26-13.00.40:223][  0]LogDerivedDataCache: Display: Loaded Boot cache: C:/Users/Tank/AppData/Local/UnrealEngine/4.27/DerivedDataCache/Boot.ddc
[2022.04.26-13.00.40:223][  0]LogDerivedDataCache: FDerivedDataBackendGraph:  Pak pak cache file D:/HoVR-3.0/HovR2/HoVR/DerivedDataCache/DDC.ddp not found, will not use a pak cache.
[2022.04.26-13.00.40:223][  0]LogDerivedDataCache: Unable to find inner node Pak for hierarchical cache Hierarchy.
[2022.04.26-13.00.40:223][  0]LogDerivedDataCache: FDerivedDataBackendGraph:  CompressedPak pak cache file D:/HoVR-3.0/HovR2/HoVR/DerivedDataCache/Compressed.ddp not found, will not use a pak cache.
[2022.04.26-13.00.40:223][  0]LogDerivedDataCache: Unable to find inner node CompressedPak for hierarchical cache Hierarchy.
[2022.04.26-13.00.40:238][  0]LogDerivedDataCache: Display: Pak cache opened for reading ../../../Engine/DerivedDataCache/Compressed.ddp.
[2022.04.26-13.00.40:238][  0]LogDerivedDataCache: FDerivedDataBackendGraph:  EnterprisePak pak cache file ../../../Enterprise/DerivedDataCache/Compressed.ddp not found, will not use a pak cache.
[2022.04.26-13.00.40:238][  0]LogDerivedDataCache: Unable to find inner node EnterprisePak for hierarchical cache Hierarchy.
[2022.04.26-13.00.40:246][  0]LogDerivedDataCache: Speed tests for C:/Users/Tank/AppData/Local/UnrealEngine/Common/DerivedDataCache took 0.01 seconds
[2022.04.26-13.00.40:247][  0]LogDerivedDataCache: Display: Performance to C:/Users/Tank/AppData/Local/UnrealEngine/Common/DerivedDataCache: Latency=0.02ms. RandomReadSpeed=327.22MBs, RandomWriteSpeed=197.05MBs. Assigned SpeedClass 'Local'
[2022.04.26-13.00.40:247][  0]LogDerivedDataCache: Using Local data cache path C:/Users/Tank/AppData/Local/UnrealEngine/Common/DerivedDataCache: Writable
[2022.04.26-13.00.40:247][  0]LogDerivedDataCache: Shared data cache path not found in *engine.ini, will not use an Shared cache.
[2022.04.26-13.00.40:247][  0]LogDerivedDataCache: Unable to find inner node Shared for hierarchical cache Hierarchy.
[2022.04.26-13.00.40:286][  0]LogSlate: Using FreeType 2.10.0
[2022.04.26-13.00.40:286][  0]LogSlate: SlateFontServices - WITH_FREETYPE: 1, WITH_HARFBUZZ: 1
[2022.04.26-13.00.40:365][  0]LogInit: Using OS detected language (en-GB).
[2022.04.26-13.00.40:365][  0]LogInit: Using OS detected locale (en-GB).
[2022.04.26-13.00.40:365][  0]LogTextLocalizationManager: No localization for 'en-GB' exists, so 'en' will be used for the language.
[2022.04.26-13.00.40:365][  0]LogTextLocalizationManager: No localization for 'en-GB' exists, so 'en' will be used for the locale.
[2022.04.26-13.00.40:365][  0]LogSlate: FontCache flush requested. Reason: Culture for localization was changed
[2022.04.26-13.00.40:365][  0]LogSlate: FontCache flush requested. Reason: Culture for localization was changed
[2022.04.26-13.00.40:368][  0]LogTextLocalizationManager: Compacting localization data took   0.01ms
[2022.04.26-13.00.40:368][  0]LogAssetRegistry: FAssetRegistry took 0.0018 seconds to start up
[2022.04.26-13.00.40:524][  0]LogPackageLocalizationCache: Processed 27 localized package path(s) for 1 prioritized culture(s) in 0.001258 seconds
[2022.04.26-13.00.40:581][  0]LogInit: Selected Device Profile: [Windows]
[2022.04.26-13.00.40:581][  0]LogInit: Active device profile: [00000156F2685400][00000156ED13F980 49] Windows
[2022.04.26-13.00.40:581][  0]LogInit: Profiles: [00000156F2685400][00000156ED13F980 49] Windows, [00000156F2652C00][00000156EB59DB00 49] WindowsNoEditor, [00000156F2686200][00000156EB5A0100 49] WindowsServer, [00000156F2653900][00000156EB5A4280 49] WindowsClient, [00000156F2686F00][00000156EB5A8400 49] IOS, [00000156F2651600][00000156EB5AC580 49] iPadAir, [00000156F2687C00][00000156EB5B0700 49] iPadAir2, [00000156F2602600][00000156ED03C9C0 49] IPadPro, [00000156F2602700][00000156ED038A00 49] iPadAir3, [00000156F2650300][00000156ED040B80 49] iPadAir4, [00000156F2603500][00000156ED044D00 49] iPadMini2, [00000156F2653000][00000156ED048E80 49] iPadMini3, [00000156F2602400][00000156ED04D000 49] iPadMini4, [00000156F2651F00][00000156ED051180 49] iPadMini5, [00000156F2631F00][00000156ED059440 49] iPhone6, [00000156F2632000][00000156ED055480 49] iPodTouch6, [00000156F2686D00][00000156ED05D6C0 49] iPhone7, [00000156F2685500][00000156ED143700 49] iPodTouch7, [00000156F2603200][00000156ED061840 49] iPhone5S, [00000156F2686000][00000156ED0699C0 49] iPhone6Plus, [00000156F2601200][00000156ED06DB40 49] iPhone6S, [00000156F2686B00][00000156ED070140 49] iPhone6SPlus, [00000156F2600A00][00000156ED0742C0 49] iPhone7Plus, [00000156F2685100][00000156ED078440 49] iPhoneSE, [00000156F2600800][00000156ED07C5C0 49] iPhone8, [00000156F2686C00][00000156ED080740 49] iPhone8Plus, [00000156F2603100][00000156ECDBA8C0 49] iPhoneX, [00000156F2684F00][00000156ECDBEA40 49] iPhoneXS, [00000156F2602F00][00000156ECDC2BC0 49] iPhoneXSMax, [00000156F2686900][00000156ECDC6D40 49] iPhoneXR, [00000156F2630400][00000156ECDCAEC0 49] iPhone11, [00000156F2601300][00000156ECDCF040 49] iPhone11Pro, [00000156F2630C00][00000156ECDD31C0 49] iPhone11ProMax, [00000156F2601B00][00000156ECDD7340 49] iPhoneSE2, [00000156F2631400][00000156ECDDB4C0 49] iPhone12Mini, [00000156F2602300][00000156ECDDF640 49] iPhone12, [00000156F2631A00][00000156ED065780 49] iPhone12Pro, [00000156F2602100][00000156ECDE38C0 49] iPhone12ProMax, [00000156F2631D00][00000156ECDE7A00 49] iPadPro105, [00000156F2601C00][00000156ECDEBB40 49] iPadPro129, [00000156F2633F00][00000156ECDF2140 49] iPadPro97, [00000156F2600400][00000156ECDF62C0 49] iPadPro2_129, [00000156F2685D00][00000156ECDFA440 49] iPad5, [00000156F2631E00][00000156ECDFE5C0 49] iPad6, [00000156F2601F00][00000156ECE02740 49] iPad7, [00000156F2630800][00000156ECE068C0 49] iPad8, [00000156F2600900][00000156ECE0AA40 49] iPadPro11, [00000156F2630900][00000156ECE0EBC0 49] iPadPro2_11, [00000156F2601400][00000156ECE12D40 49] iPadPro3_129, [00000156F2630F00][00000156ECE16EC0 49] iPadPro4_129, [00000156F2600D00][00000156ECE1B040 49] AppleTV, [00000156F2630500][00000156ECE1F1C0 49] AppleTV4K, [00000156F2600100][00000156ECE23340 49] TVOS, [00000156F2633000][00000156ECE274C0 49] Mac, [00000156F2603700][00000156ECE2B640 49] MacClient, [00000156F2632500][00000156ECE2F7C0 49] MacNoEditor, [00000156F2601800][00000156ECDEF900 49] MacServer, [00000156F2632E00][00000156ECE33A40 49] Linux, [00000156F2602500][00000156ECE37B80 49] LinuxAArch64, [00000156F2630300][00000156ECE3A140 49] LinuxNoEditor, [00000156F2603400][00000156ECE422C0 49] LinuxAArch64NoEditor, [00000156F2631700][00000156ECE46440 49] LinuxClient, [00000156F2600300][00000156ECE4A5C0 49] LinuxAArch64Client, [00000156F2633300][00000156ECE4E740 49] LinuxServer, [00000156F2603000][00000156ECE528C0 49] LinuxAArch64Server, [00000156F2632700][00000156ECE56A40 49] Android, [00000156F2601D00][00000156ECE5ABC0 49] Android_Low, [00000156F2632A00][00000156ECE5ED40 49] Android_Mid, [00000156F2601100][00000156ECE62EC0 49] Android_High, [00000156F2632100][00000156ECE67040 49] Android_Default, [00000156F2600500][00000156ECE6B1C0 49] Android_Adreno4xx, [00000156F2632F00][00000156EC81F340 49] Android_Adreno5xx_Low, [00000156F2602900][00000156EC8234C0 49] Android_Adreno5xx, [00000156F2630200][00000156EC827640 49] Android_Adreno6xx, [00000156F2603A00][00000156EC82B7C0 49] Android_Adreno6xx_Vulkan, [00000156F2633B00][00000156EC82F940 49] Android_Mali_T6xx, [00000156F2601600][00000156EC833AC0 49] Android_Mali_T7xx, [00000156F2631C00][00000156ECE3FC00 49] Android_Mali_T8xx, [00000156F2601A00][00000156EC8361C0 49] Android_Mali_G71, [00000156F2631300][00000156EC83A300 49] Android_Mali_G72, [00000156F2603B00][00000156EC842480 49] Android_Mali_G72_Vulkan, [00000156F2633600][00000156EC846600 49] Android_Mali_G76, [00000156F2602C00][00000156EC84A780 49] Android_Mali_G76_Vulkan, [00000156F2631000][00000156EC84E900 49] Android_Mali_G77, [00000156F2601000][00000156EC852A80 49] Android_Mali_G77_Vulkan, [00000156F2632C00][00000156EC856C00 49] Android_Mali_G78, [00000156F2600C00][00000156EC85AD80 49] Android_Mali_G78_Vulkan, [00000156F2632D00][00000156EC85EF00 49] Android_Mali_G710, [00000156F2600700][00000156EC863080 49] Android_Mali_G710_Vulkan, [00000156F2652000][00000156EC867200 49] Android_Vulkan_SM5, [00000156F2684E00][00000156EC86B380 49] Android_PowerVR_G6xxx, [00000156F2650B00][00000156EC86F500 49] Android_PowerVR_GT7xxx, [00000156F2684400][00000156EC873680 49] Android_PowerVR_GE8xxx, [00000156F2653600][00000156EC877800 49] Android_PowerVR_GM9xxx, [00000156F2687F00][00000156EC87B980 49] Android_PowerVR_GM9xxx_Vulkan, [00000156F2650D00][00000156EC87FB00 49] Android_TegraK1, [00000156F2686A00][00000156EC882100 49] Android_Unknown_Vulkan, [00000156F2651700][00000156EC83E240 49] Lumin, [00000156F2687400][00000156EC886380 49] Lumin_Desktop, [00000156F2650400][00000156EC88A4C0 49] HoloLens, 
[2022.04.26-13.00.40:617][  0]LogMeshReduction: Using QuadricMeshReduction for automatic static mesh reduction
[2022.04.26-13.00.40:617][  0]LogMeshReduction: Using SimplygonMeshReduction for automatic skeletal mesh reduction
[2022.04.26-13.00.40:617][  0]LogMeshReduction: Using ProxyLODMeshReduction for automatic mesh merging
[2022.04.26-13.00.40:617][  0]LogMeshReduction: No distributed automatic mesh merging module available
[2022.04.26-13.00.40:617][  0]LogMeshMerging: No distributed automatic mesh merging module available
[2022.04.26-13.00.40:738][  0]LogNetVersion: HoVR 1.0.0, NetCL: 17155196, EngineNetVer: 17, GameNetVer: 0 (Checksum: 269602150)
[2022.04.26-13.00.40:953][  0]LogTexture: Default maximum texture size for cubemaps generated from long-lat sources has been changed from 512 to unlimited. In order to preserve old behaiour for '/Engine/MapTemplates/Sky/DaylightAmbientCubemap.DaylightAmbientCubemap', its maximum texture size has been explicitly set to 512.
[2022.04.26-13.00.41:005][  0]LogHMD: PokeAHoleMaterial loaded successfully
[2022.04.26-13.00.41:094][  0]LogMoviePlayer: Initializing movie player
[2022.04.26-13.00.41:181][  0]LogNiagaraDebuggerClient: Niagara Debugger Client Initialized | Session: 26D07D7446B841246E01F69639534BD8 | Instance: 8BCE639D4AD7744296F87AB5DCB4AC62 (DESKTOP-KUB2QSJ-13084).
[2022.04.26-13.00.41:200][  0]LogCollectionManager: Loaded 0 collections in 0.002031 seconds
[2022.04.26-13.00.41:201][  0]LogFileCache: Scanning file cache for directory 'D:/HoVR-3.0/HovR2/HoVR/Saved/Collections/' took 0.00s
[2022.04.26-13.00.41:201][  0]LogFileCache: Scanning file cache for directory 'D:/HoVR-3.0/HovR2/HoVR/Content/Developers/Tank/Collections/' took 0.00s
[2022.04.26-13.00.41:201][  0]LogFileCache: Scanning file cache for directory 'D:/HoVR-3.0/HovR2/HoVR/Content/Collections/' took 0.00s
[2022.04.26-13.00.41:201][  0]LogCollectionManager: Fixed up redirectors for 0 collections in 0.000002 seconds (updated 0 objects)
[2022.04.26-13.00.41:286][  0]LogPython: Using Python 3.7.7
[2022.04.26-13.00.41:702][  0]LogTcpMessaging: Initializing TcpMessaging bridge
[2022.04.26-13.00.41:705][  0]LogUdpMessaging: Initializing bridge on interface 0.0.0.0:0 to multicast group 230.0.0.1:6666.
[2022.04.26-13.00.41:801][  0]SourceControl: Source control is disabled
[2022.04.26-13.00.41:801][  0]SourceControl: Source control is disabled
[2022.04.26-13.00.41:804][  0]SourceControl: Source control is disabled
[2022.04.26-13.00.41:809][  0]LogUProjectInfo: Found projects:
[2022.04.26-13.00.41:885][  0]LogOpenImageDenoise: OIDN starting up
[2022.04.26-13.00.41:906][  0]LogAndroidPermission: UAndroidPermissionCallbackProxy::GetInstance
[2022.04.26-13.00.41:923][  0]LogAudioCaptureCore: Display: No Audio Capture implementations found. Audio input will be silent.
[2022.04.26-13.00.41:923][  0]LogAudioCaptureCore: Display: No Audio Capture implementations found. Audio input will be silent.
[2022.04.26-13.00.41:981][  0]LogOcInput: OculusInput pre-init called
[2022.04.26-13.00.41:989][  0]LogUObjectArray: 22132 objects as part of root set at end of initial load.
[2022.04.26-13.00.41:989][  0]LogUObjectAllocator: 5978592 out of 0 bytes used by permanent object pool.
[2022.04.26-13.00.41:989][  0]LogUObjectArray: CloseDisregardForGC: 0/0 objects in disregard for GC pool
[2022.04.26-13.00.42:027][  0]LogClass: Display: IntProperty FRegisteredDeviceInfo::Handle is not initialized properly. Module:RawInput File:Public/RawInputFunctionLibrary.h
[2022.04.26-13.00.42:028][  0]LogClass: Display: IntProperty FRegisteredDeviceInfo::VendorID is not initialized properly. Module:RawInput File:Public/RawInputFunctionLibrary.h
[2022.04.26-13.00.42:028][  0]LogClass: Display: IntProperty FRegisteredDeviceInfo::ProductID is not initialized properly. Module:RawInput File:Public/RawInputFunctionLibrary.h
[2022.04.26-13.00.42:028][  0]LogClass: Display: 3 Uninitialized script struct members found including 0 object properties
[2022.04.26-13.00.42:028][  0]LogEngine: Initializing Engine...
[2022.04.26-13.00.42:080][  0]LogHMD: Failed to initialize OpenVR with code 108
[2022.04.26-13.00.42:694][  0]LogHMD: Optional extension XR_VARJO_quad_views is not available
[2022.04.26-13.00.42:694][  0]LogHMD: Warning: Required extension XR_EXT_hand_tracking is not available
[2022.04.26-13.00.42:694][  0]LogHMD: Could not enable all required OpenXR extensions for OpenXRHandTracking on current system. This plugin will be loaded but ignored, but will be enabled on a target platform that supports the required extension.
[2022.04.26-13.00.42:694][  0]LogHMD: Warning: Required extension XR_EXT_eye_gaze_interaction is not available
[2022.04.26-13.00.42:694][  0]LogHMD: Could not enable all required OpenXR extensions for OpenXREyeTracker on current system. This plugin will be loaded but ignored, but will be enabled on a target platform that supports the required extension.
[2022.04.26-13.00.42:795][  0]LogHMD: Failed to create an OpenXR instance, result is XR_ERROR_RUNTIME_UNAVAILABLE. Please check if you have an OpenXR runtime installed. The following extensions were enabled:
[2022.04.26-13.00.42:795][  0]LogHMD: - XR_KHR_D3D11_enable
[2022.04.26-13.00.42:795][  0]LogHMD: - XR_KHR_D3D12_enable
[2022.04.26-13.00.42:795][  0]LogHMD: - XR_KHR_opengl_enable
[2022.04.26-13.00.42:795][  0]LogHMD: - XR_KHR_vulkan_enable
[2022.04.26-13.00.42:795][  0]LogHMD: - XR_KHR_composition_layer_depth
[2022.04.26-13.00.42:795][  0]LogHMD: - XR_KHR_visibility_mask
[2022.04.26-13.00.42:795][  0]LogMagicLeap: Warning: VR disabled because ZI is not enabled.  To enable, in the editor, Edit -> Project Settings -> Plugins -> Magic Leap Plugin -> Enable Zero Iteration
[2022.04.26-13.00.42:796][  0]LogStats: UGameplayTagsManager::InitializeManager -  0.000 s
[2022.04.26-13.00.42:883][  0]LogInit: Initializing FReadOnlyCVARCache
[2022.04.26-13.00.42:883][  0]LogAudio: Display: Initializing Audio Device Manager...
[2022.04.26-13.00.42:887][  0]LogAudio: Display: Loading Default Audio Settings Objects...
[2022.04.26-13.00.42:887][  0]LogAudio: Display: No default SoundConcurrencyObject specified (or failed to load).
[2022.04.26-13.00.42:888][  0]LogAudio: Display: Audio Device Manager Initialized
[2022.04.26-13.00.42:888][  0]LogAudio: Display: Creating Audio Device:                 Id: 1, Scope: Shared, Realtime: True
[2022.04.26-13.00.42:888][  0]LogAudioMixer: Display: Audio Mixer Platform Settings:
[2022.04.26-13.00.42:888][  0]LogAudioMixer: Display: 	Sample Rate:						  48000
[2022.04.26-13.00.42:888][  0]LogAudioMixer: Display: 	Callback Buffer Frame Size Requested: 1024
[2022.04.26-13.00.42:888][  0]LogAudioMixer: Display: 	Callback Buffer Frame Size To Use:	  1024
[2022.04.26-13.00.42:888][  0]LogAudioMixer: Display: 	Number of buffers to queue:			  2
[2022.04.26-13.00.42:888][  0]LogAudioMixer: Display: 	Max Channels (voices):				  32
[2022.04.26-13.00.42:888][  0]LogAudioMixer: Display: 	Number of Async Source Workers:		  0
[2022.04.26-13.00.42:888][  0]LogAudio: Display: AudioDevice MaxSources: 32
[2022.04.26-13.00.42:888][  0]LogAudio: Display: Audio Spatialization Plugin: None (built-in).
[2022.04.26-13.00.42:888][  0]LogAudio: Display: Audio Reverb Plugin: None (built-in).
[2022.04.26-13.00.42:888][  0]LogAudio: Display: Audio Occlusion Plugin: None (built-in).
[2022.04.26-13.00.42:888][  0]LogAudioMixer: Display: Initializing audio mixer.
[2022.04.26-13.00.42:906][  0]LogAudioMixer: Display: 0: FrontLeft
[2022.04.26-13.00.42:906][  0]LogAudioMixer: Display: 1: FrontRight
[2022.04.26-13.00.42:928][  0]LogAudioMixer: Display: Using Audio Device Speakers (Realtek High Definition Audio)
[2022.04.26-13.00.42:933][  0]LogAudioMixer: Display: Initializing Sound Submixes...
[2022.04.26-13.00.42:935][  0]LogAudioMixer: Display: Creating Master Submix 'MasterSubmixDefault'
[2022.04.26-13.00.42:935][  0]LogAudioMixer: Display: Creating Master Submix 'MasterReverbSubmixDefault'
[2022.04.26-13.00.42:936][  0]LogAudioMixer: Display: Creating Master Submix 'MasterEQSubmixDefault'
[2022.04.26-13.00.42:936][  0]LogAudioMixer: FMixerPlatformXAudio2::StartAudioStream() called
[2022.04.26-13.00.42:936][  0]LogAudioMixer: Display: Output buffers initialized: Frames=1024, Channels=2, Samples=2048
[2022.04.26-13.00.42:936][  0]LogAudioMixer: Display: Starting AudioMixerPlatformInterface::RunInternal()
[2022.04.26-13.00.42:936][  0]LogAudioMixer: Display: FMixerPlatformXAudio2::SubmitBuffer() called for the first time
[2022.04.26-13.00.42:936][  0]LogInit: FAudioDevice initialized.
[2022.04.26-13.00.42:937][  0]LogNetVersion: Set ProjectVersion to 1.0.0.0. Version Checksum will be recalculated on next use.
[2022.04.26-13.00.42:939][  0]LogInit: Texture streaming: Enabled
[2022.04.26-13.00.42:992][  0]LogAudio: Display: Audio Device (ID: 1) registered with world 'Untitled'.
[2022.04.26-13.00.42:992][  0]LogSlate: Updating window title bar state: overlay mode, drag disabled, window buttons hidden, title bar hidden
[2022.04.26-13.00.42:993][  0]LogInit: Display: Game Engine Initialized.
[2022.04.26-13.00.42:993][  0]LogNiagaraEditor: GEditor isn't valid! Particle reset commands will not work for Niagara components!
[2022.04.26-13.00.43:101][  0]LogInit: Display: Starting Game.
[2022.04.26-13.00.43:101][  0]LogNet: Browse: /Game/Map/Minimal_Default?Name=Player
[2022.04.26-13.00.43:101][  0]LogLoad: LoadMap: /Game/Map/Minimal_Default?Name=Player
[2022.04.26-13.00.43:101][  0]LogWorld: BeginTearingDown for /Temp/Untitled_0
[2022.04.26-13.00.43:103][  0]LogWorld: UWorld::CleanupWorld for Untitled, bSessionEnded=true, bCleanupResources=true
[2022.04.26-13.00.43:103][  0]LogSlate: InvalidateAllWidgets triggered.  All widgets were invalidated
[2022.04.26-13.00.43:107][  0]LogAudio: Display: Audio Device unregistered from world 'None'.
[2022.04.26-13.00.43:110][  0]LogUObjectHash: Compacting FUObjectHashTables data took   0.81ms
[2022.04.26-13.00.44:138][  0]LogAudio: Display: Audio Device (ID: 1) registered with world 'Minimal_Default'.
[2022.04.26-13.00.44:149][  0]LogAIModule: Creating AISystem for world Minimal_Default
[2022.04.26-13.00.44:151][  0]LogUObjectGlobals: Warning: Failed to load '/Game/ThirdPersonBP/Blueprints/ThirdPersonGameMode': Can't find file.
[2022.04.26-13.00.44:151][  0]LogUObjectGlobals: Warning: Failed to load '/Game/ThirdPersonBP/Blueprints/ThirdPersonGameMode': Can't find file.
[2022.04.26-13.00.44:151][  0]LogUObjectGlobals: Warning: Failed to find object 'Class /Game/ThirdPersonBP/Blueprints/ThirdPersonGameMode.ThirdPersonGameMode_C'
[2022.04.26-13.00.44:151][  0]LogLoad: Game class is 'GameModeBase'
[2022.04.26-13.00.44:249][  0]LogWorld: Bringing World /Game/Map/Minimal_Default.Minimal_Default up for play (max tick rate 0) at 2022.04.26-14.00.44
[2022.04.26-13.00.44:250][  0]LogWorld: Bringing up level for play took: 0.098866
[2022.04.26-13.00.44:254][  0]LogScript: Warning: Accessed None trying to read property TrackRef
	CarObstacle_C /Game/Map/Minimal_Default.Minimal_Default:PersistentLevel.CarObstacle3_6
	Function /Game/ThirdPersonBP/CarObstacle.CarObstacle_C:ExecuteUbergraph_CarObstacle:0047
[2022.04.26-13.00.44:254][  0]LogScript: Warning: Script call stack:
	Function /Game/ThirdPersonBP/CarObstacle.CarObstacle_C:CarMover__UpdateFunc
	Function /Game/ThirdPersonBP/CarObstacle.CarObstacle_C:ExecuteUbergraph_CarObstacle

[2022.04.26-13.00.44:254][  0]LogScript: Warning: Accessed None
	CarObstacle_C /Game/Map/Minimal_Default.Minimal_Default:PersistentLevel.CarObstacle3_6
	Function /Game/ThirdPersonBP/CarObstacle.CarObstacle_C:ExecuteUbergraph_CarObstacle:005C
[2022.04.26-13.00.44:254][  0]LogScript: Warning: Script call stack:
	Function /Game/ThirdPersonBP/CarObstacle.CarObstacle_C:CarMover__UpdateFunc
	Function /Game/ThirdPersonBP/CarObstacle.CarObstacle_C:ExecuteUbergraph_CarObstacle

[2022.04.26-13.00.44:254][  0]LogScript: Warning: Accessed None trying to read property TrackRef
	CarObstacle_C /Game/Map/Minimal_Default.Minimal_Default:PersistentLevel.CarObstacle3_6
	Function /Game/ThirdPersonBP/CarObstacle.CarObstacle_C:ExecuteUbergraph_CarObstacle:00C2
[2022.04.26-13.00.44:254][  0]LogScript: Warning: Script call stack:
	Function /Game/ThirdPersonBP/CarObstacle.CarObstacle_C:CarMover__UpdateFunc
	Function /Game/ThirdPersonBP/CarObstacle.CarObstacle_C:ExecuteUbergraph_CarObstacle

[2022.04.26-13.00.44:254][  0]LogScript: Warning: Accessed None
	CarObstacle_C /Game/Map/Minimal_Default.Minimal_Default:PersistentLevel.CarObstacle3_6
	Function /Game/ThirdPersonBP/CarObstacle.CarObstacle_C:ExecuteUbergraph_CarObstacle:00D7
[2022.04.26-13.00.44:254][  0]LogScript: Warning: Script call stack:
	Function /Game/ThirdPersonBP/CarObstacle.CarObstacle_C:CarMover__UpdateFunc
	Function /Game/ThirdPersonBP/CarObstacle.CarObstacle_C:ExecuteUbergraph_CarObstacle

[2022.04.26-13.00.44:254][  0]LogScript: Warning: Accessed None trying to read property TrackRef
	CarObstacle_C /Game/Map/Minimal_Default.Minimal_Default:PersistentLevel.CarObstacle3_6
	Function /Game/ThirdPersonBP/CarObstacle.CarObstacle_C:ExecuteUbergraph_CarObstacle:0115
[2022.04.26-13.00.44:254][  0]LogScript: Warning: Script call stack:
	Function /Game/ThirdPersonBP/CarObstacle.CarObstacle_C:CarMover__UpdateFunc
	Function /Game/ThirdPersonBP/CarObstacle.CarObstacle_C:ExecuteUbergraph_CarObstacle

[2022.04.26-13.00.44:254][  0]LogScript: Warning: Accessed None
	CarObstacle_C /Game/Map/Minimal_Default.Minimal_Default:PersistentLevel.CarObstacle3_6
	Function /Game/ThirdPersonBP/CarObstacle.CarObstacle_C:ExecuteUbergraph_CarObstacle:012A
[2022.04.26-13.00.44:254][  0]LogScript: Warning: Script call stack:
	Function /Game/ThirdPersonBP/CarObstacle.CarObstacle_C:CarMover__UpdateFunc
	Function /Game/ThirdPersonBP/CarObstacle.CarObstacle_C:ExecuteUbergraph_CarObstacle

[2022.04.26-13.00.44:255][  0]LogBlueprintUserMessages: [Minimal_Default_C_0] Translation: X=383240.000 Y=-194165.000 Z=287.000 Rotation: P=0.000000 Y=0.000000 R=0.000000 Scale X=1.000 Y=1.000 Z=1.000
[2022.04.26-13.00.44:255][  0]LogLoad: Took 1.153456 seconds to LoadMap(/Game/Map/Minimal_Default)
[2022.04.26-13.00.44:472][  0]LogSlate: Took 0.000152 seconds to synchronously load lazily loaded font '../../../Engine/Content/Slate/Fonts/Roboto-Regular.ttf' (155K)
[2022.04.26-13.00.44:542][  0]LogRenderer: Reallocating scene render targets to support 1280x720 Format 10 NumSamples 1 (Frame:1).
[2022.04.26-13.00.44:542][  0]LogInit: Display: Engine is initialized. Leaving FEngineLoop::Init()
[2022.04.26-13.00.44:542][  0]LogLoad: (Engine Initialization) Total time: 7.55 seconds
[2022.04.26-13.00.44:542][  0]LogLoad: (Engine Initialization) Total Blueprint compile time: 0.00 seconds
[2022.04.26-13.00.44:543][  0]LogRawInputWindows: Warning: Found device 4 devices
[2022.04.26-13.00.44:543][  0]LogRawInputWindows: Warning: Found device 4 devices
[2022.04.26-13.00.44:543][  0]LogRawInputWindows: VenderID:44f ProductID:402
[2022.04.26-13.00.44:543][  0]LogRawInputWindows: Device was registered succesfully and is connected (Usage:4 UsagePage:1)
[2022.04.26-13.00.44:546][  0]LogContentStreaming: Texture pool size now 1000 MB
[2022.04.26-13.00.44:551][  0]LogSlate: InvalidateAllWidgets triggered.  All widgets were invalidated
[2022.04.26-13.00.44:575][  0]LogRenderer: Reallocating scene render targets to support 128x128 Format 10 NumSamples 1 (Frame:1).
[2022.04.26-13.00.44:649][  0]LogRenderer: Reallocating scene render targets to support 1280x720 Format 10 NumSamples 1 (Frame:2).
[2022.04.26-13.00.44:666][  1]LogScript: Warning: Accessed None trying to read property TrackRef
	CarObstacle_C /Game/Map/Minimal_Default.Minimal_Default:PersistentLevel.CarObstacle3_6
	Function /Game/ThirdPersonBP/CarObstacle.CarObstacle_C:ExecuteUbergraph_CarObstacle:0047
[2022.04.26-13.00.44:666][  1]LogScript: Warning: Script call stack:
	Function /Game/ThirdPersonBP/CarObstacle.CarObstacle_C:CarMover__UpdateFunc
	Function /Game/ThirdPersonBP/CarObstacle.CarObstacle_C:ExecuteUbergraph_CarObstacle

[2022.04.26-13.00.44:666][  1]LogScript: Warning: Accessed None
	CarObstacle_C /Game/Map/Minimal_Default.Minimal_Default:PersistentLevel.CarObstacle3_6
	Function /Game/ThirdPersonBP/CarObstacle.CarObstacle_C:ExecuteUbergraph_CarObstacle:005C
[2022.04.26-13.00.44:666][  1]LogScript: Warning: Script call stack:
	Function /Game/ThirdPersonBP/CarObstacle.CarObstacle_C:CarMover__UpdateFunc
	Function /Game/ThirdPersonBP/CarObstacle.CarObstacle_C:ExecuteUbergraph_CarObstacle

[2022.04.26-13.00.44:666][  1]LogScript: Warning: Accessed None trying to read property TrackRef
	CarObstacle_C /Game/Map/Minimal_Default.Minimal_Default:PersistentLevel.CarObstacle3_6
	Function /Game/ThirdPersonBP/CarObstacle.CarObstacle_C:ExecuteUbergraph_CarObstacle:00C2
[2022.04.26-13.00.44:666][  1]LogScript: Warning: Script call stack:
	Function /Game/ThirdPersonBP/CarObstacle.CarObstacle_C:CarMover__UpdateFunc
	Function /Game/ThirdPersonBP/CarObstacle.CarObstacle_C:ExecuteUbergraph_CarObstacle

[2022.04.26-13.00.44:666][  1]LogScript: Warning: Accessed None
	CarObstacle_C /Game/Map/Minimal_Default.Minimal_Default:PersistentLevel.CarObstacle3_6
	Function /Game/ThirdPersonBP/CarObstacle.CarObstacle_C:ExecuteUbergraph_CarObstacle:00D7
[2022.04.26-13.00.44:666][  1]LogScript: Warning: Script call stack:
	Function /Game/ThirdPersonBP/CarObstacle.CarObstacle_C:CarMover__UpdateFunc
	Function /Game/ThirdPersonBP/CarObstacle.CarObstacle_C:ExecuteUbergraph_CarObstacle

[2022.04.26-13.00.44:666][  1]LogScript: Warning: Accessed None trying to read property TrackRef
	CarObstacle_C /Game/Map/Minimal_Default.Minimal_Default:PersistentLevel.CarObstacle3_6
	Function /Game/ThirdPersonBP/CarObstacle.CarObstacle_C:ExecuteUbergraph_CarObstacle:0115
[2022.04.26-13.00.44:666][  1]LogScript: Warning: Script call stack:
	Function /Game/ThirdPersonBP/CarObstacle.CarObstacle_C:CarMover__UpdateFunc
	Function /Game/ThirdPersonBP/CarObstacle.CarObstacle_C:ExecuteUbergraph_CarObstacle

[2022.04.26-13.00.44:666][  1]LogScript: Warning: Accessed None
	CarObstacle_C /Game/Map/Minimal_Default.Minimal_Default:PersistentLevel.CarObstacle3_6
	Function /Game/ThirdPersonBP/CarObstacle.CarObstacle_C:ExecuteUbergraph_CarObstacle:012A
[2022.04.26-13.00.44:666][  1]LogScript: Warning: Script call stack:
	Function /Game/ThirdPersonBP/CarObstacle.CarObstacle_C:CarMover__UpdateFunc
	Function /Game/ThirdPersonBP/CarObstacle.CarObstacle_C:ExecuteUbergraph_CarObstacle

[2022.04.26-13.00.44:667][  1]LogSlate: Took 0.000150 seconds to synchronously load lazily loaded font '../../../Engine/Content/Slate/Fonts/Roboto-Regular.ttf' (155K)
[2022.04.26-13.00.44:672][  2]LogScript: Warning: Accessed None trying to read property TrackRef
	CarObstacle_C /Game/Map/Minimal_Default.Minimal_Default:PersistentLevel.CarObstacle3_6
	Function /Game/ThirdPersonBP/CarObstacle.CarObstacle_C:ExecuteUbergraph_CarObstacle:0047
[2022.04.26-13.00.44:672][  2]LogScript: Warning: Script call stack:
	Function /Game/ThirdPersonBP/CarObstacle.CarObstacle_C:CarMover__UpdateFunc
	Function /Game/ThirdPersonBP/CarObstacle.CarObstacle_C:ExecuteUbergraph_CarObstacle

[2022.04.26-13.00.44:672][  2]LogScript: Warning: Accessed None
	CarObstacle_C /Game/Map/Minimal_Default.Minimal_Default:PersistentLevel.CarObstacle3_6
	Function /Game/ThirdPersonBP/CarObstacle.CarObstacle_C:ExecuteUbergraph_CarObstacle:005C
[2022.04.26-13.00.44:672][  2]LogScript: Warning: Script call stack:
	Function /Game/ThirdPersonBP/CarObstacle.CarObstacle_C:CarMover__UpdateFunc
	Function /Game/ThirdPersonBP/CarObstacle.CarObstacle_C:ExecuteUbergraph_CarObstacle

[2022.04.26-13.00.44:672][  2]LogScript: Warning: Accessed None trying to read property TrackRef
	CarObstacle_C /Game/Map/Minimal_Default.Minimal_Default:PersistentLevel.CarObstacle3_6
	Function /Game/ThirdPersonBP/CarObstacle.CarObstacle_C:ExecuteUbergraph_CarObstacle:00C2
[2022.04.26-13.00.44:672][  2]LogScript: Warning: Script call stack:
	Function /Game/ThirdPersonBP/CarObstacle.CarObstacle_C:CarMover__UpdateFunc
	Function /Game/ThirdPersonBP/CarObstacle.CarObstacle_C:ExecuteUbergraph_CarObstacle

[2022.04.26-13.00.44:672][  2]LogScript: Warning: Accessed None
	CarObstacle_C /Game/Map/Minimal_Default.Minimal_Default:PersistentLevel.CarObstacle3_6
	Function /Game/ThirdPersonBP/CarObstacle.CarObstacle_C:ExecuteUbergraph_CarObstacle:00D7
[2022.04.26-13.00.44:672][  2]LogScript: Warning: Script call stack:
	Function /Game/ThirdPersonBP/CarObstacle.CarObstacle_C:CarMover__UpdateFunc
	Function /Game/ThirdPersonBP/CarObstacle.CarObstacle_C:ExecuteUbergraph_CarObstacle

[2022.04.26-13.00.46:783][399]LogSlate: Window 'HoVR (64-bit Development PCD3D_SM5) ' being destroyed
[2022.04.26-13.00.46:784][399]LogWindowsTextInputMethodSystem: Display: IME system deactivated.
[2022.04.26-13.00.46:788][399]LogWindowsTextInputMethodSystem: Display: IME system deactivated.
[2022.04.26-13.00.46:789][399]LogSlate: Updating window title bar state: overlay mode, drag disabled, window buttons hidden, title bar hidden
[2022.04.26-13.00.46:790][399]LogEngine: All Windows Closed
[2022.04.26-13.00.46:790][399]LogWindows: FPlatformMisc::RequestExit(0)
[2022.04.26-13.00.46:790][399]LogWindows: FPlatformMisc::RequestExitWithStatus(0, 0)
[2022.04.26-13.00.46:790][399]LogCore: Engine exit requested (reason: Win RequestExit)
[2022.04.26-13.00.46:790][400]LogCore: Engine exit requested (reason: EngineExit() was called; note: exit was already requested)
[2022.04.26-13.00.46:790][400]LogInit: Display: PreExit Game.
[2022.04.26-13.00.46:800][400]LogWorld: BeginTearingDown for /Game/Map/Minimal_Default
[2022.04.26-13.00.46:802][400]LogWorld: UWorld::CleanupWorld for Minimal_Default, bSessionEnded=true, bCleanupResources=true
[2022.04.26-13.00.46:818][400]LogSlate: InvalidateAllWidgets triggered.  All widgets were invalidated
[2022.04.26-13.00.47:800][400]LogAudio: Display: Beginning Audio Device Manager Shutdown (Module: AudioMixerXAudio2)...
[2022.04.26-13.00.47:800][400]LogAudio: Display: Destroying 1 Remaining Audio Device(s)...
[2022.04.26-13.00.47:800][400]LogAudio: Display: Audio Device unregistered from world 'Minimal_Default'.
[2022.04.26-13.00.47:823][400]LogAudioMixer: FMixerPlatformXAudio2::StopAudioStream() called
[2022.04.26-13.00.47:823][400]LogAudioMixer: FMixerPlatformXAudio2::StopAudioStream() called
[2022.04.26-13.00.47:826][400]LogAudio: Display: Audio Device Manager Shutdown
[2022.04.26-13.00.47:830][400]LogExit: Preparing to exit.
[2022.04.26-13.00.48:721][400]LogSlate: Updating window title bar state: overlay mode, drag disabled, window buttons hidden, title bar hidden
[2022.04.26-13.00.48:723][400]LogUObjectHash: Compacting FUObjectHashTables data took   1.31ms
[2022.04.26-13.00.48:789][400]LogMoviePlayer: Shutting down movie player
[2022.04.26-13.00.48:913][400]LogDemo: Cleaned up 0 splitscreen connections with owner deletion
[2022.04.26-13.00.48:941][400]LogExit: Game engine shut down
[2022.04.26-13.00.49:027][400]LogExit: Object subsystem successfully closed.
[2022.04.26-13.00.49:040][400]LogShaderCompilers: Display: === FShaderJobCache stats ===
[2022.04.26-13.00.49:040][400]LogShaderCompilers: Display: Total job queries 0, among them cache hits 0 (0.00%)
[2022.04.26-13.00.49:040][400]LogShaderCompilers: Display: Tracking 0 distinct input hashes that result in 0 distinct outputs (0.00%)
[2022.04.26-13.00.49:040][400]LogShaderCompilers: Display: RAM used: 0.00 MB (0.00 GB) of 1638.40 MB (1.60 GB) budget. Usage: 0.00%
[2022.04.26-13.00.49:040][400]LogShaderCompilers: Display: ================================================
[2022.04.26-13.00.49:054][400]LogShaderCompilers: Display: Shaders left to compile 0
[2022.04.26-13.00.49:076][400]LogModuleManager: Shutting down and abandoning module SequenceRecorderSections (560)
[2022.04.26-13.00.49:076][400]LogModuleManager: Shutting down and abandoning module SequenceRecorder (558)
[2022.04.26-13.00.49:076][400]LogModuleManager: Shutting down and abandoning module AutomationController (556)
[2022.04.26-13.00.49:076][400]LogModuleManager: Shutting down and abandoning module AutomationWorker (554)
[2022.04.26-13.00.49:076][400]LogModuleManager: Shutting down and abandoning module Voice (552)
[2022.04.26-13.00.49:076][400]LogModuleManager: Shutting down and abandoning module AIModule (550)
[2022.04.26-13.00.49:077][400]LogModuleManager: Shutting down and abandoning module GameplayDebugger (549)
[2022.04.26-13.00.49:077][400]LogModuleManager: Shutting down and abandoning module AITestSuite (547)
[2022.04.26-13.00.49:077][400]LogModuleManager: Shutting down and abandoning module NavigationSystem (545)
[2022.04.26-13.00.49:077][400]LogModuleManager: Shutting down and abandoning module SteamVREditor (542)
[2022.04.26-13.00.49:077][400]LogModuleManager: Shutting down and abandoning module ToolMenus (541)
[2022.04.26-13.00.49:077][400]LogModuleManager: Shutting down and abandoning module OculusMR (538)
[2022.04.26-13.00.49:077][400]LogModuleManager: Shutting down and abandoning module TakeRecorderSources (536)
[2022.04.26-13.00.49:077][400]LogModuleManager: Shutting down and abandoning module TakeRecorder (535)
[2022.04.26-13.00.49:077][400]LogModuleManager: Shutting down and abandoning module TakeTrackRecorders (532)
[2022.04.26-13.00.49:077][400]LogModuleManager: Shutting down and abandoning module TakesCore (530)
[2022.04.26-13.00.49:077][400]LogModuleManager: Shutting down and abandoning module OpenXRInput (528)
[2022.04.26-13.00.49:077][400]LogModuleManager: Shutting down and abandoning module WmfMediaFactory (526)
[2022.04.26-13.00.49:077][400]LogModuleManager: Shutting down and abandoning module WebMMediaFactory (524)
[2022.04.26-13.00.49:077][400]LogModuleManager: Shutting down and abandoning module WebMMedia (522)
[2022.04.26-13.00.49:077][400]LogModuleManager: Shutting down and abandoning module OpenExrWrapper (520)
[2022.04.26-13.00.49:077][400]LogModuleManager: Shutting down and abandoning module ImgMediaFactory (518)
[2022.04.26-13.00.49:077][400]LogModuleManager: Shutting down and abandoning module AvfMediaFactory (516)
[2022.04.26-13.00.49:077][400]LogModuleManager: Shutting down and abandoning module PlanarCut (514)
[2022.04.26-13.00.49:077][400]LogModuleManager: Shutting down and abandoning module MagicLeapMediaCodecFactory (512)
[2022.04.26-13.00.49:077][400]LogModuleManager: Shutting down and abandoning module MagicLeapMediaFactory (510)
[2022.04.26-13.00.49:077][400]LogModuleManager: Shutting down and abandoning module CharacterAI (508)
[2022.04.26-13.00.49:077][400]LogModuleManager: Shutting down and abandoning module SessionServices (506)
[2022.04.26-13.00.49:077][400]LogModuleManager: Shutting down and abandoning module MovieSceneCapture (504)
[2022.04.26-13.00.49:077][400]LogModuleManager: Shutting down and abandoning module LiveCoding (502)
[2022.04.26-13.00.49:077][400]LogModuleManager: Shutting down and abandoning module LevelSequence (500)
[2022.04.26-13.00.49:077][400]LogModuleManager: Shutting down and abandoning module MovieSceneTracks (498)
[2022.04.26-13.00.49:077][400]LogModuleManager: Shutting down and abandoning module MovieScene (496)
[2022.04.26-13.00.49:077][400]LogModuleManager: Shutting down and abandoning module StreamingPauseRendering (494)
[2022.04.26-13.00.49:077][400]LogModuleManager: Shutting down and abandoning module PortalServices (492)
[2022.04.26-13.00.49:077][400]LogModuleManager: Shutting down and abandoning module PortalRpc (490)
[2022.04.26-13.00.49:077][400]LogModuleManager: Shutting down and abandoning module MessagingRpc (488)
[2022.04.26-13.00.49:077][400]LogModuleManager: Shutting down and abandoning module AudioMixerXAudio2 (486)
[2022.04.26-13.00.49:077][400]LogModuleManager: Shutting down and abandoning module AudioMixerCore (485)
[2022.04.26-13.00.49:077][400]LogModuleManager: Shutting down and abandoning module ImageWriteQueue (482)
[2022.04.26-13.00.49:077][400]LogModuleManager: Shutting down and abandoning module ProfilerService (480)
