AndroidPlatformFactory.RegisterBuildPlatforms: UnrealBuildTool.AndroidPlatformSDK has no valid SDK
IOSPlatformFactory.RegisterBuildPlatforms: UnrealBuildTool.IOSPlatformSDK has no valid SDK
LinuxPlatformFactory.RegisterBuildPlatforms: UnrealBuildTool.LinuxPlatformSDK has no valid SDK
WindowsPlatformFactory.RegisterBuildPlatforms: UnrealBuildTool.WindowsPlatformSDK using manually installed SDK
ProjectFileGenerator.GenerateProjectFiles: Discovering modules, targets and source code for project...
WindowsPlatform.FindVisualStudioInstallations: Found Visual Studio installation: C:\Program Files (x86)\Microsoft Visual Studio\2017\Community (Product=Microsoft.VisualStudio.Product.Community, Version=15.8.28010.2048)
WindowsPlatform.FindVisualStudioToolChains: Found Visual Studio toolchain: C:\Program Files (x86)\Microsoft Visual Studio\2017\Community\VC\Tools\MSVC\14.15.26726 (Version=14.15.26732)
WindowsPlatform.FindVisualStudioToolChains: Found Visual Studio toolchain: C:\Program Files (x86)\Microsoft Visual Studio\2017\Community\VC\Tools\MSVC\14.15.26726 (Version=14.15.26726)
WindowsPlatform.EnumerateSdkRootDirs: Found Windows 10 SDK root at C:\Program Files (x86)\Windows Kits\10 (1)
WindowsPlatform.EnumerateSdkRootDirs: Found Windows 10 SDK root at C:\Program Files (x86)\Windows Kits\10 (2)
WindowsPlatform.UpdateCachedWindowsSdks: Found Windows 10 SDK version 10.0.16299.0 at C:\Program Files (x86)\Windows Kits\10
WindowsPlatform.UpdateCachedWindowsSdks: Found Universal CRT version 10.0.16299.0 at C:\Program Files (x86)\Windows Kits\10
UnrealBuildTool.Main: ERROR: Could not find NetFxSDK install dir; this will prevent SwarmInterface from installing.  Install a version of .NET Framework SDK at 4.6.0 or higher.
UnrealBuildTool.Main: BuildException: Could not find NetFxSDK install dir; this will prevent SwarmInterface from installing.  Install a version of .NET Framework SDK at 4.6.0 or higher.
UnrealBuildTool.Main:    at UnrealBuildTool.VCEnvironment.SetupEnvironment(UnrealTargetPlatform Platform) in D:\Build\++UE4\Sync\Engine\Source\Programs\UnrealBuildTool\Platform\Windows\VCEnvironment.cs:line 446
UnrealBuildTool.Main:    at UnrealBuildTool.VCEnvironment..ctor(UnrealTargetPlatform Platform, WindowsCompiler Compiler, DirectoryReference CompilerDir, VersionNumber CompilerVersion, WindowsArchitecture Architecture, WindowsCompiler ToolChain, DirectoryReference ToolChainDir, VersionNumber ToolChainVersion, DirectoryReference WindowsSdkDir, VersionNumber WindowsSdkVersion) in D:\Build\++UE4\Sync\Engine\Source\Programs\UnrealBuildTool\Platform\Windows\VCEnvironment.cs:line 136
UnrealBuildTool.Main:    at UnrealBuildTool.VCEnvironment.Create(WindowsCompiler Compiler, UnrealTargetPlatform Platform, WindowsArchitecture Architecture, String CompilerVersion, String WindowsSdkVersion, String SuppliedSdkDirectoryForVersion) in D:\Build\++UE4\Sync\Engine\Source\Programs\UnrealBuildTool\Platform\Windows\VCEnvironment.cs:line 545
UnrealBuildTool.Main:    at UnrealBuildTool.WindowsPlatform.CreateVCEnvironment(TargetRules Target) in D:\Build\++UE4\Sync\Engine\Source\Programs\UnrealBuildTool\Platform\Windows\UEBuildWindows.cs:line 796
UnrealBuildTool.Main:    at UnrealBuildTool.WindowsPlatform.ValidateTarget(TargetRules Target) in D:\Build\++UE4\Sync\Engine\Source\Programs\UnrealBuildTool\Platform\Windows\UEBuildWindows.cs:line 878
UnrealBuildTool.Main:    at UnrealBuildTool.RulesAssembly.CreateTargetRulesInstance(String TypeName, TargetInfo TargetInfo) in D:\Build\++UE4\Sync\Engine\Source\Programs\UnrealBuildTool\System\RulesAssembly.cs:line 599
UnrealBuildTool.Main:    at UnrealBuildTool.RulesAssembly.CreateTargetRules(String TargetName, UnrealTargetPlatform Platform, UnrealTargetConfiguration Configuration, String Architecture, FileReference ProjectFile, CommandLineArguments Arguments) in D:\Build\++UE4\Sync\Engine\Source\Programs\UnrealBuildTool\System\RulesAssembly.cs:line 659
UnrealBuildTool.Main:    at UnrealBuildTool.ProjectFileGenerator.AddProjectsForAllTargets(PlatformProjectGeneratorCollection PlatformProjectGenerators, List`1 AllGames, List`1 AllTargetFiles, String[] Arguments, ProjectFile& EngineProject, ProjectFile& EnterpriseProject, List`1& GameProjects, Dictionary`2& ProgramProjects) in D:\Build\++UE4\Sync\Engine\Source\Programs\UnrealBuildTool\ProjectFiles\ProjectFileGenerator.cs:line 2339
UnrealBuildTool.Main:    at UnrealBuildTool.ProjectFileGenerator.GenerateProjectFiles(PlatformProjectGeneratorCollection PlatformProjectGenerators, String[] Arguments) in D:\Build\++UE4\Sync\Engine\Source\Programs\UnrealBuildTool\ProjectFiles\ProjectFileGenerator.cs:line 774
UnrealBuildTool.Main:    at UnrealBuildTool.GenerateProjectFilesMode.Execute(CommandLineArguments Arguments) in D:\Build\++UE4\Sync\Engine\Source\Programs\UnrealBuildTool\Modes\GenerateProjectFilesMode.cs:line 208
UnrealBuildTool.Main:    at UnrealBuildTool.UnrealBuildTool.Main(String[] ArgumentsArray) in D:\Build\++UE4\Sync\Engine\Source\Programs\UnrealBuildTool\UnrealBuildTool.cs:line 557
Timeline.Print: Timeline:
Timeline.Print: 
Timeline.Print: [ 0.000]
Timeline.Print: [ 0.000](+0.028) <unknown>
Timeline.Print: [ 0.028](+0.062) XmlConfig.ReadConfigFiles()
Timeline.Print: [ 0.091](+0.000) SingleInstanceMutex.Acquire()
Timeline.Print: [ 0.091](+0.052) UEBuildPlatform.RegisterPlatforms()
Timeline.Print:   0.091          [ 0.000](+0.025) Initializing InstalledPlatformInfo
Timeline.Print:   0.117          [ 0.026](+0.000) Querying types
Timeline.Print:   0.118          [ 0.027](+0.001) MacPlatformFactory
Timeline.Print:   0.119          [ 0.028](+0.000) TVOSPlatformFactory
Timeline.Print:   0.119          [ 0.028](+0.014) AndroidPlatformFactory
Timeline.Print:   0.134          [ 0.043](+0.000) HoloLensPlatformFactory
Timeline.Print:   0.134          [ 0.043](+0.003) IOSPlatformFactory
Timeline.Print:   0.138          [ 0.047](+0.003) LinuxPlatformFactory
Timeline.Print:   0.142          [ 0.051](+0.000) LuminPlatformFactory
Timeline.Print:   0.142          [ 0.051](+0.000) WindowsPlatformFactory
Timeline.Print: [ 0.143](+0.314) <unknown>
Timeline.Print: [ 0.457](+0.001) Finding engine modules
Timeline.Print: [ 0.459](+0.002) Finding plugin modules
Timeline.Print: [ 0.462](+0.038) <unknown>
Timeline.Print: [ 0.501](+0.000) Finding program modules
Timeline.Print: [ 0.501](+0.000) Finding program targets
Timeline.Print: [ 0.501](+0.058) <unknown>
Timeline.Print: [ 0.560](+0.000) FileMetadataPrefetch.Stop()
Timeline.Print: [ 0.562]
